Flow report for Avalon_MM_Study
Tue Apr 02 23:47:19 2024
Quartus Prime Version 19.1.0 Build 670 09/22/2019 SJ Lite Edition


---------------------
; Table of Contents ;
---------------------
  1. Legal Notice
  2. Flow Summary
  3. Flow Settings
  4. Flow Non-Default Global Settings
  5. Flow Elapsed Time
  6. Flow OS Summary
  7. Flow Log
  8. Flow Messages
  9. Flow Suppressed Messages



----------------
; Legal Notice ;
----------------
Copyright (C) 2019  Intel Corporation. All rights reserved.
Your use of Intel Corporation's design tools, logic functions 
and other software and tools, and any partner logic 
functions, and any output files from any of the foregoing 
(including device programming or simulation files), and any 
associated documentation or information are expressly subject 
to the terms and conditions of the Intel Program License 
Subscription Agreement, the Intel Quartus Prime License Agreement,
the Intel FPGA IP License Agreement, or other applicable license
agreement, including, without limitation, that your use is for
the sole purpose of programming logic devices manufactured by
Intel and sold by Intel or its authorized distributors.  Please
refer to the applicable agreement for further details, at
https://fpgasoftware.intel.com/eula.



+----------------------------------------------------------------------------------+
; Flow Summary                                                                     ;
+------------------------------------+---------------------------------------------+
; Flow Status                        ; Successful - Tue Apr 02 23:47:16 2024       ;
; Quartus Prime Version              ; 19.1.0 Build 670 09/22/2019 SJ Lite Edition ;
; Revision Name                      ; Avalon_MM_Study                             ;
; Top-level Entity Name              ; component_tutorial                          ;
; Family                             ; Cyclone 10 LP                               ;
; Device                             ; 10CL025YU256I7G                             ;
; Timing Models                      ; Final                                       ;
; Total logic elements               ; 1,447 / 24,624 ( 6 % )                      ;
;     Total combinational functions  ; 1,360 / 24,624 ( 6 % )                      ;
;     Dedicated logic registers      ; 794 / 24,624 ( 3 % )                        ;
; Total registers                    ; 794                                         ;
; Total pins                         ; 30 / 151 ( 20 % )                           ;
; Total virtual pins                 ; 0                                           ;
; Total memory bits                  ; 43,008 / 608,256 ( 7 % )                    ;
; Embedded Multiplier 9-bit elements ; 0 / 132 ( 0 % )                             ;
; Total PLLs                         ; 0 / 4 ( 0 % )                               ;
+------------------------------------+---------------------------------------------+


+-----------------------------------------+
; Flow Settings                           ;
+-------------------+---------------------+
; Option            ; Setting             ;
+-------------------+---------------------+
; Start date & time ; 04/02/2024 23:46:38 ;
; Main task         ; Compilation         ;
; Revision Name     ; Avalon_MM_Study     ;
+-------------------+---------------------+


+-----------------------------------------------------------------------------------------------------------------------------------------------------------------------+
; Flow Non-Default Global Settings                                                                                                                                      ;
+-------------------------------------+-----------------------------------------------------------------------------+-----------------+--------------------+------------+
; Assignment Name                     ; Value                                                                       ; Default Value   ; Entity Name        ; Section Id ;
+-------------------------------------+-----------------------------------------------------------------------------+-----------------+--------------------+------------+
; COMPILER_SIGNATURE_ID               ; 10995770589187.171207279712396                                              ; --              ; --                 ; --         ;
; MAX_CORE_JUNCTION_TEMP              ; 100                                                                         ; --              ; --                 ; --         ;
; MIN_CORE_JUNCTION_TEMP              ; -40                                                                         ; --              ; --                 ; --         ;
; MISC_FILE                           ; component_tutorial/embedded_system/synthesis/../embedded_system.cmp         ; --              ; --                 ; --         ;
; MISC_FILE                           ; component_tutorial/embedded_system/synthesis/../../embedded_system.qsys     ; --              ; --                 ; --         ;
; MISC_FILE                           ; PLL.bsf                                                                     ; --              ; --                 ; --         ;
; MISC_FILE                           ; PLL_bb.v                                                                    ; --              ; --                 ; --         ;
; MISC_FILE                           ; PLL.ppf                                                                     ; --              ; --                 ; --         ;
; NOMINAL_CORE_SUPPLY_VOLTAGE         ; 1.2V                                                                        ; --              ; --                 ; --         ;
; PARTITION_COLOR                     ; -- (Not supported for targeted family)                                      ; --              ; component_tutorial ; Top        ;
; PARTITION_FITTER_PRESERVATION_LEVEL ; -- (Not supported for targeted family)                                      ; --              ; component_tutorial ; Top        ;
; PARTITION_NETLIST_TYPE              ; -- (Not supported for targeted family)                                      ; --              ; component_tutorial ; Top        ;
; POWER_BOARD_THERMAL_MODEL           ; None (CONSERVATIVE)                                                         ; --              ; --                 ; --         ;
; POWER_PRESET_COOLING_SOLUTION       ; 23 MM HEAT SINK WITH 200 LFPM AIRFLOW                                       ; --              ; --                 ; --         ;
; PROJECT_OUTPUT_DIRECTORY            ; output_files                                                                ; --              ; --                 ; --         ;
; SLD_FILE                            ; component_tutorial/embedded_system/synthesis/embedded_system.debuginfo      ; --              ; --                 ; --         ;
; SLD_INFO                            ; QSYS_NAME embedded_system HAS_SOPCINFO 1 GENERATION_ID 1712071703           ; --              ; embedded_system    ; --         ;
; SOPCINFO_FILE                       ; component_tutorial/embedded_system/synthesis/../../embedded_system.sopcinfo ; --              ; --                 ; --         ;
; SYNTHESIS_ONLY_QIP                  ; On                                                                          ; --              ; --                 ; --         ;
; TOP_LEVEL_ENTITY                    ; component_tutorial                                                          ; Avalon_MM_Study ; --                 ; --         ;
+-------------------------------------+-----------------------------------------------------------------------------+-----------------+--------------------+------------+


+--------------------------------------------------------------------------------------------------------------------------+
; Flow Elapsed Time                                                                                                        ;
+----------------------+--------------+-------------------------+---------------------+------------------------------------+
; Module Name          ; Elapsed Time ; Average Processors Used ; Peak Virtual Memory ; Total CPU Time (on all processors) ;
+----------------------+--------------+-------------------------+---------------------+------------------------------------+
; Analysis & Synthesis ; 00:00:25     ; 1.0                     ; 4874 MB             ; 00:00:31                           ;
; Fitter               ; 00:00:07     ; 1.1                     ; 5470 MB             ; 00:00:07                           ;
; Assembler            ; 00:00:02     ; 1.0                     ; 4693 MB             ; 00:00:01                           ;
; Timing Analyzer      ; 00:00:02     ; 1.2                     ; 4798 MB             ; 00:00:01                           ;
; Total                ; 00:00:36     ; --                      ; --                  ; 00:00:40                           ;
+----------------------+--------------+-------------------------+---------------------+------------------------------------+


+------------------------------------------------------------------------------------+
; Flow OS Summary                                                                    ;
+----------------------+------------------+------------+------------+----------------+
; Module Name          ; Machine Hostname ; OS Name    ; OS Version ; Processor type ;
+----------------------+------------------+------------+------------+----------------+
; Analysis & Synthesis ; DennisesLegion   ; Windows 10 ; 10.0       ; x86_64         ;
; Fitter               ; DennisesLegion   ; Windows 10 ; 10.0       ; x86_64         ;
; Assembler            ; DennisesLegion   ; Windows 10 ; 10.0       ; x86_64         ;
; Timing Analyzer      ; DennisesLegion   ; Windows 10 ; 10.0       ; x86_64         ;
+----------------------+------------------+------------+------------+----------------+


------------
; Flow Log ;
------------
quartus_map --read_settings_files=on --write_settings_files=off Avalon_MM_Study -c Avalon_MM_Study
quartus_fit --read_settings_files=off --write_settings_files=off Avalon_MM_Study -c Avalon_MM_Study
quartus_asm --read_settings_files=off --write_settings_files=off Avalon_MM_Study -c Avalon_MM_Study
quartus_sta Avalon_MM_Study -c Avalon_MM_Study



