Assembler report for Avalon_MM_Study
Tue Apr 02 23:47:16 2024
Quartus Prime Version 19.1.0 Build 670 09/22/2019 SJ Lite Edition


---------------------
; Table of Contents ;
---------------------
  1. Legal Notice
  2. Assembler Summary
  3. Assembler Settings
  4. Assembler Encrypted IP Cores Summary
  5. Assembler Generated Files
  6. Assembler Device Options: C:/Users/denni/Documents/Code/Cyclone_10_LP/Quartus 19_1/Avalon_MM_Study/output_files/Avalon_MM_Study.sof
  7. Assembler Messages



----------------
; Legal Notice ;
----------------
Copyright (C) 2019  Intel Corporation. All rights reserved.
Your use of Intel Corporation's design tools, logic functions 
and other software and tools, and any partner logic 
functions, and any output files from any of the foregoing 
(including device programming or simulation files), and any 
associated documentation or information are expressly subject 
to the terms and conditions of the Intel Program License 
Subscription Agreement, the Intel Quartus Prime License Agreement,
the Intel FPGA IP License Agreement, or other applicable license
agreement, including, without limitation, that your use is for
the sole purpose of programming logic devices manufactured by
Intel and sold by Intel or its authorized distributors.  Please
refer to the applicable agreement for further details, at
https://fpgasoftware.intel.com/eula.



+---------------------------------------------------------------+
; Assembler Summary                                             ;
+-----------------------+---------------------------------------+
; Assembler Status      ; Successful - Tue Apr 02 23:47:16 2024 ;
; Revision Name         ; Avalon_MM_Study                       ;
; Top-level Entity Name ; component_tutorial                    ;
; Family                ; Cyclone 10 LP                         ;
; Device                ; 10CL025YU256I7G                       ;
+-----------------------+---------------------------------------+


+----------------------------------+
; Assembler Settings               ;
+--------+---------+---------------+
; Option ; Setting ; Default Value ;
+--------+---------+---------------+


+------------------------------------------------+
; Assembler Encrypted IP Cores Summary           ;
+--------+------------------------+--------------+
; Vendor ; IP Core Name           ; License Type ;
+--------+------------------------+--------------+
; Altera ; Signal Tap (6AF7 BCE1) ; Licensed     ;
; Altera ; Signal Tap (6AF7 BCEC) ; Licensed     ;
+--------+------------------------+--------------+


+-----------------------------------------------------------------------------------------------------------+
; Assembler Generated Files                                                                                 ;
+-----------------------------------------------------------------------------------------------------------+
; File Name                                                                                                 ;
+-----------------------------------------------------------------------------------------------------------+
; C:/Users/denni/Documents/Code/Cyclone_10_LP/Quartus 19_1/Avalon_MM_Study/output_files/Avalon_MM_Study.sof ;
+-----------------------------------------------------------------------------------------------------------+


+-------------------------------------------------------------------------------------------------------------------------------------+
; Assembler Device Options: C:/Users/denni/Documents/Code/Cyclone_10_LP/Quartus 19_1/Avalon_MM_Study/output_files/Avalon_MM_Study.sof ;
+----------------+--------------------------------------------------------------------------------------------------------------------+
; Option         ; Setting                                                                                                            ;
+----------------+--------------------------------------------------------------------------------------------------------------------+
; JTAG usercode  ; 0x002206C0                                                                                                         ;
; Checksum       ; 0x002206C0                                                                                                         ;
+----------------+--------------------------------------------------------------------------------------------------------------------+


+--------------------+
; Assembler Messages ;
+--------------------+
Info: *******************************************************************
Info: Running Quartus Prime Assembler
    Info: Version 19.1.0 Build 670 09/22/2019 SJ Lite Edition
    Info: Processing started: Tue Apr 02 23:47:14 2024
Info: Command: quartus_asm --read_settings_files=off --write_settings_files=off Avalon_MM_Study -c Avalon_MM_Study
Warning (18236): Number of processors has not been specified which may cause overloading on shared machines.  Set the global assignment NUM_PARALLEL_PROCESSORS in your QSF to an appropriate value for best performance.
Info (115031): Writing out detailed assembly data for power analysis
Info (115030): Assembler is generating device programming files
Info: Quartus Prime Assembler was successful. 0 errors, 1 warning
    Info: Peak virtual memory: 4694 megabytes
    Info: Processing ended: Tue Apr 02 23:47:16 2024
    Info: Elapsed time: 00:00:02
    Info: Total CPU time (on all processors): 00:00:01


