Flow report for FIFO_TOP
Wed Mar 20 14:54:33 2024
Quartus Prime Version 21.1.0 Build 842 10/21/2021 Patches 0.07std SJ Standard Edition


---------------------
; Table of Contents ;
---------------------
  1. Legal Notice
  2. Flow Summary
  3. Flow Settings
  4. Flow Non-Default Global Settings
  5. Flow Elapsed Time
  6. Flow OS Summary
  7. Flow Log
  8. Flow Messages
  9. Flow Suppressed Messages



----------------
; Legal Notice ;
----------------
Copyright (C) 2021  Intel Corporation. All rights reserved.
Your use of Intel Corporation's design tools, logic functions 
and other software and tools, and any partner logic 
functions, and any output files from any of the foregoing 
(including device programming or simulation files), and any 
associated documentation or information are expressly subject 
to the terms and conditions of the Intel Program License 
Subscription Agreement, the Intel Quartus Prime License Agreement,
the Intel FPGA IP License Agreement, or other applicable license
agreement, including, without limitation, that your use is for
the sole purpose of programming logic devices manufactured by
Intel and sold by Intel or its authorized distributors.  Please
refer to the applicable agreement for further details, at
https://fpgasoftware.intel.com/eula.



+------------------------------------------------------------------------------------------------------+
; Flow Summary                                                                                         ;
+------------------------------------+-----------------------------------------------------------------+
; Flow Status                        ; Successful - Wed Mar 20 14:54:27 2024                           ;
; Quartus Prime Version              ; 21.1.0 Build 842 10/21/2021 Patches 0.07std SJ Standard Edition ;
; Revision Name                      ; FIFO_TOP                                                        ;
; Top-level Entity Name              ; FIFO_TOP                                                        ;
; Family                             ; Cyclone 10 LP                                                   ;
; Device                             ; 10CL025YU256I7G                                                 ;
; Timing Models                      ; Final                                                           ;
; Total logic elements               ; 84 / 24,624 ( < 1 % )                                           ;
;     Total combinational functions  ; 84 / 24,624 ( < 1 % )                                           ;
;     Dedicated logic registers      ; 52 / 24,624 ( < 1 % )                                           ;
; Total registers                    ; 52                                                              ;
; Total pins                         ; 3 / 151 ( 2 % )                                                 ;
; Total virtual pins                 ; 0                                                               ;
; Total memory bits                  ; 0 / 608,256 ( 0 % )                                             ;
; Embedded Multiplier 9-bit elements ; 0 / 132 ( 0 % )                                                 ;
; Total PLLs                         ; 1 / 4 ( 25 % )                                                  ;
+------------------------------------+-----------------------------------------------------------------+


+-----------------------------------------+
; Flow Settings                           ;
+-------------------+---------------------+
; Option            ; Setting             ;
+-------------------+---------------------+
; Start date & time ; 03/20/2024 14:54:00 ;
; Main task         ; Compilation         ;
; Revision Name     ; FIFO_TOP            ;
+-------------------+---------------------+


+-------------------------------------------------------------------------------------------------------------------------+
; Flow Non-Default Global Settings                                                                                        ;
+-------------------------------------+----------------------------------------+---------------+-------------+------------+
; Assignment Name                     ; Value                                  ; Default Value ; Entity Name ; Section Id ;
+-------------------------------------+----------------------------------------+---------------+-------------+------------+
; COMPILER_SIGNATURE_ID               ; 198642186969524.171091764002672        ; --            ; --          ; --         ;
; MAX_CORE_JUNCTION_TEMP              ; 100                                    ; --            ; --          ; --         ;
; MIN_CORE_JUNCTION_TEMP              ; -40                                    ; --            ; --          ; --         ;
; MISC_FILE                           ; FIFO_pll.bsf                           ; --            ; --          ; --         ;
; MISC_FILE                           ; FIFO_pll_inst.v                        ; --            ; --          ; --         ;
; MISC_FILE                           ; FIFO_pll_bb.v                          ; --            ; --          ; --         ;
; MISC_FILE                           ; FIFO_pll.inc                           ; --            ; --          ; --         ;
; MISC_FILE                           ; FIFO_pll.cmp                           ; --            ; --          ; --         ;
; MISC_FILE                           ; FIFO_pll.ppf                           ; --            ; --          ; --         ;
; MISC_FILE                           ; my_fifo_inst.v                         ; --            ; --          ; --         ;
; MISC_FILE                           ; my_fifo_bb.v                           ; --            ; --          ; --         ;
; NOMINAL_CORE_SUPPLY_VOLTAGE         ; 1.2V                                   ; --            ; --          ; --         ;
; PARTITION_COLOR                     ; -- (Not supported for targeted family) ; --            ; --          ; Top        ;
; PARTITION_FITTER_PRESERVATION_LEVEL ; -- (Not supported for targeted family) ; --            ; --          ; Top        ;
; PARTITION_NETLIST_TYPE              ; -- (Not supported for targeted family) ; --            ; --          ; Top        ;
; PROJECT_OUTPUT_DIRECTORY            ; output_files                           ; --            ; --          ; --         ;
+-------------------------------------+----------------------------------------+---------------+-------------+------------+


+--------------------------------------------------------------------------------------------------------------------------+
; Flow Elapsed Time                                                                                                        ;
+----------------------+--------------+-------------------------+---------------------+------------------------------------+
; Module Name          ; Elapsed Time ; Average Processors Used ; Peak Virtual Memory ; Total CPU Time (on all processors) ;
+----------------------+--------------+-------------------------+---------------------+------------------------------------+
; Analysis & Synthesis ; 00:00:15     ; 1.0                     ; 4759 MB             ; 00:00:20                           ;
; Fitter               ; 00:00:04     ; 1.0                     ; 5462 MB             ; 00:00:04                           ;
; Assembler            ; 00:00:01     ; 1.0                     ; 4714 MB             ; 00:00:01                           ;
; Timing Analyzer      ; 00:00:02     ; 1.0                     ; 4782 MB             ; 00:00:01                           ;
; Total                ; 00:00:22     ; --                      ; --                  ; 00:00:26                           ;
+----------------------+--------------+-------------------------+---------------------+------------------------------------+


+------------------------------------------------------------------------------------+
; Flow OS Summary                                                                    ;
+----------------------+------------------+------------+------------+----------------+
; Module Name          ; Machine Hostname ; OS Name    ; OS Version ; Processor type ;
+----------------------+------------------+------------+------------+----------------+
; Analysis & Synthesis ; 2021039058176    ; Windows 10 ; 10.0       ; x86_64         ;
; Fitter               ; 2021039058176    ; Windows 10 ; 10.0       ; x86_64         ;
; Assembler            ; 2021039058176    ; Windows 10 ; 10.0       ; x86_64         ;
; Timing Analyzer      ; 2021039058176    ; Windows 10 ; 10.0       ; x86_64         ;
+----------------------+------------------+------------+------------+----------------+


------------
; Flow Log ;
------------
quartus_map --read_settings_files=on --write_settings_files=off FIFO_TOP -c FIFO_TOP
quartus_fit --read_settings_files=off --write_settings_files=off FIFO_TOP -c FIFO_TOP
quartus_asm --read_settings_files=off --write_settings_files=off FIFO_TOP -c FIFO_TOP
quartus_sta FIFO_TOP -c FIFO_TOP



