Info: Starting: Create block symbol file (.bsf)
Info: qsys-generate "C:\Users\denni\Documents\Code\Cyclone_10_LP\Quartus 19_1\Avalon_MM_Study\component_tutorial\embedded_system.qsys" --block-symbol-file --output-directory="C:\Users\denni\Documents\Code\Cyclone_10_LP\Quartus 19_1\Avalon_MM_Study\component_tutorial\embedded_system" --family="Cyclone 10 LP" --part=10CL025YU256I7G
Progress: Loading component_tutorial/embedded_system.qsys
Progress: Reading input file
Progress: Adding clk_0 [clock_source 19.1]
Progress: Parameterizing module clk_0
Progress: Adding nios2_gen2_0 [altera_nios2_gen2 19.1]
Progress: Parameterizing module nios2_gen2_0
Progress: Adding onchip_memory2_0 [altera_avalon_onchip_memory2 19.1]
Progress: Parameterizing module onchip_memory2_0
Progress: Adding reg32_avalon_interface_0 [reg32_avalon_interface 1.0]
Progress: Parameterizing module reg32_avalon_interface_0
Progress: Building connections
Progress: Parameterizing connections
Progress: Validating
Progress: Done reading input file
Info: qsys-generate succeeded.
Info: Finished: Create block symbol file (.bsf)
Info: 
Info: Starting: Create HDL design files for synthesis
Info: qsys-generate "C:\Users\denni\Documents\Code\Cyclone_10_LP\Quartus 19_1\Avalon_MM_Study\component_tutorial\embedded_system.qsys" --synthesis=VERILOG --output-directory="C:\Users\denni\Documents\Code\Cyclone_10_LP\Quartus 19_1\Avalon_MM_Study\component_tutorial\embedded_system\synthesis" --family="Cyclone 10 LP" --part=10CL025YU256I7G
Progress: Loading component_tutorial/embedded_system.qsys
Progress: Reading input file
Progress: Adding clk_0 [clock_source 19.1]
Progress: Parameterizing module clk_0
Progress: Adding nios2_gen2_0 [altera_nios2_gen2 19.1]
Progress: Parameterizing module nios2_gen2_0
Progress: Adding onchip_memory2_0 [altera_avalon_onchip_memory2 19.1]
Progress: Parameterizing module onchip_memory2_0
Progress: Adding reg32_avalon_interface_0 [reg32_avalon_interface 1.0]
Progress: Parameterizing module reg32_avalon_interface_0
Progress: Building connections
Progress: Parameterizing connections
Progress: Validating
Progress: Done reading input file
Info: embedded_system: Generating embedded_system "embedded_system" for QUARTUS_SYNTH
Info: nios2_gen2_0: "embedded_system" instantiated altera_nios2_gen2 "nios2_gen2_0"
Info: onchip_memory2_0: Starting RTL generation for module 'embedded_system_onchip_memory2_0'
Info: onchip_memory2_0:   Generation command is [exec C:/intelfpga_lite/19.1/quartus/bin64/perl/bin/perl.exe -I C:/intelfpga_lite/19.1/quartus/sopc_builder/bin/europa -I C:/intelfpga_lite/19.1/quartus/sopc_builder/bin -I C:/intelfpga_lite/19.1/quartus/../ip/altera/sopc_builder_ip/common -I C:/intelfpga_lite/19.1/quartus/../ip/altera/sopc_builder_ip/altera_avalon_onchip_memory2 -- C:/intelfpga_lite/19.1/quartus/../ip/altera/sopc_builder_ip/altera_avalon_onchip_memory2/generate_rtl.pl --name=embedded_system_onchip_memory2_0 --dir=C:/Users/denni/AppData/Local/Temp/alt9815_7117297283890930392.dir/0003_onchip_memory2_0_gen/ --quartus_dir=C:/intelfpga_lite/19.1/quartus --verilog --config=C:/Users/denni/AppData/Local/Temp/alt9815_7117297283890930392.dir/0003_onchip_memory2_0_gen//embedded_system_onchip_memory2_0_component_configuration.pl  --do_build_sim=0  ]
Info: onchip_memory2_0: Done RTL generation for module 'embedded_system_onchip_memory2_0'
Info: onchip_memory2_0: "embedded_system" instantiated altera_avalon_onchip_memory2 "onchip_memory2_0"
Info: reg32_avalon_interface_0: "embedded_system" instantiated reg32_avalon_interface "reg32_avalon_interface_0"
Info: avalon_st_adapter: Inserting error_adapter: error_adapter_0
Info: avalon_st_adapter_001: Inserting error_adapter: error_adapter_0
Info: avalon_st_adapter_002: Inserting error_adapter: error_adapter_0
Info: mm_interconnect_0: "embedded_system" instantiated altera_mm_interconnect "mm_interconnect_0"
Info: irq_mapper: "embedded_system" instantiated altera_irq_mapper "irq_mapper"
Info: rst_controller: "embedded_system" instantiated altera_reset_controller "rst_controller"
Info: cpu: Starting RTL generation for module 'embedded_system_nios2_gen2_0_cpu'
Info: cpu:   Generation command is [exec C:/intelFPGA_lite/19.1/quartus/bin64//perl/bin/perl.exe -I C:/intelfpga_lite/19.1/quartus/sopc_builder/bin/europa -I C:/intelfpga_lite/19.1/quartus/sopc_builder/bin -I C:/intelfpga_lite/19.1/quartus/../ip/altera/nios2_ip/altera_nios2_gen2/cpu_lib -I C:/intelfpga_lite/19.1/quartus/../ip/altera/nios2_ip/altera_nios2_gen2/nios_lib -I C:/intelfpga_lite/19.1/quartus/../ip/altera/nios2_ip/altera_nios2_gen2 -I C:/intelfpga_lite/19.1/quartus/../ip/altera/nios2_ip/altera_nios2_gen2 -- C:/intelfpga_lite/19.1/quartus/../ip/altera/nios2_ip/altera_nios2_gen2/generate_rtl.pl --name=embedded_system_nios2_gen2_0_cpu --dir=C:/Users/denni/AppData/Local/Temp/alt9815_7117297283890930392.dir/0007_cpu_gen/ --quartus_bindir=C:/intelFPGA_lite/19.1/quartus/bin64/ --verilog --config=C:/Users/denni/AppData/Local/Temp/alt9815_7117297283890930392.dir/0007_cpu_gen//embedded_system_nios2_gen2_0_cpu_processor_configuration.pl  --do_build_sim=0  ]
Info: cpu: # 2024.04.02 23:28:37 (*) Starting Nios II generation
Info: cpu: # 2024.04.02 23:28:37 (*)   Elaborating CPU configuration settings
Info: cpu: # 2024.04.02 23:28:37 (*)   Creating all objects for CPU
Info: cpu: # 2024.04.02 23:28:37 (*)   Generating RTL from CPU objects
Info: cpu: # 2024.04.02 23:28:37 (*)   Creating plain-text RTL
Info: cpu: # 2024.04.02 23:28:38 (*) Done Nios II generation
Info: cpu: Done RTL generation for module 'embedded_system_nios2_gen2_0_cpu'
Info: cpu: "nios2_gen2_0" instantiated altera_nios2_gen2_unit "cpu"
Info: nios2_gen2_0_data_master_translator: "mm_interconnect_0" instantiated altera_merlin_master_translator "nios2_gen2_0_data_master_translator"
Info: reg32_avalon_interface_0_avalon_slave_0_translator: "mm_interconnect_0" instantiated altera_merlin_slave_translator "reg32_avalon_interface_0_avalon_slave_0_translator"
Info: nios2_gen2_0_data_master_agent: "mm_interconnect_0" instantiated altera_merlin_master_agent "nios2_gen2_0_data_master_agent"
Info: reg32_avalon_interface_0_avalon_slave_0_agent: "mm_interconnect_0" instantiated altera_merlin_slave_agent "reg32_avalon_interface_0_avalon_slave_0_agent"
Info: reg32_avalon_interface_0_avalon_slave_0_agent_rsp_fifo: "mm_interconnect_0" instantiated altera_avalon_sc_fifo "reg32_avalon_interface_0_avalon_slave_0_agent_rsp_fifo"
Info: router: "mm_interconnect_0" instantiated altera_merlin_router "router"
Info: router_001: "mm_interconnect_0" instantiated altera_merlin_router "router_001"
Info: router_002: "mm_interconnect_0" instantiated altera_merlin_router "router_002"
Info: router_003: "mm_interconnect_0" instantiated altera_merlin_router "router_003"
Info: cmd_demux: "mm_interconnect_0" instantiated altera_merlin_demultiplexer "cmd_demux"
Info: cmd_demux_001: "mm_interconnect_0" instantiated altera_merlin_demultiplexer "cmd_demux_001"
Info: cmd_mux: "mm_interconnect_0" instantiated altera_merlin_multiplexer "cmd_mux"
Info: cmd_mux_001: "mm_interconnect_0" instantiated altera_merlin_multiplexer "cmd_mux_001"
Info: Reusing file C:/Users/denni/Documents/Code/Cyclone_10_LP/Quartus 19_1/Avalon_MM_Study/component_tutorial/embedded_system/synthesis/submodules/altera_merlin_arbitrator.sv
Info: rsp_demux: "mm_interconnect_0" instantiated altera_merlin_demultiplexer "rsp_demux"
Info: rsp_mux: "mm_interconnect_0" instantiated altera_merlin_multiplexer "rsp_mux"
Info: Reusing file C:/Users/denni/Documents/Code/Cyclone_10_LP/Quartus 19_1/Avalon_MM_Study/component_tutorial/embedded_system/synthesis/submodules/altera_merlin_arbitrator.sv
Info: rsp_mux_001: "mm_interconnect_0" instantiated altera_merlin_multiplexer "rsp_mux_001"
Info: Reusing file C:/Users/denni/Documents/Code/Cyclone_10_LP/Quartus 19_1/Avalon_MM_Study/component_tutorial/embedded_system/synthesis/submodules/altera_merlin_arbitrator.sv
Info: avalon_st_adapter: "mm_interconnect_0" instantiated altera_avalon_st_adapter "avalon_st_adapter"
Info: error_adapter_0: "avalon_st_adapter" instantiated error_adapter "error_adapter_0"
Info: embedded_system: Done "embedded_system" with 26 modules, 39 files
Info: qsys-generate succeeded.
Info: Finished: Create HDL design files for synthesis
