13:04:14 **** Incremental Build of configuration Nios II for project HelloNios_II ****
make all 
Info: Building ../HelloNios_II_bsp/
C:/intelFPGA_lite/18.1/nios2eds/bin/gnu/H-x86_64-mingw32/bin/make --no-print-directory -C ../HelloNios_II_bsp/
[BSP build complete]
[HelloNios_II build complete]
13:04:28 **** Build of configuration Nios II for project HelloNios_II ****
make all 
Info: Building ../HelloNios_II_bsp/
C:/intelFPGA_lite/18.1/nios2eds/bin/gnu/H-x86_64-mingw32/bin/make --no-print-directory -C ../HelloNios_II_bsp/
[BSP build complete]
[HelloNios_II build complete]
13:04:30 **** Incremental Build of configuration Nios II for project HelloNios_II ****
make all 
Info: Building ../HelloNios_II_bsp/
C:/intelFPGA_lite/18.1/nios2eds/bin/gnu/H-x86_64-mingw32/bin/make --no-print-directory -C ../HelloNios_II_bsp/
[BSP build complete]
[HelloNios_II build complete]
13:10:31 **** Incremental Build of configuration Nios II for project HelloNios_II ****
make all 
Info: Building ../HelloNios_II_bsp/
C:/intelFPGA_lite/18.1/nios2eds/bin/gnu/H-x86_64-mingw32/bin/make --no-print-directory -C ../HelloNios_II_bsp/
[BSP build complete]
Info: Compiling hello_world_small.c to obj/default/hello_world_small.o
nios2-elf-gcc -xc -MP -MMD -c -I../HelloNios_II_bsp//HAL/inc -I../HelloNios_II_bsp/ -I../HelloNios_II_bsp//drivers/inc  -pipe -D__hal__ -DALT_NO_C_PLUS_PLUS -DALT_NO_CLEAN_EXIT -D'exit(a)=_exit(a)' -DALT_NO_EXIT -DALT_USE_DIRECT_DRIVERS -DALT_NO_INSTRUCTION_EMULATION -DALT_USE_SMALL_DRIVERS -DSMALL_C_LIB -DALT_SINGLE_THREADED    -Os -g -Wall   -mno-hw-div -mno-hw-mul -mno-hw-mulx -mgpopt=global  -o obj/default/hello_world_small.o hello_world_small.c
hello_world_small.c: In function 'main':
hello_world_small.c:279:28: warning: implicit declaration of function 'IORD_ALTERA_AVALON_SPI_RDDATA' [-Wimplicit-function-declaration]
   opcode_null_receive[0] = IORD_ALTERA_AVALON_SPI_RDDATA(SPI_0_BASE);
                            ^
hello_world_small.c:258:6: warning: unused variable 'spi_check' [-Wunused-variable]
  int spi_check = -1;
      ^
hello_world_small.c:255:9: warning: variable 'opcode_null_receive' set but not used [-Wunused-but-set-variable]
  alt_u8 opcode_null_receive[4] = {0x01, 0x01, 0x3, 0x04};
         ^
hello_world_small.c:252:9: warning: unused variable 'rx_data' [-Wunused-variable]
  alt_u8 rx_data[2];
         ^
hello_world_small.c:251:9: warning: unused variable 'tx_data' [-Wunused-variable]
  alt_u8 tx_data[] = {0xA5, 0x5A};
         ^
hello_world_small.c:250:10: warning: unused variable 'status' [-Wunused-variable]
  alt_u32 status;
          ^
Info: Linking HelloNios_II.elf
nios2-elf-g++  -T'../HelloNios_II_bsp//linker.x' -msys-crt0='../HelloNios_II_bsp//obj/HAL/src/crt0.o' -msys-lib=hal_bsp -L../HelloNios_II_bsp/  -msmallc  -Wl,-Map=HelloNios_II.map   -Os -g -Wall   -mno-hw-div -mno-hw-mul -mno-hw-mulx -mgpopt=global  -o HelloNios_II.elf obj/default/hello_world_small.o -lm -msys-lib=m
obj/default/hello_world_small.o: In function `main':
C:\Users\guan-ming.dennis-won\Documents\Code\Workspace\Workspace\Cyclone_10_LP\NIOS_II\software\HelloNios_II/hello_world_small.c:279: undefined reference to `IORD_ALTERA_AVALON_SPI_RDDATA'
C:\Users\guan-ming.dennis-won\Documents\Code\Workspace\Workspace\Cyclone_10_LP\NIOS_II\software\HelloNios_II/hello_world_small.c:280: undefined reference to `IORD_ALTERA_AVALON_SPI_RDDATA'
C:\Users\guan-ming.dennis-won\Documents\Code\Workspace\Workspace\Cyclone_10_LP\NIOS_II\software\HelloNios_II/hello_world_small.c:281: undefined reference to `IORD_ALTERA_AVALON_SPI_RDDATA'
C:\Users\guan-ming.dennis-won\Documents\Code\Workspace\Workspace\Cyclone_10_LP\NIOS_II\software\HelloNios_II/hello_world_small.c:282: undefined reference to `IORD_ALTERA_AVALON_SPI_RDDATA'
collect2.exe: error: ld returned 1 exit status
make: *** [HelloNios_II.elf] Error 1
13:11:09 **** Clean-only build of configuration Nios II for project HelloNios_II ****
make clean 
[HelloNios_II clean complete]
13:11:09 **** Build of configuration Nios II for project HelloNios_II ****
make all 
Info: Building ../HelloNios_II_bsp/
C:/intelFPGA_lite/18.1/nios2eds/bin/gnu/H-x86_64-mingw32/bin/make --no-print-directory -C ../HelloNios_II_bsp/
[BSP build complete]
Info: Compiling hello_world_small.c to obj/default/hello_world_small.o
nios2-elf-gcc -xc -MP -MMD -c -I../HelloNios_II_bsp//HAL/inc -I../HelloNios_II_bsp/ -I../HelloNios_II_bsp//drivers/inc  -pipe -D__hal__ -DALT_NO_C_PLUS_PLUS -DALT_NO_CLEAN_EXIT -D'exit(a)=_exit(a)' -DALT_NO_EXIT -DALT_USE_DIRECT_DRIVERS -DALT_NO_INSTRUCTION_EMULATION -DALT_USE_SMALL_DRIVERS -DSMALL_C_LIB -DALT_SINGLE_THREADED    -Os -g -Wall   -mno-hw-div -mno-hw-mul -mno-hw-mulx -mgpopt=global  -o obj/default/hello_world_small.o hello_world_small.c
hello_world_small.c: In function 'main':
hello_world_small.c:258:6: warning: unused variable 'spi_check' [-Wunused-variable]
  int spi_check = -1;
      ^
hello_world_small.c:255:9: warning: variable 'opcode_null_receive' set but not used [-Wunused-but-set-variable]
  alt_u8 opcode_null_receive[4] = {0x01, 0x01, 0x3, 0x04};
         ^
hello_world_small.c:252:9: warning: unused variable 'rx_data' [-Wunused-variable]
  alt_u8 rx_data[2];
         ^
hello_world_small.c:251:9: warning: unused variable 'tx_data' [-Wunused-variable]
  alt_u8 tx_data[] = {0xA5, 0x5A};
         ^
hello_world_small.c:250:10: warning: unused variable 'status' [-Wunused-variable]
  alt_u32 status;
          ^
Info: Linking HelloNios_II.elf
nios2-elf-g++  -T'../HelloNios_II_bsp//linker.x' -msys-crt0='../HelloNios_II_bsp//obj/HAL/src/crt0.o' -msys-lib=hal_bsp -L../HelloNios_II_bsp/  -msmallc  -Wl,-Map=HelloNios_II.map   -Os -g -Wall   -mno-hw-div -mno-hw-mul -mno-hw-mulx -mgpopt=global  -o HelloNios_II.elf obj/default/hello_world_small.o -lm -msys-lib=m
nios2-elf-insert HelloNios_II.elf --thread_model hal --cpu_name HelloNios --qsys true --simulation_enabled false --stderr_dev DEBUG --stdin_dev DEBUG --stdout_dev DEBUG --sopc_system_name My_First_NIOS_II_Platform_Designer --quartus_project_dir "C:/Users/guan-ming.dennis-won/Documents/Code/Workspace/Workspace/Cyclone_10_LP/NIOS_II" --jdi ../..//output_files/My_First_NIOS_II.jdi --sopcinfo C:/Users/guan-ming.dennis-won/Documents/Code/Workspace/Workspace/Cyclone_10_LP/NIOS_II/software/HelloNios_II_bsp/../../My_First_NIOS_II_Platform_Designer.sopcinfo
Info: (HelloNios_II.elf) 2776 Bytes program size (code + initialized data).
Info:                    1312 Bytes free for stack + heap.
Info: Creating HelloNios_II.objdump
nios2-elf-objdump --disassemble --syms --all-header --source HelloNios_II.elf >HelloNios_II.objdump
[HelloNios_II build complete]
13:11:35 **** Incremental Build of configuration Nios II for project HelloNios_II ****
make all 
Info: Building ../HelloNios_II_bsp/
C:/intelFPGA_lite/18.1/nios2eds/bin/gnu/H-x86_64-mingw32/bin/make --no-print-directory -C ../HelloNios_II_bsp/
[BSP build complete]
[HelloNios_II build complete]
13:27:40 **** Incremental Build of configuration Nios II for project HelloNios_II ****
make all 
Info: Building ../HelloNios_II_bsp/
C:/intelFPGA_lite/18.1/nios2eds/bin/gnu/H-x86_64-mingw32/bin/make --no-print-directory -C ../HelloNios_II_bsp/
[BSP build complete]
Info: Compiling hello_world_small.c to obj/default/hello_world_small.o
nios2-elf-gcc -xc -MP -MMD -c -I../HelloNios_II_bsp//HAL/inc -I../HelloNios_II_bsp/ -I../HelloNios_II_bsp//drivers/inc  -pipe -D__hal__ -DALT_NO_C_PLUS_PLUS -DALT_NO_CLEAN_EXIT -D'exit(a)=_exit(a)' -DALT_NO_EXIT -DALT_USE_DIRECT_DRIVERS -DALT_NO_INSTRUCTION_EMULATION -DALT_USE_SMALL_DRIVERS -DSMALL_C_LIB -DALT_SINGLE_THREADED    -Os -g -Wall   -mno-hw-div -mno-hw-mul -mno-hw-mulx -mgpopt=global  -o obj/default/hello_world_small.o hello_world_small.c
hello_world_small.c: In function 'main':
hello_world_small.c:258:6: warning: variable 'spi_check' set but not used [-Wunused-but-set-variable]
  int spi_check = -1;
      ^
hello_world_small.c:252:9: warning: unused variable 'rx_data' [-Wunused-variable]
  alt_u8 rx_data[2];
         ^
hello_world_small.c:251:9: warning: unused variable 'tx_data' [-Wunused-variable]
  alt_u8 tx_data[] = {0xA5, 0x5A};
         ^
hello_world_small.c:250:10: warning: unused variable 'status' [-Wunused-variable]
  alt_u32 status;
          ^
Info: Linking HelloNios_II.elf
nios2-elf-g++  -T'../HelloNios_II_bsp//linker.x' -msys-crt0='../HelloNios_II_bsp//obj/HAL/src/crt0.o' -msys-lib=hal_bsp -L../HelloNios_II_bsp/  -msmallc  -Wl,-Map=HelloNios_II.map   -Os -g -Wall   -mno-hw-div -mno-hw-mul -mno-hw-mulx -mgpopt=global  -o HelloNios_II.elf obj/default/hello_world_small.o -lm -msys-lib=m
nios2-elf-insert HelloNios_II.elf --thread_model hal --cpu_name HelloNios --qsys true --simulation_enabled false --stderr_dev DEBUG --stdin_dev DEBUG --stdout_dev DEBUG --sopc_system_name My_First_NIOS_II_Platform_Designer --quartus_project_dir "C:/Users/guan-ming.dennis-won/Documents/Code/Workspace/Workspace/Cyclone_10_LP/NIOS_II" --jdi ../..//output_files/My_First_NIOS_II.jdi --sopcinfo C:/Users/guan-ming.dennis-won/Documents/Code/Workspace/Workspace/Cyclone_10_LP/NIOS_II/software/HelloNios_II_bsp/../../My_First_NIOS_II_Platform_Designer.sopcinfo
Info: (HelloNios_II.elf) 2828 Bytes program size (code + initialized data).
Info:                    1260 Bytes free for stack + heap.
Info: Creating HelloNios_II.objdump
nios2-elf-objdump --disassemble --syms --all-header --source HelloNios_II.elf >HelloNios_II.objdump
[HelloNios_II build complete]
13:28:27 **** Incremental Build of configuration Nios II for project HelloNios_II ****
make all 
Info: Building ../HelloNios_II_bsp/
C:/intelFPGA_lite/18.1/nios2eds/bin/gnu/H-x86_64-mingw32/bin/make --no-print-directory -C ../HelloNios_II_bsp/
[BSP build complete]
[HelloNios_II build complete]
13:28:54 **** Incremental Build of configuration Nios II for project HelloNios_II ****
make all 
Info: Building ../HelloNios_II_bsp/
C:/intelFPGA_lite/18.1/nios2eds/bin/gnu/H-x86_64-mingw32/bin/make --no-print-directory -C ../HelloNios_II_bsp/
[BSP build complete]
[HelloNios_II build complete]
13:43:53 **** Incremental Build of configuration Nios II for project HelloNios_II ****
make all 
Info: Building ../HelloNios_II_bsp/
C:/intelFPGA_lite/18.1/nios2eds/bin/gnu/H-x86_64-mingw32/bin/make --no-print-directory -C ../HelloNios_II_bsp/
[BSP build complete]
Info: Compiling hello_world_small.c to obj/default/hello_world_small.o
nios2-elf-gcc -xc -MP -MMD -c -I../HelloNios_II_bsp//HAL/inc -I../HelloNios_II_bsp/ -I../HelloNios_II_bsp//drivers/inc  -pipe -D__hal__ -DALT_NO_C_PLUS_PLUS -DALT_NO_CLEAN_EXIT -D'exit(a)=_exit(a)' -DALT_NO_EXIT -DALT_USE_DIRECT_DRIVERS -DALT_NO_INSTRUCTION_EMULATION -DALT_USE_SMALL_DRIVERS -DSMALL_C_LIB -DALT_SINGLE_THREADED    -Os -g -Wall   -mno-hw-div -mno-hw-mul -mno-hw-mulx -mgpopt=global  -o obj/default/hello_world_small.o hello_world_small.c
hello_world_small.c: In function 'main':
hello_world_small.c:258:6: warning: variable 'spi_check' set but not used [-Wunused-but-set-variable]
  int spi_check = -1;
      ^
hello_world_small.c:252:9: warning: unused variable 'rx_data' [-Wunused-variable]
  alt_u8 rx_data[2];
         ^
hello_world_small.c:251:9: warning: unused variable 'tx_data' [-Wunused-variable]
  alt_u8 tx_data[] = {0xA5, 0x5A};
         ^
hello_world_small.c:250:10: warning: unused variable 'status' [-Wunused-variable]
  alt_u32 status;
          ^
Info: Linking HelloNios_II.elf
nios2-elf-g++  -T'../HelloNios_II_bsp//linker.x' -msys-crt0='../HelloNios_II_bsp//obj/HAL/src/crt0.o' -msys-lib=hal_bsp -L../HelloNios_II_bsp/  -msmallc  -Wl,-Map=HelloNios_II.map   -Os -g -Wall   -mno-hw-div -mno-hw-mul -mno-hw-mulx -mgpopt=global  -o HelloNios_II.elf obj/default/hello_world_small.o -lm -msys-lib=m
nios2-elf-insert HelloNios_II.elf --thread_model hal --cpu_name HelloNios --qsys true --simulation_enabled false --stderr_dev DEBUG --stdin_dev DEBUG --stdout_dev DEBUG --sopc_system_name My_First_NIOS_II_Platform_Designer --quartus_project_dir "C:/Users/guan-ming.dennis-won/Documents/Code/Workspace/Workspace/Cyclone_10_LP/NIOS_II" --jdi ../..//output_files/My_First_NIOS_II.jdi --sopcinfo C:/Users/guan-ming.dennis-won/Documents/Code/Workspace/Workspace/Cyclone_10_LP/NIOS_II/software/HelloNios_II_bsp/../../My_First_NIOS_II_Platform_Designer.sopcinfo
Info: (HelloNios_II.elf) 2856 Bytes program size (code + initialized data).
Info:                    1232 Bytes free for stack + heap.
Info: Creating HelloNios_II.objdump
nios2-elf-objdump --disassemble --syms --all-header --source HelloNios_II.elf >HelloNios_II.objdump
[HelloNios_II build complete]
13:56:27 **** Incremental Build of configuration Nios II for project HelloNios_II ****
make all 
Info: Building ../HelloNios_II_bsp/
C:/intelFPGA_lite/18.1/nios2eds/bin/gnu/H-x86_64-mingw32/bin/make --no-print-directory -C ../HelloNios_II_bsp/
[BSP build complete]
Info: Compiling hello_world_small.c to obj/default/hello_world_small.o
nios2-elf-gcc -xc -MP -MMD -c -I../HelloNios_II_bsp//HAL/inc -I../HelloNios_II_bsp/ -I../HelloNios_II_bsp//drivers/inc  -pipe -D__hal__ -DALT_NO_C_PLUS_PLUS -DALT_NO_CLEAN_EXIT -D'exit(a)=_exit(a)' -DALT_NO_EXIT -DALT_USE_DIRECT_DRIVERS -DALT_NO_INSTRUCTION_EMULATION -DALT_USE_SMALL_DRIVERS -DSMALL_C_LIB -DALT_SINGLE_THREADED    -Os -g -Wall   -mno-hw-div -mno-hw-mul -mno-hw-mulx -mgpopt=global  -o obj/default/hello_world_small.o hello_world_small.c
hello_world_small.c: In function 'main':
hello_world_small.c:258:6: warning: variable 'spi_check' set but not used [-Wunused-but-set-variable]
  int spi_check = -1;
      ^
hello_world_small.c:252:9: warning: unused variable 'rx_data' [-Wunused-variable]
  alt_u8 rx_data[2];
         ^
hello_world_small.c:251:9: warning: unused variable 'tx_data' [-Wunused-variable]
  alt_u8 tx_data[] = {0xA5, 0x5A};
         ^
hello_world_small.c:250:10: warning: unused variable 'status' [-Wunused-variable]
  alt_u32 status;
          ^
Info: Linking HelloNios_II.elf
nios2-elf-g++  -T'../HelloNios_II_bsp//linker.x' -msys-crt0='../HelloNios_II_bsp//obj/HAL/src/crt0.o' -msys-lib=hal_bsp -L../HelloNios_II_bsp/  -msmallc  -Wl,-Map=HelloNios_II.map   -Os -g -Wall   -mno-hw-div -mno-hw-mul -mno-hw-mulx -mgpopt=global  -o HelloNios_II.elf obj/default/hello_world_small.o -lm -msys-lib=m
nios2-elf-insert HelloNios_II.elf --thread_model hal --cpu_name HelloNios --qsys true --simulation_enabled false --stderr_dev DEBUG --stdin_dev DEBUG --stdout_dev DEBUG --sopc_system_name My_First_NIOS_II_Platform_Designer --quartus_project_dir "C:/Users/guan-ming.dennis-won/Documents/Code/Workspace/Workspace/Cyclone_10_LP/NIOS_II" --jdi ../..//output_files/My_First_NIOS_II.jdi --sopcinfo C:/Users/guan-ming.dennis-won/Documents/Code/Workspace/Workspace/Cyclone_10_LP/NIOS_II/software/HelloNios_II_bsp/../../My_First_NIOS_II_Platform_Designer.sopcinfo
Info: (HelloNios_II.elf) 2896 Bytes program size (code + initialized data).
Info:                    1192 Bytes free for stack + heap.
Info: Creating HelloNios_II.objdump
nios2-elf-objdump --disassemble --syms --all-header --source HelloNios_II.elf >HelloNios_II.objdump
[HelloNios_II build complete]
13:56:45 **** Incremental Build of configuration Nios II for project HelloNios_II ****
make all 
Info: Building ../HelloNios_II_bsp/
C:/intelFPGA_lite/18.1/nios2eds/bin/gnu/H-x86_64-mingw32/bin/make --no-print-directory -C ../HelloNios_II_bsp/
[BSP build complete]
[HelloNios_II build complete]
13:57:30 **** Incremental Build of configuration Nios II for project HelloNios_II ****
make all 
Info: Building ../HelloNios_II_bsp/
C:/intelFPGA_lite/18.1/nios2eds/bin/gnu/H-x86_64-mingw32/bin/make --no-print-directory -C ../HelloNios_II_bsp/
[BSP build complete]
[HelloNios_II build complete]
14:12:42 **** Incremental Build of configuration Nios II for project HelloNios_II ****
make all 
Info: Building ../HelloNios_II_bsp/
C:/intelFPGA_lite/18.1/nios2eds/bin/gnu/H-x86_64-mingw32/bin/make --no-print-directory -C ../HelloNios_II_bsp/
[BSP build complete]
[HelloNios_II build complete]
14:13:14 **** Incremental Build of configuration Nios II for project HelloNios_II ****
make all 
Info: Building ../HelloNios_II_bsp/
C:/intelFPGA_lite/18.1/nios2eds/bin/gnu/H-x86_64-mingw32/bin/make --no-print-directory -C ../HelloNios_II_bsp/
[BSP build complete]
Info: Compiling hello_world_small.c to obj/default/hello_world_small.o
nios2-elf-gcc -xc -MP -MMD -c -I../HelloNios_II_bsp//HAL/inc -I../HelloNios_II_bsp/ -I../HelloNios_II_bsp//drivers/inc  -pipe -D__hal__ -DALT_NO_C_PLUS_PLUS -DALT_NO_CLEAN_EXIT -D'exit(a)=_exit(a)' -DALT_NO_EXIT -DALT_USE_DIRECT_DRIVERS -DALT_NO_INSTRUCTION_EMULATION -DALT_USE_SMALL_DRIVERS -DSMALL_C_LIB -DALT_SINGLE_THREADED    -Os -g -Wall   -mno-hw-div -mno-hw-mul -mno-hw-mulx -mgpopt=global  -o obj/default/hello_world_small.o hello_world_small.c
hello_world_small.c: In function 'main':
hello_world_small.c:258:6: warning: variable 'spi_check' set but not used [-Wunused-but-set-variable]
  int spi_check = -1;
      ^
hello_world_small.c:252:9: warning: unused variable 'rx_data' [-Wunused-variable]
  alt_u8 rx_data[2];
         ^
hello_world_small.c:251:9: warning: unused variable 'tx_data' [-Wunused-variable]
  alt_u8 tx_data[] = {0xA5, 0x5A};
         ^
hello_world_small.c:250:10: warning: unused variable 'status' [-Wunused-variable]
  alt_u32 status;
          ^
Info: Linking HelloNios_II.elf
nios2-elf-g++  -T'../HelloNios_II_bsp//linker.x' -msys-crt0='../HelloNios_II_bsp//obj/HAL/src/crt0.o' -msys-lib=hal_bsp -L../HelloNios_II_bsp/  -msmallc  -Wl,-Map=HelloNios_II.map   -Os -g -Wall   -mno-hw-div -mno-hw-mul -mno-hw-mulx -mgpopt=global  -o HelloNios_II.elf obj/default/hello_world_small.o -lm -msys-lib=m
nios2-elf-insert HelloNios_II.elf --thread_model hal --cpu_name HelloNios --qsys true --simulation_enabled false --stderr_dev DEBUG --stdin_dev DEBUG --stdout_dev DEBUG --sopc_system_name My_First_NIOS_II_Platform_Designer --quartus_project_dir "C:/Users/guan-ming.dennis-won/Documents/Code/Workspace/Workspace/Cyclone_10_LP/NIOS_II" --jdi ../..//output_files/My_First_NIOS_II.jdi --sopcinfo C:/Users/guan-ming.dennis-won/Documents/Code/Workspace/Workspace/Cyclone_10_LP/NIOS_II/software/HelloNios_II_bsp/../../My_First_NIOS_II_Platform_Designer.sopcinfo
Info: (HelloNios_II.elf) 2872 Bytes program size (code + initialized data).
Info:                    1216 Bytes free for stack + heap.
Info: Creating HelloNios_II.objdump
nios2-elf-objdump --disassemble --syms --all-header --source HelloNios_II.elf >HelloNios_II.objdump
[HelloNios_II build complete]
16:00:25 **** Incremental Build of configuration Nios II for project HelloNios_II ****
make all 
Info: Building ../HelloNios_II_bsp/
C:/intelFPGA_lite/18.1/nios2eds/bin/gnu/H-x86_64-mingw32/bin/make --no-print-directory -C ../HelloNios_II_bsp/
[BSP build complete]
Info: Compiling hello_world_small.c to obj/default/hello_world_small.o
nios2-elf-gcc -xc -MP -MMD -c -I../HelloNios_II_bsp//HAL/inc -I../HelloNios_II_bsp/ -I../HelloNios_II_bsp//drivers/inc  -pipe -D__hal__ -DALT_NO_C_PLUS_PLUS -DALT_NO_CLEAN_EXIT -D'exit(a)=_exit(a)' -DALT_NO_EXIT -DALT_USE_DIRECT_DRIVERS -DALT_NO_INSTRUCTION_EMULATION -DALT_USE_SMALL_DRIVERS -DSMALL_C_LIB -DALT_SINGLE_THREADED    -Os -g -Wall   -mno-hw-div -mno-hw-mul -mno-hw-mulx -mgpopt=global  -o obj/default/hello_world_small.o hello_world_small.c
hello_world_small.c: In function 'main':
hello_world_small.c:256:31: warning: excess elements in scalar initializer
  alt_u8 opcode_ready = {0x06, 0x55, 0x00, 0x00};
                               ^
hello_world_small.c:256:31: note: (near initialization for 'opcode_ready')
hello_world_small.c:256:37: warning: excess elements in scalar initializer
  alt_u8 opcode_ready = {0x06, 0x55, 0x00, 0x00};
                                     ^
hello_world_small.c:256:37: note: (near initialization for 'opcode_ready')
hello_world_small.c:256:43: warning: excess elements in scalar initializer
  alt_u8 opcode_ready = {0x06, 0x55, 0x00, 0x00};
                                           ^
hello_world_small.c:256:43: note: (near initialization for 'opcode_ready')
hello_world_small.c:260:6: warning: variable 'spi_check' set but not used [-Wunused-but-set-variable]
  int spi_check = -1;
      ^
hello_world_small.c:257:9: warning: unused variable 'opcode_ready_receive' [-Wunused-variable]
  alt_u8 opcode_ready_receive[4] = {0x05, 0x06, 0x07, 0x08};
         ^
hello_world_small.c:256:9: warning: unused variable 'opcode_ready' [-Wunused-variable]
  alt_u8 opcode_ready = {0x06, 0x55, 0x00, 0x00};
         ^
hello_world_small.c:252:9: warning: unused variable 'rx_data' [-Wunused-variable]
  alt_u8 rx_data[2];
         ^
hello_world_small.c:251:9: warning: unused variable 'tx_data' [-Wunused-variable]
  alt_u8 tx_data[] = {0xA5, 0x5A};
         ^
hello_world_small.c:250:10: warning: unused variable 'status' [-Wunused-variable]
  alt_u32 status;
          ^
Info: Linking HelloNios_II.elf
nios2-elf-g++  -T'../HelloNios_II_bsp//linker.x' -msys-crt0='../HelloNios_II_bsp//obj/HAL/src/crt0.o' -msys-lib=hal_bsp -L../HelloNios_II_bsp/  -msmallc  -Wl,-Map=HelloNios_II.map   -Os -g -Wall   -mno-hw-div -mno-hw-mul -mno-hw-mulx -mgpopt=global  -o HelloNios_II.elf obj/default/hello_world_small.o -lm -msys-lib=m
nios2-elf-insert HelloNios_II.elf --thread_model hal --cpu_name HelloNios --qsys true --simulation_enabled false --stderr_dev DEBUG --stdin_dev DEBUG --stdout_dev DEBUG --sopc_system_name My_First_NIOS_II_Platform_Designer --quartus_project_dir "C:/Users/guan-ming.dennis-won/Documents/Code/Workspace/Workspace/Cyclone_10_LP/NIOS_II" --jdi ../..//output_files/My_First_NIOS_II.jdi --sopcinfo C:/Users/guan-ming.dennis-won/Documents/Code/Workspace/Workspace/Cyclone_10_LP/NIOS_II/software/HelloNios_II_bsp/../../My_First_NIOS_II_Platform_Designer.sopcinfo
Info: (HelloNios_II.elf) 2948 Bytes program size (code + initialized data).
Info:                    1140 Bytes free for stack + heap.
Info: Creating HelloNios_II.objdump
nios2-elf-objdump --disassemble --syms --all-header --source HelloNios_II.elf >HelloNios_II.objdump
[HelloNios_II build complete]
16:06:12 **** Clean-only build of configuration Nios II for project HelloNios_II ****
make clean 
[HelloNios_II clean complete]
16:06:13 **** Build of configuration Nios II for project HelloNios_II ****
make all 
Info: Building ../HelloNios_II_bsp/
C:/intelFPGA_lite/18.1/nios2eds/bin/gnu/H-x86_64-mingw32/bin/make --no-print-directory -C ../HelloNios_II_bsp/
[BSP build complete]
Info: Compiling hello_world_small.c to obj/default/hello_world_small.o
nios2-elf-gcc -xc -MP -MMD -c -I../HelloNios_II_bsp//HAL/inc -I../HelloNios_II_bsp/ -I../HelloNios_II_bsp//drivers/inc  -pipe -D__hal__ -DALT_NO_C_PLUS_PLUS -DALT_NO_CLEAN_EXIT -D'exit(a)=_exit(a)' -DALT_NO_EXIT -DALT_USE_DIRECT_DRIVERS -DALT_NO_INSTRUCTION_EMULATION -DALT_USE_SMALL_DRIVERS -DSMALL_C_LIB -DALT_SINGLE_THREADED    -Os -g -Wall   -mno-hw-div -mno-hw-mul -mno-hw-mulx -mgpopt=global  -o obj/default/hello_world_small.o hello_world_small.c
hello_world_small.c: In function 'main':
hello_world_small.c:256:31: warning: excess elements in scalar initializer
  alt_u8 opcode_ready = {0x06, 0x55, 0x00, 0x00};
                               ^
hello_world_small.c:256:31: note: (near initialization for 'opcode_ready')
hello_world_small.c:256:37: warning: excess elements in scalar initializer
  alt_u8 opcode_ready = {0x06, 0x55, 0x00, 0x00};
                                     ^
hello_world_small.c:256:37: note: (near initialization for 'opcode_ready')
hello_world_small.c:256:43: warning: excess elements in scalar initializer
  alt_u8 opcode_ready = {0x06, 0x55, 0x00, 0x00};
                                           ^
hello_world_small.c:256:43: note: (near initialization for 'opcode_ready')
hello_world_small.c:299:12: warning: passing argument 4 of 'alt_avalon_spi_command' makes pointer from integer without a cast [-Wint-conversion]
            opcode_ready,    // A pointer to the data buffer that contains the data to be written, 'NULL' if N/A
            ^
hello_world_small.c:95:5: note: expected 'const alt_u8 * {aka const unsigned char *}' but argument is of type 'alt_u8 {aka unsigned char}'
 int alt_avalon_spi_command(alt_u32 base, alt_u32 slave,
     ^
hello_world_small.c:260:6: warning: variable 'spi_check' set but not used [-Wunused-but-set-variable]
  int spi_check = -1;
      ^
hello_world_small.c:252:9: warning: unused variable 'rx_data' [-Wunused-variable]
  alt_u8 rx_data[2];
         ^
hello_world_small.c:251:9: warning: unused variable 'tx_data' [-Wunused-variable]
  alt_u8 tx_data[] = {0xA5, 0x5A};
         ^
hello_world_small.c:250:10: warning: unused variable 'status' [-Wunused-variable]
  alt_u32 status;
          ^
Info: Linking HelloNios_II.elf
nios2-elf-g++  -T'../HelloNios_II_bsp//linker.x' -msys-crt0='../HelloNios_II_bsp//obj/HAL/src/crt0.o' -msys-lib=hal_bsp -L../HelloNios_II_bsp/  -msmallc  -Wl,-Map=HelloNios_II.map   -Os -g -Wall   -mno-hw-div -mno-hw-mul -mno-hw-mulx -mgpopt=global  -o HelloNios_II.elf obj/default/hello_world_small.o -lm -msys-lib=m
nios2-elf-insert HelloNios_II.elf --thread_model hal --cpu_name HelloNios --qsys true --simulation_enabled false --stderr_dev DEBUG --stdin_dev DEBUG --stdout_dev DEBUG --sopc_system_name My_First_NIOS_II_Platform_Designer --quartus_project_dir "C:/Users/guan-ming.dennis-won/Documents/Code/Workspace/Workspace/Cyclone_10_LP/NIOS_II" --jdi ../..//output_files/My_First_NIOS_II.jdi --sopcinfo C:/Users/guan-ming.dennis-won/Documents/Code/Workspace/Workspace/Cyclone_10_LP/NIOS_II/software/HelloNios_II_bsp/../../My_First_NIOS_II_Platform_Designer.sopcinfo
Info: (HelloNios_II.elf) 2976 Bytes program size (code + initialized data).
Info:                    1112 Bytes free for stack + heap.
Info: Creating HelloNios_II.objdump
nios2-elf-objdump --disassemble --syms --all-header --source HelloNios_II.elf >HelloNios_II.objdump
[HelloNios_II build complete]
16:06:40 **** Incremental Build of configuration Nios II for project HelloNios_II ****
make all 
Info: Building ../HelloNios_II_bsp/
C:/intelFPGA_lite/18.1/nios2eds/bin/gnu/H-x86_64-mingw32/bin/make --no-print-directory -C ../HelloNios_II_bsp/
[BSP build complete]
[HelloNios_II build complete]
16:09:06 **** Incremental Build of configuration Nios II for project HelloNios_II ****
make all 
Info: Building ../HelloNios_II_bsp/
C:/intelFPGA_lite/18.1/nios2eds/bin/gnu/H-x86_64-mingw32/bin/make --no-print-directory -C ../HelloNios_II_bsp/
[BSP build complete]
[HelloNios_II build complete]
16:09:35 **** Incremental Build of configuration Nios II for project HelloNios_II ****
make all 
Info: Building ../HelloNios_II_bsp/
C:/intelFPGA_lite/18.1/nios2eds/bin/gnu/H-x86_64-mingw32/bin/make --no-print-directory -C ../HelloNios_II_bsp/
[BSP build complete]
Info: Compiling hello_world_small.c to obj/default/hello_world_small.o
nios2-elf-gcc -xc -MP -MMD -c -I../HelloNios_II_bsp//HAL/inc -I../HelloNios_II_bsp/ -I../HelloNios_II_bsp//drivers/inc  -pipe -D__hal__ -DALT_NO_C_PLUS_PLUS -DALT_NO_CLEAN_EXIT -D'exit(a)=_exit(a)' -DALT_NO_EXIT -DALT_USE_DIRECT_DRIVERS -DALT_NO_INSTRUCTION_EMULATION -DALT_USE_SMALL_DRIVERS -DSMALL_C_LIB -DALT_SINGLE_THREADED    -Os -g -Wall   -mno-hw-div -mno-hw-mul -mno-hw-mulx -mgpopt=global  -o obj/default/hello_world_small.o hello_world_small.c
hello_world_small.c: In function 'main':
hello_world_small.c:256:31: warning: excess elements in scalar initializer
  alt_u8 opcode_ready = {0x06, 0x55, 0x00, 0x00};
                               ^
hello_world_small.c:256:31: note: (near initialization for 'opcode_ready')
hello_world_small.c:256:37: warning: excess elements in scalar initializer
  alt_u8 opcode_ready = {0x06, 0x55, 0x00, 0x00};
                                     ^
hello_world_small.c:256:37: note: (near initialization for 'opcode_ready')
hello_world_small.c:256:43: warning: excess elements in scalar initializer
  alt_u8 opcode_ready = {0x06, 0x55, 0x00, 0x00};
                                           ^
hello_world_small.c:256:43: note: (near initialization for 'opcode_ready')
hello_world_small.c:299:12: warning: passing argument 4 of 'alt_avalon_spi_command' makes pointer from integer without a cast [-Wint-conversion]
            opcode_ready,    // A pointer to the data buffer that contains the data to be written, 'NULL' if N/A
            ^
hello_world_small.c:95:5: note: expected 'const alt_u8 * {aka const unsigned char *}' but argument is of type 'alt_u8 {aka unsigned char}'
 int alt_avalon_spi_command(alt_u32 base, alt_u32 slave,
     ^
hello_world_small.c:317:15: warning: passing argument 4 of 'alt_avalon_spi_command' makes pointer from integer without a cast [-Wint-conversion]
               opcode_ready,    // A pointer to the data buffer that contains the data to be written, 'NULL' if N/A
               ^
hello_world_small.c:95:5: note: expected 'const alt_u8 * {aka const unsigned char *}' but argument is of type 'alt_u8 {aka unsigned char}'
 int alt_avalon_spi_command(alt_u32 base, alt_u32 slave,
     ^
hello_world_small.c:260:6: warning: variable 'spi_check' set but not used [-Wunused-but-set-variable]
  int spi_check = -1;
      ^
hello_world_small.c:252:9: warning: unused variable 'rx_data' [-Wunused-variable]
  alt_u8 rx_data[2];
         ^
hello_world_small.c:251:9: warning: unused variable 'tx_data' [-Wunused-variable]
  alt_u8 tx_data[] = {0xA5, 0x5A};
         ^
hello_world_small.c:250:10: warning: unused variable 'status' [-Wunused-variable]
  alt_u32 status;
          ^
Info: Linking HelloNios_II.elf
nios2-elf-g++  -T'../HelloNios_II_bsp//linker.x' -msys-crt0='../HelloNios_II_bsp//obj/HAL/src/crt0.o' -msys-lib=hal_bsp -L../HelloNios_II_bsp/  -msmallc  -Wl,-Map=HelloNios_II.map   -Os -g -Wall   -mno-hw-div -mno-hw-mul -mno-hw-mulx -mgpopt=global  -o HelloNios_II.elf obj/default/hello_world_small.o -lm -msys-lib=m
nios2-elf-insert HelloNios_II.elf --thread_model hal --cpu_name HelloNios --qsys true --simulation_enabled false --stderr_dev DEBUG --stdin_dev DEBUG --stdout_dev DEBUG --sopc_system_name My_First_NIOS_II_Platform_Designer --quartus_project_dir "C:/Users/guan-ming.dennis-won/Documents/Code/Workspace/Workspace/Cyclone_10_LP/NIOS_II" --jdi ../..//output_files/My_First_NIOS_II.jdi --sopcinfo C:/Users/guan-ming.dennis-won/Documents/Code/Workspace/Workspace/Cyclone_10_LP/NIOS_II/software/HelloNios_II_bsp/../../My_First_NIOS_II_Platform_Designer.sopcinfo
Info: (HelloNios_II.elf) 3052 Bytes program size (code + initialized data).
Info:                    1036 Bytes free for stack + heap.
Info: Creating HelloNios_II.objdump
nios2-elf-objdump --disassemble --syms --all-header --source HelloNios_II.elf >HelloNios_II.objdump
[HelloNios_II build complete]
16:11:44 **** Incremental Build of configuration Nios II for project HelloNios_II ****
make all 
Info: Building ../HelloNios_II_bsp/
C:/intelFPGA_lite/18.1/nios2eds/bin/gnu/H-x86_64-mingw32/bin/make --no-print-directory -C ../HelloNios_II_bsp/
[BSP build complete]
Info: Compiling hello_world_small.c to obj/default/hello_world_small.o
nios2-elf-gcc -xc -MP -MMD -c -I../HelloNios_II_bsp//HAL/inc -I../HelloNios_II_bsp/ -I../HelloNios_II_bsp//drivers/inc  -pipe -D__hal__ -DALT_NO_C_PLUS_PLUS -DALT_NO_CLEAN_EXIT -D'exit(a)=_exit(a)' -DALT_NO_EXIT -DALT_USE_DIRECT_DRIVERS -DALT_NO_INSTRUCTION_EMULATION -DALT_USE_SMALL_DRIVERS -DSMALL_C_LIB -DALT_SINGLE_THREADED    -Os -g -Wall   -mno-hw-div -mno-hw-mul -mno-hw-mulx -mgpopt=global  -o obj/default/hello_world_small.o hello_world_small.c
hello_world_small.c: In function 'main':
hello_world_small.c:260:6: warning: variable 'spi_check' set but not used [-Wunused-but-set-variable]
  int spi_check = -1;
      ^
hello_world_small.c:252:9: warning: unused variable 'rx_data' [-Wunused-variable]
  alt_u8 rx_data[2];
         ^
hello_world_small.c:251:9: warning: unused variable 'tx_data' [-Wunused-variable]
  alt_u8 tx_data[] = {0xA5, 0x5A};
         ^
hello_world_small.c:250:10: warning: unused variable 'status' [-Wunused-variable]
  alt_u32 status;
          ^
Info: Linking HelloNios_II.elf
nios2-elf-g++  -T'../HelloNios_II_bsp//linker.x' -msys-crt0='../HelloNios_II_bsp//obj/HAL/src/crt0.o' -msys-lib=hal_bsp -L../HelloNios_II_bsp/  -msmallc  -Wl,-Map=HelloNios_II.map   -Os -g -Wall   -mno-hw-div -mno-hw-mul -mno-hw-mulx -mgpopt=global  -o HelloNios_II.elf obj/default/hello_world_small.o -lm -msys-lib=m
nios2-elf-insert HelloNios_II.elf --thread_model hal --cpu_name HelloNios --qsys true --simulation_enabled false --stderr_dev DEBUG --stdin_dev DEBUG --stdout_dev DEBUG --sopc_system_name My_First_NIOS_II_Platform_Designer --quartus_project_dir "C:/Users/guan-ming.dennis-won/Documents/Code/Workspace/Workspace/Cyclone_10_LP/NIOS_II" --jdi ../..//output_files/My_First_NIOS_II.jdi --sopcinfo C:/Users/guan-ming.dennis-won/Documents/Code/Workspace/Workspace/Cyclone_10_LP/NIOS_II/software/HelloNios_II_bsp/../../My_First_NIOS_II_Platform_Designer.sopcinfo
Info: (HelloNios_II.elf) 3076 Bytes program size (code + initialized data).
Info:                    1012 Bytes free for stack + heap.
Info: Creating HelloNios_II.objdump
nios2-elf-objdump --disassemble --syms --all-header --source HelloNios_II.elf >HelloNios_II.objdump
[HelloNios_II build complete]
16:11:52 **** Incremental Build of configuration Nios II for project HelloNios_II ****
make all 
Info: Building ../HelloNios_II_bsp/
C:/intelFPGA_lite/18.1/nios2eds/bin/gnu/H-x86_64-mingw32/bin/make --no-print-directory -C ../HelloNios_II_bsp/
[BSP build complete]
[HelloNios_II build complete]
16:12:16 **** Incremental Build of configuration Nios II for project HelloNios_II ****
make all 
Info: Building ../HelloNios_II_bsp/
C:/intelFPGA_lite/18.1/nios2eds/bin/gnu/H-x86_64-mingw32/bin/make --no-print-directory -C ../HelloNios_II_bsp/
[BSP build complete]
[HelloNios_II build complete]
