2025-01-03 11:24:10,127 [INFO] Activator:176 - 


2025-01-03 11:24:10,134 [INFO] Activator:177 - !SESSION log4j initialized
2025-01-03 11:24:15,800 [INFO] LogOutputStream:77 - [STDOUT_REDIRECT] 
2025-01-03 11:24:16,998 [INFO] ApplicationProperties:184 - Using Application install path: C:\ST\STM32CubeIDE_1.14.1\STM32CubeIDE\plugins\com.st.stm32cube.common.mx_6.12.0.202406281431
2025-01-03 11:24:17,019 [INFO] DbMcusXml:78 - Set database path to: C:\ST\STM32CubeIDE_1.14.1\STM32CubeIDE\plugins\com.st.stm32cube.common.mx_6.12.0.202406281431\\db\/mcu/
2025-01-03 11:24:17,020 [INFO] ApiDb:274 - Set plugin database path to: C:\ST\STM32CubeIDE_1.14.1\STM32CubeIDE\plugins\com.st.stm32cube.common.mx_6.12.0.202406281431\\db\/plugins/boardmanager/
2025-01-03 11:24:17,021 [WARN] ApiDb:259 - Overriding images path with different value:  => C:\ST\STM32CubeIDE_1.14.1\STM32CubeIDE\plugins\com.st.stm32cube.common.mx_6.12.0.202406281431\\db\/plugins/mcufinder/images/
2025-01-03 11:24:17,033 [INFO] ApiDb:250 - Set database path to: C:\Users\guan-ming.dennis-won\.stmcufinder\plugins\mcufinder//mcu/
2025-01-03 11:24:17,035 [INFO] DbMcusAds:125 - Set database path to: C:\Users\guan-ming.dennis-won\.stmcufinder\plugins\mcufinder//mcu/
2025-01-03 11:24:17,038 [INFO] CrossReferenceDbSqlite:203 - Set database path to: C:\Users\guan-ming.dennis-won\.stmcufinder\plugins\mcufinder//mcu/cs/
2025-01-03 11:24:17,148 [INFO] RulesReader:64 - Compatibility file has been processed (297 Rules)
2025-01-03 11:24:17,239 [INFO] DbMcusXml:78 - Set database path to: C:\ST\STM32CubeIDE_1.14.1\STM32CubeIDE\plugins\com.st.stm32cube.common.mx_6.12.0.202406281431\\db\/mcu/
2025-01-03 11:24:17,240 [INFO] ApiDb:274 - Set plugin database path to: C:\ST\STM32CubeIDE_1.14.1\STM32CubeIDE\plugins\com.st.stm32cube.common.mx_6.12.0.202406281431\\db\/plugins/boardmanager/
2025-01-03 11:24:17,240 [INFO] ApiDb:261 - Set plugin images path to: C:\ST\STM32CubeIDE_1.14.1\STM32CubeIDE\plugins\com.st.stm32cube.common.mx_6.12.0.202406281431\\db\/plugins/mcufinder/images/
2025-01-03 11:24:17,240 [WARN] DbFile:41 - Overriding database path with different value: C:\Users\guan-ming.dennis-won\.stmcufinder\plugins\mcufinder/ => C:\Users\guan-ming.dennis-won\.stmcufinder\plugins\mcufinder
2025-01-03 11:24:17,240 [INFO] ApiDb:250 - Set database path to: C:\Users\guan-ming.dennis-won\.stmcufinder\plugins\mcufinder//mcu/
2025-01-03 11:24:17,240 [WARN] DbFile:41 - Overriding database path with different value: C:\Users\guan-ming.dennis-won\.stmcufinder\plugins\mcufinder/ => C:\Users\guan-ming.dennis-won\.stmcufinder\plugins\mcufinder
2025-01-03 11:24:17,240 [INFO] DbMcusAds:125 - Set database path to: C:\Users\guan-ming.dennis-won\.stmcufinder\plugins\mcufinder//mcu/
2025-01-03 11:24:17,240 [WARN] DbFile:41 - Overriding database path with different value: C:\Users\guan-ming.dennis-won\.stmcufinder\plugins\mcufinder/ => C:\Users\guan-ming.dennis-won\.stmcufinder\plugins\mcufinder
2025-01-03 11:24:17,240 [WARN] DbFile:41 - Overriding database path with different value: C:\Users\guan-ming.dennis-won\.stmcufinder\plugins\mcufinder/ => C:\Users\guan-ming.dennis-won\.stmcufinder\plugins\mcufinder
2025-01-03 11:24:17,240 [INFO] CrossReferenceDbSqlite:203 - Set database path to: C:\Users\guan-ming.dennis-won\.stmcufinder\plugins\mcufinder//mcu/cs/
2025-01-03 11:24:17,346 [INFO] MainPanel:268 - HeapMemory: 268435456
2025-01-03 11:24:17,489 [INFO] DbMcusXml:78 - Set database path to: C:\ST\STM32CubeIDE_1.14.1\STM32CubeIDE\plugins\com.st.stm32cube.common.mx_6.12.0.202406281431\\db\/mcu/
2025-01-03 11:24:17,489 [INFO] ApiDb:274 - Set plugin database path to: C:\ST\STM32CubeIDE_1.14.1\STM32CubeIDE\plugins\com.st.stm32cube.common.mx_6.12.0.202406281431\\db\/plugins/boardmanager/
2025-01-03 11:24:17,489 [INFO] ApiDb:261 - Set plugin images path to: C:\ST\STM32CubeIDE_1.14.1\STM32CubeIDE\plugins\com.st.stm32cube.common.mx_6.12.0.202406281431\\db\/plugins/mcufinder/images/
2025-01-03 11:24:17,489 [WARN] DbFile:41 - Overriding database path with different value: C:\Users\guan-ming.dennis-won\.stmcufinder\plugins\mcufinder/ => C:\Users\guan-ming.dennis-won\.stmcufinder\plugins\mcufinder
2025-01-03 11:24:17,489 [INFO] ApiDb:250 - Set database path to: C:\Users\guan-ming.dennis-won\.stmcufinder\plugins\mcufinder//mcu/
2025-01-03 11:24:17,489 [WARN] DbFile:41 - Overriding database path with different value: C:\Users\guan-ming.dennis-won\.stmcufinder\plugins\mcufinder/ => C:\Users\guan-ming.dennis-won\.stmcufinder\plugins\mcufinder
2025-01-03 11:24:17,489 [INFO] DbMcusAds:125 - Set database path to: C:\Users\guan-ming.dennis-won\.stmcufinder\plugins\mcufinder//mcu/
2025-01-03 11:24:17,489 [WARN] DbFile:41 - Overriding database path with different value: C:\Users\guan-ming.dennis-won\.stmcufinder\plugins\mcufinder/ => C:\Users\guan-ming.dennis-won\.stmcufinder\plugins\mcufinder
2025-01-03 11:24:17,489 [WARN] DbFile:41 - Overriding database path with different value: C:\Users\guan-ming.dennis-won\.stmcufinder\plugins\mcufinder/ => C:\Users\guan-ming.dennis-won\.stmcufinder\plugins\mcufinder
2025-01-03 11:24:17,489 [INFO] CrossReferenceDbSqlite:203 - Set database path to: C:\Users\guan-ming.dennis-won\.stmcufinder\plugins\mcufinder//mcu/cs/
2025-01-03 11:24:17,512 [INFO] ApplicationProperties:184 - Using Application install path: C:\ST\STM32CubeIDE_1.14.1\STM32CubeIDE\plugins\com.st.stm32cube.common.mx_6.12.0.202406281431
2025-01-03 11:24:17,514 [INFO] PluginManage:196 - Search for loadable plugins [exclusion list=, ]
2025-01-03 11:24:17,517 [INFO] PluginManage:310 - Check plugin analytics
2025-01-03 11:24:17,684 [INFO] AnalyticsPlugin:253 - Accepted Software Licenses: STM32CubeMX.6.12.0
2025-01-03 11:24:17,684 [INFO] AnalyticsPlugin:255 - Accepted CMSIS Pack Licenses: STMicroelectronics.X-CUBE-AI.8.1.0
2025-01-03 11:24:17,684 [INFO] AnalyticsPlugin:257 - Accepted Firmware Licenses: 
2025-01-03 11:24:17,687 [INFO] PluginManage:359 - Loaded plugin analytics (category:tool,tabindex:-1)
2025-01-03 11:24:17,687 [INFO] PluginManage:310 - Check plugin cadmodel
2025-01-03 11:24:17,694 [INFO] CADModel:105 - Init CAD model plugin
2025-01-03 11:24:17,694 [INFO] PluginManage:359 - Loaded plugin cadmodel (category:power,tabindex:5)
2025-01-03 11:24:17,694 [INFO] PluginManage:310 - Check plugin clock
2025-01-03 11:24:17,705 [INFO] PluginManage:359 - Loaded plugin clock (category:base,tabindex:2)
2025-01-03 11:24:17,706 [INFO] PluginManage:310 - Check plugin ddr
2025-01-03 11:24:17,709 [INFO] PluginManage:359 - Loaded plugin ddr (category:tool,tabindex:6)
2025-01-03 11:24:17,709 [INFO] PluginManage:310 - Check plugin filemanager
2025-01-03 11:24:17,845 [INFO] PluginManage:359 - Loaded plugin filemanager (category:base,tabindex:10)
2025-01-03 11:24:17,845 [INFO] PluginManage:310 - Check plugin ipmanager
2025-01-03 11:24:17,853 [INFO] PluginManage:359 - Loaded plugin ipmanager (category:base,tabindex:5)
2025-01-03 11:24:17,853 [INFO] PluginManage:310 - Check plugin lpbam
2025-01-03 11:24:17,862 [INFO] PluginManage:359 - Loaded plugin lpbam (category:base,tabindex:0)
2025-01-03 11:24:17,862 [INFO] PluginManage:310 - Check plugin memorymap
2025-01-03 11:24:17,883 [INFO] PluginManage:359 - Loaded plugin memorymap (category:base,tabindex:4)
2025-01-03 11:24:17,884 [INFO] PluginManage:310 - Check plugin pinoutandconfiguration
2025-01-03 11:24:17,896 [INFO] PluginManage:359 - Loaded plugin pinoutandconfiguration (category:base,tabindex:1)
2025-01-03 11:24:17,896 [INFO] PluginManage:310 - Check plugin pinoutconfig
2025-01-03 11:24:17,996 [WARN] SupportedApi:132 - Cannot load RTOS API schema: s4s-elt-must-match.1: The content of 'definitions' must match (annotation?, (simpleType | complexType)?, (unique | key | keyref)*)). A problem was found starting at: attribute.
2025-01-03 11:24:18,133 [INFO] PluginManage:359 - Loaded plugin pinoutconfig (category:base,tabindex:0)
2025-01-03 11:24:18,133 [INFO] PluginManage:310 - Check plugin power
2025-01-03 11:24:18,143 [INFO] PluginManage:359 - Loaded plugin power (category:power,tabindex:4)
2025-01-03 11:24:18,143 [INFO] PluginManage:310 - Check plugin projectmanager
2025-01-03 11:24:18,161 [INFO] PluginManage:359 - Loaded plugin projectmanager (category:projectmanager,tabindex:4)
2025-01-03 11:24:18,161 [INFO] PluginManage:310 - Check plugin rif
2025-01-03 11:24:18,169 [INFO] PluginManage:359 - Loaded plugin rif (category:base,tabindex:3)
2025-01-03 11:24:18,169 [INFO] PluginManage:310 - Check plugin thirdparty
2025-01-03 11:24:18,317 [INFO] PluginManage:359 - Loaded plugin thirdparty (category:base,tabindex:-1)
2025-01-03 11:24:18,317 [WARN] IntegrityCheckThread:84 - waiting for thirdparty lock release [integrity check]
2025-01-03 11:24:18,318 [INFO] PluginManage:310 - Check plugin tools
2025-01-03 11:24:18,318 [INFO] IntegrityCheckThread:86 - entering critical section [integrity check]
2025-01-03 11:24:18,318 [INFO] ThirdPartyUpdaterWithRetryManager:70 - Updater plugin not ready yet. [1/15]
2025-01-03 11:24:18,321 [INFO] PluginManage:359 - Loaded plugin tools (category:base,tabindex:7)
2025-01-03 11:24:18,321 [INFO] PluginManage:310 - Check plugin tutovideos
2025-01-03 11:24:18,504 [INFO] PluginManage:359 - Loaded plugin tutovideos (category:base,tabindex:-1)
2025-01-03 11:24:18,504 [INFO] PluginManage:310 - Check plugin updater
2025-01-03 11:24:18,523 [INFO] PluginManage:359 - Loaded plugin updater (category:base,tabindex:12)
2025-01-03 11:24:18,523 [INFO] PluginManage:310 - Check plugin userauth
2025-01-03 11:24:18,530 [INFO] UserAuth:113 - Init User Auth plugin
2025-01-03 11:24:18,530 [INFO] PluginManage:359 - Loaded plugin userauth (category:base,tabindex:14)
2025-01-03 11:24:18,531 [INFO] PluginManage:283 - PluginManage : Loaded plugins [18]
2025-01-03 11:24:18,775 [INFO] PinOutPanel:1561 - setPackage(No Configuration,No Configuration)
2025-01-03 11:24:18,894 [INFO] CADModel:165 - CPN selected for project level
2025-01-03 11:24:18,894 [INFO] CADModel:114 - Register for checkConnection events
2025-01-03 11:24:18,926 [INFO] IPUIPlugin:80 - create IPUIPlugin
2025-01-03 11:24:18,926 [INFO] PluginManager:220 - loadIPPluginJar : add adc
2025-01-03 11:24:18,932 [INFO] IPUIPlugin:80 - create IPUIPlugin
2025-01-03 11:24:18,932 [INFO] PluginManager:220 - loadIPPluginJar : add aes
2025-01-03 11:24:18,938 [INFO] IPUIPlugin:80 - create IPUIPlugin
2025-01-03 11:24:18,938 [INFO] PluginManager:220 - loadIPPluginJar : add can
2025-01-03 11:24:18,941 [INFO] IPUIPlugin:80 - create IPUIPlugin
2025-01-03 11:24:18,941 [INFO] PluginManager:220 - loadIPPluginJar : add comp
2025-01-03 11:24:18,944 [INFO] IPUIPlugin:80 - create IPUIPlugin
2025-01-03 11:24:18,944 [INFO] PluginManager:220 - loadIPPluginJar : add cryp
2025-01-03 11:24:18,949 [INFO] IPUIPlugin:80 - create IPUIPlugin
2025-01-03 11:24:18,949 [INFO] PluginManager:220 - loadIPPluginJar : add ddr_ctrl_phy
2025-01-03 11:24:18,952 [INFO] IPUIPlugin:80 - create IPUIPlugin
2025-01-03 11:24:18,952 [INFO] PluginManager:220 - loadIPPluginJar : add dfsdm
2025-01-03 11:24:18,957 [INFO] IPUIPlugin:80 - create IPUIPlugin
2025-01-03 11:24:18,958 [INFO] PluginManager:220 - loadIPPluginJar : add dma
2025-01-03 11:24:18,961 [INFO] IPUIPlugin:80 - create IPUIPlugin
2025-01-03 11:24:18,961 [INFO] PluginManager:220 - loadIPPluginJar : add dma3
2025-01-03 11:24:18,965 [INFO] IPUIPlugin:80 - create IPUIPlugin
2025-01-03 11:24:18,965 [INFO] PluginManager:220 - loadIPPluginJar : add extmemmanager
2025-01-03 11:24:18,967 [INFO] IPUIPlugin:80 - create IPUIPlugin
2025-01-03 11:24:18,967 [INFO] PluginManager:220 - loadIPPluginJar : add fatfs
2025-01-03 11:24:18,972 [INFO] IPUIPlugin:80 - create IPUIPlugin
2025-01-03 11:24:18,972 [INFO] PluginManager:220 - loadIPPluginJar : add fmc
2025-01-03 11:24:18,980 [INFO] IPUIPlugin:80 - create IPUIPlugin
2025-01-03 11:24:18,980 [INFO] PluginManager:220 - loadIPPluginJar : add freertos
2025-01-03 11:24:18,982 [INFO] IPUIPlugin:80 - create IPUIPlugin
2025-01-03 11:24:18,982 [INFO] PluginManager:220 - loadIPPluginJar : add genericplugin
2025-01-03 11:24:18,986 [INFO] IPUIPlugin:80 - create IPUIPlugin
2025-01-03 11:24:18,986 [INFO] PluginManager:220 - loadIPPluginJar : add gfxmmu
2025-01-03 11:24:18,992 [INFO] IPUIPlugin:80 - create IPUIPlugin
2025-01-03 11:24:18,992 [INFO] PluginManager:220 - loadIPPluginJar : add gic
2025-01-03 11:24:18,997 [INFO] IPUIPlugin:80 - create IPUIPlugin
2025-01-03 11:24:18,998 [INFO] PluginManager:220 - loadIPPluginJar : add gpio
2025-01-03 11:24:19,002 [INFO] IPUIPlugin:80 - create IPUIPlugin
2025-01-03 11:24:19,002 [INFO] PluginManager:220 - loadIPPluginJar : add gtzc
2025-01-03 11:24:19,005 [INFO] IPUIPlugin:80 - create IPUIPlugin
2025-01-03 11:24:19,005 [INFO] PluginManager:220 - loadIPPluginJar : add hash
2025-01-03 11:24:19,008 [INFO] IPUIPlugin:80 - create IPUIPlugin
2025-01-03 11:24:19,009 [INFO] PluginManager:220 - loadIPPluginJar : add i2c
2025-01-03 11:24:19,011 [INFO] IPUIPlugin:80 - create IPUIPlugin
2025-01-03 11:24:19,012 [INFO] PluginManager:220 - loadIPPluginJar : add i2s
2025-01-03 11:24:19,015 [INFO] IPUIPlugin:80 - create IPUIPlugin
2025-01-03 11:24:19,015 [INFO] PluginManager:220 - loadIPPluginJar : add i3c
2025-01-03 11:24:19,019 [INFO] IPUIPlugin:80 - create IPUIPlugin
2025-01-03 11:24:19,020 [INFO] PluginManager:220 - loadIPPluginJar : add ipddr
2025-01-03 11:24:19,028 [INFO] IPUIPlugin:80 - create IPUIPlugin
2025-01-03 11:24:19,028 [INFO] PluginManager:220 - loadIPPluginJar : add linkedlist
2025-01-03 11:24:19,031 [INFO] IPUIPlugin:80 - create IPUIPlugin
2025-01-03 11:24:19,031 [INFO] PluginManager:220 - loadIPPluginJar : add lorawan
2025-01-03 11:24:19,034 [INFO] IPUIPlugin:80 - create IPUIPlugin
2025-01-03 11:24:19,034 [INFO] PluginManager:220 - loadIPPluginJar : add ltdc
2025-01-03 11:24:19,041 [INFO] IPUIPlugin:80 - create IPUIPlugin
2025-01-03 11:24:19,041 [INFO] PluginManager:220 - loadIPPluginJar : add mdma
2025-01-03 11:24:19,046 [INFO] IPUIPlugin:80 - create IPUIPlugin
2025-01-03 11:24:19,046 [INFO] PluginManager:220 - loadIPPluginJar : add nvic
2025-01-03 11:24:19,050 [INFO] IPUIPlugin:80 - create IPUIPlugin
2025-01-03 11:24:19,050 [INFO] PluginManager:220 - loadIPPluginJar : add opamp
2025-01-03 11:24:19,055 [INFO] IPUIPlugin:80 - create IPUIPlugin
2025-01-03 11:24:19,055 [INFO] PluginManager:220 - loadIPPluginJar : add openamp
2025-01-03 11:24:19,058 [INFO] IPUIPlugin:80 - create IPUIPlugin
2025-01-03 11:24:19,059 [INFO] PluginManager:220 - loadIPPluginJar : add pdm2pcm
2025-01-03 11:24:19,065 [INFO] IPUIPlugin:80 - create IPUIPlugin
2025-01-03 11:24:19,067 [INFO] PluginManager:220 - loadIPPluginJar : add plateformsettings
2025-01-03 11:24:19,070 [INFO] IPUIPlugin:80 - create IPUIPlugin
2025-01-03 11:24:19,070 [INFO] PluginManager:220 - loadIPPluginJar : add quadspi
2025-01-03 11:24:19,072 [INFO] IPUIPlugin:80 - create IPUIPlugin
2025-01-03 11:24:19,073 [INFO] PluginManager:220 - loadIPPluginJar : add radio
2025-01-03 11:24:19,078 [INFO] IPUIPlugin:80 - create IPUIPlugin
2025-01-03 11:24:19,078 [INFO] PluginManager:220 - loadIPPluginJar : add resmgrutility
2025-01-03 11:24:19,082 [INFO] IPUIPlugin:80 - create IPUIPlugin
2025-01-03 11:24:19,082 [INFO] PluginManager:220 - loadIPPluginJar : add sai
2025-01-03 11:24:19,086 [INFO] IPUIPlugin:80 - create IPUIPlugin
2025-01-03 11:24:19,086 [INFO] PluginManager:220 - loadIPPluginJar : add spi
2025-01-03 11:24:19,093 [INFO] IPUIPlugin:80 - create IPUIPlugin
2025-01-03 11:24:19,093 [INFO] PluginManager:220 - loadIPPluginJar : add stm32_wpan
2025-01-03 11:24:19,096 [INFO] IPUIPlugin:80 - create IPUIPlugin
2025-01-03 11:24:19,096 [INFO] PluginManager:220 - loadIPPluginJar : add tim
2025-01-03 11:24:19,100 [INFO] IPUIPlugin:80 - create IPUIPlugin
2025-01-03 11:24:19,100 [INFO] PluginManager:220 - loadIPPluginJar : add touchsensing
2025-01-03 11:24:19,103 [INFO] IPUIPlugin:80 - create IPUIPlugin
2025-01-03 11:24:19,103 [INFO] PluginManager:220 - loadIPPluginJar : add tracer_emb
2025-01-03 11:24:19,106 [INFO] IPUIPlugin:80 - create IPUIPlugin
2025-01-03 11:24:19,106 [INFO] PluginManager:220 - loadIPPluginJar : add ts
2025-01-03 11:24:19,109 [INFO] IPUIPlugin:80 - create IPUIPlugin
2025-01-03 11:24:19,109 [INFO] PluginManager:220 - loadIPPluginJar : add tsc
2025-01-03 11:24:19,111 [INFO] IPUIPlugin:80 - create IPUIPlugin
2025-01-03 11:24:19,112 [INFO] PluginManager:220 - loadIPPluginJar : add ucpd
2025-01-03 11:24:19,115 [INFO] IPUIPlugin:80 - create IPUIPlugin
2025-01-03 11:24:19,115 [INFO] PluginManager:220 - loadIPPluginJar : add usart
2025-01-03 11:24:19,120 [INFO] IPUIPlugin:80 - create IPUIPlugin
2025-01-03 11:24:19,120 [INFO] PluginManager:220 - loadIPPluginJar : add usbx
2025-01-03 11:24:19,252 [INFO] CADModel:165 - CPN selected for project level
2025-01-03 11:24:19,252 [INFO] CADModel:114 - Register for checkConnection events
2025-01-03 11:24:19,252 [FATAL] Updater:334 - Updater called before beeing initialized
2025-01-03 11:24:19,252 [ERROR] CADModel:125 - Updater not yet initialized, retry later 
2025-01-03 11:24:19,395 [INFO] CADModel:165 - CPN selected for project level
2025-01-03 11:24:19,395 [INFO] CADModel:114 - Register for checkConnection events
2025-01-03 11:24:19,396 [FATAL] Updater:334 - Updater called before beeing initialized
2025-01-03 11:24:19,396 [ERROR] CADModel:125 - Updater not yet initialized, retry later 
2025-01-03 11:24:19,399 [FATAL] Updater:334 - Updater called before beeing initialized
2025-01-03 11:24:19,519 [FATAL] Updater:334 - Updater called before beeing initialized
2025-01-03 11:24:19,523 [INFO] DbMcusAds:53 - JSON generation date=Wed Dec 18 00:01:15 SGT 2024 (1734451275222)
2025-01-03 11:24:19,523 [FATAL] Updater:334 - Updater called before beeing initialized
2025-01-03 11:24:19,566 [WARN] DetailPanel:346 - Failed to get advertising image, set to default
2025-01-03 11:24:19,675 [FATAL] Updater:334 - Updater called before beeing initialized
2025-01-03 11:24:19,677 [FATAL] Updater:334 - Updater called before beeing initialized
2025-01-03 11:24:19,678 [FATAL] Updater:334 - Updater called before beeing initialized
2025-01-03 11:24:19,678 [WARN] DetailPanel:346 - Failed to get advertising image, set to default
2025-01-03 11:24:19,678 [FATAL] Updater:334 - Updater called before beeing initialized
2025-01-03 11:24:19,725 [ERROR] Updater:1164 - MainUpdater not yet initialized. External WinMGr cannot be set.
2025-01-03 11:24:19,729 [INFO] Updater:1100 - Updater Version found : 6.12.0
2025-01-03 11:24:19,747 [INFO] ApplicationProperties:184 - Using Application install path: C:\ST\STM32CubeIDE_1.14.1\STM32CubeIDE\plugins\com.st.stm32cube.common.mx_6.12.0.202406281431
2025-01-03 11:24:20,076 [INFO] MainUpdater:2873 - connection check result : 10
2025-01-03 11:24:20,077 [INFO] MainUpdater:290 - Updater Check For Update Now.
2025-01-03 11:24:20,077 [INFO] MicroXplorer:498 - Change Database Version : DB.6.0.120
2025-01-03 11:24:20,084 [INFO] McuFinderGlobals:63 - Set McuFinder mode to 2 (CubeIDE integrated)
2025-01-03 11:24:20,086 [INFO] UserAuth:417 - Internet connection configuration mode: 1
2025-01-03 11:24:20,109 [INFO] JxBrowserEngine:152 - Initiate JxBrowser Engine with user profile folder
2025-01-03 11:24:20,271 [INFO] CheckServerUpdateThread:120 - End of CheckServer Thread
2025-01-03 11:24:21,679 [WARN] PackLoader:240 - Cannot read IP mode file for STMicroelectronics.FP-SNS-MOTENVWB1.1.4.0
2025-01-03 11:24:21,691 [WARN] PackLoader:240 - Cannot read IP mode file for STMicroelectronics.FP-ATR-ASTRA1.2.0.1
2025-01-03 11:24:21,708 [WARN] PackLoader:240 - Cannot read IP mode file for STMicroelectronics.X-CUBE-SMBUS.2.1.0
2025-01-03 11:24:21,719 [WARN] PackLoader:240 - Cannot read IP mode file for STMicroelectronics.X-CUBE-WB05N.1.1.0
2025-01-03 11:24:21,726 [WARN] PackLoader:240 - Cannot read IP mode file for STMicroelectronics.X-CUBE-TOUCHGFX.4.23.0
2025-01-03 11:24:21,730 [WARN] PackLoader:240 - Cannot read IP mode file for STMicroelectronics.X-CUBE-TOUCHGFX.4.23.2
2025-01-03 11:24:21,741 [INFO] WebApp:167 - Instantiating new browser for Auth
2025-01-03 11:24:21,770 [WARN] PackLoader:240 - Cannot read IP mode file for STMicroelectronics.X-CUBE-AZRTOS-F7.1.1.0
2025-01-03 11:24:21,811 [WARN] PackLoader:240 - Cannot read IP mode file for STMicroelectronics.FP-SNS-MOTENV1.4.3.2
2025-01-03 11:24:21,931 [WARN] PackLoader:240 - Cannot read IP mode file for STMicroelectronics.X-CUBE-MEMS1.11.0.0
2025-01-03 11:24:22,170 [WARN] PackLoader:240 - Cannot read IP mode file for STMicroelectronics.FP-SNS-FLIGHT1.5.0.2
2025-01-03 11:24:22,228 [WARN] PackLoader:240 - Cannot read IP mode file for STMicroelectronics.X-CUBE-DISPLAY.3.0.0
2025-01-03 11:24:22,256 [WARN] PackLoader:240 - Cannot read IP mode file for STMicroelectronics.X-CUBE-BLE1.7.0.0
2025-01-03 11:24:22,267 [WARN] PackLoader:240 - Cannot read IP mode file for STMicroelectronics.X-CUBE-NFC10.1.0.0
2025-01-03 11:24:22,283 [WARN] PackLoader:240 - Cannot read IP mode file for STMicroelectronics.X-CUBE-BLEMGR.4.0.0
2025-01-03 11:24:22,294 [WARN] PackLoader:240 - Cannot read IP mode file for emotas.I-CUBE-CANOPEN.1.3.0
2025-01-03 11:24:22,306 [WARN] PackLoader:240 - Cannot read IP mode file for STMicroelectronics.X-CUBE-AI.7.2.0
2025-01-03 11:24:22,429 [WARN] PackLoader:240 - Cannot read IP mode file for STMicroelectronics.X-CUBE-BLEMGR.3.1.0
2025-01-03 11:24:22,439 [WARN] PackLoader:240 - Cannot read IP mode file for STMicroelectronics.FP-SNS-SMARTAG2.1.2.0
2025-01-03 11:24:22,520 [WARN] PackLoader:240 - Cannot read IP mode file for STMicroelectronics.X-CUBE-MEMS1.11.1.0
2025-01-03 11:24:22,676 [INFO] LogOutputStream:77 - [STDOUT_REDIRECT] 1 : Invalid condition id : UX_CORESTACK_Condition cause : null
2025-01-03 11:24:22,677 [INFO] LogOutputStream:77 - [STDOUT_REDIRECT] 1 : Invalid condition id : UX_CORESTACK_Condition cause : null
2025-01-03 11:24:22,678 [INFO] LogOutputStream:77 - [STDOUT_REDIRECT] 1 : Invalid condition id : UX_CORESTACK_Condition cause : null
2025-01-03 11:24:22,680 [INFO] LogOutputStream:77 - [STDOUT_REDIRECT] 1 : Invalid condition id : UX_CORESTACK_Condition cause : null
2025-01-03 11:24:22,682 [INFO] LogOutputStream:77 - [STDOUT_REDIRECT] 1 : Invalid condition id : UX_CORESTACK_Condition cause : null
2025-01-03 11:24:22,687 [WARN] PackLoader:240 - Cannot read IP mode file for STMicroelectronics.X-CUBE-AZRTOS-WL.2.0.0
2025-01-03 11:24:22,696 [WARN] PackLoader:240 - Cannot read IP mode file for STMicroelectronics.FP-SNS-MOTENV1.5.0.0
2025-01-03 11:24:22,705 [WARN] PackLoader:240 - Cannot read IP mode file for wolfSSL.I-CUBE-wolfMQTT.1.19.0
2025-01-03 11:24:22,716 [WARN] PackLoader:240 - Cannot read IP mode file for WES.I-CUBE-Cesium.1.3.0
2025-01-03 11:24:22,723 [WARN] PackLoader:240 - Cannot read IP mode file for STMicroelectronics.X-CUBE-BLE2.3.3.0
2025-01-03 11:24:22,732 [WARN] PackLoader:240 - Cannot read IP mode file for STMicroelectronics.X-CUBE-NFC9.1.0.0
2025-01-03 11:24:22,742 [WARN] PackLoader:240 - Cannot read IP mode file for STMicroelectronics.X-CUBE-TCPP.4.1.0
2025-01-03 11:24:22,755 [WARN] PackLoader:240 - Cannot read IP mode file for STMicroelectronics.X-CUBE-ALGOBUILD.1.3.0
2025-01-03 11:24:22,775 [WARN] PackLoader:240 - Cannot read IP mode file for STMicroelectronics.X-CUBE-AZRTOS-G0.1.1.0
2025-01-03 11:24:22,787 [WARN] PackLoader:240 - Cannot read IP mode file for STMicroelectronics.X-CUBE-SAFEA1.1.2.2
2025-01-03 11:24:22,795 [WARN] PackLoader:240 - Cannot read IP mode file for STMicroelectronics.X-CUBE-NFC4.3.0.0
2025-01-03 11:24:22,801 [WARN] PackLoader:240 - Cannot read IP mode file for wolfSSL.I-CUBE-wolfMQTT.1.18.0
2025-01-03 11:24:22,830 [WARN] PackLoader:240 - Cannot read IP mode file for EmbeddedOffice.I-CUBE-FS-RTOS.1.0.1
2025-01-03 11:24:22,831 [ERROR] ConditionMgr:805 - Attr not supported : Dmpu
2025-01-03 11:24:22,831 [ERROR] ConditionMgr:805 - Attr not supported : Dmpu
2025-01-03 11:24:22,831 [ERROR] ConditionMgr:805 - Attr not supported : Dmpu
2025-01-03 11:24:22,831 [ERROR] ConditionMgr:805 - Attr not supported : Dmpu
2025-01-03 11:24:22,831 [ERROR] ConditionMgr:805 - Attr not supported : Dmpu
2025-01-03 11:24:22,831 [ERROR] ConditionMgr:805 - Attr not supported : Dmpu
2025-01-03 11:24:22,831 [ERROR] ConditionMgr:805 - Attr not supported : Dmpu
2025-01-03 11:24:22,831 [ERROR] ConditionMgr:805 - Attr not supported : Dmpu
2025-01-03 11:24:22,831 [ERROR] ConditionMgr:805 - Attr not supported : Dmpu
2025-01-03 11:24:22,831 [ERROR] ConditionMgr:805 - Attr not supported : Dmpu
2025-01-03 11:24:22,831 [ERROR] ConditionMgr:805 - Attr not supported : Dmpu
2025-01-03 11:24:22,831 [ERROR] ConditionMgr:805 - Attr not supported : Dmpu
2025-01-03 11:24:22,831 [ERROR] ConditionMgr:805 - Attr not supported : Dmpu
2025-01-03 11:24:22,832 [ERROR] ConditionMgr:805 - Attr not supported : Dmpu
2025-01-03 11:24:22,832 [ERROR] ConditionMgr:805 - Attr not supported : Dmpu
2025-01-03 11:24:22,832 [ERROR] ConditionMgr:805 - Attr not supported : Dmpu
2025-01-03 11:24:22,832 [ERROR] ConditionMgr:805 - Attr not supported : Dmpu
2025-01-03 11:24:22,832 [ERROR] ConditionMgr:805 - Attr not supported : Dmpu
2025-01-03 11:24:22,832 [ERROR] ConditionMgr:805 - Attr not supported : Dmpu
2025-01-03 11:24:22,832 [ERROR] ConditionMgr:805 - Attr not supported : Dmpu
2025-01-03 11:24:22,832 [ERROR] ConditionMgr:805 - Attr not supported : Dmpu
2025-01-03 11:24:22,832 [ERROR] ConditionMgr:805 - Attr not supported : Dmpu
2025-01-03 11:24:22,833 [ERROR] ConditionMgr:805 - Attr not supported : Dmpu
2025-01-03 11:24:22,833 [ERROR] ConditionMgr:805 - Attr not supported : Dmpu
2025-01-03 11:24:22,834 [ERROR] ConditionMgr:805 - Attr not supported : Dmpu
2025-01-03 11:24:22,834 [ERROR] ConditionMgr:805 - Attr not supported : Dmpu
2025-01-03 11:24:22,834 [ERROR] ConditionMgr:805 - Attr not supported : Dmpu
2025-01-03 11:24:22,834 [ERROR] ConditionMgr:805 - Attr not supported : Dmpu
2025-01-03 11:24:22,834 [ERROR] ConditionMgr:805 - Attr not supported : Dmpu
2025-01-03 11:24:22,834 [ERROR] ConditionMgr:805 - Attr not supported : Dmpu
2025-01-03 11:24:22,834 [ERROR] ConditionMgr:805 - Attr not supported : Dmpu
2025-01-03 11:24:22,834 [ERROR] ConditionMgr:805 - Attr not supported : Dmpu
2025-01-03 11:24:22,834 [ERROR] ConditionMgr:805 - Attr not supported : Dmpu
2025-01-03 11:24:22,834 [ERROR] ConditionMgr:805 - Attr not supported : Dmpu
2025-01-03 11:24:22,834 [ERROR] ConditionMgr:805 - Attr not supported : Dmpu
2025-01-03 11:24:22,834 [ERROR] ConditionMgr:805 - Attr not supported : Dmpu
2025-01-03 11:24:22,835 [ERROR] ConditionMgr:805 - Attr not supported : Dmpu
2025-01-03 11:24:22,835 [ERROR] ConditionMgr:805 - Attr not supported : Dmpu
2025-01-03 11:24:22,835 [ERROR] ConditionMgr:805 - Attr not supported : Dmpu
2025-01-03 11:24:22,835 [ERROR] ConditionMgr:805 - Attr not supported : Dmpu
2025-01-03 11:24:22,835 [ERROR] ConditionMgr:805 - Attr not supported : Dmpu
2025-01-03 11:24:22,835 [ERROR] ConditionMgr:805 - Attr not supported : Dmpu
2025-01-03 11:24:22,835 [ERROR] ConditionMgr:805 - Attr not supported : Dmpu
2025-01-03 11:24:22,835 [ERROR] ConditionMgr:805 - Attr not supported : Dmpu
2025-01-03 11:24:22,836 [ERROR] ConditionMgr:805 - Attr not supported : Dmpu
2025-01-03 11:24:22,836 [ERROR] ConditionMgr:805 - Attr not supported : Dmpu
2025-01-03 11:24:22,836 [ERROR] ConditionMgr:805 - Attr not supported : Dmpu
2025-01-03 11:24:22,836 [ERROR] ConditionMgr:805 - Attr not supported : Dmpu
2025-01-03 11:24:22,836 [ERROR] ConditionMgr:805 - Attr not supported : Dmpu
2025-01-03 11:24:22,836 [ERROR] ConditionMgr:805 - Attr not supported : Dmpu
2025-01-03 11:24:22,836 [ERROR] ConditionMgr:805 - Attr not supported : Dmpu
2025-01-03 11:24:22,836 [ERROR] ConditionMgr:805 - Attr not supported : Dmpu
2025-01-03 11:24:22,836 [ERROR] ConditionMgr:805 - Attr not supported : Dmpu
2025-01-03 11:24:22,836 [ERROR] ConditionMgr:805 - Attr not supported : Dmpu
2025-01-03 11:24:22,836 [ERROR] ConditionMgr:805 - Attr not supported : Dmpu
2025-01-03 11:24:22,836 [ERROR] ConditionMgr:805 - Attr not supported : Dmpu
2025-01-03 11:24:22,836 [ERROR] ConditionMgr:805 - Attr not supported : Dmpu
2025-01-03 11:24:22,837 [ERROR] ConditionMgr:805 - Attr not supported : Dmpu
2025-01-03 11:24:22,837 [ERROR] ConditionMgr:805 - Attr not supported : Dmpu
2025-01-03 11:24:22,837 [ERROR] ConditionMgr:805 - Attr not supported : Dmpu
2025-01-03 11:24:22,837 [ERROR] ConditionMgr:805 - Attr not supported : Dmpu
2025-01-03 11:24:22,837 [ERROR] ConditionMgr:805 - Attr not supported : Dmpu
2025-01-03 11:24:22,837 [ERROR] ConditionMgr:805 - Attr not supported : Dmpu
2025-01-03 11:24:22,837 [ERROR] ConditionMgr:805 - Attr not supported : Dmpu
2025-01-03 11:24:22,848 [WARN] PackLoader:240 - Cannot read IP mode file for STMicroelectronics.X-CUBE-BLEMGR.3.0.0
2025-01-03 11:24:22,858 [ERROR] Engine:466 - C:\Users\guan-ming.dennis-won\.stm32cubemx\thirdparties\pdsc\STMicroelectronics.X-CUBE-TCPP.4.2.0.pdsc: PDSC version is not supported
2025-01-03 11:24:22,865 [WARN] PackLoader:240 - Cannot read IP mode file for RealThread.X-CUBE-RT-Thread_Nano.4.1.1
2025-01-03 11:24:22,872 [WARN] PackLoader:240 - Cannot read IP mode file for wolfSSL.I-CUBE-wolfSSL.5.7.0
2025-01-03 11:24:22,877 [WARN] PackLoader:240 - Cannot read IP mode file for STMicroelectronics.FP-ATR-SIGFOX1.3.2.0
2025-01-03 11:24:22,883 [WARN] ConditionMgr:438 - getConditionDescription Invalid condition id : Cortex-A Device cause : null
2025-01-03 11:24:22,898 [WARN] ConditionMgr:1039 - genDependencies : Invalid condition id : Cortex-A Device cause : null
2025-01-03 11:24:22,898 [WARN] ConditionMgr:1039 - genDependencies : Invalid condition id : Cortex-A Device cause : null
2025-01-03 11:24:22,899 [WARN] ConditionMgr:1039 - genDependencies : Invalid condition id : Cortex-A Device cause : null
2025-01-03 11:24:22,906 [WARN] PackLoader:240 - Cannot read IP mode file for STMicroelectronics.X-CUBE-EEPRMA1.5.1.0
2025-01-03 11:24:22,917 [WARN] PackLoader:240 - Cannot read IP mode file for ITTIA_DB.I-CUBE-ITTIADB.8.9.0
2025-01-03 11:24:22,958 [WARN] PackLoader:240 - Cannot read IP mode file for SEGGER.I-CUBE-embOS.1.3.1
2025-01-03 11:24:23,001 [WARN] PackLoader:240 - Cannot read IP mode file for STMicroelectronics.X-CUBE-ALGOBUILD.1.4.0
2025-01-03 11:24:23,007 [WARN] PackLoader:240 - Cannot read IP mode file for STMicroelectronics.X-CUBE-AI.9.1.0
2025-01-03 11:24:23,015 [WARN] PackLoader:240 - Cannot read IP mode file for STMicroelectronics.X-CUBE-GNSS1.6.0.0
2025-01-03 11:24:23,042 [WARN] PackLoader:240 - Cannot read IP mode file for STMicroelectronics.X-CUBE-AZRTOS-F4.1.1.0
2025-01-03 11:24:23,059 [WARN] PackLoader:240 - Cannot read IP mode file for STMicroelectronics.X-CUBE-ISPU.2.1.0
2025-01-03 11:24:23,068 [WARN] PackLoader:240 - Cannot read IP mode file for STMicroelectronics.X-CUBE-FREERTOS.1.2.0
2025-01-03 11:24:23,074 [WARN] PackLoader:240 - Cannot read IP mode file for wolfSSL.I-CUBE-wolfSSL.5.6.6
2025-01-03 11:24:23,096 [WARN] PackLoader:240 - Cannot read IP mode file for STMicroelectronics.X-CUBE-AZRTOS-L5.2.0.0
2025-01-03 11:24:23,107 [WARN] PackLoader:240 - Cannot read IP mode file for STMicroelectronics.X-CUBE-EEPRMA1.4.2.0
2025-01-03 11:24:23,137 [WARN] PackLoader:240 - Cannot read IP mode file for STMicroelectronics.X-CUBE-NFC6.3.1.0
2025-01-03 11:24:23,146 [WARN] PackLoader:240 - Cannot read IP mode file for ITTIA_DB.I-CUBE-ITTIADB.8.8.0
2025-01-03 11:24:23,159 [WARN] PackLoader:240 - Cannot read IP mode file for STMicroelectronics.X-CUBE-DPower.1.2.0
2025-01-03 11:24:23,168 [WARN] PackLoader:240 - Cannot read IP mode file for STMicroelectronics.X-CUBE-AI.9.0.0
2025-01-03 11:24:23,254 [WARN] PackLoader:240 - Cannot read IP mode file for STMicroelectronics.X-CUBE-FREERTOS.1.3.0
2025-01-03 11:24:23,263 [WARN] PackLoader:240 - Cannot read IP mode file for STMicroelectronics.X-CUBE-NFC7.1.0.1
2025-01-03 11:24:23,274 [WARN] PackLoader:240 - Cannot read IP mode file for wolfSSL.I-CUBE-wolfTPM.3.2.0
2025-01-03 11:24:23,287 [WARN] PackLoader:240 - Cannot read IP mode file for STMicroelectronics.X-CUBE-NFC6.3.0.0
2025-01-03 11:24:23,294 [WARN] PackLoader:240 - Cannot read IP mode file for STMicroelectronics.X-CUBE-AI.8.1.0
2025-01-03 11:24:23,315 [WARN] ConditionMgr:438 - getConditionDescription Invalid condition id : LAN8742 Phy interface Condition cause : null
2025-01-03 11:24:23,316 [WARN] PackLoader:240 - Cannot read IP mode file for STMicroelectronics.X-CUBE-AZRTOS-L4.2.0.0
2025-01-03 11:24:23,317 [WARN] ConditionMgr:1039 - genDependencies : Invalid condition id : LAN8742 Phy interface Condition cause : null
2025-01-03 11:24:23,317 [WARN] ConditionMgr:1039 - genDependencies : Invalid condition id : LAN8742 Phy interface Condition cause : null
2025-01-03 11:24:23,318 [WARN] ConditionMgr:1039 - genDependencies : Invalid condition id : LAN8742 Phy interface Condition cause : null
2025-01-03 11:24:23,344 [WARN] PackLoader:240 - Cannot read IP mode file for STMicroelectronics.X-CUBE-SFXS2LP1.4.0.0
2025-01-03 11:24:23,353 [ERROR] Engine:466 - STMicroelectronics.X-CUBE-AI.9.0.0: Software pack already exists
2025-01-03 11:24:23,378 [WARN] PackLoader:240 - Cannot read IP mode file for STMicroelectronics.X-CUBE-AZRTOS-H7.3.3.0
2025-01-03 11:24:23,393 [WARN] PackLoader:240 - Cannot read IP mode file for STMicroelectronics.X-CUBE-IPS.3.0.0
2025-01-03 11:24:23,419 [WARN] ConditionMgr:438 - getConditionDescription Invalid condition id : UX DEVICE CLASS RTOS Condition cause : null
2025-01-03 11:24:23,419 [WARN] ConditionMgr:438 - getConditionDescription Invalid condition id : UX DEVICE CLASS RTOS Condition cause : null
2025-01-03 11:24:23,422 [WARN] PackLoader:240 - Cannot read IP mode file for STMicroelectronics.X-CUBE-AZRTOS-WB.2.0.0
2025-01-03 11:24:23,423 [WARN] ConditionMgr:1039 - genDependencies : Invalid condition id : UX DEVICE CLASS RTOS Condition cause : null
2025-01-03 11:24:23,423 [WARN] ConditionMgr:1039 - genDependencies : Invalid condition id : UX DEVICE CLASS RTOS Condition cause : null
2025-01-03 11:24:23,424 [WARN] ConditionMgr:1039 - genDependencies : Invalid condition id : UX DEVICE CLASS RTOS Condition cause : null
2025-01-03 11:24:23,424 [WARN] ConditionMgr:1039 - genDependencies : Invalid condition id : UX DEVICE CLASS RTOS Condition cause : null
2025-01-03 11:24:23,424 [WARN] ConditionMgr:1039 - genDependencies : Invalid condition id : UX DEVICE CLASS RTOS Condition cause : null
2025-01-03 11:24:23,430 [WARN] PackLoader:240 - Cannot read IP mode file for STMicroelectronics.X-CUBE-GNSS1.7.0.0
2025-01-03 11:24:23,443 [WARN] PackLoader:240 - Cannot read IP mode file for STMicroelectronics.X-CUBE-GNSS1.7.0.1
2025-01-03 11:24:23,456 [WARN] PackLoader:240 - Cannot read IP mode file for STMicroelectronics.FP-SNS-STBOX1.2.0.0
2025-01-03 11:24:23,487 [WARN] PackLoader:240 - Cannot read IP mode file for STMicroelectronics.X-CUBE-SUBG2.5.0.0
2025-01-03 11:24:23,499 [WARN] PackLoader:240 - Cannot read IP mode file for Cesanta.I-CUBE-Mongoose.7.13.0
2025-01-03 11:24:23,519 [WARN] PackLoader:240 - Cannot read IP mode file for STMicroelectronics.X-CUBE-AZRTOS-G4.2.0.0
2025-01-03 11:24:23,531 [INFO] WebApp:448 - Apply proxy settings
2025-01-03 11:24:23,531 [INFO] WebApp:533 - Chromium requires no authentication
2025-01-03 11:24:23,537 [WARN] PackLoader:240 - Cannot read IP mode file for Infineon.AIROC-Wi-Fi-Bluetooth-STM32.1.5.1
2025-01-03 11:24:23,550 [WARN] PackLoader:240 - Cannot read IP mode file for STMicroelectronics.FP-SNS-MOTENVWB1.1.3.1
2025-01-03 11:24:23,559 [INFO] WebApp:476 - Direct internet connection detected
2025-01-03 11:24:23,570 [WARN] PackLoader:240 - Cannot read IP mode file for STMicroelectronics.X-CUBE-ISPU.2.0.0
2025-01-03 11:24:23,591 [WARN] PackLoader:240 - Cannot read IP mode file for STMicroelectronics.X-CUBE-ALS.1.0.2
2025-01-03 11:24:23,609 [INFO] WebApp:869 - Register for checkConnection events
2025-01-03 11:24:23,609 [INFO] WebApp:448 - Apply proxy settings
2025-01-03 11:24:23,609 [INFO] WebApp:533 - Chromium requires no authentication
2025-01-03 11:24:23,610 [INFO] WebApp:476 - Direct internet connection detected
2025-01-03 11:24:23,639 [WARN] PackLoader:240 - Cannot read IP mode file for STMicroelectronics.X-CUBE-MEMS1.10.0.0
2025-01-03 11:24:23,764 [WARN] PackLoader:240 - Cannot read IP mode file for STMicroelectronics.X-CUBE-FREERTOS.1.1.0
2025-01-03 11:24:23,769 [WARN] PackLoader:240 - Cannot read IP mode file for STMicroelectronics.X-CUBE-TOUCHGFX.4.24.0
2025-01-03 11:24:23,777 [WARN] PackLoader:240 - Cannot read IP mode file for STMicroelectronics.X-CUBE-TOUCHGFX.4.24.1
2025-01-03 11:24:23,785 [WARN] PackLoader:240 - Cannot read IP mode file for portGmbH.I-Cube-SoM-uGOAL.1.1.0
2025-01-03 11:24:23,791 [WARN] PackLoader:240 - Cannot read IP mode file for STMicroelectronics.X-CUBE-ALS.1.0.1
2025-01-03 11:24:23,809 [WARN] PackLoader:240 - Cannot read IP mode file for STMicroelectronics.X-CUBE-AZRTOS-H7RS.1.0.0
2025-01-03 11:24:23,817 [WARN] PackLoader:240 - Cannot read IP mode file for STMicroelectronics.FP-ATR-ASTRA1.2.0.0
2025-01-03 11:24:23,828 [WARN] PackLoader:240 - Cannot read IP mode file for STMicroelectronics.X-CUBE-TOF1.3.4.2
2025-01-03 11:24:23,853 [WARN] PackLoader:240 - Cannot read IP mode file for STMicroelectronics.X-CUBE-TOF1.3.4.0
2025-01-03 11:24:23,871 [INFO] WebApp:220 - Starting web application
2025-01-03 11:24:23,872 [INFO] WebApp:578 - Web application path used C:\ST\STM32CubeIDE_1.14.1\STM32CubeIDE\plugins\com.st.stm32cube.common.mx_6.12.0.202406281431\db\plugins\mcufinder\reactClient1\index.html
2025-01-03 11:24:23,873 [WARN] PackLoader:240 - Cannot read IP mode file for STMicroelectronics.X-CUBE-TOF1.3.4.1
2025-01-03 11:24:23,911 [WARN] PackLoader:240 - Cannot read IP mode file for STMicroelectronics.X-CUBE-AZRTOS-H7.3.2.0
2025-01-03 11:24:23,929 [WARN] PackLoader:240 - Cannot read IP mode file for Infineon.AIROC-Wi-Fi-Bluetooth-STM32.1.6.0
2025-01-03 11:24:23,939 [WARN] PackLoader:240 - Cannot read IP mode file for wolfSSL.I-CUBE-wolfSSH.1.4.17
2025-01-03 11:24:23,940 [INFO] ThirdParty:978 - Integrity check success = true
2025-01-03 11:24:23,940 [INFO] IntegrityCheckThread:100 - exiting critical section [integrity check]
2025-01-03 11:24:23,940 [INFO] IntegrityCheckThread:103 - End integrity checks thread
2025-01-03 11:24:24,001 [INFO] UserAuth:417 - Internet connection configuration mode: 1
2025-01-03 11:24:24,244 [INFO] WebApp:186 - Connection restablished
2025-01-03 12:14:45,509 [INFO] WebApp:189 - Connection lost
2025-01-03 12:14:45,709 [INFO] WebApp:186 - Connection restablished
2025-01-03 12:14:47,411 [INFO] WebApp:189 - Connection lost
2025-01-03 12:14:47,558 [INFO] WebApp:186 - Connection restablished
2025-01-03 16:49:11,749 [INFO] WebApp:189 - Connection lost
2025-01-03 16:49:11,992 [INFO] WebApp:186 - Connection restablished
2025-01-03 17:30:30,419 [INFO] WebApp:388 - JxBrowser engine has been closed 
