2025-01-16 13:12:05,830 [INFO] Activator:176 - 


2025-01-16 13:12:05,836 [INFO] Activator:177 - !SESSION log4j initialized
2025-01-16 13:12:11,258 [INFO] LogOutputStream:77 - [STDOUT_REDIRECT] 
2025-01-16 13:12:12,427 [INFO] ApplicationProperties:184 - Using Application install path: C:\ST\STM32CubeIDE_1.14.1\STM32CubeIDE\plugins\com.st.stm32cube.common.mx_6.12.0.202406281431
2025-01-16 13:12:12,447 [INFO] DbMcusXml:78 - Set database path to: C:\ST\STM32CubeIDE_1.14.1\STM32CubeIDE\plugins\com.st.stm32cube.common.mx_6.12.0.202406281431\\db\/mcu/
2025-01-16 13:12:12,447 [INFO] ApiDb:274 - Set plugin database path to: C:\ST\STM32CubeIDE_1.14.1\STM32CubeIDE\plugins\com.st.stm32cube.common.mx_6.12.0.202406281431\\db\/plugins/boardmanager/
2025-01-16 13:12:12,449 [WARN] ApiDb:259 - Overriding images path with different value:  => C:\ST\STM32CubeIDE_1.14.1\STM32CubeIDE\plugins\com.st.stm32cube.common.mx_6.12.0.202406281431\\db\/plugins/mcufinder/images/
2025-01-16 13:12:12,473 [INFO] ApiDb:250 - Set database path to: C:\Users\guan-ming.dennis-won\.stmcufinder\plugins\mcufinder//mcu/
2025-01-16 13:12:12,475 [INFO] DbMcusAds:125 - Set database path to: C:\Users\guan-ming.dennis-won\.stmcufinder\plugins\mcufinder//mcu/
2025-01-16 13:12:12,479 [INFO] CrossReferenceDbSqlite:203 - Set database path to: C:\Users\guan-ming.dennis-won\.stmcufinder\plugins\mcufinder//mcu/cs/
2025-01-16 13:12:12,600 [INFO] RulesReader:64 - Compatibility file has been processed (297 Rules)
2025-01-16 13:12:12,714 [INFO] DbMcusXml:78 - Set database path to: C:\ST\STM32CubeIDE_1.14.1\STM32CubeIDE\plugins\com.st.stm32cube.common.mx_6.12.0.202406281431\\db\/mcu/
2025-01-16 13:12:12,715 [INFO] ApiDb:274 - Set plugin database path to: C:\ST\STM32CubeIDE_1.14.1\STM32CubeIDE\plugins\com.st.stm32cube.common.mx_6.12.0.202406281431\\db\/plugins/boardmanager/
2025-01-16 13:12:12,715 [INFO] ApiDb:261 - Set plugin images path to: C:\ST\STM32CubeIDE_1.14.1\STM32CubeIDE\plugins\com.st.stm32cube.common.mx_6.12.0.202406281431\\db\/plugins/mcufinder/images/
2025-01-16 13:12:12,715 [WARN] DbFile:41 - Overriding database path with different value: C:\Users\guan-ming.dennis-won\.stmcufinder\plugins\mcufinder/ => C:\Users\guan-ming.dennis-won\.stmcufinder\plugins\mcufinder
2025-01-16 13:12:12,715 [INFO] ApiDb:250 - Set database path to: C:\Users\guan-ming.dennis-won\.stmcufinder\plugins\mcufinder//mcu/
2025-01-16 13:12:12,715 [WARN] DbFile:41 - Overriding database path with different value: C:\Users\guan-ming.dennis-won\.stmcufinder\plugins\mcufinder/ => C:\Users\guan-ming.dennis-won\.stmcufinder\plugins\mcufinder
2025-01-16 13:12:12,715 [INFO] DbMcusAds:125 - Set database path to: C:\Users\guan-ming.dennis-won\.stmcufinder\plugins\mcufinder//mcu/
2025-01-16 13:12:12,715 [WARN] DbFile:41 - Overriding database path with different value: C:\Users\guan-ming.dennis-won\.stmcufinder\plugins\mcufinder/ => C:\Users\guan-ming.dennis-won\.stmcufinder\plugins\mcufinder
2025-01-16 13:12:12,716 [WARN] DbFile:41 - Overriding database path with different value: C:\Users\guan-ming.dennis-won\.stmcufinder\plugins\mcufinder/ => C:\Users\guan-ming.dennis-won\.stmcufinder\plugins\mcufinder
2025-01-16 13:12:12,716 [INFO] CrossReferenceDbSqlite:203 - Set database path to: C:\Users\guan-ming.dennis-won\.stmcufinder\plugins\mcufinder//mcu/cs/
2025-01-16 13:12:12,812 [INFO] MainPanel:268 - HeapMemory: 268435456
2025-01-16 13:12:12,902 [INFO] DbMcusXml:78 - Set database path to: C:\ST\STM32CubeIDE_1.14.1\STM32CubeIDE\plugins\com.st.stm32cube.common.mx_6.12.0.202406281431\\db\/mcu/
2025-01-16 13:12:12,902 [INFO] ApiDb:274 - Set plugin database path to: C:\ST\STM32CubeIDE_1.14.1\STM32CubeIDE\plugins\com.st.stm32cube.common.mx_6.12.0.202406281431\\db\/plugins/boardmanager/
2025-01-16 13:12:12,902 [INFO] ApiDb:261 - Set plugin images path to: C:\ST\STM32CubeIDE_1.14.1\STM32CubeIDE\plugins\com.st.stm32cube.common.mx_6.12.0.202406281431\\db\/plugins/mcufinder/images/
2025-01-16 13:12:12,902 [WARN] DbFile:41 - Overriding database path with different value: C:\Users\guan-ming.dennis-won\.stmcufinder\plugins\mcufinder/ => C:\Users\guan-ming.dennis-won\.stmcufinder\plugins\mcufinder
2025-01-16 13:12:12,903 [INFO] ApiDb:250 - Set database path to: C:\Users\guan-ming.dennis-won\.stmcufinder\plugins\mcufinder//mcu/
2025-01-16 13:12:12,903 [WARN] DbFile:41 - Overriding database path with different value: C:\Users\guan-ming.dennis-won\.stmcufinder\plugins\mcufinder/ => C:\Users\guan-ming.dennis-won\.stmcufinder\plugins\mcufinder
2025-01-16 13:12:12,903 [INFO] DbMcusAds:125 - Set database path to: C:\Users\guan-ming.dennis-won\.stmcufinder\plugins\mcufinder//mcu/
2025-01-16 13:12:12,903 [WARN] DbFile:41 - Overriding database path with different value: C:\Users\guan-ming.dennis-won\.stmcufinder\plugins\mcufinder/ => C:\Users\guan-ming.dennis-won\.stmcufinder\plugins\mcufinder
2025-01-16 13:12:12,903 [WARN] DbFile:41 - Overriding database path with different value: C:\Users\guan-ming.dennis-won\.stmcufinder\plugins\mcufinder/ => C:\Users\guan-ming.dennis-won\.stmcufinder\plugins\mcufinder
2025-01-16 13:12:12,903 [INFO] CrossReferenceDbSqlite:203 - Set database path to: C:\Users\guan-ming.dennis-won\.stmcufinder\plugins\mcufinder//mcu/cs/
2025-01-16 13:12:12,920 [INFO] ApplicationProperties:184 - Using Application install path: C:\ST\STM32CubeIDE_1.14.1\STM32CubeIDE\plugins\com.st.stm32cube.common.mx_6.12.0.202406281431
2025-01-16 13:12:12,922 [INFO] PluginManage:196 - Search for loadable plugins [exclusion list=, ]
2025-01-16 13:12:12,923 [INFO] PluginManage:310 - Check plugin analytics
2025-01-16 13:12:13,072 [INFO] AnalyticsPlugin:253 - Accepted Software Licenses: STM32CubeMX.6.12.0
2025-01-16 13:12:13,072 [INFO] AnalyticsPlugin:255 - Accepted CMSIS Pack Licenses: STMicroelectronics.X-CUBE-AI.8.1.0
2025-01-16 13:12:13,073 [INFO] AnalyticsPlugin:257 - Accepted Firmware Licenses: 
2025-01-16 13:12:13,074 [INFO] PluginManage:359 - Loaded plugin analytics (category:tool,tabindex:-1)
2025-01-16 13:12:13,075 [INFO] PluginManage:310 - Check plugin cadmodel
2025-01-16 13:12:13,080 [INFO] CADModel:105 - Init CAD model plugin
2025-01-16 13:12:13,080 [INFO] PluginManage:359 - Loaded plugin cadmodel (category:power,tabindex:5)
2025-01-16 13:12:13,081 [INFO] PluginManage:310 - Check plugin clock
2025-01-16 13:12:13,089 [INFO] PluginManage:359 - Loaded plugin clock (category:base,tabindex:2)
2025-01-16 13:12:13,089 [INFO] PluginManage:310 - Check plugin ddr
2025-01-16 13:12:13,092 [INFO] PluginManage:359 - Loaded plugin ddr (category:tool,tabindex:6)
2025-01-16 13:12:13,092 [INFO] PluginManage:310 - Check plugin filemanager
2025-01-16 13:12:13,222 [INFO] PluginManage:359 - Loaded plugin filemanager (category:base,tabindex:10)
2025-01-16 13:12:13,223 [INFO] PluginManage:310 - Check plugin ipmanager
2025-01-16 13:12:13,231 [INFO] PluginManage:359 - Loaded plugin ipmanager (category:base,tabindex:5)
2025-01-16 13:12:13,231 [INFO] PluginManage:310 - Check plugin lpbam
2025-01-16 13:12:13,239 [INFO] PluginManage:359 - Loaded plugin lpbam (category:base,tabindex:0)
2025-01-16 13:12:13,239 [INFO] PluginManage:310 - Check plugin memorymap
2025-01-16 13:12:13,254 [INFO] PluginManage:359 - Loaded plugin memorymap (category:base,tabindex:4)
2025-01-16 13:12:13,254 [INFO] PluginManage:310 - Check plugin pinoutandconfiguration
2025-01-16 13:12:13,263 [INFO] PluginManage:359 - Loaded plugin pinoutandconfiguration (category:base,tabindex:1)
2025-01-16 13:12:13,263 [INFO] PluginManage:310 - Check plugin pinoutconfig
2025-01-16 13:12:13,336 [WARN] SupportedApi:132 - Cannot load RTOS API schema: s4s-elt-must-match.1: The content of 'definitions' must match (annotation?, (simpleType | complexType)?, (unique | key | keyref)*)). A problem was found starting at: attribute.
2025-01-16 13:12:13,484 [INFO] PluginManage:359 - Loaded plugin pinoutconfig (category:base,tabindex:0)
2025-01-16 13:12:13,484 [INFO] PluginManage:310 - Check plugin power
2025-01-16 13:12:13,493 [INFO] PluginManage:359 - Loaded plugin power (category:power,tabindex:4)
2025-01-16 13:12:13,493 [INFO] PluginManage:310 - Check plugin projectmanager
2025-01-16 13:12:13,508 [INFO] PluginManage:359 - Loaded plugin projectmanager (category:projectmanager,tabindex:4)
2025-01-16 13:12:13,509 [INFO] PluginManage:310 - Check plugin rif
2025-01-16 13:12:13,515 [INFO] PluginManage:359 - Loaded plugin rif (category:base,tabindex:3)
2025-01-16 13:12:13,515 [INFO] PluginManage:310 - Check plugin thirdparty
2025-01-16 13:12:13,644 [INFO] PluginManage:359 - Loaded plugin thirdparty (category:base,tabindex:-1)
2025-01-16 13:12:13,644 [WARN] IntegrityCheckThread:84 - waiting for thirdparty lock release [integrity check]
2025-01-16 13:12:13,644 [INFO] PluginManage:310 - Check plugin tools
2025-01-16 13:12:13,644 [INFO] IntegrityCheckThread:86 - entering critical section [integrity check]
2025-01-16 13:12:13,645 [INFO] ThirdPartyUpdaterWithRetryManager:70 - Updater plugin not ready yet. [1/15]
2025-01-16 13:12:13,647 [INFO] PluginManage:359 - Loaded plugin tools (category:base,tabindex:7)
2025-01-16 13:12:13,647 [INFO] PluginManage:310 - Check plugin tutovideos
2025-01-16 13:12:13,812 [INFO] PluginManage:359 - Loaded plugin tutovideos (category:base,tabindex:-1)
2025-01-16 13:12:13,812 [INFO] PluginManage:310 - Check plugin updater
2025-01-16 13:12:13,828 [INFO] PluginManage:359 - Loaded plugin updater (category:base,tabindex:12)
2025-01-16 13:12:13,828 [INFO] PluginManage:310 - Check plugin userauth
2025-01-16 13:12:13,833 [INFO] UserAuth:113 - Init User Auth plugin
2025-01-16 13:12:13,834 [INFO] PluginManage:359 - Loaded plugin userauth (category:base,tabindex:14)
2025-01-16 13:12:13,834 [INFO] PluginManage:283 - PluginManage : Loaded plugins [18]
2025-01-16 13:12:14,032 [INFO] PinOutPanel:1561 - setPackage(No Configuration,No Configuration)
2025-01-16 13:12:14,131 [INFO] CADModel:165 - CPN selected for project level
2025-01-16 13:12:14,131 [INFO] CADModel:114 - Register for checkConnection events
2025-01-16 13:12:14,151 [INFO] IPUIPlugin:80 - create IPUIPlugin
2025-01-16 13:12:14,151 [INFO] PluginManager:220 - loadIPPluginJar : add adc
2025-01-16 13:12:14,155 [INFO] IPUIPlugin:80 - create IPUIPlugin
2025-01-16 13:12:14,155 [INFO] PluginManager:220 - loadIPPluginJar : add aes
2025-01-16 13:12:14,159 [INFO] IPUIPlugin:80 - create IPUIPlugin
2025-01-16 13:12:14,160 [INFO] PluginManager:220 - loadIPPluginJar : add can
2025-01-16 13:12:14,162 [INFO] IPUIPlugin:80 - create IPUIPlugin
2025-01-16 13:12:14,162 [INFO] PluginManager:220 - loadIPPluginJar : add comp
2025-01-16 13:12:14,166 [INFO] IPUIPlugin:80 - create IPUIPlugin
2025-01-16 13:12:14,166 [INFO] PluginManager:220 - loadIPPluginJar : add cryp
2025-01-16 13:12:14,169 [INFO] IPUIPlugin:80 - create IPUIPlugin
2025-01-16 13:12:14,169 [INFO] PluginManager:220 - loadIPPluginJar : add ddr_ctrl_phy
2025-01-16 13:12:14,172 [INFO] IPUIPlugin:80 - create IPUIPlugin
2025-01-16 13:12:14,173 [INFO] PluginManager:220 - loadIPPluginJar : add dfsdm
2025-01-16 13:12:14,178 [INFO] IPUIPlugin:80 - create IPUIPlugin
2025-01-16 13:12:14,178 [INFO] PluginManager:220 - loadIPPluginJar : add dma
2025-01-16 13:12:14,182 [INFO] IPUIPlugin:80 - create IPUIPlugin
2025-01-16 13:12:14,182 [INFO] PluginManager:220 - loadIPPluginJar : add dma3
2025-01-16 13:12:14,185 [INFO] IPUIPlugin:80 - create IPUIPlugin
2025-01-16 13:12:14,185 [INFO] PluginManager:220 - loadIPPluginJar : add extmemmanager
2025-01-16 13:12:14,187 [INFO] IPUIPlugin:80 - create IPUIPlugin
2025-01-16 13:12:14,187 [INFO] PluginManager:220 - loadIPPluginJar : add fatfs
2025-01-16 13:12:14,196 [INFO] IPUIPlugin:80 - create IPUIPlugin
2025-01-16 13:12:14,196 [INFO] PluginManager:220 - loadIPPluginJar : add fmc
2025-01-16 13:12:14,202 [INFO] IPUIPlugin:80 - create IPUIPlugin
2025-01-16 13:12:14,203 [INFO] PluginManager:220 - loadIPPluginJar : add freertos
2025-01-16 13:12:14,205 [INFO] IPUIPlugin:80 - create IPUIPlugin
2025-01-16 13:12:14,205 [INFO] PluginManager:220 - loadIPPluginJar : add genericplugin
2025-01-16 13:12:14,208 [INFO] IPUIPlugin:80 - create IPUIPlugin
2025-01-16 13:12:14,208 [INFO] PluginManager:220 - loadIPPluginJar : add gfxmmu
2025-01-16 13:12:14,212 [INFO] IPUIPlugin:80 - create IPUIPlugin
2025-01-16 13:12:14,212 [INFO] PluginManager:220 - loadIPPluginJar : add gic
2025-01-16 13:12:14,216 [INFO] IPUIPlugin:80 - create IPUIPlugin
2025-01-16 13:12:14,216 [INFO] PluginManager:220 - loadIPPluginJar : add gpio
2025-01-16 13:12:14,219 [INFO] IPUIPlugin:80 - create IPUIPlugin
2025-01-16 13:12:14,219 [INFO] PluginManager:220 - loadIPPluginJar : add gtzc
2025-01-16 13:12:14,222 [INFO] IPUIPlugin:80 - create IPUIPlugin
2025-01-16 13:12:14,222 [INFO] PluginManager:220 - loadIPPluginJar : add hash
2025-01-16 13:12:14,226 [INFO] IPUIPlugin:80 - create IPUIPlugin
2025-01-16 13:12:14,226 [INFO] PluginManager:220 - loadIPPluginJar : add i2c
2025-01-16 13:12:14,229 [INFO] IPUIPlugin:80 - create IPUIPlugin
2025-01-16 13:12:14,229 [INFO] PluginManager:220 - loadIPPluginJar : add i2s
2025-01-16 13:12:14,232 [INFO] IPUIPlugin:80 - create IPUIPlugin
2025-01-16 13:12:14,232 [INFO] PluginManager:220 - loadIPPluginJar : add i3c
2025-01-16 13:12:14,235 [INFO] IPUIPlugin:80 - create IPUIPlugin
2025-01-16 13:12:14,235 [INFO] PluginManager:220 - loadIPPluginJar : add ipddr
2025-01-16 13:12:14,241 [INFO] IPUIPlugin:80 - create IPUIPlugin
2025-01-16 13:12:14,242 [INFO] PluginManager:220 - loadIPPluginJar : add linkedlist
2025-01-16 13:12:14,245 [INFO] IPUIPlugin:80 - create IPUIPlugin
2025-01-16 13:12:14,245 [INFO] PluginManager:220 - loadIPPluginJar : add lorawan
2025-01-16 13:12:14,248 [INFO] IPUIPlugin:80 - create IPUIPlugin
2025-01-16 13:12:14,248 [INFO] PluginManager:220 - loadIPPluginJar : add ltdc
2025-01-16 13:12:14,253 [INFO] IPUIPlugin:80 - create IPUIPlugin
2025-01-16 13:12:14,254 [INFO] PluginManager:220 - loadIPPluginJar : add mdma
2025-01-16 13:12:14,258 [INFO] IPUIPlugin:80 - create IPUIPlugin
2025-01-16 13:12:14,258 [INFO] PluginManager:220 - loadIPPluginJar : add nvic
2025-01-16 13:12:14,262 [INFO] IPUIPlugin:80 - create IPUIPlugin
2025-01-16 13:12:14,262 [INFO] PluginManager:220 - loadIPPluginJar : add opamp
2025-01-16 13:12:14,265 [INFO] IPUIPlugin:80 - create IPUIPlugin
2025-01-16 13:12:14,266 [INFO] PluginManager:220 - loadIPPluginJar : add openamp
2025-01-16 13:12:14,269 [INFO] IPUIPlugin:80 - create IPUIPlugin
2025-01-16 13:12:14,269 [INFO] PluginManager:220 - loadIPPluginJar : add pdm2pcm
2025-01-16 13:12:14,275 [INFO] IPUIPlugin:80 - create IPUIPlugin
2025-01-16 13:12:14,277 [INFO] PluginManager:220 - loadIPPluginJar : add plateformsettings
2025-01-16 13:12:14,279 [INFO] IPUIPlugin:80 - create IPUIPlugin
2025-01-16 13:12:14,279 [INFO] PluginManager:220 - loadIPPluginJar : add quadspi
2025-01-16 13:12:14,281 [INFO] IPUIPlugin:80 - create IPUIPlugin
2025-01-16 13:12:14,282 [INFO] PluginManager:220 - loadIPPluginJar : add radio
2025-01-16 13:12:14,286 [INFO] IPUIPlugin:80 - create IPUIPlugin
2025-01-16 13:12:14,286 [INFO] PluginManager:220 - loadIPPluginJar : add resmgrutility
2025-01-16 13:12:14,289 [INFO] IPUIPlugin:80 - create IPUIPlugin
2025-01-16 13:12:14,289 [INFO] PluginManager:220 - loadIPPluginJar : add sai
2025-01-16 13:12:14,292 [INFO] IPUIPlugin:80 - create IPUIPlugin
2025-01-16 13:12:14,292 [INFO] PluginManager:220 - loadIPPluginJar : add spi
2025-01-16 13:12:14,297 [INFO] IPUIPlugin:80 - create IPUIPlugin
2025-01-16 13:12:14,297 [INFO] PluginManager:220 - loadIPPluginJar : add stm32_wpan
2025-01-16 13:12:14,299 [INFO] IPUIPlugin:80 - create IPUIPlugin
2025-01-16 13:12:14,300 [INFO] PluginManager:220 - loadIPPluginJar : add tim
2025-01-16 13:12:14,303 [INFO] IPUIPlugin:80 - create IPUIPlugin
2025-01-16 13:12:14,303 [INFO] PluginManager:220 - loadIPPluginJar : add touchsensing
2025-01-16 13:12:14,306 [INFO] IPUIPlugin:80 - create IPUIPlugin
2025-01-16 13:12:14,306 [INFO] PluginManager:220 - loadIPPluginJar : add tracer_emb
2025-01-16 13:12:14,309 [INFO] IPUIPlugin:80 - create IPUIPlugin
2025-01-16 13:12:14,309 [INFO] PluginManager:220 - loadIPPluginJar : add ts
2025-01-16 13:12:14,312 [INFO] IPUIPlugin:80 - create IPUIPlugin
2025-01-16 13:12:14,313 [INFO] PluginManager:220 - loadIPPluginJar : add tsc
2025-01-16 13:12:14,315 [INFO] IPUIPlugin:80 - create IPUIPlugin
2025-01-16 13:12:14,316 [INFO] PluginManager:220 - loadIPPluginJar : add ucpd
2025-01-16 13:12:14,319 [INFO] IPUIPlugin:80 - create IPUIPlugin
2025-01-16 13:12:14,319 [INFO] PluginManager:220 - loadIPPluginJar : add usart
2025-01-16 13:12:14,323 [INFO] IPUIPlugin:80 - create IPUIPlugin
2025-01-16 13:12:14,323 [INFO] PluginManager:220 - loadIPPluginJar : add usbx
2025-01-16 13:12:14,452 [INFO] CADModel:165 - CPN selected for project level
2025-01-16 13:12:14,452 [INFO] CADModel:114 - Register for checkConnection events
2025-01-16 13:12:14,452 [FATAL] Updater:334 - Updater called before beeing initialized
2025-01-16 13:12:14,453 [ERROR] CADModel:125 - Updater not yet initialized, retry later 
2025-01-16 13:12:14,554 [INFO] CADModel:165 - CPN selected for project level
2025-01-16 13:12:14,554 [INFO] CADModel:114 - Register for checkConnection events
2025-01-16 13:12:14,554 [FATAL] Updater:334 - Updater called before beeing initialized
2025-01-16 13:12:14,554 [ERROR] CADModel:125 - Updater not yet initialized, retry later 
2025-01-16 13:12:14,557 [FATAL] Updater:334 - Updater called before beeing initialized
2025-01-16 13:12:14,661 [FATAL] Updater:334 - Updater called before beeing initialized
2025-01-16 13:12:14,665 [INFO] DbMcusAds:53 - JSON generation date=Wed Dec 18 00:01:15 SGT 2024 (1734451275222)
2025-01-16 13:12:14,665 [FATAL] Updater:334 - Updater called before beeing initialized
2025-01-16 13:12:14,704 [WARN] DetailPanel:346 - Failed to get advertising image, set to default
2025-01-16 13:12:14,802 [FATAL] Updater:334 - Updater called before beeing initialized
2025-01-16 13:12:14,804 [FATAL] Updater:334 - Updater called before beeing initialized
2025-01-16 13:12:14,804 [FATAL] Updater:334 - Updater called before beeing initialized
2025-01-16 13:12:14,804 [WARN] DetailPanel:346 - Failed to get advertising image, set to default
2025-01-16 13:12:14,805 [FATAL] Updater:334 - Updater called before beeing initialized
2025-01-16 13:12:14,846 [ERROR] Updater:1164 - MainUpdater not yet initialized. External WinMGr cannot be set.
2025-01-16 13:12:14,849 [INFO] Updater:1100 - Updater Version found : 6.12.0
2025-01-16 13:12:14,866 [INFO] ApplicationProperties:184 - Using Application install path: C:\ST\STM32CubeIDE_1.14.1\STM32CubeIDE\plugins\com.st.stm32cube.common.mx_6.12.0.202406281431
2025-01-16 13:12:15,215 [INFO] MainUpdater:2873 - connection check result : 10
2025-01-16 13:12:15,215 [INFO] MainUpdater:290 - Updater Check For Update Now.
2025-01-16 13:12:15,215 [INFO] MicroXplorer:498 - Change Database Version : DB.6.0.120
2025-01-16 13:12:15,221 [INFO] McuFinderGlobals:63 - Set McuFinder mode to 2 (CubeIDE integrated)
2025-01-16 13:12:15,223 [INFO] UserAuth:417 - Internet connection configuration mode: 1
2025-01-16 13:12:15,245 [INFO] JxBrowserEngine:152 - Initiate JxBrowser Engine with user profile folder
2025-01-16 13:12:15,417 [INFO] CheckServerUpdateThread:120 - End of CheckServer Thread
2025-01-16 13:12:16,785 [INFO] WebApp:167 - Instantiating new browser for Auth
2025-01-16 13:12:17,041 [WARN] PackLoader:240 - Cannot read IP mode file for STMicroelectronics.FP-SNS-MOTENVWB1.1.4.0
2025-01-16 13:12:17,051 [WARN] PackLoader:240 - Cannot read IP mode file for STMicroelectronics.FP-ATR-ASTRA1.2.0.1
2025-01-16 13:12:17,061 [WARN] PackLoader:240 - Cannot read IP mode file for STMicroelectronics.X-CUBE-SMBUS.2.1.0
2025-01-16 13:12:17,071 [WARN] PackLoader:240 - Cannot read IP mode file for STMicroelectronics.X-CUBE-WB05N.1.1.0
2025-01-16 13:12:17,083 [WARN] PackLoader:240 - Cannot read IP mode file for STMicroelectronics.X-CUBE-TOUCHGFX.4.23.0
2025-01-16 13:12:17,089 [WARN] PackLoader:240 - Cannot read IP mode file for STMicroelectronics.X-CUBE-TOUCHGFX.4.23.2
2025-01-16 13:12:17,124 [WARN] PackLoader:240 - Cannot read IP mode file for STMicroelectronics.X-CUBE-AZRTOS-F7.1.1.0
2025-01-16 13:12:17,141 [WARN] PackLoader:240 - Cannot read IP mode file for STMicroelectronics.FP-SNS-MOTENV1.4.3.2
2025-01-16 13:12:17,211 [WARN] PackLoader:240 - Cannot read IP mode file for STMicroelectronics.X-CUBE-MEMS1.11.0.0
2025-01-16 13:12:17,413 [WARN] PackLoader:240 - Cannot read IP mode file for STMicroelectronics.FP-SNS-FLIGHT1.5.0.2
2025-01-16 13:12:17,423 [WARN] PackLoader:240 - Cannot read IP mode file for STMicroelectronics.X-CUBE-DISPLAY.3.0.0
2025-01-16 13:12:17,437 [WARN] PackLoader:240 - Cannot read IP mode file for STMicroelectronics.X-CUBE-BLE1.7.0.0
2025-01-16 13:12:17,453 [WARN] PackLoader:240 - Cannot read IP mode file for STMicroelectronics.X-CUBE-NFC10.1.0.0
2025-01-16 13:12:17,467 [WARN] PackLoader:240 - Cannot read IP mode file for STMicroelectronics.X-CUBE-BLEMGR.4.0.0
2025-01-16 13:12:17,479 [WARN] PackLoader:240 - Cannot read IP mode file for emotas.I-CUBE-CANOPEN.1.3.0
2025-01-16 13:12:17,489 [WARN] PackLoader:240 - Cannot read IP mode file for STMicroelectronics.X-CUBE-AI.7.2.0
2025-01-16 13:12:17,594 [WARN] PackLoader:240 - Cannot read IP mode file for STMicroelectronics.X-CUBE-BLEMGR.3.1.0
2025-01-16 13:12:17,604 [WARN] PackLoader:240 - Cannot read IP mode file for STMicroelectronics.FP-SNS-SMARTAG2.1.2.0
2025-01-16 13:12:17,673 [WARN] PackLoader:240 - Cannot read IP mode file for STMicroelectronics.X-CUBE-MEMS1.11.1.0
2025-01-16 13:12:17,844 [INFO] LogOutputStream:77 - [STDOUT_REDIRECT] 1 : Invalid condition id : UX_CORESTACK_Condition cause : null
2025-01-16 13:12:17,845 [INFO] LogOutputStream:77 - [STDOUT_REDIRECT] 1 : Invalid condition id : UX_CORESTACK_Condition cause : null
2025-01-16 13:12:17,847 [INFO] LogOutputStream:77 - [STDOUT_REDIRECT] 1 : Invalid condition id : UX_CORESTACK_Condition cause : null
2025-01-16 13:12:17,848 [INFO] LogOutputStream:77 - [STDOUT_REDIRECT] 1 : Invalid condition id : UX_CORESTACK_Condition cause : null
2025-01-16 13:12:17,849 [INFO] LogOutputStream:77 - [STDOUT_REDIRECT] 1 : Invalid condition id : UX_CORESTACK_Condition cause : null
2025-01-16 13:12:17,853 [WARN] PackLoader:240 - Cannot read IP mode file for STMicroelectronics.X-CUBE-AZRTOS-WL.2.0.0
2025-01-16 13:12:17,861 [WARN] PackLoader:240 - Cannot read IP mode file for STMicroelectronics.FP-SNS-MOTENV1.5.0.0
2025-01-16 13:12:17,873 [WARN] PackLoader:240 - Cannot read IP mode file for wolfSSL.I-CUBE-wolfMQTT.1.19.0
2025-01-16 13:12:17,884 [WARN] PackLoader:240 - Cannot read IP mode file for WES.I-CUBE-Cesium.1.3.0
2025-01-16 13:12:17,893 [WARN] PackLoader:240 - Cannot read IP mode file for STMicroelectronics.X-CUBE-BLE2.3.3.0
2025-01-16 13:12:17,907 [WARN] PackLoader:240 - Cannot read IP mode file for STMicroelectronics.X-CUBE-NFC9.1.0.0
2025-01-16 13:12:17,922 [WARN] PackLoader:240 - Cannot read IP mode file for STMicroelectronics.X-CUBE-TCPP.4.1.0
2025-01-16 13:12:17,940 [WARN] PackLoader:240 - Cannot read IP mode file for STMicroelectronics.X-CUBE-ALGOBUILD.1.3.0
2025-01-16 13:12:17,973 [WARN] PackLoader:240 - Cannot read IP mode file for STMicroelectronics.X-CUBE-AZRTOS-G0.1.1.0
2025-01-16 13:12:17,985 [WARN] PackLoader:240 - Cannot read IP mode file for STMicroelectronics.X-CUBE-SAFEA1.1.2.2
2025-01-16 13:12:18,025 [WARN] PackLoader:240 - Cannot read IP mode file for STMicroelectronics.X-CUBE-NFC4.3.0.0
2025-01-16 13:12:18,038 [WARN] PackLoader:240 - Cannot read IP mode file for wolfSSL.I-CUBE-wolfMQTT.1.18.0
2025-01-16 13:12:18,052 [WARN] PackLoader:240 - Cannot read IP mode file for EmbeddedOffice.I-CUBE-FS-RTOS.1.0.1
2025-01-16 13:12:18,052 [ERROR] ConditionMgr:805 - Attr not supported : Dmpu
2025-01-16 13:12:18,053 [ERROR] ConditionMgr:805 - Attr not supported : Dmpu
2025-01-16 13:12:18,053 [ERROR] ConditionMgr:805 - Attr not supported : Dmpu
2025-01-16 13:12:18,053 [ERROR] ConditionMgr:805 - Attr not supported : Dmpu
2025-01-16 13:12:18,053 [ERROR] ConditionMgr:805 - Attr not supported : Dmpu
2025-01-16 13:12:18,053 [ERROR] ConditionMgr:805 - Attr not supported : Dmpu
2025-01-16 13:12:18,053 [ERROR] ConditionMgr:805 - Attr not supported : Dmpu
2025-01-16 13:12:18,053 [ERROR] ConditionMgr:805 - Attr not supported : Dmpu
2025-01-16 13:12:18,053 [ERROR] ConditionMgr:805 - Attr not supported : Dmpu
2025-01-16 13:12:18,053 [ERROR] ConditionMgr:805 - Attr not supported : Dmpu
2025-01-16 13:12:18,053 [ERROR] ConditionMgr:805 - Attr not supported : Dmpu
2025-01-16 13:12:18,053 [ERROR] ConditionMgr:805 - Attr not supported : Dmpu
2025-01-16 13:12:18,053 [ERROR] ConditionMgr:805 - Attr not supported : Dmpu
2025-01-16 13:12:18,053 [ERROR] ConditionMgr:805 - Attr not supported : Dmpu
2025-01-16 13:12:18,053 [ERROR] ConditionMgr:805 - Attr not supported : Dmpu
2025-01-16 13:12:18,054 [ERROR] ConditionMgr:805 - Attr not supported : Dmpu
2025-01-16 13:12:18,054 [ERROR] ConditionMgr:805 - Attr not supported : Dmpu
2025-01-16 13:12:18,054 [ERROR] ConditionMgr:805 - Attr not supported : Dmpu
2025-01-16 13:12:18,054 [ERROR] ConditionMgr:805 - Attr not supported : Dmpu
2025-01-16 13:12:18,054 [ERROR] ConditionMgr:805 - Attr not supported : Dmpu
2025-01-16 13:12:18,054 [ERROR] ConditionMgr:805 - Attr not supported : Dmpu
2025-01-16 13:12:18,054 [ERROR] ConditionMgr:805 - Attr not supported : Dmpu
2025-01-16 13:12:18,054 [ERROR] ConditionMgr:805 - Attr not supported : Dmpu
2025-01-16 13:12:18,054 [ERROR] ConditionMgr:805 - Attr not supported : Dmpu
2025-01-16 13:12:18,054 [ERROR] ConditionMgr:805 - Attr not supported : Dmpu
2025-01-16 13:12:18,055 [ERROR] ConditionMgr:805 - Attr not supported : Dmpu
2025-01-16 13:12:18,055 [ERROR] ConditionMgr:805 - Attr not supported : Dmpu
2025-01-16 13:12:18,055 [ERROR] ConditionMgr:805 - Attr not supported : Dmpu
2025-01-16 13:12:18,055 [ERROR] ConditionMgr:805 - Attr not supported : Dmpu
2025-01-16 13:12:18,055 [ERROR] ConditionMgr:805 - Attr not supported : Dmpu
2025-01-16 13:12:18,055 [ERROR] ConditionMgr:805 - Attr not supported : Dmpu
2025-01-16 13:12:18,055 [ERROR] ConditionMgr:805 - Attr not supported : Dmpu
2025-01-16 13:12:18,055 [ERROR] ConditionMgr:805 - Attr not supported : Dmpu
2025-01-16 13:12:18,055 [ERROR] ConditionMgr:805 - Attr not supported : Dmpu
2025-01-16 13:12:18,055 [ERROR] ConditionMgr:805 - Attr not supported : Dmpu
2025-01-16 13:12:18,055 [ERROR] ConditionMgr:805 - Attr not supported : Dmpu
2025-01-16 13:12:18,056 [ERROR] ConditionMgr:805 - Attr not supported : Dmpu
2025-01-16 13:12:18,056 [ERROR] ConditionMgr:805 - Attr not supported : Dmpu
2025-01-16 13:12:18,056 [ERROR] ConditionMgr:805 - Attr not supported : Dmpu
2025-01-16 13:12:18,056 [ERROR] ConditionMgr:805 - Attr not supported : Dmpu
2025-01-16 13:12:18,056 [ERROR] ConditionMgr:805 - Attr not supported : Dmpu
2025-01-16 13:12:18,056 [ERROR] ConditionMgr:805 - Attr not supported : Dmpu
2025-01-16 13:12:18,056 [ERROR] ConditionMgr:805 - Attr not supported : Dmpu
2025-01-16 13:12:18,056 [ERROR] ConditionMgr:805 - Attr not supported : Dmpu
2025-01-16 13:12:18,056 [ERROR] ConditionMgr:805 - Attr not supported : Dmpu
2025-01-16 13:12:18,056 [ERROR] ConditionMgr:805 - Attr not supported : Dmpu
2025-01-16 13:12:18,056 [ERROR] ConditionMgr:805 - Attr not supported : Dmpu
2025-01-16 13:12:18,057 [ERROR] ConditionMgr:805 - Attr not supported : Dmpu
2025-01-16 13:12:18,057 [ERROR] ConditionMgr:805 - Attr not supported : Dmpu
2025-01-16 13:12:18,057 [ERROR] ConditionMgr:805 - Attr not supported : Dmpu
2025-01-16 13:12:18,057 [ERROR] ConditionMgr:805 - Attr not supported : Dmpu
2025-01-16 13:12:18,057 [ERROR] ConditionMgr:805 - Attr not supported : Dmpu
2025-01-16 13:12:18,057 [ERROR] ConditionMgr:805 - Attr not supported : Dmpu
2025-01-16 13:12:18,057 [ERROR] ConditionMgr:805 - Attr not supported : Dmpu
2025-01-16 13:12:18,057 [ERROR] ConditionMgr:805 - Attr not supported : Dmpu
2025-01-16 13:12:18,057 [ERROR] ConditionMgr:805 - Attr not supported : Dmpu
2025-01-16 13:12:18,057 [ERROR] ConditionMgr:805 - Attr not supported : Dmpu
2025-01-16 13:12:18,057 [ERROR] ConditionMgr:805 - Attr not supported : Dmpu
2025-01-16 13:12:18,057 [ERROR] ConditionMgr:805 - Attr not supported : Dmpu
2025-01-16 13:12:18,057 [ERROR] ConditionMgr:805 - Attr not supported : Dmpu
2025-01-16 13:12:18,057 [ERROR] ConditionMgr:805 - Attr not supported : Dmpu
2025-01-16 13:12:18,058 [ERROR] ConditionMgr:805 - Attr not supported : Dmpu
2025-01-16 13:12:18,058 [ERROR] ConditionMgr:805 - Attr not supported : Dmpu
2025-01-16 13:12:18,058 [ERROR] ConditionMgr:805 - Attr not supported : Dmpu
2025-01-16 13:12:18,083 [WARN] PackLoader:240 - Cannot read IP mode file for STMicroelectronics.X-CUBE-BLEMGR.3.0.0
2025-01-16 13:12:18,091 [ERROR] Engine:466 - C:\Users\guan-ming.dennis-won\.stm32cubemx\thirdparties\pdsc\STMicroelectronics.X-CUBE-TCPP.4.2.0.pdsc: PDSC version is not supported
2025-01-16 13:12:18,121 [WARN] PackLoader:240 - Cannot read IP mode file for RealThread.X-CUBE-RT-Thread_Nano.4.1.1
2025-01-16 13:12:18,128 [WARN] PackLoader:240 - Cannot read IP mode file for wolfSSL.I-CUBE-wolfSSL.5.7.0
2025-01-16 13:12:18,143 [WARN] PackLoader:240 - Cannot read IP mode file for STMicroelectronics.FP-ATR-SIGFOX1.3.2.0
2025-01-16 13:12:18,151 [WARN] ConditionMgr:438 - getConditionDescription Invalid condition id : Cortex-A Device cause : null
2025-01-16 13:12:18,166 [WARN] ConditionMgr:1039 - genDependencies : Invalid condition id : Cortex-A Device cause : null
2025-01-16 13:12:18,166 [WARN] ConditionMgr:1039 - genDependencies : Invalid condition id : Cortex-A Device cause : null
2025-01-16 13:12:18,166 [WARN] ConditionMgr:1039 - genDependencies : Invalid condition id : Cortex-A Device cause : null
2025-01-16 13:12:18,175 [WARN] PackLoader:240 - Cannot read IP mode file for STMicroelectronics.X-CUBE-EEPRMA1.5.1.0
2025-01-16 13:12:18,185 [INFO] WebApp:448 - Apply proxy settings
2025-01-16 13:12:18,186 [INFO] WebApp:533 - Chromium requires no authentication
2025-01-16 13:12:18,186 [WARN] PackLoader:240 - Cannot read IP mode file for ITTIA_DB.I-CUBE-ITTIADB.8.9.0
2025-01-16 13:12:18,200 [INFO] WebApp:476 - Direct internet connection detected
2025-01-16 13:12:18,225 [WARN] PackLoader:240 - Cannot read IP mode file for SEGGER.I-CUBE-embOS.1.3.1
2025-01-16 13:12:18,238 [INFO] WebApp:869 - Register for checkConnection events
2025-01-16 13:12:18,238 [INFO] WebApp:448 - Apply proxy settings
2025-01-16 13:12:18,239 [INFO] WebApp:533 - Chromium requires no authentication
2025-01-16 13:12:18,239 [INFO] WebApp:476 - Direct internet connection detected
2025-01-16 13:12:18,278 [WARN] PackLoader:240 - Cannot read IP mode file for STMicroelectronics.X-CUBE-ALGOBUILD.1.4.0
2025-01-16 13:12:18,288 [WARN] PackLoader:240 - Cannot read IP mode file for STMicroelectronics.X-CUBE-AI.9.1.0
2025-01-16 13:12:18,296 [WARN] PackLoader:240 - Cannot read IP mode file for STMicroelectronics.X-CUBE-GNSS1.6.0.0
2025-01-16 13:12:18,316 [WARN] PackLoader:240 - Cannot read IP mode file for STMicroelectronics.X-CUBE-AZRTOS-F4.1.1.0
2025-01-16 13:12:18,326 [WARN] PackLoader:240 - Cannot read IP mode file for STMicroelectronics.X-CUBE-ISPU.2.1.0
2025-01-16 13:12:18,336 [WARN] PackLoader:240 - Cannot read IP mode file for STMicroelectronics.X-CUBE-FREERTOS.1.2.0
2025-01-16 13:12:18,342 [WARN] PackLoader:240 - Cannot read IP mode file for wolfSSL.I-CUBE-wolfSSL.5.6.6
2025-01-16 13:12:18,367 [WARN] PackLoader:240 - Cannot read IP mode file for STMicroelectronics.X-CUBE-AZRTOS-L5.2.0.0
2025-01-16 13:12:18,377 [WARN] PackLoader:240 - Cannot read IP mode file for STMicroelectronics.X-CUBE-EEPRMA1.4.2.0
2025-01-16 13:12:18,387 [WARN] PackLoader:240 - Cannot read IP mode file for STMicroelectronics.X-CUBE-NFC6.3.1.0
2025-01-16 13:12:18,396 [WARN] PackLoader:240 - Cannot read IP mode file for ITTIA_DB.I-CUBE-ITTIADB.8.8.0
2025-01-16 13:12:18,409 [WARN] PackLoader:240 - Cannot read IP mode file for STMicroelectronics.X-CUBE-DPower.1.2.0
2025-01-16 13:12:18,418 [WARN] PackLoader:240 - Cannot read IP mode file for STMicroelectronics.X-CUBE-AI.9.0.0
2025-01-16 13:12:18,471 [WARN] PackLoader:240 - Cannot read IP mode file for STMicroelectronics.X-CUBE-FREERTOS.1.3.0
2025-01-16 13:12:18,479 [WARN] PackLoader:240 - Cannot read IP mode file for STMicroelectronics.X-CUBE-NFC7.1.0.1
2025-01-16 13:12:18,486 [WARN] PackLoader:240 - Cannot read IP mode file for wolfSSL.I-CUBE-wolfTPM.3.2.0
2025-01-16 13:12:18,494 [WARN] PackLoader:240 - Cannot read IP mode file for STMicroelectronics.X-CUBE-NFC6.3.0.0
2025-01-16 13:12:18,502 [WARN] PackLoader:240 - Cannot read IP mode file for STMicroelectronics.X-CUBE-AI.8.1.0
2025-01-16 13:12:18,521 [WARN] ConditionMgr:438 - getConditionDescription Invalid condition id : LAN8742 Phy interface Condition cause : null
2025-01-16 13:12:18,522 [WARN] PackLoader:240 - Cannot read IP mode file for STMicroelectronics.X-CUBE-AZRTOS-L4.2.0.0
2025-01-16 13:12:18,523 [WARN] ConditionMgr:1039 - genDependencies : Invalid condition id : LAN8742 Phy interface Condition cause : null
2025-01-16 13:12:18,524 [WARN] ConditionMgr:1039 - genDependencies : Invalid condition id : LAN8742 Phy interface Condition cause : null
2025-01-16 13:12:18,524 [INFO] WebApp:220 - Starting web application
2025-01-16 13:12:18,525 [WARN] ConditionMgr:1039 - genDependencies : Invalid condition id : LAN8742 Phy interface Condition cause : null
2025-01-16 13:12:18,524 [INFO] WebApp:578 - Web application path used C:\ST\STM32CubeIDE_1.14.1\STM32CubeIDE\plugins\com.st.stm32cube.common.mx_6.12.0.202406281431\db\plugins\mcufinder\reactClient1\index.html
2025-01-16 13:12:18,535 [WARN] PackLoader:240 - Cannot read IP mode file for STMicroelectronics.X-CUBE-SFXS2LP1.4.0.0
2025-01-16 13:12:18,545 [ERROR] Engine:466 - STMicroelectronics.X-CUBE-AI.9.0.0: Software pack already exists
2025-01-16 13:12:18,566 [WARN] PackLoader:240 - Cannot read IP mode file for STMicroelectronics.X-CUBE-AZRTOS-H7.3.3.0
2025-01-16 13:12:18,581 [WARN] PackLoader:240 - Cannot read IP mode file for STMicroelectronics.X-CUBE-IPS.3.0.0
2025-01-16 13:12:18,600 [WARN] ConditionMgr:438 - getConditionDescription Invalid condition id : UX DEVICE CLASS RTOS Condition cause : null
2025-01-16 13:12:18,600 [WARN] ConditionMgr:438 - getConditionDescription Invalid condition id : UX DEVICE CLASS RTOS Condition cause : null
2025-01-16 13:12:18,602 [WARN] PackLoader:240 - Cannot read IP mode file for STMicroelectronics.X-CUBE-AZRTOS-WB.2.0.0
2025-01-16 13:12:18,603 [WARN] ConditionMgr:1039 - genDependencies : Invalid condition id : UX DEVICE CLASS RTOS Condition cause : null
2025-01-16 13:12:18,603 [WARN] ConditionMgr:1039 - genDependencies : Invalid condition id : UX DEVICE CLASS RTOS Condition cause : null
2025-01-16 13:12:18,604 [WARN] ConditionMgr:1039 - genDependencies : Invalid condition id : UX DEVICE CLASS RTOS Condition cause : null
2025-01-16 13:12:18,604 [WARN] ConditionMgr:1039 - genDependencies : Invalid condition id : UX DEVICE CLASS RTOS Condition cause : null
2025-01-16 13:12:18,604 [WARN] ConditionMgr:1039 - genDependencies : Invalid condition id : UX DEVICE CLASS RTOS Condition cause : null
2025-01-16 13:12:18,610 [WARN] PackLoader:240 - Cannot read IP mode file for STMicroelectronics.X-CUBE-GNSS1.7.0.0
2025-01-16 13:12:18,616 [WARN] PackLoader:240 - Cannot read IP mode file for STMicroelectronics.X-CUBE-GNSS1.7.0.1
2025-01-16 13:12:18,625 [WARN] PackLoader:240 - Cannot read IP mode file for STMicroelectronics.FP-SNS-STBOX1.2.0.0
2025-01-16 13:12:18,638 [WARN] PackLoader:240 - Cannot read IP mode file for STMicroelectronics.X-CUBE-SUBG2.5.0.0
2025-01-16 13:12:18,652 [WARN] PackLoader:240 - Cannot read IP mode file for Cesanta.I-CUBE-Mongoose.7.13.0
2025-01-16 13:12:18,655 [INFO] UserAuth:417 - Internet connection configuration mode: 1
2025-01-16 13:12:18,669 [WARN] PackLoader:240 - Cannot read IP mode file for STMicroelectronics.X-CUBE-AZRTOS-G4.2.0.0
2025-01-16 13:12:18,687 [WARN] PackLoader:240 - Cannot read IP mode file for Infineon.AIROC-Wi-Fi-Bluetooth-STM32.1.5.1
2025-01-16 13:12:18,697 [WARN] PackLoader:240 - Cannot read IP mode file for STMicroelectronics.FP-SNS-MOTENVWB1.1.3.1
2025-01-16 13:12:18,702 [WARN] PackLoader:240 - Cannot read IP mode file for STMicroelectronics.X-CUBE-ISPU.2.0.0
2025-01-16 13:12:18,708 [ERROR] Engine:466 - C:\Users\guan-ming.dennis-won\.stm32cubemx\thirdparties\pdsc\STMicroelectronics.X-CUBE-IPS.3.1.0.pdsc: PDSC version is not supported
2025-01-16 13:12:18,714 [WARN] PackLoader:240 - Cannot read IP mode file for STMicroelectronics.X-CUBE-ALS.1.0.2
2025-01-16 13:12:18,751 [WARN] PackLoader:240 - Cannot read IP mode file for STMicroelectronics.X-CUBE-MEMS1.10.0.0
2025-01-16 13:12:18,869 [WARN] PackLoader:240 - Cannot read IP mode file for STMicroelectronics.X-CUBE-FREERTOS.1.1.0
2025-01-16 13:12:18,874 [WARN] PackLoader:240 - Cannot read IP mode file for STMicroelectronics.X-CUBE-TOUCHGFX.4.24.0
2025-01-16 13:12:18,879 [INFO] WebApp:186 - Connection restablished
2025-01-16 13:12:18,879 [WARN] PackLoader:240 - Cannot read IP mode file for STMicroelectronics.X-CUBE-TOUCHGFX.4.24.2
2025-01-16 13:12:18,884 [WARN] PackLoader:240 - Cannot read IP mode file for STMicroelectronics.X-CUBE-TOUCHGFX.4.24.1
2025-01-16 13:12:18,894 [WARN] PackLoader:240 - Cannot read IP mode file for portGmbH.I-Cube-SoM-uGOAL.1.1.0
2025-01-16 13:12:18,900 [WARN] PackLoader:240 - Cannot read IP mode file for STMicroelectronics.X-CUBE-ALS.1.0.1
2025-01-16 13:12:18,920 [WARN] PackLoader:240 - Cannot read IP mode file for STMicroelectronics.X-CUBE-AZRTOS-H7RS.1.0.0
2025-01-16 13:12:18,927 [WARN] PackLoader:240 - Cannot read IP mode file for STMicroelectronics.FP-ATR-ASTRA1.2.0.0
2025-01-16 13:12:18,939 [WARN] PackLoader:240 - Cannot read IP mode file for STMicroelectronics.X-CUBE-TOF1.3.4.2
2025-01-16 13:12:18,961 [WARN] PackLoader:240 - Cannot read IP mode file for STMicroelectronics.X-CUBE-TOF1.3.4.0
2025-01-16 13:12:18,986 [WARN] PackLoader:240 - Cannot read IP mode file for STMicroelectronics.X-CUBE-TOF1.3.4.1
2025-01-16 13:12:19,022 [WARN] PackLoader:240 - Cannot read IP mode file for STMicroelectronics.X-CUBE-AZRTOS-H7.3.2.0
2025-01-16 13:12:19,035 [WARN] PackLoader:240 - Cannot read IP mode file for Infineon.AIROC-Wi-Fi-Bluetooth-STM32.1.6.0
2025-01-16 13:12:19,043 [WARN] PackLoader:240 - Cannot read IP mode file for wolfSSL.I-CUBE-wolfSSH.1.4.17
2025-01-16 13:12:19,050 [INFO] ThirdParty:978 - Integrity check success = true
2025-01-16 13:12:19,051 [INFO] IntegrityCheckThread:100 - exiting critical section [integrity check]
2025-01-16 13:12:19,051 [INFO] IntegrityCheckThread:103 - End integrity checks thread
2025-01-16 13:33:25,832 [ERROR] LogOutputStream:75 - [STDERR_REDIRECT] 
