2025-01-13 10:20:53,374 [INFO] Activator:176 - 


2025-01-13 10:20:53,384 [INFO] Activator:177 - !SESSION log4j initialized
2025-01-13 10:20:58,786 [INFO] LogOutputStream:77 - [STDOUT_REDIRECT] 
2025-01-13 10:21:00,054 [INFO] ApplicationProperties:184 - Using Application install path: C:\ST\STM32CubeIDE_1.14.1\STM32CubeIDE\plugins\com.st.stm32cube.common.mx_6.12.0.202406281431
2025-01-13 10:21:00,088 [INFO] DbMcusXml:78 - Set database path to: C:\ST\STM32CubeIDE_1.14.1\STM32CubeIDE\plugins\com.st.stm32cube.common.mx_6.12.0.202406281431\\db\/mcu/
2025-01-13 10:21:00,089 [INFO] ApiDb:274 - Set plugin database path to: C:\ST\STM32CubeIDE_1.14.1\STM32CubeIDE\plugins\com.st.stm32cube.common.mx_6.12.0.202406281431\\db\/plugins/boardmanager/
2025-01-13 10:21:00,089 [WARN] ApiDb:259 - Overriding images path with different value:  => C:\ST\STM32CubeIDE_1.14.1\STM32CubeIDE\plugins\com.st.stm32cube.common.mx_6.12.0.202406281431\\db\/plugins/mcufinder/images/
2025-01-13 10:21:00,100 [INFO] ApiDb:250 - Set database path to: C:\Users\guan-ming.dennis-won\.stmcufinder\plugins\mcufinder//mcu/
2025-01-13 10:21:00,102 [INFO] DbMcusAds:125 - Set database path to: C:\Users\guan-ming.dennis-won\.stmcufinder\plugins\mcufinder//mcu/
2025-01-13 10:21:00,104 [INFO] CrossReferenceDbSqlite:203 - Set database path to: C:\Users\guan-ming.dennis-won\.stmcufinder\plugins\mcufinder//mcu/cs/
2025-01-13 10:21:00,199 [INFO] RulesReader:64 - Compatibility file has been processed (297 Rules)
2025-01-13 10:21:00,287 [INFO] DbMcusXml:78 - Set database path to: C:\ST\STM32CubeIDE_1.14.1\STM32CubeIDE\plugins\com.st.stm32cube.common.mx_6.12.0.202406281431\\db\/mcu/
2025-01-13 10:21:00,287 [INFO] ApiDb:274 - Set plugin database path to: C:\ST\STM32CubeIDE_1.14.1\STM32CubeIDE\plugins\com.st.stm32cube.common.mx_6.12.0.202406281431\\db\/plugins/boardmanager/
2025-01-13 10:21:00,287 [INFO] ApiDb:261 - Set plugin images path to: C:\ST\STM32CubeIDE_1.14.1\STM32CubeIDE\plugins\com.st.stm32cube.common.mx_6.12.0.202406281431\\db\/plugins/mcufinder/images/
2025-01-13 10:21:00,288 [WARN] DbFile:41 - Overriding database path with different value: C:\Users\guan-ming.dennis-won\.stmcufinder\plugins\mcufinder/ => C:\Users\guan-ming.dennis-won\.stmcufinder\plugins\mcufinder
2025-01-13 10:21:00,288 [INFO] ApiDb:250 - Set database path to: C:\Users\guan-ming.dennis-won\.stmcufinder\plugins\mcufinder//mcu/
2025-01-13 10:21:00,288 [WARN] DbFile:41 - Overriding database path with different value: C:\Users\guan-ming.dennis-won\.stmcufinder\plugins\mcufinder/ => C:\Users\guan-ming.dennis-won\.stmcufinder\plugins\mcufinder
2025-01-13 10:21:00,288 [INFO] DbMcusAds:125 - Set database path to: C:\Users\guan-ming.dennis-won\.stmcufinder\plugins\mcufinder//mcu/
2025-01-13 10:21:00,288 [WARN] DbFile:41 - Overriding database path with different value: C:\Users\guan-ming.dennis-won\.stmcufinder\plugins\mcufinder/ => C:\Users\guan-ming.dennis-won\.stmcufinder\plugins\mcufinder
2025-01-13 10:21:00,288 [WARN] DbFile:41 - Overriding database path with different value: C:\Users\guan-ming.dennis-won\.stmcufinder\plugins\mcufinder/ => C:\Users\guan-ming.dennis-won\.stmcufinder\plugins\mcufinder
2025-01-13 10:21:00,288 [INFO] CrossReferenceDbSqlite:203 - Set database path to: C:\Users\guan-ming.dennis-won\.stmcufinder\plugins\mcufinder//mcu/cs/
2025-01-13 10:21:00,381 [INFO] MainPanel:268 - HeapMemory: 268435456
2025-01-13 10:21:00,488 [INFO] DbMcusXml:78 - Set database path to: C:\ST\STM32CubeIDE_1.14.1\STM32CubeIDE\plugins\com.st.stm32cube.common.mx_6.12.0.202406281431\\db\/mcu/
2025-01-13 10:21:00,488 [INFO] ApiDb:274 - Set plugin database path to: C:\ST\STM32CubeIDE_1.14.1\STM32CubeIDE\plugins\com.st.stm32cube.common.mx_6.12.0.202406281431\\db\/plugins/boardmanager/
2025-01-13 10:21:00,489 [INFO] ApiDb:261 - Set plugin images path to: C:\ST\STM32CubeIDE_1.14.1\STM32CubeIDE\plugins\com.st.stm32cube.common.mx_6.12.0.202406281431\\db\/plugins/mcufinder/images/
2025-01-13 10:21:00,489 [WARN] DbFile:41 - Overriding database path with different value: C:\Users\guan-ming.dennis-won\.stmcufinder\plugins\mcufinder/ => C:\Users\guan-ming.dennis-won\.stmcufinder\plugins\mcufinder
2025-01-13 10:21:00,489 [INFO] ApiDb:250 - Set database path to: C:\Users\guan-ming.dennis-won\.stmcufinder\plugins\mcufinder//mcu/
2025-01-13 10:21:00,489 [WARN] DbFile:41 - Overriding database path with different value: C:\Users\guan-ming.dennis-won\.stmcufinder\plugins\mcufinder/ => C:\Users\guan-ming.dennis-won\.stmcufinder\plugins\mcufinder
2025-01-13 10:21:00,489 [INFO] DbMcusAds:125 - Set database path to: C:\Users\guan-ming.dennis-won\.stmcufinder\plugins\mcufinder//mcu/
2025-01-13 10:21:00,489 [WARN] DbFile:41 - Overriding database path with different value: C:\Users\guan-ming.dennis-won\.stmcufinder\plugins\mcufinder/ => C:\Users\guan-ming.dennis-won\.stmcufinder\plugins\mcufinder
2025-01-13 10:21:00,489 [WARN] DbFile:41 - Overriding database path with different value: C:\Users\guan-ming.dennis-won\.stmcufinder\plugins\mcufinder/ => C:\Users\guan-ming.dennis-won\.stmcufinder\plugins\mcufinder
2025-01-13 10:21:00,489 [INFO] CrossReferenceDbSqlite:203 - Set database path to: C:\Users\guan-ming.dennis-won\.stmcufinder\plugins\mcufinder//mcu/cs/
2025-01-13 10:21:00,508 [INFO] ApplicationProperties:184 - Using Application install path: C:\ST\STM32CubeIDE_1.14.1\STM32CubeIDE\plugins\com.st.stm32cube.common.mx_6.12.0.202406281431
2025-01-13 10:21:00,509 [INFO] PluginManage:196 - Search for loadable plugins [exclusion list=, ]
2025-01-13 10:21:00,511 [INFO] PluginManage:310 - Check plugin analytics
2025-01-13 10:21:00,653 [INFO] AnalyticsPlugin:253 - Accepted Software Licenses: STM32CubeMX.6.12.0
2025-01-13 10:21:00,653 [INFO] AnalyticsPlugin:255 - Accepted CMSIS Pack Licenses: STMicroelectronics.X-CUBE-AI.8.1.0
2025-01-13 10:21:00,653 [INFO] AnalyticsPlugin:257 - Accepted Firmware Licenses: 
2025-01-13 10:21:00,655 [INFO] PluginManage:359 - Loaded plugin analytics (category:tool,tabindex:-1)
2025-01-13 10:21:00,655 [INFO] PluginManage:310 - Check plugin cadmodel
2025-01-13 10:21:00,660 [INFO] CADModel:105 - Init CAD model plugin
2025-01-13 10:21:00,661 [INFO] PluginManage:359 - Loaded plugin cadmodel (category:power,tabindex:5)
2025-01-13 10:21:00,661 [INFO] PluginManage:310 - Check plugin clock
2025-01-13 10:21:00,669 [INFO] PluginManage:359 - Loaded plugin clock (category:base,tabindex:2)
2025-01-13 10:21:00,669 [INFO] PluginManage:310 - Check plugin ddr
2025-01-13 10:21:00,671 [INFO] PluginManage:359 - Loaded plugin ddr (category:tool,tabindex:6)
2025-01-13 10:21:00,672 [INFO] PluginManage:310 - Check plugin filemanager
2025-01-13 10:21:00,786 [INFO] PluginManage:359 - Loaded plugin filemanager (category:base,tabindex:10)
2025-01-13 10:21:00,786 [INFO] PluginManage:310 - Check plugin ipmanager
2025-01-13 10:21:00,795 [INFO] PluginManage:359 - Loaded plugin ipmanager (category:base,tabindex:5)
2025-01-13 10:21:00,796 [INFO] PluginManage:310 - Check plugin lpbam
2025-01-13 10:21:00,804 [INFO] PluginManage:359 - Loaded plugin lpbam (category:base,tabindex:0)
2025-01-13 10:21:00,804 [INFO] PluginManage:310 - Check plugin memorymap
2025-01-13 10:21:00,818 [INFO] PluginManage:359 - Loaded plugin memorymap (category:base,tabindex:4)
2025-01-13 10:21:00,818 [INFO] PluginManage:310 - Check plugin pinoutandconfiguration
2025-01-13 10:21:00,827 [INFO] PluginManage:359 - Loaded plugin pinoutandconfiguration (category:base,tabindex:1)
2025-01-13 10:21:00,827 [INFO] PluginManage:310 - Check plugin pinoutconfig
2025-01-13 10:21:00,908 [WARN] SupportedApi:132 - Cannot load RTOS API schema: s4s-elt-must-match.1: The content of 'definitions' must match (annotation?, (simpleType | complexType)?, (unique | key | keyref)*)). A problem was found starting at: attribute.
2025-01-13 10:21:01,054 [INFO] PluginManage:359 - Loaded plugin pinoutconfig (category:base,tabindex:0)
2025-01-13 10:21:01,055 [INFO] PluginManage:310 - Check plugin power
2025-01-13 10:21:01,064 [INFO] PluginManage:359 - Loaded plugin power (category:power,tabindex:4)
2025-01-13 10:21:01,064 [INFO] PluginManage:310 - Check plugin projectmanager
2025-01-13 10:21:01,086 [INFO] PluginManage:359 - Loaded plugin projectmanager (category:projectmanager,tabindex:4)
2025-01-13 10:21:01,086 [INFO] PluginManage:310 - Check plugin rif
2025-01-13 10:21:01,094 [INFO] PluginManage:359 - Loaded plugin rif (category:base,tabindex:3)
2025-01-13 10:21:01,095 [INFO] PluginManage:310 - Check plugin thirdparty
2025-01-13 10:21:01,236 [INFO] PluginManage:359 - Loaded plugin thirdparty (category:base,tabindex:-1)
2025-01-13 10:21:01,237 [INFO] PluginManage:310 - Check plugin tools
2025-01-13 10:21:01,236 [WARN] IntegrityCheckThread:84 - waiting for thirdparty lock release [integrity check]
2025-01-13 10:21:01,237 [INFO] IntegrityCheckThread:86 - entering critical section [integrity check]
2025-01-13 10:21:01,237 [INFO] ThirdPartyUpdaterWithRetryManager:70 - Updater plugin not ready yet. [1/15]
2025-01-13 10:21:01,240 [INFO] PluginManage:359 - Loaded plugin tools (category:base,tabindex:7)
2025-01-13 10:21:01,240 [INFO] PluginManage:310 - Check plugin tutovideos
2025-01-13 10:21:01,388 [INFO] PluginManage:359 - Loaded plugin tutovideos (category:base,tabindex:-1)
2025-01-13 10:21:01,388 [INFO] PluginManage:310 - Check plugin updater
2025-01-13 10:21:01,403 [INFO] PluginManage:359 - Loaded plugin updater (category:base,tabindex:12)
2025-01-13 10:21:01,403 [INFO] PluginManage:310 - Check plugin userauth
2025-01-13 10:21:01,409 [INFO] UserAuth:113 - Init User Auth plugin
2025-01-13 10:21:01,410 [INFO] PluginManage:359 - Loaded plugin userauth (category:base,tabindex:14)
2025-01-13 10:21:01,410 [INFO] PluginManage:283 - PluginManage : Loaded plugins [18]
2025-01-13 10:21:01,622 [INFO] PinOutPanel:1561 - setPackage(No Configuration,No Configuration)
2025-01-13 10:21:01,738 [INFO] CADModel:165 - CPN selected for project level
2025-01-13 10:21:01,738 [INFO] CADModel:114 - Register for checkConnection events
2025-01-13 10:21:01,757 [INFO] IPUIPlugin:80 - create IPUIPlugin
2025-01-13 10:21:01,757 [INFO] PluginManager:220 - loadIPPluginJar : add adc
2025-01-13 10:21:01,762 [INFO] IPUIPlugin:80 - create IPUIPlugin
2025-01-13 10:21:01,762 [INFO] PluginManager:220 - loadIPPluginJar : add aes
2025-01-13 10:21:01,765 [INFO] IPUIPlugin:80 - create IPUIPlugin
2025-01-13 10:21:01,765 [INFO] PluginManager:220 - loadIPPluginJar : add can
2025-01-13 10:21:01,768 [INFO] IPUIPlugin:80 - create IPUIPlugin
2025-01-13 10:21:01,768 [INFO] PluginManager:220 - loadIPPluginJar : add comp
2025-01-13 10:21:01,771 [INFO] IPUIPlugin:80 - create IPUIPlugin
2025-01-13 10:21:01,772 [INFO] PluginManager:220 - loadIPPluginJar : add cryp
2025-01-13 10:21:01,776 [INFO] IPUIPlugin:80 - create IPUIPlugin
2025-01-13 10:21:01,776 [INFO] PluginManager:220 - loadIPPluginJar : add ddr_ctrl_phy
2025-01-13 10:21:01,779 [INFO] IPUIPlugin:80 - create IPUIPlugin
2025-01-13 10:21:01,779 [INFO] PluginManager:220 - loadIPPluginJar : add dfsdm
2025-01-13 10:21:01,784 [INFO] IPUIPlugin:80 - create IPUIPlugin
2025-01-13 10:21:01,785 [INFO] PluginManager:220 - loadIPPluginJar : add dma
2025-01-13 10:21:01,788 [INFO] IPUIPlugin:80 - create IPUIPlugin
2025-01-13 10:21:01,788 [INFO] PluginManager:220 - loadIPPluginJar : add dma3
2025-01-13 10:21:01,791 [INFO] IPUIPlugin:80 - create IPUIPlugin
2025-01-13 10:21:01,791 [INFO] PluginManager:220 - loadIPPluginJar : add extmemmanager
2025-01-13 10:21:01,793 [INFO] IPUIPlugin:80 - create IPUIPlugin
2025-01-13 10:21:01,793 [INFO] PluginManager:220 - loadIPPluginJar : add fatfs
2025-01-13 10:21:01,798 [INFO] IPUIPlugin:80 - create IPUIPlugin
2025-01-13 10:21:01,798 [INFO] PluginManager:220 - loadIPPluginJar : add fmc
2025-01-13 10:21:01,803 [INFO] IPUIPlugin:80 - create IPUIPlugin
2025-01-13 10:21:01,803 [INFO] PluginManager:220 - loadIPPluginJar : add freertos
2025-01-13 10:21:01,805 [INFO] IPUIPlugin:80 - create IPUIPlugin
2025-01-13 10:21:01,806 [INFO] PluginManager:220 - loadIPPluginJar : add genericplugin
2025-01-13 10:21:01,808 [INFO] IPUIPlugin:80 - create IPUIPlugin
2025-01-13 10:21:01,808 [INFO] PluginManager:220 - loadIPPluginJar : add gfxmmu
2025-01-13 10:21:01,813 [INFO] IPUIPlugin:80 - create IPUIPlugin
2025-01-13 10:21:01,813 [INFO] PluginManager:220 - loadIPPluginJar : add gic
2025-01-13 10:21:01,817 [INFO] IPUIPlugin:80 - create IPUIPlugin
2025-01-13 10:21:01,817 [INFO] PluginManager:220 - loadIPPluginJar : add gpio
2025-01-13 10:21:01,820 [INFO] IPUIPlugin:80 - create IPUIPlugin
2025-01-13 10:21:01,820 [INFO] PluginManager:220 - loadIPPluginJar : add gtzc
2025-01-13 10:21:01,822 [INFO] IPUIPlugin:80 - create IPUIPlugin
2025-01-13 10:21:01,823 [INFO] PluginManager:220 - loadIPPluginJar : add hash
2025-01-13 10:21:01,826 [INFO] IPUIPlugin:80 - create IPUIPlugin
2025-01-13 10:21:01,826 [INFO] PluginManager:220 - loadIPPluginJar : add i2c
2025-01-13 10:21:01,829 [INFO] IPUIPlugin:80 - create IPUIPlugin
2025-01-13 10:21:01,829 [INFO] PluginManager:220 - loadIPPluginJar : add i2s
2025-01-13 10:21:01,832 [INFO] IPUIPlugin:80 - create IPUIPlugin
2025-01-13 10:21:01,832 [INFO] PluginManager:220 - loadIPPluginJar : add i3c
2025-01-13 10:21:01,835 [INFO] IPUIPlugin:80 - create IPUIPlugin
2025-01-13 10:21:01,836 [INFO] PluginManager:220 - loadIPPluginJar : add ipddr
2025-01-13 10:21:01,842 [INFO] IPUIPlugin:80 - create IPUIPlugin
2025-01-13 10:21:01,843 [INFO] PluginManager:220 - loadIPPluginJar : add linkedlist
2025-01-13 10:21:01,846 [INFO] IPUIPlugin:80 - create IPUIPlugin
2025-01-13 10:21:01,846 [INFO] PluginManager:220 - loadIPPluginJar : add lorawan
2025-01-13 10:21:01,848 [INFO] IPUIPlugin:80 - create IPUIPlugin
2025-01-13 10:21:01,849 [INFO] PluginManager:220 - loadIPPluginJar : add ltdc
2025-01-13 10:21:01,854 [INFO] IPUIPlugin:80 - create IPUIPlugin
2025-01-13 10:21:01,854 [INFO] PluginManager:220 - loadIPPluginJar : add mdma
2025-01-13 10:21:01,858 [INFO] IPUIPlugin:80 - create IPUIPlugin
2025-01-13 10:21:01,858 [INFO] PluginManager:220 - loadIPPluginJar : add nvic
2025-01-13 10:21:01,862 [INFO] IPUIPlugin:80 - create IPUIPlugin
2025-01-13 10:21:01,862 [INFO] PluginManager:220 - loadIPPluginJar : add opamp
2025-01-13 10:21:01,866 [INFO] IPUIPlugin:80 - create IPUIPlugin
2025-01-13 10:21:01,866 [INFO] PluginManager:220 - loadIPPluginJar : add openamp
2025-01-13 10:21:01,870 [INFO] IPUIPlugin:80 - create IPUIPlugin
2025-01-13 10:21:01,871 [INFO] PluginManager:220 - loadIPPluginJar : add pdm2pcm
2025-01-13 10:21:01,877 [INFO] IPUIPlugin:80 - create IPUIPlugin
2025-01-13 10:21:01,878 [INFO] PluginManager:220 - loadIPPluginJar : add plateformsettings
2025-01-13 10:21:01,881 [INFO] IPUIPlugin:80 - create IPUIPlugin
2025-01-13 10:21:01,881 [INFO] PluginManager:220 - loadIPPluginJar : add quadspi
2025-01-13 10:21:01,884 [INFO] IPUIPlugin:80 - create IPUIPlugin
2025-01-13 10:21:01,885 [INFO] PluginManager:220 - loadIPPluginJar : add radio
2025-01-13 10:21:01,890 [INFO] IPUIPlugin:80 - create IPUIPlugin
2025-01-13 10:21:01,890 [INFO] PluginManager:220 - loadIPPluginJar : add resmgrutility
2025-01-13 10:21:01,895 [INFO] IPUIPlugin:80 - create IPUIPlugin
2025-01-13 10:21:01,895 [INFO] PluginManager:220 - loadIPPluginJar : add sai
2025-01-13 10:21:01,899 [INFO] IPUIPlugin:80 - create IPUIPlugin
2025-01-13 10:21:01,899 [INFO] PluginManager:220 - loadIPPluginJar : add spi
2025-01-13 10:21:01,904 [INFO] IPUIPlugin:80 - create IPUIPlugin
2025-01-13 10:21:01,904 [INFO] PluginManager:220 - loadIPPluginJar : add stm32_wpan
2025-01-13 10:21:01,907 [INFO] IPUIPlugin:80 - create IPUIPlugin
2025-01-13 10:21:01,907 [INFO] PluginManager:220 - loadIPPluginJar : add tim
2025-01-13 10:21:01,911 [INFO] IPUIPlugin:80 - create IPUIPlugin
2025-01-13 10:21:01,911 [INFO] PluginManager:220 - loadIPPluginJar : add touchsensing
2025-01-13 10:21:01,914 [INFO] IPUIPlugin:80 - create IPUIPlugin
2025-01-13 10:21:01,914 [INFO] PluginManager:220 - loadIPPluginJar : add tracer_emb
2025-01-13 10:21:01,920 [INFO] IPUIPlugin:80 - create IPUIPlugin
2025-01-13 10:21:01,920 [INFO] PluginManager:220 - loadIPPluginJar : add ts
2025-01-13 10:21:01,924 [INFO] IPUIPlugin:80 - create IPUIPlugin
2025-01-13 10:21:01,924 [INFO] PluginManager:220 - loadIPPluginJar : add tsc
2025-01-13 10:21:01,927 [INFO] IPUIPlugin:80 - create IPUIPlugin
2025-01-13 10:21:01,927 [INFO] PluginManager:220 - loadIPPluginJar : add ucpd
2025-01-13 10:21:01,930 [INFO] IPUIPlugin:80 - create IPUIPlugin
2025-01-13 10:21:01,930 [INFO] PluginManager:220 - loadIPPluginJar : add usart
2025-01-13 10:21:01,934 [INFO] IPUIPlugin:80 - create IPUIPlugin
2025-01-13 10:21:01,934 [INFO] PluginManager:220 - loadIPPluginJar : add usbx
2025-01-13 10:21:02,070 [INFO] CADModel:165 - CPN selected for project level
2025-01-13 10:21:02,070 [INFO] CADModel:114 - Register for checkConnection events
2025-01-13 10:21:02,070 [FATAL] Updater:334 - Updater called before beeing initialized
2025-01-13 10:21:02,070 [ERROR] CADModel:125 - Updater not yet initialized, retry later 
2025-01-13 10:21:02,196 [INFO] CADModel:165 - CPN selected for project level
2025-01-13 10:21:02,197 [INFO] CADModel:114 - Register for checkConnection events
2025-01-13 10:21:02,197 [FATAL] Updater:334 - Updater called before beeing initialized
2025-01-13 10:21:02,197 [ERROR] CADModel:125 - Updater not yet initialized, retry later 
2025-01-13 10:21:02,199 [FATAL] Updater:334 - Updater called before beeing initialized
2025-01-13 10:21:02,315 [FATAL] Updater:334 - Updater called before beeing initialized
2025-01-13 10:21:02,319 [INFO] DbMcusAds:53 - JSON generation date=Wed Dec 18 00:01:15 SGT 2024 (1734451275222)
2025-01-13 10:21:02,319 [FATAL] Updater:334 - Updater called before beeing initialized
2025-01-13 10:21:02,361 [WARN] DetailPanel:346 - Failed to get advertising image, set to default
2025-01-13 10:21:02,456 [FATAL] Updater:334 - Updater called before beeing initialized
2025-01-13 10:21:02,459 [FATAL] Updater:334 - Updater called before beeing initialized
2025-01-13 10:21:02,459 [FATAL] Updater:334 - Updater called before beeing initialized
2025-01-13 10:21:02,459 [WARN] DetailPanel:346 - Failed to get advertising image, set to default
2025-01-13 10:21:02,459 [FATAL] Updater:334 - Updater called before beeing initialized
2025-01-13 10:21:02,507 [ERROR] Updater:1164 - MainUpdater not yet initialized. External WinMGr cannot be set.
2025-01-13 10:21:02,510 [INFO] Updater:1100 - Updater Version found : 6.12.0
2025-01-13 10:21:02,528 [INFO] ApplicationProperties:184 - Using Application install path: C:\ST\STM32CubeIDE_1.14.1\STM32CubeIDE\plugins\com.st.stm32cube.common.mx_6.12.0.202406281431
2025-01-13 10:21:02,902 [INFO] MainUpdater:2873 - connection check result : 10
2025-01-13 10:21:02,902 [INFO] MainUpdater:3567 - Updater definition file requires update
2025-01-13 10:21:02,903 [INFO] MainUpdater:290 - Updater Check For Update Now.
2025-01-13 10:21:02,903 [INFO] MicroXplorer:498 - Change Database Version : DB.6.0.120
2025-01-13 10:21:02,909 [INFO] McuFinderGlobals:63 - Set McuFinder mode to 2 (CubeIDE integrated)
2025-01-13 10:21:02,911 [INFO] UserAuth:417 - Internet connection configuration mode: 1
2025-01-13 10:21:02,925 [INFO] JxBrowserEngine:152 - Initiate JxBrowser Engine with user profile folder
2025-01-13 10:21:02,995 [INFO] ServerAccessManage:473 - Download File updaters.zip
2025-01-13 10:21:03,057 [INFO] FileExtend:240 - Unzip File : updaters.zip
2025-01-13 10:21:03,057 [INFO] FileExtend:255 - Standard Zip Deflate
2025-01-13 10:21:03,664 [INFO] ServerAccessManage:473 - Download File PacksControlFlags.xml
2025-01-13 10:21:03,725 [INFO] ServerAccessManage:473 - Download File cubemx.pidx
2025-01-13 10:21:04,239 [WARN] MainUpdater:1194 - Updater busy. Cannot search thirdparties
2025-01-13 10:21:04,240 [INFO] ThirdPartyUpdaterWithRetryManager:96 - Updater plugin is busy. [1/15]
2025-01-13 10:21:04,430 [INFO] ServerAccessManage:473 - Download File STMicroelectronics.X-CUBE-IPS.pdsc
2025-01-13 10:21:04,751 [INFO] WebApp:167 - Instantiating new browser for Auth
2025-01-13 10:21:04,827 [INFO] ServerAccessManage:473 - Download File STMicroelectronics.X-CUBE-TOUCHGFX.pdsc
2025-01-13 10:21:05,736 [INFO] WebApp:448 - Apply proxy settings
2025-01-13 10:21:05,736 [INFO] WebApp:533 - Chromium requires no authentication
2025-01-13 10:21:05,806 [INFO] WebApp:476 - Direct internet connection detected
2025-01-13 10:21:05,877 [INFO] WebApp:869 - Register for checkConnection events
2025-01-13 10:21:05,877 [INFO] WebApp:448 - Apply proxy settings
2025-01-13 10:21:05,877 [INFO] WebApp:533 - Chromium requires no authentication
2025-01-13 10:21:05,878 [INFO] WebApp:476 - Direct internet connection detected
2025-01-13 10:21:06,056 [INFO] WebApp:186 - Connection restablished
2025-01-13 10:21:06,136 [INFO] WebApp:220 - Starting web application
2025-01-13 10:21:06,136 [INFO] WebApp:578 - Web application path used C:\ST\STM32CubeIDE_1.14.1\STM32CubeIDE\plugins\com.st.stm32cube.common.mx_6.12.0.202406281431\db\plugins\mcufinder\reactClient1\index.html
2025-01-13 10:21:06,299 [INFO] UserAuth:417 - Internet connection configuration mode: 1
2025-01-13 10:21:06,338 [WARN] PopulateThirdPartyThread:106 - Error when creating pack: C:/Users/guan-ming.dennis-won/.stm32cubemx/thirdparties/pdsc/STMicroelectronics.X-CUBE-IPS.pdsc
2025-01-13 10:21:06,421 [WARN] PackLoader:240 - Cannot read IP mode file for STMicroelectronics.X-CUBE-TOUCHGFX.4.24.2
2025-01-13 10:21:06,423 [INFO] PopulateThirdPartyThread:66 - Ending populate Thread
2025-01-13 10:21:06,425 [INFO] ThirdParty:1030 - CMSIS Pack Vendor :STMicroelectronics X-CUBE-TOUCHGFX 4.24.2
2025-01-13 10:21:06,426 [INFO] LoadServerUpdatesThread:375 - End of LoadServerUpdate Thread
2025-01-13 10:21:06,569 [INFO] CheckServerUpdateThread:120 - End of CheckServer Thread
2025-01-13 10:21:07,559 [WARN] PackLoader:240 - Cannot read IP mode file for STMicroelectronics.FP-SNS-MOTENVWB1.1.4.0
2025-01-13 10:21:07,565 [WARN] PackLoader:240 - Cannot read IP mode file for STMicroelectronics.FP-ATR-ASTRA1.2.0.1
2025-01-13 10:21:07,572 [WARN] PackLoader:240 - Cannot read IP mode file for STMicroelectronics.X-CUBE-SMBUS.2.1.0
2025-01-13 10:21:07,579 [WARN] PackLoader:240 - Cannot read IP mode file for STMicroelectronics.X-CUBE-WB05N.1.1.0
2025-01-13 10:21:07,584 [WARN] PackLoader:240 - Cannot read IP mode file for STMicroelectronics.X-CUBE-TOUCHGFX.4.23.0
2025-01-13 10:21:07,587 [WARN] PackLoader:240 - Cannot read IP mode file for STMicroelectronics.X-CUBE-TOUCHGFX.4.23.2
2025-01-13 10:21:07,607 [WARN] PackLoader:240 - Cannot read IP mode file for STMicroelectronics.X-CUBE-AZRTOS-F7.1.1.0
2025-01-13 10:21:07,616 [WARN] PackLoader:240 - Cannot read IP mode file for STMicroelectronics.FP-SNS-MOTENV1.4.3.2
2025-01-13 10:21:07,665 [WARN] PackLoader:240 - Cannot read IP mode file for STMicroelectronics.X-CUBE-MEMS1.11.0.0
2025-01-13 10:21:07,778 [WARN] PackLoader:240 - Cannot read IP mode file for STMicroelectronics.FP-SNS-FLIGHT1.5.0.2
2025-01-13 10:21:07,787 [WARN] PackLoader:240 - Cannot read IP mode file for STMicroelectronics.X-CUBE-DISPLAY.3.0.0
2025-01-13 10:21:07,797 [WARN] PackLoader:240 - Cannot read IP mode file for STMicroelectronics.X-CUBE-BLE1.7.0.0
2025-01-13 10:21:07,805 [WARN] PackLoader:240 - Cannot read IP mode file for STMicroelectronics.X-CUBE-NFC10.1.0.0
2025-01-13 10:21:07,818 [WARN] PackLoader:240 - Cannot read IP mode file for STMicroelectronics.X-CUBE-BLEMGR.4.0.0
2025-01-13 10:21:07,828 [WARN] PackLoader:240 - Cannot read IP mode file for emotas.I-CUBE-CANOPEN.1.3.0
2025-01-13 10:21:07,837 [WARN] PackLoader:240 - Cannot read IP mode file for STMicroelectronics.X-CUBE-AI.7.2.0
2025-01-13 10:21:07,896 [WARN] PackLoader:240 - Cannot read IP mode file for STMicroelectronics.X-CUBE-BLEMGR.3.1.0
2025-01-13 10:21:07,905 [WARN] PackLoader:240 - Cannot read IP mode file for STMicroelectronics.FP-SNS-SMARTAG2.1.2.0
2025-01-13 10:21:07,943 [WARN] PackLoader:240 - Cannot read IP mode file for STMicroelectronics.X-CUBE-MEMS1.11.1.0
2025-01-13 10:21:08,051 [INFO] LogOutputStream:77 - [STDOUT_REDIRECT] 1 : Invalid condition id : UX_CORESTACK_Condition cause : null
2025-01-13 10:21:08,052 [INFO] LogOutputStream:77 - [STDOUT_REDIRECT] 1 : Invalid condition id : UX_CORESTACK_Condition cause : null
2025-01-13 10:21:08,053 [INFO] LogOutputStream:77 - [STDOUT_REDIRECT] 1 : Invalid condition id : UX_CORESTACK_Condition cause : null
2025-01-13 10:21:08,054 [INFO] LogOutputStream:77 - [STDOUT_REDIRECT] 1 : Invalid condition id : UX_CORESTACK_Condition cause : null
2025-01-13 10:21:08,056 [INFO] LogOutputStream:77 - [STDOUT_REDIRECT] 1 : Invalid condition id : UX_CORESTACK_Condition cause : null
2025-01-13 10:21:08,059 [WARN] PackLoader:240 - Cannot read IP mode file for STMicroelectronics.X-CUBE-AZRTOS-WL.2.0.0
2025-01-13 10:21:08,066 [WARN] PackLoader:240 - Cannot read IP mode file for STMicroelectronics.FP-SNS-MOTENV1.5.0.0
2025-01-13 10:21:08,074 [WARN] PackLoader:240 - Cannot read IP mode file for wolfSSL.I-CUBE-wolfMQTT.1.19.0
2025-01-13 10:21:08,081 [WARN] PackLoader:240 - Cannot read IP mode file for WES.I-CUBE-Cesium.1.3.0
2025-01-13 10:21:08,087 [WARN] PackLoader:240 - Cannot read IP mode file for STMicroelectronics.X-CUBE-BLE2.3.3.0
2025-01-13 10:21:08,094 [WARN] PackLoader:240 - Cannot read IP mode file for STMicroelectronics.X-CUBE-NFC9.1.0.0
2025-01-13 10:21:08,101 [WARN] PackLoader:240 - Cannot read IP mode file for STMicroelectronics.X-CUBE-TCPP.4.1.0
2025-01-13 10:21:08,116 [WARN] PackLoader:240 - Cannot read IP mode file for STMicroelectronics.X-CUBE-ALGOBUILD.1.3.0
2025-01-13 10:21:08,134 [WARN] PackLoader:240 - Cannot read IP mode file for STMicroelectronics.X-CUBE-AZRTOS-G0.1.1.0
2025-01-13 10:21:08,145 [WARN] PackLoader:240 - Cannot read IP mode file for STMicroelectronics.X-CUBE-SAFEA1.1.2.2
2025-01-13 10:21:08,153 [WARN] PackLoader:240 - Cannot read IP mode file for STMicroelectronics.X-CUBE-NFC4.3.0.0
2025-01-13 10:21:08,158 [WARN] PackLoader:240 - Cannot read IP mode file for wolfSSL.I-CUBE-wolfMQTT.1.18.0
2025-01-13 10:21:08,168 [WARN] PackLoader:240 - Cannot read IP mode file for EmbeddedOffice.I-CUBE-FS-RTOS.1.0.1
2025-01-13 10:21:08,169 [ERROR] ConditionMgr:805 - Attr not supported : Dmpu
2025-01-13 10:21:08,169 [ERROR] ConditionMgr:805 - Attr not supported : Dmpu
2025-01-13 10:21:08,169 [ERROR] ConditionMgr:805 - Attr not supported : Dmpu
2025-01-13 10:21:08,169 [ERROR] ConditionMgr:805 - Attr not supported : Dmpu
2025-01-13 10:21:08,169 [ERROR] ConditionMgr:805 - Attr not supported : Dmpu
2025-01-13 10:21:08,169 [ERROR] ConditionMgr:805 - Attr not supported : Dmpu
2025-01-13 10:21:08,169 [ERROR] ConditionMgr:805 - Attr not supported : Dmpu
2025-01-13 10:21:08,169 [ERROR] ConditionMgr:805 - Attr not supported : Dmpu
2025-01-13 10:21:08,169 [ERROR] ConditionMgr:805 - Attr not supported : Dmpu
2025-01-13 10:21:08,169 [ERROR] ConditionMgr:805 - Attr not supported : Dmpu
2025-01-13 10:21:08,169 [ERROR] ConditionMgr:805 - Attr not supported : Dmpu
2025-01-13 10:21:08,169 [ERROR] ConditionMgr:805 - Attr not supported : Dmpu
2025-01-13 10:21:08,169 [ERROR] ConditionMgr:805 - Attr not supported : Dmpu
2025-01-13 10:21:08,170 [ERROR] ConditionMgr:805 - Attr not supported : Dmpu
2025-01-13 10:21:08,170 [ERROR] ConditionMgr:805 - Attr not supported : Dmpu
2025-01-13 10:21:08,170 [ERROR] ConditionMgr:805 - Attr not supported : Dmpu
2025-01-13 10:21:08,170 [ERROR] ConditionMgr:805 - Attr not supported : Dmpu
2025-01-13 10:21:08,170 [ERROR] ConditionMgr:805 - Attr not supported : Dmpu
2025-01-13 10:21:08,170 [ERROR] ConditionMgr:805 - Attr not supported : Dmpu
2025-01-13 10:21:08,170 [ERROR] ConditionMgr:805 - Attr not supported : Dmpu
2025-01-13 10:21:08,170 [ERROR] ConditionMgr:805 - Attr not supported : Dmpu
2025-01-13 10:21:08,170 [ERROR] ConditionMgr:805 - Attr not supported : Dmpu
2025-01-13 10:21:08,170 [ERROR] ConditionMgr:805 - Attr not supported : Dmpu
2025-01-13 10:21:08,170 [ERROR] ConditionMgr:805 - Attr not supported : Dmpu
2025-01-13 10:21:08,170 [ERROR] ConditionMgr:805 - Attr not supported : Dmpu
2025-01-13 10:21:08,170 [ERROR] ConditionMgr:805 - Attr not supported : Dmpu
2025-01-13 10:21:08,170 [ERROR] ConditionMgr:805 - Attr not supported : Dmpu
2025-01-13 10:21:08,170 [ERROR] ConditionMgr:805 - Attr not supported : Dmpu
2025-01-13 10:21:08,171 [ERROR] ConditionMgr:805 - Attr not supported : Dmpu
2025-01-13 10:21:08,171 [ERROR] ConditionMgr:805 - Attr not supported : Dmpu
2025-01-13 10:21:08,171 [ERROR] ConditionMgr:805 - Attr not supported : Dmpu
2025-01-13 10:21:08,171 [ERROR] ConditionMgr:805 - Attr not supported : Dmpu
2025-01-13 10:21:08,171 [ERROR] ConditionMgr:805 - Attr not supported : Dmpu
2025-01-13 10:21:08,171 [ERROR] ConditionMgr:805 - Attr not supported : Dmpu
2025-01-13 10:21:08,171 [ERROR] ConditionMgr:805 - Attr not supported : Dmpu
2025-01-13 10:21:08,171 [ERROR] ConditionMgr:805 - Attr not supported : Dmpu
2025-01-13 10:21:08,171 [ERROR] ConditionMgr:805 - Attr not supported : Dmpu
2025-01-13 10:21:08,171 [ERROR] ConditionMgr:805 - Attr not supported : Dmpu
2025-01-13 10:21:08,171 [ERROR] ConditionMgr:805 - Attr not supported : Dmpu
2025-01-13 10:21:08,171 [ERROR] ConditionMgr:805 - Attr not supported : Dmpu
2025-01-13 10:21:08,171 [ERROR] ConditionMgr:805 - Attr not supported : Dmpu
2025-01-13 10:21:08,171 [ERROR] ConditionMgr:805 - Attr not supported : Dmpu
2025-01-13 10:21:08,171 [ERROR] ConditionMgr:805 - Attr not supported : Dmpu
2025-01-13 10:21:08,171 [ERROR] ConditionMgr:805 - Attr not supported : Dmpu
2025-01-13 10:21:08,171 [ERROR] ConditionMgr:805 - Attr not supported : Dmpu
2025-01-13 10:21:08,171 [ERROR] ConditionMgr:805 - Attr not supported : Dmpu
2025-01-13 10:21:08,172 [ERROR] ConditionMgr:805 - Attr not supported : Dmpu
2025-01-13 10:21:08,172 [ERROR] ConditionMgr:805 - Attr not supported : Dmpu
2025-01-13 10:21:08,172 [ERROR] ConditionMgr:805 - Attr not supported : Dmpu
2025-01-13 10:21:08,172 [ERROR] ConditionMgr:805 - Attr not supported : Dmpu
2025-01-13 10:21:08,172 [ERROR] ConditionMgr:805 - Attr not supported : Dmpu
2025-01-13 10:21:08,172 [ERROR] ConditionMgr:805 - Attr not supported : Dmpu
2025-01-13 10:21:08,172 [ERROR] ConditionMgr:805 - Attr not supported : Dmpu
2025-01-13 10:21:08,172 [ERROR] ConditionMgr:805 - Attr not supported : Dmpu
2025-01-13 10:21:08,172 [ERROR] ConditionMgr:805 - Attr not supported : Dmpu
2025-01-13 10:21:08,172 [ERROR] ConditionMgr:805 - Attr not supported : Dmpu
2025-01-13 10:21:08,172 [ERROR] ConditionMgr:805 - Attr not supported : Dmpu
2025-01-13 10:21:08,172 [ERROR] ConditionMgr:805 - Attr not supported : Dmpu
2025-01-13 10:21:08,172 [ERROR] ConditionMgr:805 - Attr not supported : Dmpu
2025-01-13 10:21:08,172 [ERROR] ConditionMgr:805 - Attr not supported : Dmpu
2025-01-13 10:21:08,172 [ERROR] ConditionMgr:805 - Attr not supported : Dmpu
2025-01-13 10:21:08,172 [ERROR] ConditionMgr:805 - Attr not supported : Dmpu
2025-01-13 10:21:08,172 [ERROR] ConditionMgr:805 - Attr not supported : Dmpu
2025-01-13 10:21:08,172 [ERROR] ConditionMgr:805 - Attr not supported : Dmpu
2025-01-13 10:21:08,181 [WARN] PackLoader:240 - Cannot read IP mode file for STMicroelectronics.X-CUBE-BLEMGR.3.0.0
2025-01-13 10:21:08,187 [ERROR] Engine:466 - C:\Users\guan-ming.dennis-won\.stm32cubemx\thirdparties\pdsc\STMicroelectronics.X-CUBE-TCPP.4.2.0.pdsc: PDSC version is not supported
2025-01-13 10:21:08,195 [WARN] PackLoader:240 - Cannot read IP mode file for RealThread.X-CUBE-RT-Thread_Nano.4.1.1
2025-01-13 10:21:08,199 [WARN] PackLoader:240 - Cannot read IP mode file for wolfSSL.I-CUBE-wolfSSL.5.7.0
2025-01-13 10:21:08,205 [WARN] PackLoader:240 - Cannot read IP mode file for STMicroelectronics.FP-ATR-SIGFOX1.3.2.0
2025-01-13 10:21:08,213 [WARN] ConditionMgr:438 - getConditionDescription Invalid condition id : Cortex-A Device cause : null
2025-01-13 10:21:08,229 [WARN] ConditionMgr:1039 - genDependencies : Invalid condition id : Cortex-A Device cause : null
2025-01-13 10:21:08,229 [WARN] ConditionMgr:1039 - genDependencies : Invalid condition id : Cortex-A Device cause : null
2025-01-13 10:21:08,229 [WARN] ConditionMgr:1039 - genDependencies : Invalid condition id : Cortex-A Device cause : null
2025-01-13 10:21:08,236 [WARN] PackLoader:240 - Cannot read IP mode file for STMicroelectronics.X-CUBE-EEPRMA1.5.1.0
2025-01-13 10:21:08,245 [WARN] PackLoader:240 - Cannot read IP mode file for ITTIA_DB.I-CUBE-ITTIADB.8.9.0
2025-01-13 10:21:08,276 [WARN] PackLoader:240 - Cannot read IP mode file for SEGGER.I-CUBE-embOS.1.3.1
2025-01-13 10:21:08,316 [WARN] PackLoader:240 - Cannot read IP mode file for STMicroelectronics.X-CUBE-ALGOBUILD.1.4.0
2025-01-13 10:21:08,320 [WARN] PackLoader:240 - Cannot read IP mode file for STMicroelectronics.X-CUBE-AI.9.1.0
2025-01-13 10:21:08,327 [WARN] PackLoader:240 - Cannot read IP mode file for STMicroelectronics.X-CUBE-GNSS1.6.0.0
2025-01-13 10:21:08,344 [WARN] PackLoader:240 - Cannot read IP mode file for STMicroelectronics.X-CUBE-AZRTOS-F4.1.1.0
2025-01-13 10:21:08,352 [WARN] PackLoader:240 - Cannot read IP mode file for STMicroelectronics.X-CUBE-ISPU.2.1.0
2025-01-13 10:21:08,359 [WARN] PackLoader:240 - Cannot read IP mode file for STMicroelectronics.X-CUBE-FREERTOS.1.2.0
2025-01-13 10:21:08,363 [WARN] PackLoader:240 - Cannot read IP mode file for wolfSSL.I-CUBE-wolfSSL.5.6.6
2025-01-13 10:21:08,381 [WARN] PackLoader:240 - Cannot read IP mode file for STMicroelectronics.X-CUBE-AZRTOS-L5.2.0.0
2025-01-13 10:21:08,390 [WARN] PackLoader:240 - Cannot read IP mode file for STMicroelectronics.X-CUBE-EEPRMA1.4.2.0
2025-01-13 10:21:08,400 [WARN] PackLoader:240 - Cannot read IP mode file for STMicroelectronics.X-CUBE-NFC6.3.1.0
2025-01-13 10:21:08,409 [WARN] PackLoader:240 - Cannot read IP mode file for ITTIA_DB.I-CUBE-ITTIADB.8.8.0
2025-01-13 10:21:08,417 [WARN] PackLoader:240 - Cannot read IP mode file for STMicroelectronics.X-CUBE-DPower.1.2.0
2025-01-13 10:21:08,427 [WARN] PackLoader:240 - Cannot read IP mode file for STMicroelectronics.X-CUBE-AI.9.0.0
2025-01-13 10:21:08,471 [WARN] PackLoader:240 - Cannot read IP mode file for STMicroelectronics.X-CUBE-FREERTOS.1.3.0
2025-01-13 10:21:08,480 [WARN] PackLoader:240 - Cannot read IP mode file for STMicroelectronics.X-CUBE-NFC7.1.0.1
2025-01-13 10:21:08,487 [WARN] PackLoader:240 - Cannot read IP mode file for wolfSSL.I-CUBE-wolfTPM.3.2.0
2025-01-13 10:21:08,495 [WARN] PackLoader:240 - Cannot read IP mode file for STMicroelectronics.X-CUBE-NFC6.3.0.0
2025-01-13 10:21:08,501 [WARN] PackLoader:240 - Cannot read IP mode file for STMicroelectronics.X-CUBE-AI.8.1.0
2025-01-13 10:21:08,521 [WARN] ConditionMgr:438 - getConditionDescription Invalid condition id : LAN8742 Phy interface Condition cause : null
2025-01-13 10:21:08,522 [WARN] PackLoader:240 - Cannot read IP mode file for STMicroelectronics.X-CUBE-AZRTOS-L4.2.0.0
2025-01-13 10:21:08,523 [WARN] ConditionMgr:1039 - genDependencies : Invalid condition id : LAN8742 Phy interface Condition cause : null
2025-01-13 10:21:08,524 [WARN] ConditionMgr:1039 - genDependencies : Invalid condition id : LAN8742 Phy interface Condition cause : null
2025-01-13 10:21:08,525 [WARN] ConditionMgr:1039 - genDependencies : Invalid condition id : LAN8742 Phy interface Condition cause : null
2025-01-13 10:21:08,535 [WARN] PackLoader:240 - Cannot read IP mode file for STMicroelectronics.X-CUBE-SFXS2LP1.4.0.0
2025-01-13 10:21:08,543 [ERROR] Engine:466 - STMicroelectronics.X-CUBE-AI.9.0.0: Software pack already exists
2025-01-13 10:21:08,562 [WARN] PackLoader:240 - Cannot read IP mode file for STMicroelectronics.X-CUBE-AZRTOS-H7.3.3.0
2025-01-13 10:21:08,576 [WARN] PackLoader:240 - Cannot read IP mode file for STMicroelectronics.X-CUBE-IPS.3.0.0
2025-01-13 10:21:08,588 [WARN] ConditionMgr:438 - getConditionDescription Invalid condition id : UX DEVICE CLASS RTOS Condition cause : null
2025-01-13 10:21:08,588 [WARN] ConditionMgr:438 - getConditionDescription Invalid condition id : UX DEVICE CLASS RTOS Condition cause : null
2025-01-13 10:21:08,591 [WARN] PackLoader:240 - Cannot read IP mode file for STMicroelectronics.X-CUBE-AZRTOS-WB.2.0.0
2025-01-13 10:21:08,591 [WARN] ConditionMgr:1039 - genDependencies : Invalid condition id : UX DEVICE CLASS RTOS Condition cause : null
2025-01-13 10:21:08,591 [WARN] ConditionMgr:1039 - genDependencies : Invalid condition id : UX DEVICE CLASS RTOS Condition cause : null
2025-01-13 10:21:08,592 [WARN] ConditionMgr:1039 - genDependencies : Invalid condition id : UX DEVICE CLASS RTOS Condition cause : null
2025-01-13 10:21:08,592 [WARN] ConditionMgr:1039 - genDependencies : Invalid condition id : UX DEVICE CLASS RTOS Condition cause : null
2025-01-13 10:21:08,592 [WARN] ConditionMgr:1039 - genDependencies : Invalid condition id : UX DEVICE CLASS RTOS Condition cause : null
2025-01-13 10:21:08,598 [WARN] PackLoader:240 - Cannot read IP mode file for STMicroelectronics.X-CUBE-GNSS1.7.0.0
2025-01-13 10:21:08,604 [WARN] PackLoader:240 - Cannot read IP mode file for STMicroelectronics.X-CUBE-GNSS1.7.0.1
2025-01-13 10:21:08,613 [WARN] PackLoader:240 - Cannot read IP mode file for STMicroelectronics.FP-SNS-STBOX1.2.0.0
2025-01-13 10:21:08,626 [WARN] PackLoader:240 - Cannot read IP mode file for STMicroelectronics.X-CUBE-SUBG2.5.0.0
2025-01-13 10:21:08,634 [WARN] PackLoader:240 - Cannot read IP mode file for Cesanta.I-CUBE-Mongoose.7.13.0
2025-01-13 10:21:08,646 [WARN] PackLoader:240 - Cannot read IP mode file for STMicroelectronics.X-CUBE-AZRTOS-G4.2.0.0
2025-01-13 10:21:08,659 [WARN] PackLoader:240 - Cannot read IP mode file for Infineon.AIROC-Wi-Fi-Bluetooth-STM32.1.5.1
2025-01-13 10:21:08,667 [WARN] PackLoader:240 - Cannot read IP mode file for STMicroelectronics.FP-SNS-MOTENVWB1.1.3.1
2025-01-13 10:21:08,672 [WARN] PackLoader:240 - Cannot read IP mode file for STMicroelectronics.X-CUBE-ISPU.2.0.0
2025-01-13 10:21:08,677 [ERROR] Engine:466 - C:\Users\guan-ming.dennis-won\.stm32cubemx\thirdparties\pdsc\STMicroelectronics.X-CUBE-IPS.3.1.0.pdsc: PDSC version is not supported
2025-01-13 10:21:08,682 [WARN] PackLoader:240 - Cannot read IP mode file for STMicroelectronics.X-CUBE-ALS.1.0.2
2025-01-13 10:21:08,717 [WARN] PackLoader:240 - Cannot read IP mode file for STMicroelectronics.X-CUBE-MEMS1.10.0.0
2025-01-13 10:21:08,828 [WARN] PackLoader:240 - Cannot read IP mode file for STMicroelectronics.X-CUBE-FREERTOS.1.1.0
2025-01-13 10:21:08,833 [WARN] PackLoader:240 - Cannot read IP mode file for STMicroelectronics.X-CUBE-TOUCHGFX.4.24.0
2025-01-13 10:21:08,838 [WARN] PackLoader:240 - Cannot read IP mode file for STMicroelectronics.X-CUBE-TOUCHGFX.4.24.2
2025-01-13 10:21:08,842 [WARN] PackLoader:240 - Cannot read IP mode file for STMicroelectronics.X-CUBE-TOUCHGFX.4.24.1
2025-01-13 10:21:08,850 [WARN] PackLoader:240 - Cannot read IP mode file for portGmbH.I-Cube-SoM-uGOAL.1.1.0
2025-01-13 10:21:08,853 [WARN] PackLoader:240 - Cannot read IP mode file for STMicroelectronics.X-CUBE-ALS.1.0.1
2025-01-13 10:21:08,866 [WARN] PackLoader:240 - Cannot read IP mode file for STMicroelectronics.X-CUBE-AZRTOS-H7RS.1.0.0
2025-01-13 10:21:08,872 [WARN] PackLoader:240 - Cannot read IP mode file for STMicroelectronics.FP-ATR-ASTRA1.2.0.0
2025-01-13 10:21:08,883 [WARN] PackLoader:240 - Cannot read IP mode file for STMicroelectronics.X-CUBE-TOF1.3.4.2
2025-01-13 10:21:08,900 [WARN] PackLoader:240 - Cannot read IP mode file for STMicroelectronics.X-CUBE-TOF1.3.4.0
2025-01-13 10:21:08,919 [WARN] PackLoader:240 - Cannot read IP mode file for STMicroelectronics.X-CUBE-TOF1.3.4.1
2025-01-13 10:21:08,946 [WARN] PackLoader:240 - Cannot read IP mode file for STMicroelectronics.X-CUBE-AZRTOS-H7.3.2.0
2025-01-13 10:21:08,959 [WARN] PackLoader:240 - Cannot read IP mode file for Infineon.AIROC-Wi-Fi-Bluetooth-STM32.1.6.0
2025-01-13 10:21:08,967 [WARN] PackLoader:240 - Cannot read IP mode file for wolfSSL.I-CUBE-wolfSSH.1.4.17
2025-01-13 10:21:08,968 [INFO] ThirdParty:978 - Integrity check success = true
2025-01-13 10:21:08,968 [INFO] IntegrityCheckThread:100 - exiting critical section [integrity check]
2025-01-13 10:21:08,968 [INFO] IntegrityCheckThread:103 - End integrity checks thread
2025-01-13 11:30:36,864 [INFO] WebApp:189 - Connection lost
2025-01-13 13:14:09,596 [INFO] WebApp:186 - Connection restablished
2025-01-13 13:14:11,226 [INFO] WebApp:189 - Connection lost
2025-01-13 13:14:11,393 [INFO] WebApp:186 - Connection restablished
2025-01-13 17:20:17,091 [INFO] WebApp:189 - Connection lost
2025-01-13 17:20:17,337 [INFO] WebApp:186 - Connection restablished
2025-01-13 17:20:20,109 [INFO] WebApp:189 - Connection lost
2025-01-13 17:20:20,295 [INFO] WebApp:186 - Connection restablished
2025-01-13 17:25:57,459 [ERROR] LogOutputStream:75 - [STDERR_REDIRECT] 
