Flow report for component_tutorial
Tue Apr 02 16:11:30 2024
Quartus II 64-Bit Version 13.1.0 Build 162 10/23/2013 SJ Web Edition


---------------------
; Table of Contents ;
---------------------
  1. Legal Notice
  2. Flow Summary
  3. Flow Settings
  4. Flow Non-Default Global Settings
  5. Flow Elapsed Time
  6. Flow OS Summary
  7. Flow Log
  8. Flow Messages
  9. Flow Suppressed Messages



----------------
; Legal Notice ;
----------------
Copyright (C) 1991-2013 Altera Corporation
Your use of Altera Corporation's design tools, logic functions 
and other software and tools, and its AMPP partner logic 
functions, and any output files from any of the foregoing 
(including device programming or simulation files), and any 
associated documentation or information are expressly subject 
to the terms and conditions of the Altera Program License 
Subscription Agreement, Altera MegaCore Function License 
Agreement, or other applicable license agreement, including, 
without limitation, that your use is for the sole purpose of 
programming logic devices manufactured by Altera and sold by 
Altera or its authorized distributors.  Please refer to the 
applicable agreement for further details.



+------------------------------------------------------------------------------+
; Flow Summary                                                                 ;
+---------------------------------+--------------------------------------------+
; Flow Status                     ; Successful - Tue Apr 02 16:11:30 2024      ;
; Quartus II 64-Bit Version       ; 13.1.0 Build 162 10/23/2013 SJ Web Edition ;
; Revision Name                   ; component_tutorial                         ;
; Top-level Entity Name           ; component_tutorial                         ;
; Family                          ; Cyclone V                                  ;
; Device                          ; 5CGXFC3B7F23C8                             ;
; Timing Models                   ; Final                                      ;
; Logic utilization (in ALMs)     ; 643 / 13,460 ( 5 % )                       ;
; Total registers                 ; 837                                        ;
; Total pins                      ; 30 / 222 ( 14 % )                          ;
; Total virtual pins              ; 0                                          ;
; Total block memory bits         ; 43,008 / 1,382,400 ( 3 % )                 ;
; Total DSP Blocks                ; 0 / 57 ( 0 % )                             ;
; Total HSSI RX PCSs              ; 0 / 3 ( 0 % )                              ;
; Total HSSI PMA RX Deserializers ; 0 / 3 ( 0 % )                              ;
; Total HSSI TX PCSs              ; 0 / 3 ( 0 % )                              ;
; Total HSSI TX Channels          ; 0 / 3 ( 0 % )                              ;
; Total PLLs                      ; 0 / 7 ( 0 % )                              ;
; Total DLLs                      ; 0 / 3 ( 0 % )                              ;
+---------------------------------+--------------------------------------------+


+-----------------------------------------+
; Flow Settings                           ;
+-------------------+---------------------+
; Option            ; Setting             ;
+-------------------+---------------------+
; Start date & time ; 04/02/2024 16:10:22 ;
; Main task         ; Compilation         ;
; Revision Name     ; component_tutorial  ;
+-------------------+---------------------+


+----------------------------------------------------------------------------------------------------------------------------+
; Flow Non-Default Global Settings                                                                                           ;
+-------------------------------------+---------------------------------------+---------------+-------------+----------------+
; Assignment Name                     ; Value                                 ; Default Value ; Entity Name ; Section Id     ;
+-------------------------------------+---------------------------------------+---------------+-------------+----------------+
; COMPILER_SIGNATURE_ID               ; 198642186969524.171204542103312       ; --            ; --          ; --             ;
; EDA_OUTPUT_DATA_FORMAT              ; Vhdl                                  ; --            ; --          ; eda_simulation ;
; EDA_SIMULATION_TOOL                 ; ModelSim-Altera (VHDL)                ; <None>        ; --          ; --             ;
; MAX_CORE_JUNCTION_TEMP              ; 85                                    ; --            ; --          ; --             ;
; MIN_CORE_JUNCTION_TEMP              ; 0                                     ; --            ; --          ; --             ;
; PARTITION_COLOR                     ; 16764057                              ; --            ; --          ; Top            ;
; PARTITION_FITTER_PRESERVATION_LEVEL ; PLACEMENT_AND_ROUTING                 ; --            ; --          ; Top            ;
; PARTITION_NETLIST_TYPE              ; SOURCE                                ; --            ; --          ; Top            ;
; POWER_BOARD_THERMAL_MODEL           ; None (CONSERVATIVE)                   ; --            ; --          ; --             ;
; POWER_PRESET_COOLING_SOLUTION       ; 23 MM HEAT SINK WITH 200 LFPM AIRFLOW ; --            ; --          ; --             ;
; PROJECT_OUTPUT_DIRECTORY            ; output_files                          ; --            ; --          ; --             ;
+-------------------------------------+---------------------------------------+---------------+-------------+----------------+


+-------------------------------------------------------------------------------------------------------------------------------+
; Flow Elapsed Time                                                                                                             ;
+---------------------------+--------------+-------------------------+---------------------+------------------------------------+
; Module Name               ; Elapsed Time ; Average Processors Used ; Peak Virtual Memory ; Total CPU Time (on all processors) ;
+---------------------------+--------------+-------------------------+---------------------+------------------------------------+
; Analysis & Synthesis      ; 00:00:16     ; 1.0                     ; 4747 MB             ; 00:00:15                           ;
; Fitter                    ; 00:00:31     ; 1.0                     ; 5467 MB             ; 00:00:30                           ;
; Assembler                 ; 00:00:04     ; 1.0                     ; 4715 MB             ; 00:00:04                           ;
; TimeQuest Timing Analyzer ; 00:00:11     ; 1.0                     ; 4948 MB             ; 00:00:11                           ;
; EDA Netlist Writer        ; 00:00:01     ; 1.0                     ; 4607 MB             ; 00:00:01                           ;
; Total                     ; 00:01:03     ; --                      ; --                  ; 00:01:01                           ;
+---------------------------+--------------+-------------------------+---------------------+------------------------------------+


+----------------------------------------------------------------------------------------+
; Flow OS Summary                                                                        ;
+---------------------------+------------------+-----------+------------+----------------+
; Module Name               ; Machine Hostname ; OS Name   ; OS Version ; Processor type ;
+---------------------------+------------------+-----------+------------+----------------+
; Analysis & Synthesis      ; 2021039058176    ; Windows 7 ; 6.2        ; x86_64         ;
; Fitter                    ; 2021039058176    ; Windows 7 ; 6.2        ; x86_64         ;
; Assembler                 ; 2021039058176    ; Windows 7 ; 6.2        ; x86_64         ;
; TimeQuest Timing Analyzer ; 2021039058176    ; Windows 7 ; 6.2        ; x86_64         ;
; EDA Netlist Writer        ; 2021039058176    ; Windows 7 ; 6.2        ; x86_64         ;
+---------------------------+------------------+-----------+------------+----------------+


------------
; Flow Log ;
------------
quartus_map --read_settings_files=on --write_settings_files=off component_tutorial -c component_tutorial
quartus_fit --read_settings_files=off --write_settings_files=off component_tutorial -c component_tutorial
quartus_asm --read_settings_files=off --write_settings_files=off component_tutorial -c component_tutorial
quartus_sta component_tutorial -c component_tutorial
quartus_eda --read_settings_files=off --write_settings_files=off component_tutorial -c component_tutorial



