Analysis & Synthesis report for PLL_Platform_Desginer
Fri Apr 19 15:01:33 2024
Quartus Prime Version 18.1.0 Build 625 09/12/2018 SJ Lite Edition


---------------------
; Table of Contents ;
---------------------
  1. Legal Notice
  2. Analysis & Synthesis Summary
  3. Analysis & Synthesis Settings
  4. Parallel Compilation
  5. Analysis & Synthesis Source Files Read
  6. Analysis & Synthesis Resource Usage Summary
  7. Analysis & Synthesis Resource Utilization by Entity
  8. Analysis & Synthesis IP Cores Summary
  9. Registers Protected by Synthesis
 10. Registers Removed During Synthesis
 11. Removed Registers Triggering Further Register Optimizations
 12. General Register Statistics
 13. Inverted Register Statistics
 14. Multiplexer Restructuring Statistics (Restructuring Performed)
 15. Source assignments for PLL_complete_altpll_0:altpll_0
 16. Source assignments for PLL_complete_altpll_0:altpll_0|PLL_complete_altpll_0_stdsync_sv6:stdsync2|PLL_complete_altpll_0_dffpipe_l2c:dffpipe3
 17. Source assignments for altera_reset_controller:rst_controller|altera_reset_synchronizer:alt_rst_sync_uq1
 18. Source assignments for altera_reset_controller:rst_controller|altera_reset_synchronizer:alt_rst_req_sync_uq1
 19. Source assignments for altera_reset_controller:rst_controller_001|altera_reset_synchronizer:alt_rst_sync_uq1
 20. Source assignments for altera_reset_controller:rst_controller_001|altera_reset_synchronizer:alt_rst_req_sync_uq1
 21. Source assignments for altera_reset_controller:rst_controller_002|altera_reset_synchronizer:alt_rst_sync_uq1
 22. Source assignments for altera_reset_controller:rst_controller_002|altera_reset_synchronizer:alt_rst_req_sync_uq1
 23. Source assignments for altera_reset_controller:rst_controller_003|altera_reset_synchronizer:alt_rst_sync_uq1
 24. Source assignments for altera_reset_controller:rst_controller_003|altera_reset_synchronizer:alt_rst_req_sync_uq1
 25. Parameter Settings for User Entity Instance: altera_reset_controller:rst_controller
 26. Parameter Settings for User Entity Instance: altera_reset_controller:rst_controller|altera_reset_synchronizer:alt_rst_sync_uq1
 27. Parameter Settings for User Entity Instance: altera_reset_controller:rst_controller|altera_reset_synchronizer:alt_rst_req_sync_uq1
 28. Parameter Settings for User Entity Instance: altera_reset_controller:rst_controller_001
 29. Parameter Settings for User Entity Instance: altera_reset_controller:rst_controller_001|altera_reset_synchronizer:alt_rst_sync_uq1
 30. Parameter Settings for User Entity Instance: altera_reset_controller:rst_controller_001|altera_reset_synchronizer:alt_rst_req_sync_uq1
 31. Parameter Settings for User Entity Instance: altera_reset_controller:rst_controller_002
 32. Parameter Settings for User Entity Instance: altera_reset_controller:rst_controller_002|altera_reset_synchronizer:alt_rst_sync_uq1
 33. Parameter Settings for User Entity Instance: altera_reset_controller:rst_controller_002|altera_reset_synchronizer:alt_rst_req_sync_uq1
 34. Parameter Settings for User Entity Instance: altera_reset_controller:rst_controller_003
 35. Parameter Settings for User Entity Instance: altera_reset_controller:rst_controller_003|altera_reset_synchronizer:alt_rst_sync_uq1
 36. Parameter Settings for User Entity Instance: altera_reset_controller:rst_controller_003|altera_reset_synchronizer:alt_rst_req_sync_uq1
 37. Port Connectivity Checks: "altera_reset_controller:rst_controller_003"
 38. Port Connectivity Checks: "altera_reset_controller:rst_controller_002"
 39. Port Connectivity Checks: "altera_reset_controller:rst_controller_001"
 40. Port Connectivity Checks: "altera_reset_controller:rst_controller|altera_reset_synchronizer:alt_rst_req_sync_uq1"
 41. Port Connectivity Checks: "altera_reset_controller:rst_controller"
 42. Port Connectivity Checks: "PLL_complete_altpll_0:altpll_0|PLL_complete_altpll_0_altpll_neh2:sd1"
 43. Port Connectivity Checks: "PLL_complete_altpll_0:altpll_0"
 44. Post-Synthesis Netlist Statistics for Top Partition
 45. Elapsed Time Per Partition
 46. Analysis & Synthesis Messages



----------------
; Legal Notice ;
----------------
Copyright (C) 2018  Intel Corporation. All rights reserved.
Your use of Intel Corporation's design tools, logic functions 
and other software and tools, and its AMPP partner logic 
functions, and any output files from any of the foregoing 
(including device programming or simulation files), and any 
associated documentation or information are expressly subject 
to the terms and conditions of the Intel Program License 
Subscription Agreement, the Intel Quartus Prime License Agreement,
the Intel FPGA IP License Agreement, or other applicable license
agreement, including, without limitation, that your use is for
the sole purpose of programming logic devices manufactured by
Intel and sold by Intel or its authorized distributors.  Please
refer to the applicable agreement for further details.



+----------------------------------------------------------------------------------+
; Analysis & Synthesis Summary                                                     ;
+------------------------------------+---------------------------------------------+
; Analysis & Synthesis Status        ; Successful - Fri Apr 19 15:01:33 2024       ;
; Quartus Prime Version              ; 18.1.0 Build 625 09/12/2018 SJ Lite Edition ;
; Revision Name                      ; PLL_Platform_Desginer                       ;
; Top-level Entity Name              ; PLL_complete                                ;
; Family                             ; Cyclone 10 LP                               ;
; Total logic elements               ; 66                                          ;
;     Total combinational functions  ; 57                                          ;
;     Dedicated logic registers      ; 51                                          ;
; Total registers                    ; 51                                          ;
; Total pins                         ; 5                                           ;
; Total virtual pins                 ; 0                                           ;
; Total memory bits                  ; 0                                           ;
; Embedded Multiplier 9-bit elements ; 0                                           ;
; Total PLLs                         ; 1                                           ;
+------------------------------------+---------------------------------------------+


+---------------------------------------------------------------------------------------------------------------+
; Analysis & Synthesis Settings                                                                                 ;
+------------------------------------------------------------------+--------------------+-----------------------+
; Option                                                           ; Setting            ; Default Value         ;
+------------------------------------------------------------------+--------------------+-----------------------+
; Device                                                           ; 10CL025YU256I7G    ;                       ;
; Top-level entity name                                            ; PLL_complete       ; PLL_Platform_Desginer ;
; Family name                                                      ; Cyclone 10 LP      ; Cyclone V             ;
; Use smart compilation                                            ; Off                ; Off                   ;
; Enable parallel Assembler and Timing Analyzer during compilation ; On                 ; On                    ;
; Enable compact report table                                      ; Off                ; Off                   ;
; Restructure Multiplexers                                         ; Auto               ; Auto                  ;
; Create Debugging Nodes for IP Cores                              ; Off                ; Off                   ;
; Preserve fewer node names                                        ; On                 ; On                    ;
; Intel FPGA IP Evaluation Mode                                    ; Enable             ; Enable                ;
; Verilog Version                                                  ; Verilog_2001       ; Verilog_2001          ;
; VHDL Version                                                     ; VHDL_1993          ; VHDL_1993             ;
; State Machine Processing                                         ; Auto               ; Auto                  ;
; Safe State Machine                                               ; Off                ; Off                   ;
; Extract Verilog State Machines                                   ; On                 ; On                    ;
; Extract VHDL State Machines                                      ; On                 ; On                    ;
; Ignore Verilog initial constructs                                ; Off                ; Off                   ;
; Iteration limit for constant Verilog loops                       ; 5000               ; 5000                  ;
; Iteration limit for non-constant Verilog loops                   ; 250                ; 250                   ;
; Add Pass-Through Logic to Inferred RAMs                          ; On                 ; On                    ;
; Infer RAMs from Raw Logic                                        ; On                 ; On                    ;
; Parallel Synthesis                                               ; On                 ; On                    ;
; DSP Block Balancing                                              ; Auto               ; Auto                  ;
; NOT Gate Push-Back                                               ; On                 ; On                    ;
; Power-Up Don't Care                                              ; On                 ; On                    ;
; Remove Redundant Logic Cells                                     ; Off                ; Off                   ;
; Remove Duplicate Registers                                       ; On                 ; On                    ;
; Ignore CARRY Buffers                                             ; Off                ; Off                   ;
; Ignore CASCADE Buffers                                           ; Off                ; Off                   ;
; Ignore GLOBAL Buffers                                            ; Off                ; Off                   ;
; Ignore ROW GLOBAL Buffers                                        ; Off                ; Off                   ;
; Ignore LCELL Buffers                                             ; Off                ; Off                   ;
; Ignore SOFT Buffers                                              ; On                 ; On                    ;
; Limit AHDL Integers to 32 Bits                                   ; Off                ; Off                   ;
; Optimization Technique                                           ; Balanced           ; Balanced              ;
; Carry Chain Length                                               ; 70                 ; 70                    ;
; Auto Carry Chains                                                ; On                 ; On                    ;
; Auto Open-Drain Pins                                             ; On                 ; On                    ;
; Perform WYSIWYG Primitive Resynthesis                            ; Off                ; Off                   ;
; Auto ROM Replacement                                             ; On                 ; On                    ;
; Auto RAM Replacement                                             ; On                 ; On                    ;
; Auto DSP Block Replacement                                       ; On                 ; On                    ;
; Auto Shift Register Replacement                                  ; Auto               ; Auto                  ;
; Allow Shift Register Merging across Hierarchies                  ; Auto               ; Auto                  ;
; Auto Clock Enable Replacement                                    ; On                 ; On                    ;
; Strict RAM Replacement                                           ; Off                ; Off                   ;
; Allow Synchronous Control Signals                                ; On                 ; On                    ;
; Force Use of Synchronous Clear Signals                           ; Off                ; Off                   ;
; Auto RAM Block Balancing                                         ; On                 ; On                    ;
; Auto RAM to Logic Cell Conversion                                ; Off                ; Off                   ;
; Auto Resource Sharing                                            ; Off                ; Off                   ;
; Allow Any RAM Size For Recognition                               ; Off                ; Off                   ;
; Allow Any ROM Size For Recognition                               ; Off                ; Off                   ;
; Allow Any Shift Register Size For Recognition                    ; Off                ; Off                   ;
; Use LogicLock Constraints during Resource Balancing              ; On                 ; On                    ;
; Ignore translate_off and synthesis_off directives                ; Off                ; Off                   ;
; Timing-Driven Synthesis                                          ; On                 ; On                    ;
; Report Parameter Settings                                        ; On                 ; On                    ;
; Report Source Assignments                                        ; On                 ; On                    ;
; Report Connectivity Checks                                       ; On                 ; On                    ;
; Ignore Maximum Fan-Out Assignments                               ; Off                ; Off                   ;
; Synchronization Register Chain Length                            ; 2                  ; 2                     ;
; Power Optimization During Synthesis                              ; Normal compilation ; Normal compilation    ;
; HDL message level                                                ; Level2             ; Level2                ;
; Suppress Register Optimization Related Messages                  ; Off                ; Off                   ;
; Number of Removed Registers Reported in Synthesis Report         ; 5000               ; 5000                  ;
; Number of Swept Nodes Reported in Synthesis Report               ; 5000               ; 5000                  ;
; Number of Inverted Registers Reported in Synthesis Report        ; 100                ; 100                   ;
; Clock MUX Protection                                             ; On                 ; On                    ;
; Auto Gated Clock Conversion                                      ; Off                ; Off                   ;
; Block Design Naming                                              ; Auto               ; Auto                  ;
; SDC constraint protection                                        ; Off                ; Off                   ;
; Synthesis Effort                                                 ; Auto               ; Auto                  ;
; Shift Register Replacement - Allow Asynchronous Clear Signal     ; On                 ; On                    ;
; Pre-Mapping Resynthesis Optimization                             ; Off                ; Off                   ;
; Analysis & Synthesis Message Level                               ; Medium             ; Medium                ;
; Disable Register Merging Across Hierarchies                      ; Auto               ; Auto                  ;
; Resource Aware Inference For Block RAM                           ; On                 ; On                    ;
+------------------------------------------------------------------+--------------------+-----------------------+


+------------------------------------------+
; Parallel Compilation                     ;
+----------------------------+-------------+
; Processors                 ; Number      ;
+----------------------------+-------------+
; Number detected on machine ; 8           ;
; Maximum allowed            ; 4           ;
;                            ;             ;
; Average used               ; 1.00        ;
; Maximum used               ; 4           ;
;                            ;             ;
; Usage by Processor         ; % Time Used ;
;     Processor 1            ; 100.0%      ;
;     Processors 2-4         ;   0.0%      ;
+----------------------------+-------------+


+---------------------------------------------------------------------------------------------------------------------------------------------------------------------------------------------------------------------------------------------------------------------------------------------------------+
; Analysis & Synthesis Source Files Read                                                                                                                                                                                                                                                                  ;
+---------------------------------------------------------------+-----------------+------------------------+-------------------------------------------------------------------------------------------------------------------------------------------------------------------------------+--------------+
; File Name with User-Entered Path                              ; Used in Netlist ; File Type              ; File Name with Absolute Path                                                                                                                                                  ; Library      ;
+---------------------------------------------------------------+-----------------+------------------------+-------------------------------------------------------------------------------------------------------------------------------------------------------------------------------+--------------+
; PLL_complete/synthesis/PLL_complete.v                         ; yes             ; User Verilog HDL File  ; C:/Users/guan-ming.dennis-won/Documents/Code/Workspace/Cyclone_10_LP/Quartus 18_1/Blinky_Platform_Designer_Only/PLL_complete/synthesis/PLL_complete.v                         ; PLL_complete ;
; PLL_complete/synthesis/submodules/altera_reset_controller.v   ; yes             ; User Verilog HDL File  ; C:/Users/guan-ming.dennis-won/Documents/Code/Workspace/Cyclone_10_LP/Quartus 18_1/Blinky_Platform_Designer_Only/PLL_complete/synthesis/submodules/altera_reset_controller.v   ; PLL_complete ;
; PLL_complete/synthesis/submodules/altera_reset_synchronizer.v ; yes             ; User Verilog HDL File  ; C:/Users/guan-ming.dennis-won/Documents/Code/Workspace/Cyclone_10_LP/Quartus 18_1/Blinky_Platform_Designer_Only/PLL_complete/synthesis/submodules/altera_reset_synchronizer.v ; PLL_complete ;
; PLL_complete/synthesis/submodules/PLL_Platform_Desginer.v     ; yes             ; User Verilog HDL File  ; C:/Users/guan-ming.dennis-won/Documents/Code/Workspace/Cyclone_10_LP/Quartus 18_1/Blinky_Platform_Designer_Only/PLL_complete/synthesis/submodules/PLL_Platform_Desginer.v     ; PLL_complete ;
; PLL_complete/synthesis/submodules/PLL_complete_altpll_0.v     ; yes             ; User Verilog HDL File  ; C:/Users/guan-ming.dennis-won/Documents/Code/Workspace/Cyclone_10_LP/Quartus 18_1/Blinky_Platform_Designer_Only/PLL_complete/synthesis/submodules/PLL_complete_altpll_0.v     ; PLL_complete ;
+---------------------------------------------------------------+-----------------+------------------------+-------------------------------------------------------------------------------------------------------------------------------------------------------------------------------+--------------+


+-------------------------------------------------------------------------------------------------------------------------------------+
; Analysis & Synthesis Resource Usage Summary                                                                                         ;
+---------------------------------------------+---------------------------------------------------------------------------------------+
; Resource                                    ; Usage                                                                                 ;
+---------------------------------------------+---------------------------------------------------------------------------------------+
; Estimated Total logic elements              ; 66                                                                                    ;
;                                             ;                                                                                       ;
; Total combinational functions               ; 57                                                                                    ;
; Logic element usage by number of LUT inputs ;                                                                                       ;
;     -- 4 input functions                    ; 12                                                                                    ;
;     -- 3 input functions                    ; 3                                                                                     ;
;     -- <=2 input functions                  ; 42                                                                                    ;
;                                             ;                                                                                       ;
; Logic elements by mode                      ;                                                                                       ;
;     -- normal mode                          ; 21                                                                                    ;
;     -- arithmetic mode                      ; 36                                                                                    ;
;                                             ;                                                                                       ;
; Total registers                             ; 51                                                                                    ;
;     -- Dedicated logic registers            ; 51                                                                                    ;
;     -- I/O registers                        ; 0                                                                                     ;
;                                             ;                                                                                       ;
; I/O pins                                    ; 5                                                                                     ;
;                                             ;                                                                                       ;
; Embedded Multiplier 9-bit elements          ; 0                                                                                     ;
;                                             ;                                                                                       ;
; Total PLLs                                  ; 1                                                                                     ;
;     -- PLLs                                 ; 1                                                                                     ;
;                                             ;                                                                                       ;
; Maximum fan-out node                        ; PLL_complete_altpll_0:altpll_0|PLL_complete_altpll_0_altpll_neh2:sd1|wire_pll7_clk[0] ;
; Maximum fan-out                             ; 52                                                                                    ;
; Total fan-out                               ; 295                                                                                   ;
; Average fan-out                             ; 2.48                                                                                  ;
+---------------------------------------------+---------------------------------------------------------------------------------------+


+----------------------------------------------------------------------------------------------------------------------------------------------------------------------------------------------------------------------------------------------------------------------------------------------------------------------------------------+
; Analysis & Synthesis Resource Utilization by Entity                                                                                                                                                                                                                                                                                    ;
+----------------------------------------------------+---------------------+---------------------------+-------------+--------------+---------+-----------+------+--------------+-----------------------------------------------------------------------------------------------------+-----------------------------------+--------------+
; Compilation Hierarchy Node                         ; Combinational ALUTs ; Dedicated Logic Registers ; Memory Bits ; DSP Elements ; DSP 9x9 ; DSP 18x18 ; Pins ; Virtual Pins ; Full Hierarchy Name                                                                                 ; Entity Name                       ; Library Name ;
+----------------------------------------------------+---------------------+---------------------------+-------------+--------------+---------+-----------+------+--------------+-----------------------------------------------------------------------------------------------------+-----------------------------------+--------------+
; |PLL_complete                                      ; 57 (0)              ; 51 (0)                    ; 0           ; 0            ; 0       ; 0         ; 5    ; 0            ; |PLL_complete                                                                                       ; PLL_complete                      ; PLL_complete ;
;    |PLL_Platform_Desginer:blink_0|                 ; 19 (19)             ; 14 (14)                   ; 0           ; 0            ; 0       ; 0         ; 0    ; 0            ; |PLL_complete|PLL_Platform_Desginer:blink_0                                                         ; PLL_Platform_Desginer             ; PLL_complete ;
;    |PLL_Platform_Desginer:blink_1|                 ; 19 (19)             ; 14 (14)                   ; 0           ; 0            ; 0       ; 0         ; 0    ; 0            ; |PLL_complete|PLL_Platform_Desginer:blink_1                                                         ; PLL_Platform_Desginer             ; PLL_complete ;
;    |PLL_Platform_Desginer:blink_2|                 ; 19 (19)             ; 14 (14)                   ; 0           ; 0            ; 0       ; 0         ; 0    ; 0            ; |PLL_complete|PLL_Platform_Desginer:blink_2                                                         ; PLL_Platform_Desginer             ; PLL_complete ;
;    |PLL_complete_altpll_0:altpll_0|                ; 0 (0)               ; 0 (0)                     ; 0           ; 0            ; 0       ; 0         ; 0    ; 0            ; |PLL_complete|PLL_complete_altpll_0:altpll_0                                                        ; PLL_complete_altpll_0             ; PLL_complete ;
;       |PLL_complete_altpll_0_altpll_neh2:sd1|      ; 0 (0)               ; 0 (0)                     ; 0           ; 0            ; 0       ; 0         ; 0    ; 0            ; |PLL_complete|PLL_complete_altpll_0:altpll_0|PLL_complete_altpll_0_altpll_neh2:sd1                  ; PLL_complete_altpll_0_altpll_neh2 ; PLL_complete ;
;    |altera_reset_controller:rst_controller_001|    ; 0 (0)               ; 3 (0)                     ; 0           ; 0            ; 0       ; 0         ; 0    ; 0            ; |PLL_complete|altera_reset_controller:rst_controller_001                                            ; altera_reset_controller           ; PLL_complete ;
;       |altera_reset_synchronizer:alt_rst_sync_uq1| ; 0 (0)               ; 3 (3)                     ; 0           ; 0            ; 0       ; 0         ; 0    ; 0            ; |PLL_complete|altera_reset_controller:rst_controller_001|altera_reset_synchronizer:alt_rst_sync_uq1 ; altera_reset_synchronizer         ; PLL_complete ;
;    |altera_reset_controller:rst_controller_002|    ; 0 (0)               ; 3 (0)                     ; 0           ; 0            ; 0       ; 0         ; 0    ; 0            ; |PLL_complete|altera_reset_controller:rst_controller_002                                            ; altera_reset_controller           ; PLL_complete ;
;       |altera_reset_synchronizer:alt_rst_sync_uq1| ; 0 (0)               ; 3 (3)                     ; 0           ; 0            ; 0       ; 0         ; 0    ; 0            ; |PLL_complete|altera_reset_controller:rst_controller_002|altera_reset_synchronizer:alt_rst_sync_uq1 ; altera_reset_synchronizer         ; PLL_complete ;
;    |altera_reset_controller:rst_controller_003|    ; 0 (0)               ; 3 (0)                     ; 0           ; 0            ; 0       ; 0         ; 0    ; 0            ; |PLL_complete|altera_reset_controller:rst_controller_003                                            ; altera_reset_controller           ; PLL_complete ;
;       |altera_reset_synchronizer:alt_rst_sync_uq1| ; 0 (0)               ; 3 (3)                     ; 0           ; 0            ; 0       ; 0         ; 0    ; 0            ; |PLL_complete|altera_reset_controller:rst_controller_003|altera_reset_synchronizer:alt_rst_sync_uq1 ; altera_reset_synchronizer         ; PLL_complete ;
+----------------------------------------------------+---------------------+---------------------------+-------------+--------------+---------+-----------+------+--------------+-----------------------------------------------------------------------------------------------------+-----------------------------------+--------------+
Note: For table entries with two numbers listed, the numbers in parentheses indicate the number of resources of the given type used by the specific entity alone. The numbers listed outside of parentheses indicate the total resources of the given type used by the specific entity and all of its sub-entities in the hierarchy.


+---------------------------------------------------------------------------------------------------------------------------------------------------------+
; Analysis & Synthesis IP Cores Summary                                                                                                                   ;
+--------+-------------------------+---------+--------------+--------------+----------------------------------------------------------+-------------------+
; Vendor ; IP Core Name            ; Version ; Release Date ; License Type ; Entity Instance                                          ; IP Include File   ;
+--------+-------------------------+---------+--------------+--------------+----------------------------------------------------------+-------------------+
; N/A    ; Qsys                    ; 18.1    ; N/A          ; N/A          ; |PLL_complete                                            ; PLL_complete.qsys ;
; Altera ; altpll                  ; 18.1    ; N/A          ; N/A          ; |PLL_complete|PLL_complete_altpll_0:altpll_0             ; PLL_complete.qsys ;
; Altera ; altera_reset_controller ; 18.1    ; N/A          ; N/A          ; |PLL_complete|altera_reset_controller:rst_controller     ; PLL_complete.qsys ;
; Altera ; altera_reset_controller ; 18.1    ; N/A          ; N/A          ; |PLL_complete|altera_reset_controller:rst_controller_001 ; PLL_complete.qsys ;
; Altera ; altera_reset_controller ; 18.1    ; N/A          ; N/A          ; |PLL_complete|altera_reset_controller:rst_controller_002 ; PLL_complete.qsys ;
; Altera ; altera_reset_controller ; 18.1    ; N/A          ; N/A          ; |PLL_complete|altera_reset_controller:rst_controller_003 ; PLL_complete.qsys ;
+--------+-------------------------+---------+--------------+--------------+----------------------------------------------------------+-------------------+


+----------------------------------------------------------------------------------------------------------------------------------------------------------------------------------------------------------------------------------------------+
; Registers Protected by Synthesis                                                                                                                                                                                                             ;
+------------------------------------------------------------------------------------------------------------------------------+------------------------------------------------------------------+--------------------------------------------+
; Register Name                                                                                                                ; Protected by Synthesis Attribute or Preserve Register Assignment ; Not to be Touched by Netlist Optimizations ;
+------------------------------------------------------------------------------------------------------------------------------+------------------------------------------------------------------+--------------------------------------------+
; altera_reset_controller:rst_controller_001|altera_reset_synchronizer:alt_rst_sync_uq1|altera_reset_synchronizer_int_chain[0] ; yes                                                              ; yes                                        ;
; altera_reset_controller:rst_controller_002|altera_reset_synchronizer:alt_rst_sync_uq1|altera_reset_synchronizer_int_chain[0] ; yes                                                              ; yes                                        ;
; altera_reset_controller:rst_controller_003|altera_reset_synchronizer:alt_rst_sync_uq1|altera_reset_synchronizer_int_chain[0] ; yes                                                              ; yes                                        ;
; altera_reset_controller:rst_controller_001|altera_reset_synchronizer:alt_rst_sync_uq1|altera_reset_synchronizer_int_chain[1] ; yes                                                              ; yes                                        ;
; altera_reset_controller:rst_controller_002|altera_reset_synchronizer:alt_rst_sync_uq1|altera_reset_synchronizer_int_chain[1] ; yes                                                              ; yes                                        ;
; altera_reset_controller:rst_controller_003|altera_reset_synchronizer:alt_rst_sync_uq1|altera_reset_synchronizer_int_chain[1] ; yes                                                              ; yes                                        ;
; Total number of protected registers is 6                                                                                     ;                                                                  ;                                            ;
+------------------------------------------------------------------------------------------------------------------------------+------------------------------------------------------------------+--------------------------------------------+


+---------------------------------------------------------------------------------------------------------------------------------------------------------------------+
; Registers Removed During Synthesis                                                                                                                                  ;
+----------------------------------------------------------------------------------------------------------------------------+----------------------------------------+
; Register name                                                                                                              ; Reason for Removal                     ;
+----------------------------------------------------------------------------------------------------------------------------+----------------------------------------+
; PLL_complete_altpll_0:altpll_0|prev_reset                                                                                  ; Stuck at GND due to stuck port data_in ;
; altera_reset_controller:rst_controller|altera_reset_synchronizer:alt_rst_sync_uq1|altera_reset_synchronizer_int_chain_out  ; Lost fanout                            ;
; altera_reset_controller:rst_controller|altera_reset_synchronizer:alt_rst_sync_uq1|altera_reset_synchronizer_int_chain[0,1] ; Lost fanout                            ;
; Total Number of Removed Registers = 4                                                                                      ;                                        ;
+----------------------------------------------------------------------------------------------------------------------------+----------------------------------------+


+----------------------------------------------------------------------------------------------------------------------------------------------------------------------------------------------------+
; Removed Registers Triggering Further Register Optimizations                                                                                                                                        ;
+-------------------------------------------+---------------------------+----------------------------------------------------------------------------------------------------------------------------+
; Register name                             ; Reason for Removal        ; Registers Removed due to This Register                                                                                     ;
+-------------------------------------------+---------------------------+----------------------------------------------------------------------------------------------------------------------------+
; PLL_complete_altpll_0:altpll_0|prev_reset ; Stuck at GND              ; altera_reset_controller:rst_controller|altera_reset_synchronizer:alt_rst_sync_uq1|altera_reset_synchronizer_int_chain_out, ;
;                                           ; due to stuck port data_in ; altera_reset_controller:rst_controller|altera_reset_synchronizer:alt_rst_sync_uq1|altera_reset_synchronizer_int_chain[0],  ;
;                                           ;                           ; altera_reset_controller:rst_controller|altera_reset_synchronizer:alt_rst_sync_uq1|altera_reset_synchronizer_int_chain[1]   ;
+-------------------------------------------+---------------------------+----------------------------------------------------------------------------------------------------------------------------+


+------------------------------------------------------+
; General Register Statistics                          ;
+----------------------------------------------+-------+
; Statistic                                    ; Value ;
+----------------------------------------------+-------+
; Total registers                              ; 51    ;
; Number of registers using Synchronous Clear  ; 39    ;
; Number of registers using Synchronous Load   ; 0     ;
; Number of registers using Asynchronous Clear ; 9     ;
; Number of registers using Asynchronous Load  ; 0     ;
; Number of registers using Clock Enable       ; 0     ;
; Number of registers using Preset             ; 0     ;
+----------------------------------------------+-------+


+-----------------------------------------------------------------------------------------------------------------------------------------+
; Inverted Register Statistics                                                                                                            ;
+-------------------------------------------------------------------------------------------------------------------------------+---------+
; Inverted Register                                                                                                             ; Fan out ;
+-------------------------------------------------------------------------------------------------------------------------------+---------+
; altera_reset_controller:rst_controller_001|altera_reset_synchronizer:alt_rst_sync_uq1|altera_reset_synchronizer_int_chain_out ; 2       ;
; altera_reset_controller:rst_controller_002|altera_reset_synchronizer:alt_rst_sync_uq1|altera_reset_synchronizer_int_chain_out ; 2       ;
; altera_reset_controller:rst_controller_003|altera_reset_synchronizer:alt_rst_sync_uq1|altera_reset_synchronizer_int_chain_out ; 2       ;
; altera_reset_controller:rst_controller_001|altera_reset_synchronizer:alt_rst_sync_uq1|altera_reset_synchronizer_int_chain[0]  ; 1       ;
; altera_reset_controller:rst_controller_002|altera_reset_synchronizer:alt_rst_sync_uq1|altera_reset_synchronizer_int_chain[0]  ; 1       ;
; altera_reset_controller:rst_controller_003|altera_reset_synchronizer:alt_rst_sync_uq1|altera_reset_synchronizer_int_chain[0]  ; 1       ;
; altera_reset_controller:rst_controller_001|altera_reset_synchronizer:alt_rst_sync_uq1|altera_reset_synchronizer_int_chain[1]  ; 1       ;
; altera_reset_controller:rst_controller_002|altera_reset_synchronizer:alt_rst_sync_uq1|altera_reset_synchronizer_int_chain[1]  ; 1       ;
; altera_reset_controller:rst_controller_003|altera_reset_synchronizer:alt_rst_sync_uq1|altera_reset_synchronizer_int_chain[1]  ; 1       ;
; Total number of inverted registers = 9                                                                                        ;         ;
+-------------------------------------------------------------------------------------------------------------------------------+---------+


+--------------------------------------------------------------------------------------------------------------------------------------------------------------------+
; Multiplexer Restructuring Statistics (Restructuring Performed)                                                                                                     ;
+--------------------+-----------+---------------+----------------------+------------------------+------------+------------------------------------------------------+
; Multiplexer Inputs ; Bus Width ; Baseline Area ; Area if Restructured ; Saving if Restructured ; Registered ; Example Multiplexer Output                           ;
+--------------------+-----------+---------------+----------------------+------------------------+------------+------------------------------------------------------+
; 3:1                ; 13 bits   ; 26 LEs        ; 13 LEs               ; 13 LEs                 ; Yes        ; |PLL_complete|PLL_Platform_Desginer:blink_0|count[0] ;
; 3:1                ; 13 bits   ; 26 LEs        ; 13 LEs               ; 13 LEs                 ; Yes        ; |PLL_complete|PLL_Platform_Desginer:blink_1|count[0] ;
; 3:1                ; 13 bits   ; 26 LEs        ; 13 LEs               ; 13 LEs                 ; Yes        ; |PLL_complete|PLL_Platform_Desginer:blink_2|count[0] ;
+--------------------+-----------+---------------+----------------------+------------------------+------------+------------------------------------------------------+


+-------------------------------------------------------+
; Source assignments for PLL_complete_altpll_0:altpll_0 ;
+----------------+-------+------+-----------------------+
; Assignment     ; Value ; From ; To                    ;
+----------------+-------+------+-----------------------+
; POWER_UP_LEVEL ; HIGH  ; -    ; pfdena_reg            ;
+----------------+-------+------+-----------------------+


+---------------------------------------------------------------------------------------------------------------------------------------------+
; Source assignments for PLL_complete_altpll_0:altpll_0|PLL_complete_altpll_0_stdsync_sv6:stdsync2|PLL_complete_altpll_0_dffpipe_l2c:dffpipe3 ;
+---------------------------------+-------+------+--------------------------------------------------------------------------------------------+
; Assignment                      ; Value ; From ; To                                                                                         ;
+---------------------------------+-------+------+--------------------------------------------------------------------------------------------+
; AUTO_SHIFT_REGISTER_RECOGNITION ; OFF   ; -    ; -                                                                                          ;
+---------------------------------+-------+------+--------------------------------------------------------------------------------------------+


+----------------------------------------------------------------------------------------------------------+
; Source assignments for altera_reset_controller:rst_controller|altera_reset_synchronizer:alt_rst_sync_uq1 ;
+-------------------+-------+------+-----------------------------------------------------------------------+
; Assignment        ; Value ; From ; To                                                                    ;
+-------------------+-------+------+-----------------------------------------------------------------------+
; PRESERVE_REGISTER ; on    ; -    ; altera_reset_synchronizer_int_chain[1]                                ;
; PRESERVE_REGISTER ; on    ; -    ; altera_reset_synchronizer_int_chain[0]                                ;
+-------------------+-------+------+-----------------------------------------------------------------------+


+--------------------------------------------------------------------------------------------------------------+
; Source assignments for altera_reset_controller:rst_controller|altera_reset_synchronizer:alt_rst_req_sync_uq1 ;
+-------------------+-------+------+---------------------------------------------------------------------------+
; Assignment        ; Value ; From ; To                                                                        ;
+-------------------+-------+------+---------------------------------------------------------------------------+
; PRESERVE_REGISTER ; on    ; -    ; altera_reset_synchronizer_int_chain[0]                                    ;
; PRESERVE_REGISTER ; on    ; -    ; altera_reset_synchronizer_int_chain[1]                                    ;
+-------------------+-------+------+---------------------------------------------------------------------------+


+--------------------------------------------------------------------------------------------------------------+
; Source assignments for altera_reset_controller:rst_controller_001|altera_reset_synchronizer:alt_rst_sync_uq1 ;
+-------------------+-------+------+---------------------------------------------------------------------------+
; Assignment        ; Value ; From ; To                                                                        ;
+-------------------+-------+------+---------------------------------------------------------------------------+
; PRESERVE_REGISTER ; on    ; -    ; altera_reset_synchronizer_int_chain[1]                                    ;
; PRESERVE_REGISTER ; on    ; -    ; altera_reset_synchronizer_int_chain[0]                                    ;
+-------------------+-------+------+---------------------------------------------------------------------------+


+------------------------------------------------------------------------------------------------------------------+
; Source assignments for altera_reset_controller:rst_controller_001|altera_reset_synchronizer:alt_rst_req_sync_uq1 ;
+-------------------+-------+------+-------------------------------------------------------------------------------+
; Assignment        ; Value ; From ; To                                                                            ;
+-------------------+-------+------+-------------------------------------------------------------------------------+
; PRESERVE_REGISTER ; on    ; -    ; altera_reset_synchronizer_int_chain[0]                                        ;
; PRESERVE_REGISTER ; on    ; -    ; altera_reset_synchronizer_int_chain[1]                                        ;
+-------------------+-------+------+-------------------------------------------------------------------------------+


+--------------------------------------------------------------------------------------------------------------+
; Source assignments for altera_reset_controller:rst_controller_002|altera_reset_synchronizer:alt_rst_sync_uq1 ;
+-------------------+-------+------+---------------------------------------------------------------------------+
; Assignment        ; Value ; From ; To                                                                        ;
+-------------------+-------+------+---------------------------------------------------------------------------+
; PRESERVE_REGISTER ; on    ; -    ; altera_reset_synchronizer_int_chain[1]                                    ;
; PRESERVE_REGISTER ; on    ; -    ; altera_reset_synchronizer_int_chain[0]                                    ;
+-------------------+-------+------+---------------------------------------------------------------------------+


+------------------------------------------------------------------------------------------------------------------+
; Source assignments for altera_reset_controller:rst_controller_002|altera_reset_synchronizer:alt_rst_req_sync_uq1 ;
+-------------------+-------+------+-------------------------------------------------------------------------------+
; Assignment        ; Value ; From ; To                                                                            ;
+-------------------+-------+------+-------------------------------------------------------------------------------+
; PRESERVE_REGISTER ; on    ; -    ; altera_reset_synchronizer_int_chain[0]                                        ;
; PRESERVE_REGISTER ; on    ; -    ; altera_reset_synchronizer_int_chain[1]                                        ;
+-------------------+-------+------+-------------------------------------------------------------------------------+


+--------------------------------------------------------------------------------------------------------------+
; Source assignments for altera_reset_controller:rst_controller_003|altera_reset_synchronizer:alt_rst_sync_uq1 ;
+-------------------+-------+------+---------------------------------------------------------------------------+
; Assignment        ; Value ; From ; To                                                                        ;
+-------------------+-------+------+---------------------------------------------------------------------------+
; PRESERVE_REGISTER ; on    ; -    ; altera_reset_synchronizer_int_chain[1]                                    ;
; PRESERVE_REGISTER ; on    ; -    ; altera_reset_synchronizer_int_chain[0]                                    ;
+-------------------+-------+------+---------------------------------------------------------------------------+


+------------------------------------------------------------------------------------------------------------------+
; Source assignments for altera_reset_controller:rst_controller_003|altera_reset_synchronizer:alt_rst_req_sync_uq1 ;
+-------------------+-------+------+-------------------------------------------------------------------------------+
; Assignment        ; Value ; From ; To                                                                            ;
+-------------------+-------+------+-------------------------------------------------------------------------------+
; PRESERVE_REGISTER ; on    ; -    ; altera_reset_synchronizer_int_chain[0]                                        ;
; PRESERVE_REGISTER ; on    ; -    ; altera_reset_synchronizer_int_chain[1]                                        ;
+-------------------+-------+------+-------------------------------------------------------------------------------+


+-------------------------------------------------------------------------------------+
; Parameter Settings for User Entity Instance: altera_reset_controller:rst_controller ;
+---------------------------+----------+----------------------------------------------+
; Parameter Name            ; Value    ; Type                                         ;
+---------------------------+----------+----------------------------------------------+
; NUM_RESET_INPUTS          ; 1        ; Signed Integer                               ;
; USE_RESET_REQUEST_IN0     ; 0        ; Signed Integer                               ;
; USE_RESET_REQUEST_IN1     ; 0        ; Signed Integer                               ;
; USE_RESET_REQUEST_IN2     ; 0        ; Signed Integer                               ;
; USE_RESET_REQUEST_IN3     ; 0        ; Signed Integer                               ;
; USE_RESET_REQUEST_IN4     ; 0        ; Signed Integer                               ;
; USE_RESET_REQUEST_IN5     ; 0        ; Signed Integer                               ;
; USE_RESET_REQUEST_IN6     ; 0        ; Signed Integer                               ;
; USE_RESET_REQUEST_IN7     ; 0        ; Signed Integer                               ;
; USE_RESET_REQUEST_IN8     ; 0        ; Signed Integer                               ;
; USE_RESET_REQUEST_IN9     ; 0        ; Signed Integer                               ;
; USE_RESET_REQUEST_IN10    ; 0        ; Signed Integer                               ;
; USE_RESET_REQUEST_IN11    ; 0        ; Signed Integer                               ;
; USE_RESET_REQUEST_IN12    ; 0        ; Signed Integer                               ;
; USE_RESET_REQUEST_IN13    ; 0        ; Signed Integer                               ;
; USE_RESET_REQUEST_IN14    ; 0        ; Signed Integer                               ;
; USE_RESET_REQUEST_IN15    ; 0        ; Signed Integer                               ;
; OUTPUT_RESET_SYNC_EDGES   ; deassert ; String                                       ;
; SYNC_DEPTH                ; 2        ; Signed Integer                               ;
; RESET_REQUEST_PRESENT     ; 0        ; Signed Integer                               ;
; RESET_REQ_WAIT_TIME       ; 1        ; Signed Integer                               ;
; MIN_RST_ASSERTION_TIME    ; 3        ; Signed Integer                               ;
; RESET_REQ_EARLY_DSRT_TIME ; 1        ; Signed Integer                               ;
; ADAPT_RESET_REQUEST       ; 0        ; Signed Integer                               ;
+---------------------------+----------+----------------------------------------------+
Note: In order to hide this table in the UI and the text report file, please set the "Show Parameter Settings in Synthesis Report" option in "Analysis and Synthesis Settings -> More Settings" to "Off".


+--------------------------------------------------------------------------------------------------------------------------------+
; Parameter Settings for User Entity Instance: altera_reset_controller:rst_controller|altera_reset_synchronizer:alt_rst_sync_uq1 ;
+----------------+-------+-------------------------------------------------------------------------------------------------------+
; Parameter Name ; Value ; Type                                                                                                  ;
+----------------+-------+-------------------------------------------------------------------------------------------------------+
; ASYNC_RESET    ; 1     ; Unsigned Binary                                                                                       ;
; DEPTH          ; 2     ; Signed Integer                                                                                        ;
+----------------+-------+-------------------------------------------------------------------------------------------------------+
Note: In order to hide this table in the UI and the text report file, please set the "Show Parameter Settings in Synthesis Report" option in "Analysis and Synthesis Settings -> More Settings" to "Off".


+------------------------------------------------------------------------------------------------------------------------------------+
; Parameter Settings for User Entity Instance: altera_reset_controller:rst_controller|altera_reset_synchronizer:alt_rst_req_sync_uq1 ;
+----------------+-------+-----------------------------------------------------------------------------------------------------------+
; Parameter Name ; Value ; Type                                                                                                      ;
+----------------+-------+-----------------------------------------------------------------------------------------------------------+
; ASYNC_RESET    ; 0     ; Signed Integer                                                                                            ;
; DEPTH          ; 2     ; Signed Integer                                                                                            ;
+----------------+-------+-----------------------------------------------------------------------------------------------------------+
Note: In order to hide this table in the UI and the text report file, please set the "Show Parameter Settings in Synthesis Report" option in "Analysis and Synthesis Settings -> More Settings" to "Off".


+-----------------------------------------------------------------------------------------+
; Parameter Settings for User Entity Instance: altera_reset_controller:rst_controller_001 ;
+---------------------------+----------+--------------------------------------------------+
; Parameter Name            ; Value    ; Type                                             ;
+---------------------------+----------+--------------------------------------------------+
; NUM_RESET_INPUTS          ; 1        ; Signed Integer                                   ;
; USE_RESET_REQUEST_IN0     ; 0        ; Signed Integer                                   ;
; USE_RESET_REQUEST_IN1     ; 0        ; Signed Integer                                   ;
; USE_RESET_REQUEST_IN2     ; 0        ; Signed Integer                                   ;
; USE_RESET_REQUEST_IN3     ; 0        ; Signed Integer                                   ;
; USE_RESET_REQUEST_IN4     ; 0        ; Signed Integer                                   ;
; USE_RESET_REQUEST_IN5     ; 0        ; Signed Integer                                   ;
; USE_RESET_REQUEST_IN6     ; 0        ; Signed Integer                                   ;
; USE_RESET_REQUEST_IN7     ; 0        ; Signed Integer                                   ;
; USE_RESET_REQUEST_IN8     ; 0        ; Signed Integer                                   ;
; USE_RESET_REQUEST_IN9     ; 0        ; Signed Integer                                   ;
; USE_RESET_REQUEST_IN10    ; 0        ; Signed Integer                                   ;
; USE_RESET_REQUEST_IN11    ; 0        ; Signed Integer                                   ;
; USE_RESET_REQUEST_IN12    ; 0        ; Signed Integer                                   ;
; USE_RESET_REQUEST_IN13    ; 0        ; Signed Integer                                   ;
; USE_RESET_REQUEST_IN14    ; 0        ; Signed Integer                                   ;
; USE_RESET_REQUEST_IN15    ; 0        ; Signed Integer                                   ;
; OUTPUT_RESET_SYNC_EDGES   ; deassert ; String                                           ;
; SYNC_DEPTH                ; 2        ; Signed Integer                                   ;
; RESET_REQUEST_PRESENT     ; 0        ; Signed Integer                                   ;
; RESET_REQ_WAIT_TIME       ; 1        ; Signed Integer                                   ;
; MIN_RST_ASSERTION_TIME    ; 3        ; Signed Integer                                   ;
; RESET_REQ_EARLY_DSRT_TIME ; 1        ; Signed Integer                                   ;
; ADAPT_RESET_REQUEST       ; 0        ; Signed Integer                                   ;
+---------------------------+----------+--------------------------------------------------+
Note: In order to hide this table in the UI and the text report file, please set the "Show Parameter Settings in Synthesis Report" option in "Analysis and Synthesis Settings -> More Settings" to "Off".


+------------------------------------------------------------------------------------------------------------------------------------+
; Parameter Settings for User Entity Instance: altera_reset_controller:rst_controller_001|altera_reset_synchronizer:alt_rst_sync_uq1 ;
+----------------+-------+-----------------------------------------------------------------------------------------------------------+
; Parameter Name ; Value ; Type                                                                                                      ;
+----------------+-------+-----------------------------------------------------------------------------------------------------------+
; ASYNC_RESET    ; 1     ; Unsigned Binary                                                                                           ;
; DEPTH          ; 2     ; Signed Integer                                                                                            ;
+----------------+-------+-----------------------------------------------------------------------------------------------------------+
Note: In order to hide this table in the UI and the text report file, please set the "Show Parameter Settings in Synthesis Report" option in "Analysis and Synthesis Settings -> More Settings" to "Off".


+----------------------------------------------------------------------------------------------------------------------------------------+
; Parameter Settings for User Entity Instance: altera_reset_controller:rst_controller_001|altera_reset_synchronizer:alt_rst_req_sync_uq1 ;
+----------------+-------+---------------------------------------------------------------------------------------------------------------+
; Parameter Name ; Value ; Type                                                                                                          ;
+----------------+-------+---------------------------------------------------------------------------------------------------------------+
; ASYNC_RESET    ; 0     ; Signed Integer                                                                                                ;
; DEPTH          ; 2     ; Signed Integer                                                                                                ;
+----------------+-------+---------------------------------------------------------------------------------------------------------------+
Note: In order to hide this table in the UI and the text report file, please set the "Show Parameter Settings in Synthesis Report" option in "Analysis and Synthesis Settings -> More Settings" to "Off".


+-----------------------------------------------------------------------------------------+
; Parameter Settings for User Entity Instance: altera_reset_controller:rst_controller_002 ;
+---------------------------+----------+--------------------------------------------------+
; Parameter Name            ; Value    ; Type                                             ;
+---------------------------+----------+--------------------------------------------------+
; NUM_RESET_INPUTS          ; 1        ; Signed Integer                                   ;
; USE_RESET_REQUEST_IN0     ; 0        ; Signed Integer                                   ;
; USE_RESET_REQUEST_IN1     ; 0        ; Signed Integer                                   ;
; USE_RESET_REQUEST_IN2     ; 0        ; Signed Integer                                   ;
; USE_RESET_REQUEST_IN3     ; 0        ; Signed Integer                                   ;
; USE_RESET_REQUEST_IN4     ; 0        ; Signed Integer                                   ;
; USE_RESET_REQUEST_IN5     ; 0        ; Signed Integer                                   ;
; USE_RESET_REQUEST_IN6     ; 0        ; Signed Integer                                   ;
; USE_RESET_REQUEST_IN7     ; 0        ; Signed Integer                                   ;
; USE_RESET_REQUEST_IN8     ; 0        ; Signed Integer                                   ;
; USE_RESET_REQUEST_IN9     ; 0        ; Signed Integer                                   ;
; USE_RESET_REQUEST_IN10    ; 0        ; Signed Integer                                   ;
; USE_RESET_REQUEST_IN11    ; 0        ; Signed Integer                                   ;
; USE_RESET_REQUEST_IN12    ; 0        ; Signed Integer                                   ;
; USE_RESET_REQUEST_IN13    ; 0        ; Signed Integer                                   ;
; USE_RESET_REQUEST_IN14    ; 0        ; Signed Integer                                   ;
; USE_RESET_REQUEST_IN15    ; 0        ; Signed Integer                                   ;
; OUTPUT_RESET_SYNC_EDGES   ; deassert ; String                                           ;
; SYNC_DEPTH                ; 2        ; Signed Integer                                   ;
; RESET_REQUEST_PRESENT     ; 0        ; Signed Integer                                   ;
; RESET_REQ_WAIT_TIME       ; 1        ; Signed Integer                                   ;
; MIN_RST_ASSERTION_TIME    ; 3        ; Signed Integer                                   ;
; RESET_REQ_EARLY_DSRT_TIME ; 1        ; Signed Integer                                   ;
; ADAPT_RESET_REQUEST       ; 0        ; Signed Integer                                   ;
+---------------------------+----------+--------------------------------------------------+
Note: In order to hide this table in the UI and the text report file, please set the "Show Parameter Settings in Synthesis Report" option in "Analysis and Synthesis Settings -> More Settings" to "Off".


+------------------------------------------------------------------------------------------------------------------------------------+
; Parameter Settings for User Entity Instance: altera_reset_controller:rst_controller_002|altera_reset_synchronizer:alt_rst_sync_uq1 ;
+----------------+-------+-----------------------------------------------------------------------------------------------------------+
; Parameter Name ; Value ; Type                                                                                                      ;
+----------------+-------+-----------------------------------------------------------------------------------------------------------+
; ASYNC_RESET    ; 1     ; Unsigned Binary                                                                                           ;
; DEPTH          ; 2     ; Signed Integer                                                                                            ;
+----------------+-------+-----------------------------------------------------------------------------------------------------------+
Note: In order to hide this table in the UI and the text report file, please set the "Show Parameter Settings in Synthesis Report" option in "Analysis and Synthesis Settings -> More Settings" to "Off".


+----------------------------------------------------------------------------------------------------------------------------------------+
; Parameter Settings for User Entity Instance: altera_reset_controller:rst_controller_002|altera_reset_synchronizer:alt_rst_req_sync_uq1 ;
+----------------+-------+---------------------------------------------------------------------------------------------------------------+
; Parameter Name ; Value ; Type                                                                                                          ;
+----------------+-------+---------------------------------------------------------------------------------------------------------------+
; ASYNC_RESET    ; 0     ; Signed Integer                                                                                                ;
; DEPTH          ; 2     ; Signed Integer                                                                                                ;
+----------------+-------+---------------------------------------------------------------------------------------------------------------+
Note: In order to hide this table in the UI and the text report file, please set the "Show Parameter Settings in Synthesis Report" option in "Analysis and Synthesis Settings -> More Settings" to "Off".


+-----------------------------------------------------------------------------------------+
; Parameter Settings for User Entity Instance: altera_reset_controller:rst_controller_003 ;
+---------------------------+----------+--------------------------------------------------+
; Parameter Name            ; Value    ; Type                                             ;
+---------------------------+----------+--------------------------------------------------+
; NUM_RESET_INPUTS          ; 1        ; Signed Integer                                   ;
; USE_RESET_REQUEST_IN0     ; 0        ; Signed Integer                                   ;
; USE_RESET_REQUEST_IN1     ; 0        ; Signed Integer                                   ;
; USE_RESET_REQUEST_IN2     ; 0        ; Signed Integer                                   ;
; USE_RESET_REQUEST_IN3     ; 0        ; Signed Integer                                   ;
; USE_RESET_REQUEST_IN4     ; 0        ; Signed Integer                                   ;
; USE_RESET_REQUEST_IN5     ; 0        ; Signed Integer                                   ;
; USE_RESET_REQUEST_IN6     ; 0        ; Signed Integer                                   ;
; USE_RESET_REQUEST_IN7     ; 0        ; Signed Integer                                   ;
; USE_RESET_REQUEST_IN8     ; 0        ; Signed Integer                                   ;
; USE_RESET_REQUEST_IN9     ; 0        ; Signed Integer                                   ;
; USE_RESET_REQUEST_IN10    ; 0        ; Signed Integer                                   ;
; USE_RESET_REQUEST_IN11    ; 0        ; Signed Integer                                   ;
; USE_RESET_REQUEST_IN12    ; 0        ; Signed Integer                                   ;
; USE_RESET_REQUEST_IN13    ; 0        ; Signed Integer                                   ;
; USE_RESET_REQUEST_IN14    ; 0        ; Signed Integer                                   ;
; USE_RESET_REQUEST_IN15    ; 0        ; Signed Integer                                   ;
; OUTPUT_RESET_SYNC_EDGES   ; deassert ; String                                           ;
; SYNC_DEPTH                ; 2        ; Signed Integer                                   ;
; RESET_REQUEST_PRESENT     ; 0        ; Signed Integer                                   ;
; RESET_REQ_WAIT_TIME       ; 1        ; Signed Integer                                   ;
; MIN_RST_ASSERTION_TIME    ; 3        ; Signed Integer                                   ;
; RESET_REQ_EARLY_DSRT_TIME ; 1        ; Signed Integer                                   ;
; ADAPT_RESET_REQUEST       ; 0        ; Signed Integer                                   ;
+---------------------------+----------+--------------------------------------------------+
Note: In order to hide this table in the UI and the text report file, please set the "Show Parameter Settings in Synthesis Report" option in "Analysis and Synthesis Settings -> More Settings" to "Off".


+------------------------------------------------------------------------------------------------------------------------------------+
; Parameter Settings for User Entity Instance: altera_reset_controller:rst_controller_003|altera_reset_synchronizer:alt_rst_sync_uq1 ;
+----------------+-------+-----------------------------------------------------------------------------------------------------------+
; Parameter Name ; Value ; Type                                                                                                      ;
+----------------+-------+-----------------------------------------------------------------------------------------------------------+
; ASYNC_RESET    ; 1     ; Unsigned Binary                                                                                           ;
; DEPTH          ; 2     ; Signed Integer                                                                                            ;
+----------------+-------+-----------------------------------------------------------------------------------------------------------+
Note: In order to hide this table in the UI and the text report file, please set the "Show Parameter Settings in Synthesis Report" option in "Analysis and Synthesis Settings -> More Settings" to "Off".


+----------------------------------------------------------------------------------------------------------------------------------------+
; Parameter Settings for User Entity Instance: altera_reset_controller:rst_controller_003|altera_reset_synchronizer:alt_rst_req_sync_uq1 ;
+----------------+-------+---------------------------------------------------------------------------------------------------------------+
; Parameter Name ; Value ; Type                                                                                                          ;
+----------------+-------+---------------------------------------------------------------------------------------------------------------+
; ASYNC_RESET    ; 0     ; Signed Integer                                                                                                ;
; DEPTH          ; 2     ; Signed Integer                                                                                                ;
+----------------+-------+---------------------------------------------------------------------------------------------------------------+
Note: In order to hide this table in the UI and the text report file, please set the "Show Parameter Settings in Synthesis Report" option in "Analysis and Synthesis Settings -> More Settings" to "Off".


+------------------------------------------------------------------------+
; Port Connectivity Checks: "altera_reset_controller:rst_controller_003" ;
+----------------+--------+----------+-----------------------------------+
; Port           ; Type   ; Severity ; Details                           ;
+----------------+--------+----------+-----------------------------------+
; reset_req      ; Output ; Info     ; Explicitly unconnected            ;
; reset_req_in0  ; Input  ; Info     ; Stuck at GND                      ;
; reset_in1      ; Input  ; Info     ; Stuck at GND                      ;
; reset_req_in1  ; Input  ; Info     ; Stuck at GND                      ;
; reset_in2      ; Input  ; Info     ; Stuck at GND                      ;
; reset_req_in2  ; Input  ; Info     ; Stuck at GND                      ;
; reset_in3      ; Input  ; Info     ; Stuck at GND                      ;
; reset_req_in3  ; Input  ; Info     ; Stuck at GND                      ;
; reset_in4      ; Input  ; Info     ; Stuck at GND                      ;
; reset_req_in4  ; Input  ; Info     ; Stuck at GND                      ;
; reset_in5      ; Input  ; Info     ; Stuck at GND                      ;
; reset_req_in5  ; Input  ; Info     ; Stuck at GND                      ;
; reset_in6      ; Input  ; Info     ; Stuck at GND                      ;
; reset_req_in6  ; Input  ; Info     ; Stuck at GND                      ;
; reset_in7      ; Input  ; Info     ; Stuck at GND                      ;
; reset_req_in7  ; Input  ; Info     ; Stuck at GND                      ;
; reset_in8      ; Input  ; Info     ; Stuck at GND                      ;
; reset_req_in8  ; Input  ; Info     ; Stuck at GND                      ;
; reset_in9      ; Input  ; Info     ; Stuck at GND                      ;
; reset_req_in9  ; Input  ; Info     ; Stuck at GND                      ;
; reset_in10     ; Input  ; Info     ; Stuck at GND                      ;
; reset_req_in10 ; Input  ; Info     ; Stuck at GND                      ;
; reset_in11     ; Input  ; Info     ; Stuck at GND                      ;
; reset_req_in11 ; Input  ; Info     ; Stuck at GND                      ;
; reset_in12     ; Input  ; Info     ; Stuck at GND                      ;
; reset_req_in12 ; Input  ; Info     ; Stuck at GND                      ;
; reset_in13     ; Input  ; Info     ; Stuck at GND                      ;
; reset_req_in13 ; Input  ; Info     ; Stuck at GND                      ;
; reset_in14     ; Input  ; Info     ; Stuck at GND                      ;
; reset_req_in14 ; Input  ; Info     ; Stuck at GND                      ;
; reset_in15     ; Input  ; Info     ; Stuck at GND                      ;
; reset_req_in15 ; Input  ; Info     ; Stuck at GND                      ;
+----------------+--------+----------+-----------------------------------+


+------------------------------------------------------------------------+
; Port Connectivity Checks: "altera_reset_controller:rst_controller_002" ;
+----------------+--------+----------+-----------------------------------+
; Port           ; Type   ; Severity ; Details                           ;
+----------------+--------+----------+-----------------------------------+
; reset_req      ; Output ; Info     ; Explicitly unconnected            ;
; reset_req_in0  ; Input  ; Info     ; Stuck at GND                      ;
; reset_in1      ; Input  ; Info     ; Stuck at GND                      ;
; reset_req_in1  ; Input  ; Info     ; Stuck at GND                      ;
; reset_in2      ; Input  ; Info     ; Stuck at GND                      ;
; reset_req_in2  ; Input  ; Info     ; Stuck at GND                      ;
; reset_in3      ; Input  ; Info     ; Stuck at GND                      ;
; reset_req_in3  ; Input  ; Info     ; Stuck at GND                      ;
; reset_in4      ; Input  ; Info     ; Stuck at GND                      ;
; reset_req_in4  ; Input  ; Info     ; Stuck at GND                      ;
; reset_in5      ; Input  ; Info     ; Stuck at GND                      ;
; reset_req_in5  ; Input  ; Info     ; Stuck at GND                      ;
; reset_in6      ; Input  ; Info     ; Stuck at GND                      ;
; reset_req_in6  ; Input  ; Info     ; Stuck at GND                      ;
; reset_in7      ; Input  ; Info     ; Stuck at GND                      ;
; reset_req_in7  ; Input  ; Info     ; Stuck at GND                      ;
; reset_in8      ; Input  ; Info     ; Stuck at GND                      ;
; reset_req_in8  ; Input  ; Info     ; Stuck at GND                      ;
; reset_in9      ; Input  ; Info     ; Stuck at GND                      ;
; reset_req_in9  ; Input  ; Info     ; Stuck at GND                      ;
; reset_in10     ; Input  ; Info     ; Stuck at GND                      ;
; reset_req_in10 ; Input  ; Info     ; Stuck at GND                      ;
; reset_in11     ; Input  ; Info     ; Stuck at GND                      ;
; reset_req_in11 ; Input  ; Info     ; Stuck at GND                      ;
; reset_in12     ; Input  ; Info     ; Stuck at GND                      ;
; reset_req_in12 ; Input  ; Info     ; Stuck at GND                      ;
; reset_in13     ; Input  ; Info     ; Stuck at GND                      ;
; reset_req_in13 ; Input  ; Info     ; Stuck at GND                      ;
; reset_in14     ; Input  ; Info     ; Stuck at GND                      ;
; reset_req_in14 ; Input  ; Info     ; Stuck at GND                      ;
; reset_in15     ; Input  ; Info     ; Stuck at GND                      ;
; reset_req_in15 ; Input  ; Info     ; Stuck at GND                      ;
+----------------+--------+----------+-----------------------------------+


+------------------------------------------------------------------------+
; Port Connectivity Checks: "altera_reset_controller:rst_controller_001" ;
+----------------+--------+----------+-----------------------------------+
; Port           ; Type   ; Severity ; Details                           ;
+----------------+--------+----------+-----------------------------------+
; reset_req      ; Output ; Info     ; Explicitly unconnected            ;
; reset_req_in0  ; Input  ; Info     ; Stuck at GND                      ;
; reset_in1      ; Input  ; Info     ; Stuck at GND                      ;
; reset_req_in1  ; Input  ; Info     ; Stuck at GND                      ;
; reset_in2      ; Input  ; Info     ; Stuck at GND                      ;
; reset_req_in2  ; Input  ; Info     ; Stuck at GND                      ;
; reset_in3      ; Input  ; Info     ; Stuck at GND                      ;
; reset_req_in3  ; Input  ; Info     ; Stuck at GND                      ;
; reset_in4      ; Input  ; Info     ; Stuck at GND                      ;
; reset_req_in4  ; Input  ; Info     ; Stuck at GND                      ;
; reset_in5      ; Input  ; Info     ; Stuck at GND                      ;
; reset_req_in5  ; Input  ; Info     ; Stuck at GND                      ;
; reset_in6      ; Input  ; Info     ; Stuck at GND                      ;
; reset_req_in6  ; Input  ; Info     ; Stuck at GND                      ;
; reset_in7      ; Input  ; Info     ; Stuck at GND                      ;
; reset_req_in7  ; Input  ; Info     ; Stuck at GND                      ;
; reset_in8      ; Input  ; Info     ; Stuck at GND                      ;
; reset_req_in8  ; Input  ; Info     ; Stuck at GND                      ;
; reset_in9      ; Input  ; Info     ; Stuck at GND                      ;
; reset_req_in9  ; Input  ; Info     ; Stuck at GND                      ;
; reset_in10     ; Input  ; Info     ; Stuck at GND                      ;
; reset_req_in10 ; Input  ; Info     ; Stuck at GND                      ;
; reset_in11     ; Input  ; Info     ; Stuck at GND                      ;
; reset_req_in11 ; Input  ; Info     ; Stuck at GND                      ;
; reset_in12     ; Input  ; Info     ; Stuck at GND                      ;
; reset_req_in12 ; Input  ; Info     ; Stuck at GND                      ;
; reset_in13     ; Input  ; Info     ; Stuck at GND                      ;
; reset_req_in13 ; Input  ; Info     ; Stuck at GND                      ;
; reset_in14     ; Input  ; Info     ; Stuck at GND                      ;
; reset_req_in14 ; Input  ; Info     ; Stuck at GND                      ;
; reset_in15     ; Input  ; Info     ; Stuck at GND                      ;
; reset_req_in15 ; Input  ; Info     ; Stuck at GND                      ;
+----------------+--------+----------+-----------------------------------+


+-------------------------------------------------------------------------------------------------------------------+
; Port Connectivity Checks: "altera_reset_controller:rst_controller|altera_reset_synchronizer:alt_rst_req_sync_uq1" ;
+----------+-------+----------+-------------------------------------------------------------------------------------+
; Port     ; Type  ; Severity ; Details                                                                             ;
+----------+-------+----------+-------------------------------------------------------------------------------------+
; reset_in ; Input ; Info     ; Stuck at GND                                                                        ;
+----------+-------+----------+-------------------------------------------------------------------------------------+


+--------------------------------------------------------------------+
; Port Connectivity Checks: "altera_reset_controller:rst_controller" ;
+----------------+--------+----------+-------------------------------+
; Port           ; Type   ; Severity ; Details                       ;
+----------------+--------+----------+-------------------------------+
; reset_req      ; Output ; Info     ; Explicitly unconnected        ;
; reset_req_in0  ; Input  ; Info     ; Stuck at GND                  ;
; reset_in1      ; Input  ; Info     ; Stuck at GND                  ;
; reset_req_in1  ; Input  ; Info     ; Stuck at GND                  ;
; reset_in2      ; Input  ; Info     ; Stuck at GND                  ;
; reset_req_in2  ; Input  ; Info     ; Stuck at GND                  ;
; reset_in3      ; Input  ; Info     ; Stuck at GND                  ;
; reset_req_in3  ; Input  ; Info     ; Stuck at GND                  ;
; reset_in4      ; Input  ; Info     ; Stuck at GND                  ;
; reset_req_in4  ; Input  ; Info     ; Stuck at GND                  ;
; reset_in5      ; Input  ; Info     ; Stuck at GND                  ;
; reset_req_in5  ; Input  ; Info     ; Stuck at GND                  ;
; reset_in6      ; Input  ; Info     ; Stuck at GND                  ;
; reset_req_in6  ; Input  ; Info     ; Stuck at GND                  ;
; reset_in7      ; Input  ; Info     ; Stuck at GND                  ;
; reset_req_in7  ; Input  ; Info     ; Stuck at GND                  ;
; reset_in8      ; Input  ; Info     ; Stuck at GND                  ;
; reset_req_in8  ; Input  ; Info     ; Stuck at GND                  ;
; reset_in9      ; Input  ; Info     ; Stuck at GND                  ;
; reset_req_in9  ; Input  ; Info     ; Stuck at GND                  ;
; reset_in10     ; Input  ; Info     ; Stuck at GND                  ;
; reset_req_in10 ; Input  ; Info     ; Stuck at GND                  ;
; reset_in11     ; Input  ; Info     ; Stuck at GND                  ;
; reset_req_in11 ; Input  ; Info     ; Stuck at GND                  ;
; reset_in12     ; Input  ; Info     ; Stuck at GND                  ;
; reset_req_in12 ; Input  ; Info     ; Stuck at GND                  ;
; reset_in13     ; Input  ; Info     ; Stuck at GND                  ;
; reset_req_in13 ; Input  ; Info     ; Stuck at GND                  ;
; reset_in14     ; Input  ; Info     ; Stuck at GND                  ;
; reset_req_in14 ; Input  ; Info     ; Stuck at GND                  ;
; reset_in15     ; Input  ; Info     ; Stuck at GND                  ;
; reset_req_in15 ; Input  ; Info     ; Stuck at GND                  ;
+----------------+--------+----------+-------------------------------+


+---------------------------------------------------------------------------------------------------------------------+
; Port Connectivity Checks: "PLL_complete_altpll_0:altpll_0|PLL_complete_altpll_0_altpll_neh2:sd1"                    ;
+-----------+--------+----------+-------------------------------------------------------------------------------------+
; Port      ; Type   ; Severity ; Details                                                                             ;
+-----------+--------+----------+-------------------------------------------------------------------------------------+
; clk[4..3] ; Output ; Info     ; Connected to dangling logic. Logic that only feeds a dangling port will be removed. ;
; inclk[1]  ; Input  ; Info     ; Stuck at GND                                                                        ;
+-----------+--------+----------+-------------------------------------------------------------------------------------+


+-----------------------------------------------------------------+
; Port Connectivity Checks: "PLL_complete_altpll_0:altpll_0"      ;
+--------------------+--------+----------+------------------------+
; Port               ; Type   ; Severity ; Details                ;
+--------------------+--------+----------+------------------------+
; read               ; Input  ; Info     ; Explicitly unconnected ;
; write              ; Input  ; Info     ; Explicitly unconnected ;
; address            ; Input  ; Info     ; Explicitly unconnected ;
; readdata           ; Output ; Info     ; Explicitly unconnected ;
; writedata          ; Input  ; Info     ; Explicitly unconnected ;
; scandone           ; Output ; Info     ; Explicitly unconnected ;
; scandataout        ; Output ; Info     ; Explicitly unconnected ;
; areset             ; Input  ; Info     ; Stuck at GND           ;
; locked             ; Output ; Info     ; Explicitly unconnected ;
; phasedone          ; Output ; Info     ; Explicitly unconnected ;
; phasecounterselect ; Input  ; Info     ; Stuck at GND           ;
; phaseupdown        ; Input  ; Info     ; Stuck at GND           ;
; phasestep          ; Input  ; Info     ; Stuck at GND           ;
; scanclk            ; Input  ; Info     ; Stuck at GND           ;
; scanclkena         ; Input  ; Info     ; Stuck at GND           ;
; scandata           ; Input  ; Info     ; Stuck at GND           ;
; configupdate       ; Input  ; Info     ; Stuck at GND           ;
+--------------------+--------+----------+------------------------+


+-----------------------------------------------------+
; Post-Synthesis Netlist Statistics for Top Partition ;
+-----------------------+-----------------------------+
; Type                  ; Count                       ;
+-----------------------+-----------------------------+
; boundary_port         ; 5                           ;
; cycloneiii_ff         ; 51                          ;
;     CLR               ; 9                           ;
;     SCLR              ; 39                          ;
;     plain             ; 3                           ;
; cycloneiii_lcell_comb ; 57                          ;
;     arith             ; 36                          ;
;         2 data inputs ; 36                          ;
;     normal            ; 21                          ;
;         1 data inputs ; 3                           ;
;         2 data inputs ; 3                           ;
;         3 data inputs ; 3                           ;
;         4 data inputs ; 12                          ;
; cycloneiii_pll        ; 1                           ;
;                       ;                             ;
; Max LUT depth         ; 3.00                        ;
; Average LUT depth     ; 2.10                        ;
+-----------------------+-----------------------------+


+-------------------------------+
; Elapsed Time Per Partition    ;
+----------------+--------------+
; Partition Name ; Elapsed Time ;
+----------------+--------------+
; Top            ; 00:00:00     ;
+----------------+--------------+


+-------------------------------+
; Analysis & Synthesis Messages ;
+-------------------------------+
Info: *******************************************************************
Info: Running Quartus Prime Analysis & Synthesis
    Info: Version 18.1.0 Build 625 09/12/2018 SJ Lite Edition
    Info: Processing started: Fri Apr 19 15:01:09 2024
Info: Command: quartus_map --read_settings_files=on --write_settings_files=off PLL_Platform_Desginer -c PLL_Platform_Desginer
Warning (18236): Number of processors has not been specified which may cause overloading on shared machines.  Set the global assignment NUM_PARALLEL_PROCESSORS in your QSF to an appropriate value for best performance.
Info (20030): Parallel compilation is enabled and will use 4 of the 4 processors detected
Info (12021): Found 1 design units, including 1 entities, in source file pll_complete/synthesis/pll_complete.v
    Info (12023): Found entity 1: PLL_complete File: C:/Users/guan-ming.dennis-won/Documents/Code/Workspace/Cyclone_10_LP/Quartus 18_1/Blinky_Platform_Designer_Only/PLL_complete/synthesis/PLL_complete.v Line: 6
Info (12021): Found 1 design units, including 1 entities, in source file pll_complete/synthesis/submodules/altera_reset_controller.v
    Info (12023): Found entity 1: altera_reset_controller File: C:/Users/guan-ming.dennis-won/Documents/Code/Workspace/Cyclone_10_LP/Quartus 18_1/Blinky_Platform_Designer_Only/PLL_complete/synthesis/submodules/altera_reset_controller.v Line: 42
Info (12021): Found 1 design units, including 1 entities, in source file pll_complete/synthesis/submodules/altera_reset_synchronizer.v
    Info (12023): Found entity 1: altera_reset_synchronizer File: C:/Users/guan-ming.dennis-won/Documents/Code/Workspace/Cyclone_10_LP/Quartus 18_1/Blinky_Platform_Designer_Only/PLL_complete/synthesis/submodules/altera_reset_synchronizer.v Line: 24
Info (12021): Found 1 design units, including 1 entities, in source file pll_complete/synthesis/submodules/pll_platform_desginer.v
    Info (12023): Found entity 1: PLL_Platform_Desginer File: C:/Users/guan-ming.dennis-won/Documents/Code/Workspace/Cyclone_10_LP/Quartus 18_1/Blinky_Platform_Designer_Only/PLL_complete/synthesis/submodules/PLL_Platform_Desginer.v Line: 3
Info (12021): Found 4 design units, including 4 entities, in source file pll_complete/synthesis/submodules/pll_complete_altpll_0.v
    Info (12023): Found entity 1: PLL_complete_altpll_0_dffpipe_l2c File: C:/Users/guan-ming.dennis-won/Documents/Code/Workspace/Cyclone_10_LP/Quartus 18_1/Blinky_Platform_Designer_Only/PLL_complete/synthesis/submodules/PLL_complete_altpll_0.v Line: 37
    Info (12023): Found entity 2: PLL_complete_altpll_0_stdsync_sv6 File: C:/Users/guan-ming.dennis-won/Documents/Code/Workspace/Cyclone_10_LP/Quartus 18_1/Blinky_Platform_Designer_Only/PLL_complete/synthesis/submodules/PLL_complete_altpll_0.v Line: 98
    Info (12023): Found entity 3: PLL_complete_altpll_0_altpll_neh2 File: C:/Users/guan-ming.dennis-won/Documents/Code/Workspace/Cyclone_10_LP/Quartus 18_1/Blinky_Platform_Designer_Only/PLL_complete/synthesis/submodules/PLL_complete_altpll_0.v Line: 130
    Info (12023): Found entity 4: PLL_complete_altpll_0 File: C:/Users/guan-ming.dennis-won/Documents/Code/Workspace/Cyclone_10_LP/Quartus 18_1/Blinky_Platform_Designer_Only/PLL_complete/synthesis/submodules/PLL_complete_altpll_0.v Line: 221
Info (12127): Elaborating entity "PLL_complete" for the top level hierarchy
Info (12128): Elaborating entity "PLL_complete_altpll_0" for hierarchy "PLL_complete_altpll_0:altpll_0" File: C:/Users/guan-ming.dennis-won/Documents/Code/Workspace/Cyclone_10_LP/Quartus 18_1/Blinky_Platform_Designer_Only/PLL_complete/synthesis/PLL_complete.v Line: 45
Info (12128): Elaborating entity "PLL_complete_altpll_0_stdsync_sv6" for hierarchy "PLL_complete_altpll_0:altpll_0|PLL_complete_altpll_0_stdsync_sv6:stdsync2" File: C:/Users/guan-ming.dennis-won/Documents/Code/Workspace/Cyclone_10_LP/Quartus 18_1/Blinky_Platform_Designer_Only/PLL_complete/synthesis/submodules/PLL_complete_altpll_0.v Line: 288
Info (12128): Elaborating entity "PLL_complete_altpll_0_dffpipe_l2c" for hierarchy "PLL_complete_altpll_0:altpll_0|PLL_complete_altpll_0_stdsync_sv6:stdsync2|PLL_complete_altpll_0_dffpipe_l2c:dffpipe3" File: C:/Users/guan-ming.dennis-won/Documents/Code/Workspace/Cyclone_10_LP/Quartus 18_1/Blinky_Platform_Designer_Only/PLL_complete/synthesis/submodules/PLL_complete_altpll_0.v Line: 116
Info (12128): Elaborating entity "PLL_complete_altpll_0_altpll_neh2" for hierarchy "PLL_complete_altpll_0:altpll_0|PLL_complete_altpll_0_altpll_neh2:sd1" File: C:/Users/guan-ming.dennis-won/Documents/Code/Workspace/Cyclone_10_LP/Quartus 18_1/Blinky_Platform_Designer_Only/PLL_complete/synthesis/submodules/PLL_complete_altpll_0.v Line: 294
Info (12128): Elaborating entity "PLL_Platform_Desginer" for hierarchy "PLL_Platform_Desginer:blink_0" File: C:/Users/guan-ming.dennis-won/Documents/Code/Workspace/Cyclone_10_LP/Quartus 18_1/Blinky_Platform_Designer_Only/PLL_complete/synthesis/PLL_complete.v Line: 51
Warning (10230): Verilog HDL assignment warning at PLL_Platform_Desginer.v(16): truncated value with size 32 to match size of target (13) File: C:/Users/guan-ming.dennis-won/Documents/Code/Workspace/Cyclone_10_LP/Quartus 18_1/Blinky_Platform_Designer_Only/PLL_complete/synthesis/submodules/PLL_Platform_Desginer.v Line: 16
Info (12128): Elaborating entity "altera_reset_controller" for hierarchy "altera_reset_controller:rst_controller" File: C:/Users/guan-ming.dennis-won/Documents/Code/Workspace/Cyclone_10_LP/Quartus 18_1/Blinky_Platform_Designer_Only/PLL_complete/synthesis/PLL_complete.v Line: 126
Info (12128): Elaborating entity "altera_reset_synchronizer" for hierarchy "altera_reset_controller:rst_controller|altera_reset_synchronizer:alt_rst_sync_uq1" File: C:/Users/guan-ming.dennis-won/Documents/Code/Workspace/Cyclone_10_LP/Quartus 18_1/Blinky_Platform_Designer_Only/PLL_complete/synthesis/submodules/altera_reset_controller.v Line: 208
Info (12128): Elaborating entity "altera_reset_synchronizer" for hierarchy "altera_reset_controller:rst_controller|altera_reset_synchronizer:alt_rst_req_sync_uq1" File: C:/Users/guan-ming.dennis-won/Documents/Code/Workspace/Cyclone_10_LP/Quartus 18_1/Blinky_Platform_Designer_Only/PLL_complete/synthesis/submodules/altera_reset_controller.v Line: 220
Info (13000): Registers with preset signals will power-up high File: C:/Users/guan-ming.dennis-won/Documents/Code/Workspace/Cyclone_10_LP/Quartus 18_1/Blinky_Platform_Designer_Only/PLL_complete/synthesis/submodules/altera_reset_synchronizer.v Line: 62
Info (13003): DEV_CLRn pin will set, and not reset, register with preset signal due to NOT Gate Push-Back
Info (286030): Timing-Driven Synthesis is running
Info (17049): 3 registers lost all their fanouts during netlist optimizations.
Info (16010): Generating hard_block partition "hard_block:auto_generated_inst"
    Info (16011): Adding 1 node(s), including 0 DDIO, 1 PLL, 0 transceiver and 0 LCELL
Info (21057): Implemented 72 device resources after synthesis - the final resource count might be different
    Info (21058): Implemented 2 input pins
    Info (21059): Implemented 3 output pins
    Info (21061): Implemented 66 logic cells
    Info (21065): Implemented 1 PLLs
Info: Quartus Prime Analysis & Synthesis was successful. 0 errors, 2 warnings
    Info: Peak virtual memory: 4747 megabytes
    Info: Processing ended: Fri Apr 19 15:01:33 2024
    Info: Elapsed time: 00:00:24
    Info: Total CPU time (on all processors): 00:00:30


