2023-12-24 13:19:17,789 [INFO] Activator:176 - 


2023-12-24 13:19:17,790 [INFO] Activator:177 - !SESSION log4j initialized
2023-12-24 13:19:20,186 [INFO] LogOutputStream:77 - [STDOUT_REDIRECT] 
2023-12-24 13:19:22,205 [INFO] ApplicationProperties:184 - Using Application install path: C:\ST\STM32CubeIDE_1.14.0\STM32CubeIDE\plugins\com.st.stm32cube.common.mx_6.10.0.202311202037
2023-12-24 13:19:22,221 [INFO] DbMcusXml:78 - Set database path to: C:\ST\STM32CubeIDE_1.14.0\STM32CubeIDE\plugins\com.st.stm32cube.common.mx_6.10.0.202311202037\\db\/mcu/
2023-12-24 13:19:22,222 [INFO] ApiDb:274 - Set plugin database path to: C:\ST\STM32CubeIDE_1.14.0\STM32CubeIDE\plugins\com.st.stm32cube.common.mx_6.10.0.202311202037\\db\/plugins/boardmanager/
2023-12-24 13:19:22,223 [WARN] ApiDb:259 - Overriding images path with different value:  => C:\ST\STM32CubeIDE_1.14.0\STM32CubeIDE\plugins\com.st.stm32cube.common.mx_6.10.0.202311202037\\db\/plugins/mcufinder/images/
2023-12-24 13:19:22,229 [INFO] ApiDb:250 - Set database path to: C:\Users\denni\.stmcufinder\plugins\mcufinder//mcu/
2023-12-24 13:19:22,230 [INFO] DbMcusAds:125 - Set database path to: C:\Users\denni\.stmcufinder\plugins\mcufinder//mcu/
2023-12-24 13:19:22,233 [INFO] CrossReferenceDbSqlite:203 - Set database path to: C:\Users\denni\.stmcufinder\plugins\mcufinder//mcu/cs/
2023-12-24 13:19:22,363 [INFO] RulesReader:64 - Compatibility file has been processed (297 Rules)
2023-12-24 13:19:22,452 [INFO] DbMcusXml:78 - Set database path to: C:\ST\STM32CubeIDE_1.14.0\STM32CubeIDE\plugins\com.st.stm32cube.common.mx_6.10.0.202311202037\\db\/mcu/
2023-12-24 13:19:22,452 [INFO] ApiDb:274 - Set plugin database path to: C:\ST\STM32CubeIDE_1.14.0\STM32CubeIDE\plugins\com.st.stm32cube.common.mx_6.10.0.202311202037\\db\/plugins/boardmanager/
2023-12-24 13:19:22,452 [INFO] ApiDb:261 - Set plugin images path to: C:\ST\STM32CubeIDE_1.14.0\STM32CubeIDE\plugins\com.st.stm32cube.common.mx_6.10.0.202311202037\\db\/plugins/mcufinder/images/
2023-12-24 13:19:22,452 [WARN] DbFile:41 - Overriding database path with different value: C:\Users\denni\.stmcufinder\plugins\mcufinder/ => C:\Users\denni\.stmcufinder\plugins\mcufinder
2023-12-24 13:19:22,452 [INFO] ApiDb:250 - Set database path to: C:\Users\denni\.stmcufinder\plugins\mcufinder//mcu/
2023-12-24 13:19:22,452 [WARN] DbFile:41 - Overriding database path with different value: C:\Users\denni\.stmcufinder\plugins\mcufinder/ => C:\Users\denni\.stmcufinder\plugins\mcufinder
2023-12-24 13:19:22,452 [INFO] DbMcusAds:125 - Set database path to: C:\Users\denni\.stmcufinder\plugins\mcufinder//mcu/
2023-12-24 13:19:22,453 [WARN] DbFile:41 - Overriding database path with different value: C:\Users\denni\.stmcufinder\plugins\mcufinder/ => C:\Users\denni\.stmcufinder\plugins\mcufinder
2023-12-24 13:19:22,453 [WARN] DbFile:41 - Overriding database path with different value: C:\Users\denni\.stmcufinder\plugins\mcufinder/ => C:\Users\denni\.stmcufinder\plugins\mcufinder
2023-12-24 13:19:22,453 [INFO] CrossReferenceDbSqlite:203 - Set database path to: C:\Users\denni\.stmcufinder\plugins\mcufinder//mcu/cs/
2023-12-24 13:19:22,534 [INFO] MainPanel:264 - HeapMemory: 268435456
2023-12-24 13:19:22,636 [INFO] DbMcusXml:78 - Set database path to: C:\ST\STM32CubeIDE_1.14.0\STM32CubeIDE\plugins\com.st.stm32cube.common.mx_6.10.0.202311202037\\db\/mcu/
2023-12-24 13:19:22,636 [INFO] ApiDb:274 - Set plugin database path to: C:\ST\STM32CubeIDE_1.14.0\STM32CubeIDE\plugins\com.st.stm32cube.common.mx_6.10.0.202311202037\\db\/plugins/boardmanager/
2023-12-24 13:19:22,636 [INFO] ApiDb:261 - Set plugin images path to: C:\ST\STM32CubeIDE_1.14.0\STM32CubeIDE\plugins\com.st.stm32cube.common.mx_6.10.0.202311202037\\db\/plugins/mcufinder/images/
2023-12-24 13:19:22,637 [WARN] DbFile:41 - Overriding database path with different value: C:\Users\denni\.stmcufinder\plugins\mcufinder/ => C:\Users\denni\.stmcufinder\plugins\mcufinder
2023-12-24 13:19:22,637 [INFO] ApiDb:250 - Set database path to: C:\Users\denni\.stmcufinder\plugins\mcufinder//mcu/
2023-12-24 13:19:22,637 [WARN] DbFile:41 - Overriding database path with different value: C:\Users\denni\.stmcufinder\plugins\mcufinder/ => C:\Users\denni\.stmcufinder\plugins\mcufinder
2023-12-24 13:19:22,637 [INFO] DbMcusAds:125 - Set database path to: C:\Users\denni\.stmcufinder\plugins\mcufinder//mcu/
2023-12-24 13:19:22,637 [WARN] DbFile:41 - Overriding database path with different value: C:\Users\denni\.stmcufinder\plugins\mcufinder/ => C:\Users\denni\.stmcufinder\plugins\mcufinder
2023-12-24 13:19:22,637 [WARN] DbFile:41 - Overriding database path with different value: C:\Users\denni\.stmcufinder\plugins\mcufinder/ => C:\Users\denni\.stmcufinder\plugins\mcufinder
2023-12-24 13:19:22,637 [INFO] CrossReferenceDbSqlite:203 - Set database path to: C:\Users\denni\.stmcufinder\plugins\mcufinder//mcu/cs/
2023-12-24 13:19:22,652 [INFO] ApplicationProperties:184 - Using Application install path: C:\ST\STM32CubeIDE_1.14.0\STM32CubeIDE\plugins\com.st.stm32cube.common.mx_6.10.0.202311202037
2023-12-24 13:19:22,653 [INFO] PluginManage:196 - Search for loadable plugins [exclusion list=, ]
2023-12-24 13:19:22,654 [INFO] PluginManage:310 - Check plugin analytics
2023-12-24 13:19:22,816 [INFO] AnalyticsPlugin:253 - Accepted Software Licenses: 
2023-12-24 13:19:22,816 [INFO] AnalyticsPlugin:255 - Accepted CMSIS Pack Licenses: 
2023-12-24 13:19:22,816 [INFO] AnalyticsPlugin:257 - Accepted Firmware Licenses: FW.H7.1.11.0
2023-12-24 13:19:22,819 [INFO] PluginManage:359 - Loaded plugin analytics (category:tool,tabindex:-1)
2023-12-24 13:19:22,819 [INFO] PluginManage:310 - Check plugin cadmodel
2023-12-24 13:19:22,823 [INFO] CADModel:105 - Init CAD model plugin
2023-12-24 13:19:22,823 [INFO] PluginManage:359 - Loaded plugin cadmodel (category:power,tabindex:5)
2023-12-24 13:19:22,824 [INFO] PluginManage:310 - Check plugin clock
2023-12-24 13:19:22,832 [INFO] PluginManage:359 - Loaded plugin clock (category:base,tabindex:2)
2023-12-24 13:19:22,832 [INFO] PluginManage:310 - Check plugin ddr
2023-12-24 13:19:22,834 [INFO] PluginManage:359 - Loaded plugin ddr (category:tool,tabindex:6)
2023-12-24 13:19:22,834 [INFO] PluginManage:310 - Check plugin filemanager
2023-12-24 13:19:22,946 [INFO] PluginManage:359 - Loaded plugin filemanager (category:base,tabindex:10)
2023-12-24 13:19:22,946 [INFO] PluginManage:310 - Check plugin ipmanager
2023-12-24 13:19:22,952 [INFO] PluginManage:359 - Loaded plugin ipmanager (category:base,tabindex:5)
2023-12-24 13:19:22,952 [INFO] PluginManage:310 - Check plugin lpbam
2023-12-24 13:19:22,959 [INFO] PluginManage:359 - Loaded plugin lpbam (category:base,tabindex:0)
2023-12-24 13:19:22,960 [INFO] PluginManage:310 - Check plugin memorymap
2023-12-24 13:19:22,972 [INFO] PluginManage:359 - Loaded plugin memorymap (category:base,tabindex:4)
2023-12-24 13:19:22,972 [INFO] PluginManage:310 - Check plugin pinoutandconfiguration
2023-12-24 13:19:22,978 [INFO] PluginManage:359 - Loaded plugin pinoutandconfiguration (category:base,tabindex:1)
2023-12-24 13:19:22,978 [INFO] PluginManage:310 - Check plugin pinoutconfig
2023-12-24 13:19:23,078 [WARN] SupportedApi:132 - Cannot load RTOS API schema: s4s-elt-must-match.1: The content of 'definitions' must match (annotation?, (simpleType | complexType)?, (unique | key | keyref)*)). A problem was found starting at: attribute.
2023-12-24 13:19:23,182 [INFO] PluginManage:359 - Loaded plugin pinoutconfig (category:base,tabindex:0)
2023-12-24 13:19:23,182 [INFO] PluginManage:310 - Check plugin power
2023-12-24 13:19:23,190 [INFO] PluginManage:359 - Loaded plugin power (category:power,tabindex:4)
2023-12-24 13:19:23,190 [INFO] PluginManage:310 - Check plugin projectmanager
2023-12-24 13:19:23,205 [INFO] PluginManage:359 - Loaded plugin projectmanager (category:projectmanager,tabindex:3)
2023-12-24 13:19:23,205 [INFO] PluginManage:310 - Check plugin thirdparty
2023-12-24 13:19:23,317 [INFO] PluginManage:359 - Loaded plugin thirdparty (category:base,tabindex:-1)
2023-12-24 13:19:23,317 [WARN] IntegrityCheckThread:84 - waiting for thirdparty lock release [integrity check]
2023-12-24 13:19:23,317 [INFO] PluginManage:310 - Check plugin tools
2023-12-24 13:19:23,317 [INFO] IntegrityCheckThread:86 - entering critical section [integrity check]
2023-12-24 13:19:23,317 [INFO] ThirdPartyUpdaterWithRetryManager:70 - Updater plugin not ready yet. [1/15]
2023-12-24 13:19:23,319 [INFO] PluginManage:359 - Loaded plugin tools (category:base,tabindex:7)
2023-12-24 13:19:23,319 [INFO] PluginManage:310 - Check plugin tutovideos
2023-12-24 13:19:23,454 [INFO] PluginManage:359 - Loaded plugin tutovideos (category:base,tabindex:-1)
2023-12-24 13:19:23,454 [INFO] PluginManage:310 - Check plugin updater
2023-12-24 13:19:23,464 [INFO] PluginManage:359 - Loaded plugin updater (category:base,tabindex:12)
2023-12-24 13:19:23,464 [INFO] PluginManage:310 - Check plugin userauth
2023-12-24 13:19:23,468 [INFO] UserAuth:114 - Init User Auth plugin
2023-12-24 13:19:23,468 [INFO] PluginManage:359 - Loaded plugin userauth (category:base,tabindex:14)
2023-12-24 13:19:23,469 [INFO] PluginManage:283 - PluginManage : Loaded plugins [17]
2023-12-24 13:19:23,684 [INFO] PinOutPanel:1499 - setPackage(No Configuration,No Configuration)
2023-12-24 13:19:23,776 [INFO] CADModel:165 - CPN selected for project level
2023-12-24 13:19:23,776 [INFO] CADModel:114 - Register for checkConnection events
2023-12-24 13:19:23,799 [INFO] IPUIPlugin:80 - create IPUIPlugin
2023-12-24 13:19:23,799 [INFO] PluginManager:220 - loadIPPluginJar : add adc
2023-12-24 13:19:23,802 [INFO] IPUIPlugin:80 - create IPUIPlugin
2023-12-24 13:19:23,802 [INFO] PluginManager:220 - loadIPPluginJar : add aes
2023-12-24 13:19:23,804 [INFO] IPUIPlugin:80 - create IPUIPlugin
2023-12-24 13:19:23,804 [INFO] PluginManager:220 - loadIPPluginJar : add can
2023-12-24 13:19:23,806 [INFO] IPUIPlugin:80 - create IPUIPlugin
2023-12-24 13:19:23,806 [INFO] PluginManager:220 - loadIPPluginJar : add comp
2023-12-24 13:19:23,809 [INFO] IPUIPlugin:80 - create IPUIPlugin
2023-12-24 13:19:23,809 [INFO] PluginManager:220 - loadIPPluginJar : add cryp
2023-12-24 13:19:23,813 [INFO] IPUIPlugin:80 - create IPUIPlugin
2023-12-24 13:19:23,813 [INFO] PluginManager:220 - loadIPPluginJar : add dfsdm
2023-12-24 13:19:23,818 [INFO] IPUIPlugin:80 - create IPUIPlugin
2023-12-24 13:19:23,819 [INFO] PluginManager:220 - loadIPPluginJar : add dma
2023-12-24 13:19:23,822 [INFO] IPUIPlugin:80 - create IPUIPlugin
2023-12-24 13:19:23,822 [INFO] PluginManager:220 - loadIPPluginJar : add dma3
2023-12-24 13:19:23,824 [INFO] IPUIPlugin:80 - create IPUIPlugin
2023-12-24 13:19:23,824 [INFO] PluginManager:220 - loadIPPluginJar : add fatfs
2023-12-24 13:19:23,830 [INFO] IPUIPlugin:80 - create IPUIPlugin
2023-12-24 13:19:23,830 [INFO] PluginManager:220 - loadIPPluginJar : add fmc
2023-12-24 13:19:23,837 [INFO] IPUIPlugin:80 - create IPUIPlugin
2023-12-24 13:19:23,837 [INFO] PluginManager:220 - loadIPPluginJar : add freertos
2023-12-24 13:19:23,839 [INFO] IPUIPlugin:80 - create IPUIPlugin
2023-12-24 13:19:23,839 [INFO] PluginManager:220 - loadIPPluginJar : add genericplugin
2023-12-24 13:19:23,842 [INFO] IPUIPlugin:80 - create IPUIPlugin
2023-12-24 13:19:23,842 [INFO] PluginManager:220 - loadIPPluginJar : add gfxmmu
2023-12-24 13:19:23,848 [INFO] IPUIPlugin:80 - create IPUIPlugin
2023-12-24 13:19:23,848 [INFO] PluginManager:220 - loadIPPluginJar : add gic
2023-12-24 13:19:23,853 [INFO] IPUIPlugin:80 - create IPUIPlugin
2023-12-24 13:19:23,853 [INFO] PluginManager:220 - loadIPPluginJar : add gpio
2023-12-24 13:19:23,856 [INFO] IPUIPlugin:80 - create IPUIPlugin
2023-12-24 13:19:23,856 [INFO] PluginManager:220 - loadIPPluginJar : add gtzc
2023-12-24 13:19:23,859 [INFO] IPUIPlugin:80 - create IPUIPlugin
2023-12-24 13:19:23,859 [INFO] PluginManager:220 - loadIPPluginJar : add hash
2023-12-24 13:19:23,862 [INFO] IPUIPlugin:80 - create IPUIPlugin
2023-12-24 13:19:23,862 [INFO] PluginManager:220 - loadIPPluginJar : add i2c
2023-12-24 13:19:23,864 [INFO] IPUIPlugin:80 - create IPUIPlugin
2023-12-24 13:19:23,865 [INFO] PluginManager:220 - loadIPPluginJar : add i2s
2023-12-24 13:19:23,868 [INFO] IPUIPlugin:80 - create IPUIPlugin
2023-12-24 13:19:23,868 [INFO] PluginManager:220 - loadIPPluginJar : add i3c
2023-12-24 13:19:23,872 [INFO] IPUIPlugin:80 - create IPUIPlugin
2023-12-24 13:19:23,872 [INFO] PluginManager:220 - loadIPPluginJar : add ipddr
2023-12-24 13:19:23,881 [INFO] IPUIPlugin:80 - create IPUIPlugin
2023-12-24 13:19:23,881 [INFO] PluginManager:220 - loadIPPluginJar : add linkedlist
2023-12-24 13:19:23,884 [INFO] IPUIPlugin:80 - create IPUIPlugin
2023-12-24 13:19:23,884 [INFO] PluginManager:220 - loadIPPluginJar : add lorawan
2023-12-24 13:19:23,885 [INFO] IPUIPlugin:80 - create IPUIPlugin
2023-12-24 13:19:23,885 [INFO] PluginManager:220 - loadIPPluginJar : add ltdc
2023-12-24 13:19:23,891 [INFO] IPUIPlugin:80 - create IPUIPlugin
2023-12-24 13:19:23,891 [INFO] PluginManager:220 - loadIPPluginJar : add mdma
2023-12-24 13:19:23,895 [INFO] IPUIPlugin:80 - create IPUIPlugin
2023-12-24 13:19:23,895 [INFO] PluginManager:220 - loadIPPluginJar : add nvic
2023-12-24 13:19:23,899 [INFO] IPUIPlugin:80 - create IPUIPlugin
2023-12-24 13:19:23,899 [INFO] PluginManager:220 - loadIPPluginJar : add opamp
2023-12-24 13:19:23,903 [INFO] IPUIPlugin:80 - create IPUIPlugin
2023-12-24 13:19:23,903 [INFO] PluginManager:220 - loadIPPluginJar : add openamp
2023-12-24 13:19:23,907 [INFO] IPUIPlugin:80 - create IPUIPlugin
2023-12-24 13:19:23,907 [INFO] PluginManager:220 - loadIPPluginJar : add pdm2pcm
2023-12-24 13:19:23,914 [INFO] IPUIPlugin:80 - create IPUIPlugin
2023-12-24 13:19:23,917 [INFO] PluginManager:220 - loadIPPluginJar : add plateformsettings
2023-12-24 13:19:23,919 [INFO] IPUIPlugin:80 - create IPUIPlugin
2023-12-24 13:19:23,919 [INFO] PluginManager:220 - loadIPPluginJar : add quadspi
2023-12-24 13:19:23,922 [INFO] IPUIPlugin:80 - create IPUIPlugin
2023-12-24 13:19:23,923 [INFO] PluginManager:220 - loadIPPluginJar : add resmgrutility
2023-12-24 13:19:23,927 [INFO] IPUIPlugin:80 - create IPUIPlugin
2023-12-24 13:19:23,927 [INFO] PluginManager:220 - loadIPPluginJar : add sai
2023-12-24 13:19:23,931 [INFO] IPUIPlugin:80 - create IPUIPlugin
2023-12-24 13:19:23,931 [INFO] PluginManager:220 - loadIPPluginJar : add spi
2023-12-24 13:19:23,937 [INFO] IPUIPlugin:80 - create IPUIPlugin
2023-12-24 13:19:23,937 [INFO] PluginManager:220 - loadIPPluginJar : add stm32_wpan
2023-12-24 13:19:23,939 [INFO] IPUIPlugin:80 - create IPUIPlugin
2023-12-24 13:19:23,939 [INFO] PluginManager:220 - loadIPPluginJar : add tim
2023-12-24 13:19:23,943 [INFO] IPUIPlugin:80 - create IPUIPlugin
2023-12-24 13:19:23,943 [INFO] PluginManager:220 - loadIPPluginJar : add touchsensing
2023-12-24 13:19:23,945 [INFO] IPUIPlugin:80 - create IPUIPlugin
2023-12-24 13:19:23,946 [INFO] PluginManager:220 - loadIPPluginJar : add tracer_emb
2023-12-24 13:19:23,948 [INFO] IPUIPlugin:80 - create IPUIPlugin
2023-12-24 13:19:23,948 [INFO] PluginManager:220 - loadIPPluginJar : add ts
2023-12-24 13:19:23,950 [INFO] IPUIPlugin:80 - create IPUIPlugin
2023-12-24 13:19:23,950 [INFO] PluginManager:220 - loadIPPluginJar : add tsc
2023-12-24 13:19:23,952 [INFO] IPUIPlugin:80 - create IPUIPlugin
2023-12-24 13:19:23,952 [INFO] PluginManager:220 - loadIPPluginJar : add ucpd
2023-12-24 13:19:23,955 [INFO] IPUIPlugin:80 - create IPUIPlugin
2023-12-24 13:19:23,955 [INFO] PluginManager:220 - loadIPPluginJar : add usart
2023-12-24 13:19:23,958 [INFO] IPUIPlugin:80 - create IPUIPlugin
2023-12-24 13:19:23,959 [INFO] PluginManager:220 - loadIPPluginJar : add usbx
2023-12-24 13:19:24,103 [INFO] CADModel:165 - CPN selected for project level
2023-12-24 13:19:24,103 [INFO] CADModel:114 - Register for checkConnection events
2023-12-24 13:19:24,103 [FATAL] Updater:308 - Updater called before beeing initialized
2023-12-24 13:19:24,103 [ERROR] CADModel:125 - Updater not yet initialized, retry later 
2023-12-24 13:19:24,232 [INFO] CADModel:165 - CPN selected for project level
2023-12-24 13:19:24,232 [INFO] CADModel:114 - Register for checkConnection events
2023-12-24 13:19:24,232 [FATAL] Updater:308 - Updater called before beeing initialized
2023-12-24 13:19:24,232 [ERROR] CADModel:125 - Updater not yet initialized, retry later 
2023-12-24 13:19:24,235 [FATAL] Updater:308 - Updater called before beeing initialized
2023-12-24 13:19:24,334 [FATAL] Updater:308 - Updater called before beeing initialized
2023-12-24 13:19:24,338 [FATAL] Updater:308 - Updater called before beeing initialized
2023-12-24 13:19:24,367 [WARN] DetailPanel:346 - Failed to get advertising image, set to default
2023-12-24 13:19:24,453 [FATAL] Updater:308 - Updater called before beeing initialized
2023-12-24 13:19:24,455 [FATAL] Updater:308 - Updater called before beeing initialized
2023-12-24 13:19:24,455 [FATAL] Updater:308 - Updater called before beeing initialized
2023-12-24 13:19:24,455 [WARN] DetailPanel:346 - Failed to get advertising image, set to default
2023-12-24 13:19:24,455 [FATAL] Updater:308 - Updater called before beeing initialized
2023-12-24 13:19:24,507 [ERROR] Updater:1120 - MainUpdater not yet initialized. External WinMGr cannot be set.
2023-12-24 13:19:24,509 [INFO] Updater:1056 - Updater Version found : 6.10.0
2023-12-24 13:19:24,526 [INFO] ApplicationProperties:184 - Using Application install path: C:\ST\STM32CubeIDE_1.14.0\STM32CubeIDE\plugins\com.st.stm32cube.common.mx_6.10.0.202311202037
2023-12-24 13:19:25,768 [INFO] MainUpdater:2873 - connection check result : 10
2023-12-24 13:19:25,769 [INFO] MainUpdater:290 - Updater Check For Update Now.
2023-12-24 13:19:25,769 [INFO] MicroXplorer:498 - Change Database Version : DB.6.0.100
2023-12-24 13:19:25,775 [INFO] McuFinderGlobals:63 - Set McuFinder mode to 2 (CubeIDE integrated)
2023-12-24 13:19:25,952 [INFO] CheckServerUpdateThread:120 - End of CheckServer Thread
2023-12-24 13:19:26,274 [INFO] UserAuth:404 - Internet connection configuration mode: 1
2023-12-24 13:19:26,289 [INFO] JxBrowserEngine:152 - Initiate JxBrowser Engine with user profile folder
2023-12-24 13:19:26,390 [INFO] ThirdParty:978 - Integrity check success = true
2023-12-24 13:19:26,390 [INFO] IntegrityCheckThread:100 - exiting critical section [integrity check]
2023-12-24 13:19:26,390 [INFO] IntegrityCheckThread:103 - End integrity checks thread
2023-12-24 13:19:26,905 [INFO] WebApp:161 - Instantiating new browser for Auth
2023-12-24 13:19:27,404 [INFO] WebApp:780 - Register for checkConnection events
2023-12-24 13:19:27,405 [INFO] WebApp:414 - Apply proxy settings
2023-12-24 13:19:27,405 [INFO] WebApp:499 - Chromium requires no authentication
2023-12-24 13:19:27,409 [INFO] WebApp:442 - Direct internet connection detected
2023-12-24 13:19:27,535 [INFO] WebApp:192 - Starting web application
2023-12-24 13:19:27,535 [INFO] WebApp:544 - Web application path used C:\ST\STM32CubeIDE_1.14.0\STM32CubeIDE\plugins\com.st.stm32cube.common.mx_6.10.0.202311202037\db\plugins\mcufinder\reactClient1\index.html
2023-12-24 13:19:48,323 [ERROR] LogOutputStream:75 - [STDERR_REDIRECT] SLF4J: Failed to load class "org.slf4j.impl.StaticLoggerBinder".
2023-12-24 13:19:48,324 [ERROR] LogOutputStream:75 - [STDERR_REDIRECT] SLF4J: Defaulting to no-operation (NOP) logger implementation
2023-12-24 13:19:48,326 [ERROR] LogOutputStream:75 - [STDERR_REDIRECT] SLF4J: See http://www.slf4j.org/codes.html#StaticLoggerBinder for further details.
2023-12-24 13:20:41,629 [ERROR] LogOutputStream:75 - [STDERR_REDIRECT] 
2023-12-24 13:20:46,708 [INFO] Activator:176 - 


2023-12-24 13:20:46,711 [INFO] Activator:177 - !SESSION log4j initialized
2023-12-24 13:20:49,639 [INFO] LogOutputStream:77 - [STDOUT_REDIRECT] 
2023-12-24 13:20:51,181 [INFO] ApplicationProperties:184 - Using Application install path: C:\ST\STM32CubeIDE_1.14.0\STM32CubeIDE\plugins\com.st.stm32cube.common.mx_6.10.0.202311202037
2023-12-24 13:20:51,200 [INFO] DbMcusXml:78 - Set database path to: C:\ST\STM32CubeIDE_1.14.0\STM32CubeIDE\plugins\com.st.stm32cube.common.mx_6.10.0.202311202037\\db\/mcu/
2023-12-24 13:20:51,200 [INFO] ApiDb:274 - Set plugin database path to: C:\ST\STM32CubeIDE_1.14.0\STM32CubeIDE\plugins\com.st.stm32cube.common.mx_6.10.0.202311202037\\db\/plugins/boardmanager/
2023-12-24 13:20:51,201 [WARN] ApiDb:259 - Overriding images path with different value:  => C:\ST\STM32CubeIDE_1.14.0\STM32CubeIDE\plugins\com.st.stm32cube.common.mx_6.10.0.202311202037\\db\/plugins/mcufinder/images/
2023-12-24 13:20:51,205 [INFO] ApiDb:250 - Set database path to: C:\Users\denni\.stmcufinder\plugins\mcufinder//mcu/
2023-12-24 13:20:51,206 [INFO] DbMcusAds:125 - Set database path to: C:\Users\denni\.stmcufinder\plugins\mcufinder//mcu/
2023-12-24 13:20:51,208 [INFO] CrossReferenceDbSqlite:203 - Set database path to: C:\Users\denni\.stmcufinder\plugins\mcufinder//mcu/cs/
2023-12-24 13:20:51,315 [INFO] RulesReader:64 - Compatibility file has been processed (297 Rules)
2023-12-24 13:20:51,386 [INFO] DbMcusXml:78 - Set database path to: C:\ST\STM32CubeIDE_1.14.0\STM32CubeIDE\plugins\com.st.stm32cube.common.mx_6.10.0.202311202037\\db\/mcu/
2023-12-24 13:20:51,386 [INFO] ApiDb:274 - Set plugin database path to: C:\ST\STM32CubeIDE_1.14.0\STM32CubeIDE\plugins\com.st.stm32cube.common.mx_6.10.0.202311202037\\db\/plugins/boardmanager/
2023-12-24 13:20:51,386 [INFO] ApiDb:261 - Set plugin images path to: C:\ST\STM32CubeIDE_1.14.0\STM32CubeIDE\plugins\com.st.stm32cube.common.mx_6.10.0.202311202037\\db\/plugins/mcufinder/images/
2023-12-24 13:20:51,386 [WARN] DbFile:41 - Overriding database path with different value: C:\Users\denni\.stmcufinder\plugins\mcufinder/ => C:\Users\denni\.stmcufinder\plugins\mcufinder
2023-12-24 13:20:51,386 [INFO] ApiDb:250 - Set database path to: C:\Users\denni\.stmcufinder\plugins\mcufinder//mcu/
2023-12-24 13:20:51,387 [WARN] DbFile:41 - Overriding database path with different value: C:\Users\denni\.stmcufinder\plugins\mcufinder/ => C:\Users\denni\.stmcufinder\plugins\mcufinder
2023-12-24 13:20:51,387 [INFO] DbMcusAds:125 - Set database path to: C:\Users\denni\.stmcufinder\plugins\mcufinder//mcu/
2023-12-24 13:20:51,387 [WARN] DbFile:41 - Overriding database path with different value: C:\Users\denni\.stmcufinder\plugins\mcufinder/ => C:\Users\denni\.stmcufinder\plugins\mcufinder
2023-12-24 13:20:51,387 [WARN] DbFile:41 - Overriding database path with different value: C:\Users\denni\.stmcufinder\plugins\mcufinder/ => C:\Users\denni\.stmcufinder\plugins\mcufinder
2023-12-24 13:20:51,387 [INFO] CrossReferenceDbSqlite:203 - Set database path to: C:\Users\denni\.stmcufinder\plugins\mcufinder//mcu/cs/
2023-12-24 13:20:51,450 [INFO] MainPanel:264 - HeapMemory: 268435456
2023-12-24 13:20:51,508 [INFO] DbMcusXml:78 - Set database path to: C:\ST\STM32CubeIDE_1.14.0\STM32CubeIDE\plugins\com.st.stm32cube.common.mx_6.10.0.202311202037\\db\/mcu/
2023-12-24 13:20:51,508 [INFO] ApiDb:274 - Set plugin database path to: C:\ST\STM32CubeIDE_1.14.0\STM32CubeIDE\plugins\com.st.stm32cube.common.mx_6.10.0.202311202037\\db\/plugins/boardmanager/
2023-12-24 13:20:51,508 [INFO] ApiDb:261 - Set plugin images path to: C:\ST\STM32CubeIDE_1.14.0\STM32CubeIDE\plugins\com.st.stm32cube.common.mx_6.10.0.202311202037\\db\/plugins/mcufinder/images/
2023-12-24 13:20:51,508 [WARN] DbFile:41 - Overriding database path with different value: C:\Users\denni\.stmcufinder\plugins\mcufinder/ => C:\Users\denni\.stmcufinder\plugins\mcufinder
2023-12-24 13:20:51,508 [INFO] ApiDb:250 - Set database path to: C:\Users\denni\.stmcufinder\plugins\mcufinder//mcu/
2023-12-24 13:20:51,509 [WARN] DbFile:41 - Overriding database path with different value: C:\Users\denni\.stmcufinder\plugins\mcufinder/ => C:\Users\denni\.stmcufinder\plugins\mcufinder
2023-12-24 13:20:51,509 [INFO] DbMcusAds:125 - Set database path to: C:\Users\denni\.stmcufinder\plugins\mcufinder//mcu/
2023-12-24 13:20:51,509 [WARN] DbFile:41 - Overriding database path with different value: C:\Users\denni\.stmcufinder\plugins\mcufinder/ => C:\Users\denni\.stmcufinder\plugins\mcufinder
2023-12-24 13:20:51,509 [WARN] DbFile:41 - Overriding database path with different value: C:\Users\denni\.stmcufinder\plugins\mcufinder/ => C:\Users\denni\.stmcufinder\plugins\mcufinder
2023-12-24 13:20:51,509 [INFO] CrossReferenceDbSqlite:203 - Set database path to: C:\Users\denni\.stmcufinder\plugins\mcufinder//mcu/cs/
2023-12-24 13:20:51,521 [INFO] ApplicationProperties:184 - Using Application install path: C:\ST\STM32CubeIDE_1.14.0\STM32CubeIDE\plugins\com.st.stm32cube.common.mx_6.10.0.202311202037
2023-12-24 13:20:51,522 [INFO] PluginManage:196 - Search for loadable plugins [exclusion list=, ]
2023-12-24 13:20:51,523 [INFO] PluginManage:310 - Check plugin analytics
2023-12-24 13:20:51,678 [INFO] AnalyticsPlugin:253 - Accepted Software Licenses: 
2023-12-24 13:20:51,679 [INFO] AnalyticsPlugin:255 - Accepted CMSIS Pack Licenses: 
2023-12-24 13:20:51,679 [INFO] AnalyticsPlugin:257 - Accepted Firmware Licenses: FW.H7.1.11.0
2023-12-24 13:20:51,681 [INFO] PluginManage:359 - Loaded plugin analytics (category:tool,tabindex:-1)
2023-12-24 13:20:51,681 [INFO] PluginManage:310 - Check plugin cadmodel
2023-12-24 13:20:51,685 [INFO] CADModel:105 - Init CAD model plugin
2023-12-24 13:20:51,685 [INFO] PluginManage:359 - Loaded plugin cadmodel (category:power,tabindex:5)
2023-12-24 13:20:51,685 [INFO] PluginManage:310 - Check plugin clock
2023-12-24 13:20:51,691 [INFO] PluginManage:359 - Loaded plugin clock (category:base,tabindex:2)
2023-12-24 13:20:51,691 [INFO] PluginManage:310 - Check plugin ddr
2023-12-24 13:20:51,692 [INFO] PluginManage:359 - Loaded plugin ddr (category:tool,tabindex:6)
2023-12-24 13:20:51,692 [INFO] PluginManage:310 - Check plugin filemanager
2023-12-24 13:20:51,798 [INFO] PluginManage:359 - Loaded plugin filemanager (category:base,tabindex:10)
2023-12-24 13:20:51,798 [INFO] PluginManage:310 - Check plugin ipmanager
2023-12-24 13:20:51,804 [INFO] PluginManage:359 - Loaded plugin ipmanager (category:base,tabindex:5)
2023-12-24 13:20:51,804 [INFO] PluginManage:310 - Check plugin lpbam
2023-12-24 13:20:51,811 [INFO] PluginManage:359 - Loaded plugin lpbam (category:base,tabindex:0)
2023-12-24 13:20:51,811 [INFO] PluginManage:310 - Check plugin memorymap
2023-12-24 13:20:51,829 [INFO] PluginManage:359 - Loaded plugin memorymap (category:base,tabindex:4)
2023-12-24 13:20:51,830 [INFO] PluginManage:310 - Check plugin pinoutandconfiguration
2023-12-24 13:20:51,836 [INFO] PluginManage:359 - Loaded plugin pinoutandconfiguration (category:base,tabindex:1)
2023-12-24 13:20:51,836 [INFO] PluginManage:310 - Check plugin pinoutconfig
2023-12-24 13:20:51,920 [WARN] SupportedApi:132 - Cannot load RTOS API schema: s4s-elt-must-match.1: The content of 'definitions' must match (annotation?, (simpleType | complexType)?, (unique | key | keyref)*)). A problem was found starting at: attribute.
2023-12-24 13:20:52,042 [INFO] PluginManage:359 - Loaded plugin pinoutconfig (category:base,tabindex:0)
2023-12-24 13:20:52,042 [INFO] PluginManage:310 - Check plugin power
2023-12-24 13:20:52,051 [INFO] PluginManage:359 - Loaded plugin power (category:power,tabindex:4)
2023-12-24 13:20:52,051 [INFO] PluginManage:310 - Check plugin projectmanager
2023-12-24 13:20:52,068 [INFO] PluginManage:359 - Loaded plugin projectmanager (category:projectmanager,tabindex:3)
2023-12-24 13:20:52,068 [INFO] PluginManage:310 - Check plugin thirdparty
2023-12-24 13:20:52,236 [WARN] IntegrityCheckThread:84 - waiting for thirdparty lock release [integrity check]
2023-12-24 13:20:52,236 [INFO] IntegrityCheckThread:86 - entering critical section [integrity check]
2023-12-24 13:20:52,236 [INFO] PluginManage:359 - Loaded plugin thirdparty (category:base,tabindex:-1)
2023-12-24 13:20:52,237 [INFO] PluginManage:310 - Check plugin tools
2023-12-24 13:20:52,237 [INFO] ThirdPartyUpdaterWithRetryManager:70 - Updater plugin not ready yet. [1/15]
2023-12-24 13:20:52,240 [INFO] PluginManage:359 - Loaded plugin tools (category:base,tabindex:7)
2023-12-24 13:20:52,240 [INFO] PluginManage:310 - Check plugin tutovideos
2023-12-24 13:20:52,376 [INFO] PluginManage:359 - Loaded plugin tutovideos (category:base,tabindex:-1)
2023-12-24 13:20:52,376 [INFO] PluginManage:310 - Check plugin updater
2023-12-24 13:20:52,389 [INFO] PluginManage:359 - Loaded plugin updater (category:base,tabindex:12)
2023-12-24 13:20:52,389 [INFO] PluginManage:310 - Check plugin userauth
2023-12-24 13:20:52,393 [INFO] UserAuth:114 - Init User Auth plugin
2023-12-24 13:20:52,393 [INFO] PluginManage:359 - Loaded plugin userauth (category:base,tabindex:14)
2023-12-24 13:20:52,393 [INFO] PluginManage:283 - PluginManage : Loaded plugins [17]
2023-12-24 13:20:52,571 [INFO] PinOutPanel:1499 - setPackage(No Configuration,No Configuration)
2023-12-24 13:20:52,633 [INFO] CADModel:165 - CPN selected for project level
2023-12-24 13:20:52,633 [INFO] CADModel:114 - Register for checkConnection events
2023-12-24 13:20:52,649 [INFO] IPUIPlugin:80 - create IPUIPlugin
2023-12-24 13:20:52,649 [INFO] PluginManager:220 - loadIPPluginJar : add adc
2023-12-24 13:20:52,652 [INFO] IPUIPlugin:80 - create IPUIPlugin
2023-12-24 13:20:52,652 [INFO] PluginManager:220 - loadIPPluginJar : add aes
2023-12-24 13:20:52,655 [INFO] IPUIPlugin:80 - create IPUIPlugin
2023-12-24 13:20:52,655 [INFO] PluginManager:220 - loadIPPluginJar : add can
2023-12-24 13:20:52,656 [INFO] IPUIPlugin:80 - create IPUIPlugin
2023-12-24 13:20:52,656 [INFO] PluginManager:220 - loadIPPluginJar : add comp
2023-12-24 13:20:52,659 [INFO] IPUIPlugin:80 - create IPUIPlugin
2023-12-24 13:20:52,659 [INFO] PluginManager:220 - loadIPPluginJar : add cryp
2023-12-24 13:20:52,661 [INFO] IPUIPlugin:80 - create IPUIPlugin
2023-12-24 13:20:52,661 [INFO] PluginManager:220 - loadIPPluginJar : add dfsdm
2023-12-24 13:20:52,666 [INFO] IPUIPlugin:80 - create IPUIPlugin
2023-12-24 13:20:52,667 [INFO] PluginManager:220 - loadIPPluginJar : add dma
2023-12-24 13:20:52,669 [INFO] IPUIPlugin:80 - create IPUIPlugin
2023-12-24 13:20:52,669 [INFO] PluginManager:220 - loadIPPluginJar : add dma3
2023-12-24 13:20:52,671 [INFO] IPUIPlugin:80 - create IPUIPlugin
2023-12-24 13:20:52,671 [INFO] PluginManager:220 - loadIPPluginJar : add fatfs
2023-12-24 13:20:52,675 [INFO] IPUIPlugin:80 - create IPUIPlugin
2023-12-24 13:20:52,675 [INFO] PluginManager:220 - loadIPPluginJar : add fmc
2023-12-24 13:20:52,681 [INFO] IPUIPlugin:80 - create IPUIPlugin
2023-12-24 13:20:52,681 [INFO] PluginManager:220 - loadIPPluginJar : add freertos
2023-12-24 13:20:52,682 [INFO] IPUIPlugin:80 - create IPUIPlugin
2023-12-24 13:20:52,682 [INFO] PluginManager:220 - loadIPPluginJar : add genericplugin
2023-12-24 13:20:52,684 [INFO] IPUIPlugin:80 - create IPUIPlugin
2023-12-24 13:20:52,684 [INFO] PluginManager:220 - loadIPPluginJar : add gfxmmu
2023-12-24 13:20:52,688 [INFO] IPUIPlugin:80 - create IPUIPlugin
2023-12-24 13:20:52,689 [INFO] PluginManager:220 - loadIPPluginJar : add gic
2023-12-24 13:20:52,693 [INFO] IPUIPlugin:80 - create IPUIPlugin
2023-12-24 13:20:52,693 [INFO] PluginManager:220 - loadIPPluginJar : add gpio
2023-12-24 13:20:52,696 [INFO] IPUIPlugin:80 - create IPUIPlugin
2023-12-24 13:20:52,696 [INFO] PluginManager:220 - loadIPPluginJar : add gtzc
2023-12-24 13:20:52,698 [INFO] IPUIPlugin:80 - create IPUIPlugin
2023-12-24 13:20:52,698 [INFO] PluginManager:220 - loadIPPluginJar : add hash
2023-12-24 13:20:52,701 [INFO] IPUIPlugin:80 - create IPUIPlugin
2023-12-24 13:20:52,701 [INFO] PluginManager:220 - loadIPPluginJar : add i2c
2023-12-24 13:20:52,703 [INFO] IPUIPlugin:80 - create IPUIPlugin
2023-12-24 13:20:52,703 [INFO] PluginManager:220 - loadIPPluginJar : add i2s
2023-12-24 13:20:52,706 [INFO] IPUIPlugin:80 - create IPUIPlugin
2023-12-24 13:20:52,706 [INFO] PluginManager:220 - loadIPPluginJar : add i3c
2023-12-24 13:20:52,709 [INFO] IPUIPlugin:80 - create IPUIPlugin
2023-12-24 13:20:52,709 [INFO] PluginManager:220 - loadIPPluginJar : add ipddr
2023-12-24 13:20:52,715 [INFO] IPUIPlugin:80 - create IPUIPlugin
2023-12-24 13:20:52,715 [INFO] PluginManager:220 - loadIPPluginJar : add linkedlist
2023-12-24 13:20:52,718 [INFO] IPUIPlugin:80 - create IPUIPlugin
2023-12-24 13:20:52,718 [INFO] PluginManager:220 - loadIPPluginJar : add lorawan
2023-12-24 13:20:52,720 [INFO] IPUIPlugin:80 - create IPUIPlugin
2023-12-24 13:20:52,720 [INFO] PluginManager:220 - loadIPPluginJar : add ltdc
2023-12-24 13:20:52,725 [INFO] IPUIPlugin:80 - create IPUIPlugin
2023-12-24 13:20:52,725 [INFO] PluginManager:220 - loadIPPluginJar : add mdma
2023-12-24 13:20:52,728 [INFO] IPUIPlugin:80 - create IPUIPlugin
2023-12-24 13:20:52,729 [INFO] PluginManager:220 - loadIPPluginJar : add nvic
2023-12-24 13:20:52,731 [INFO] IPUIPlugin:80 - create IPUIPlugin
2023-12-24 13:20:52,731 [INFO] PluginManager:220 - loadIPPluginJar : add opamp
2023-12-24 13:20:52,734 [INFO] IPUIPlugin:80 - create IPUIPlugin
2023-12-24 13:20:52,734 [INFO] PluginManager:220 - loadIPPluginJar : add openamp
2023-12-24 13:20:52,736 [INFO] IPUIPlugin:80 - create IPUIPlugin
2023-12-24 13:20:52,736 [INFO] PluginManager:220 - loadIPPluginJar : add pdm2pcm
2023-12-24 13:20:52,741 [INFO] IPUIPlugin:80 - create IPUIPlugin
2023-12-24 13:20:52,744 [INFO] PluginManager:220 - loadIPPluginJar : add plateformsettings
2023-12-24 13:20:52,746 [INFO] IPUIPlugin:80 - create IPUIPlugin
2023-12-24 13:20:52,746 [INFO] PluginManager:220 - loadIPPluginJar : add quadspi
2023-12-24 13:20:52,748 [INFO] IPUIPlugin:80 - create IPUIPlugin
2023-12-24 13:20:52,748 [INFO] PluginManager:220 - loadIPPluginJar : add resmgrutility
2023-12-24 13:20:52,751 [INFO] IPUIPlugin:80 - create IPUIPlugin
2023-12-24 13:20:52,751 [INFO] PluginManager:220 - loadIPPluginJar : add sai
2023-12-24 13:20:52,753 [INFO] IPUIPlugin:80 - create IPUIPlugin
2023-12-24 13:20:52,753 [INFO] PluginManager:220 - loadIPPluginJar : add spi
2023-12-24 13:20:52,757 [INFO] IPUIPlugin:80 - create IPUIPlugin
2023-12-24 13:20:52,757 [INFO] PluginManager:220 - loadIPPluginJar : add stm32_wpan
2023-12-24 13:20:52,758 [INFO] IPUIPlugin:80 - create IPUIPlugin
2023-12-24 13:20:52,758 [INFO] PluginManager:220 - loadIPPluginJar : add tim
2023-12-24 13:20:52,761 [INFO] IPUIPlugin:80 - create IPUIPlugin
2023-12-24 13:20:52,761 [INFO] PluginManager:220 - loadIPPluginJar : add touchsensing
2023-12-24 13:20:52,763 [INFO] IPUIPlugin:80 - create IPUIPlugin
2023-12-24 13:20:52,763 [INFO] PluginManager:220 - loadIPPluginJar : add tracer_emb
2023-12-24 13:20:52,764 [INFO] IPUIPlugin:80 - create IPUIPlugin
2023-12-24 13:20:52,764 [INFO] PluginManager:220 - loadIPPluginJar : add ts
2023-12-24 13:20:52,765 [INFO] IPUIPlugin:80 - create IPUIPlugin
2023-12-24 13:20:52,765 [INFO] PluginManager:220 - loadIPPluginJar : add tsc
2023-12-24 13:20:52,767 [INFO] IPUIPlugin:80 - create IPUIPlugin
2023-12-24 13:20:52,767 [INFO] PluginManager:220 - loadIPPluginJar : add ucpd
2023-12-24 13:20:52,770 [INFO] IPUIPlugin:80 - create IPUIPlugin
2023-12-24 13:20:52,770 [INFO] PluginManager:220 - loadIPPluginJar : add usart
2023-12-24 13:20:52,773 [INFO] IPUIPlugin:80 - create IPUIPlugin
2023-12-24 13:20:52,774 [INFO] PluginManager:220 - loadIPPluginJar : add usbx
2023-12-24 13:20:52,899 [INFO] CADModel:165 - CPN selected for project level
2023-12-24 13:20:52,900 [INFO] CADModel:114 - Register for checkConnection events
2023-12-24 13:20:52,900 [FATAL] Updater:308 - Updater called before beeing initialized
2023-12-24 13:20:52,900 [ERROR] CADModel:125 - Updater not yet initialized, retry later 
2023-12-24 13:20:53,022 [INFO] CADModel:165 - CPN selected for project level
2023-12-24 13:20:53,022 [INFO] CADModel:114 - Register for checkConnection events
2023-12-24 13:20:53,022 [FATAL] Updater:308 - Updater called before beeing initialized
2023-12-24 13:20:53,022 [ERROR] CADModel:125 - Updater not yet initialized, retry later 
2023-12-24 13:20:53,026 [FATAL] Updater:308 - Updater called before beeing initialized
2023-12-24 13:20:53,129 [FATAL] Updater:308 - Updater called before beeing initialized
2023-12-24 13:20:53,135 [FATAL] Updater:308 - Updater called before beeing initialized
2023-12-24 13:20:53,169 [WARN] DetailPanel:346 - Failed to get advertising image, set to default
2023-12-24 13:20:53,254 [FATAL] Updater:308 - Updater called before beeing initialized
2023-12-24 13:20:53,255 [FATAL] Updater:308 - Updater called before beeing initialized
2023-12-24 13:20:53,255 [FATAL] Updater:308 - Updater called before beeing initialized
2023-12-24 13:20:53,255 [WARN] DetailPanel:346 - Failed to get advertising image, set to default
2023-12-24 13:20:53,256 [FATAL] Updater:308 - Updater called before beeing initialized
2023-12-24 13:20:53,307 [ERROR] Updater:1120 - MainUpdater not yet initialized. External WinMGr cannot be set.
2023-12-24 13:20:53,309 [INFO] Updater:1056 - Updater Version found : 6.10.0
2023-12-24 13:20:53,326 [INFO] ApplicationProperties:184 - Using Application install path: C:\ST\STM32CubeIDE_1.14.0\STM32CubeIDE\plugins\com.st.stm32cube.common.mx_6.10.0.202311202037
2023-12-24 13:20:53,603 [INFO] MainUpdater:2873 - connection check result : 10
2023-12-24 13:20:53,604 [INFO] MainUpdater:290 - Updater Check For Update Now.
2023-12-24 13:20:53,604 [INFO] MicroXplorer:498 - Change Database Version : DB.6.0.100
2023-12-24 13:20:53,610 [INFO] McuFinderGlobals:63 - Set McuFinder mode to 2 (CubeIDE integrated)
2023-12-24 13:20:53,767 [INFO] UserAuth:404 - Internet connection configuration mode: 1
2023-12-24 13:20:53,775 [INFO] CheckServerUpdateThread:120 - End of CheckServer Thread
2023-12-24 13:20:53,781 [INFO] JxBrowserEngine:152 - Initiate JxBrowser Engine with user profile folder
2023-12-24 13:20:54,277 [INFO] WebApp:161 - Instantiating new browser for Auth
2023-12-24 13:20:54,781 [INFO] WebApp:780 - Register for checkConnection events
2023-12-24 13:20:54,781 [INFO] WebApp:414 - Apply proxy settings
2023-12-24 13:20:54,781 [INFO] WebApp:499 - Chromium requires no authentication
2023-12-24 13:20:54,786 [INFO] WebApp:442 - Direct internet connection detected
2023-12-24 13:20:54,910 [INFO] WebApp:192 - Starting web application
2023-12-24 13:20:54,912 [INFO] WebApp:544 - Web application path used C:\ST\STM32CubeIDE_1.14.0\STM32CubeIDE\plugins\com.st.stm32cube.common.mx_6.10.0.202311202037\db\plugins\mcufinder\reactClient1\index.html
2023-12-24 13:20:55,316 [INFO] ThirdParty:978 - Integrity check success = true
2023-12-24 13:20:55,316 [INFO] IntegrityCheckThread:100 - exiting critical section [integrity check]
2023-12-24 13:20:55,316 [INFO] IntegrityCheckThread:103 - End integrity checks thread
2023-12-24 13:20:59,791 [ERROR] LogOutputStream:75 - [STDERR_REDIRECT] 
