Flow report for My_First_NIOS_II
Wed Nov 20 16:25:46 2024
Quartus Prime Version 18.1.0 Build 625 09/12/2018 SJ Lite Edition


---------------------
; Table of Contents ;
---------------------
  1. Legal Notice
  2. Flow Summary
  3. Flow Settings
  4. Flow Non-Default Global Settings
  5. Flow Elapsed Time
  6. Flow OS Summary
  7. Flow Log
  8. Flow Messages
  9. Flow Suppressed Messages



----------------
; Legal Notice ;
----------------
Copyright (C) 2018  Intel Corporation. All rights reserved.
Your use of Intel Corporation's design tools, logic functions 
and other software and tools, and its AMPP partner logic 
functions, and any output files from any of the foregoing 
(including device programming or simulation files), and any 
associated documentation or information are expressly subject 
to the terms and conditions of the Intel Program License 
Subscription Agreement, the Intel Quartus Prime License Agreement,
the Intel FPGA IP License Agreement, or other applicable license
agreement, including, without limitation, that your use is for
the sole purpose of programming logic devices manufactured by
Intel and sold by Intel or its authorized distributors.  Please
refer to the applicable agreement for further details.



+----------------------------------------------------------------------------------+
; Flow Summary                                                                     ;
+------------------------------------+---------------------------------------------+
; Flow Status                        ; Successful - Wed Nov 20 16:25:41 2024       ;
; Quartus Prime Version              ; 18.1.0 Build 625 09/12/2018 SJ Lite Edition ;
; Revision Name                      ; My_First_NIOS_II                            ;
; Top-level Entity Name              ; My_First_NIOS_II                            ;
; Family                             ; Cyclone 10 LP                               ;
; Device                             ; 10CL025YU256I7G                             ;
; Timing Models                      ; Final                                       ;
; Total logic elements               ; 1,808 / 24,624 ( 7 % )                      ;
;     Total combinational functions  ; 1,664 / 24,624 ( 7 % )                      ;
;     Dedicated logic registers      ; 1,028 / 24,624 ( 4 % )                      ;
; Total registers                    ; 1028                                        ;
; Total pins                         ; 9 / 151 ( 6 % )                             ;
; Total virtual pins                 ; 0                                           ;
; Total memory bits                  ; 44,032 / 608,256 ( 7 % )                    ;
; Embedded Multiplier 9-bit elements ; 0 / 132 ( 0 % )                             ;
; Total PLLs                         ; 0 / 4 ( 0 % )                               ;
+------------------------------------+---------------------------------------------+


+-----------------------------------------+
; Flow Settings                           ;
+-------------------+---------------------+
; Option            ; Setting             ;
+-------------------+---------------------+
; Start date & time ; 11/20/2024 16:24:52 ;
; Main task         ; Compilation         ;
; Revision Name     ; My_First_NIOS_II    ;
+-------------------+---------------------+


+--------------------------------------------------------------------------------------------------------------------------------------------------------------------------------------------------------+
; Flow Non-Default Global Settings                                                                                                                                                                       ;
+-------------------------------------+------------------------------------------------------------------------------------------------+---------------+------------------------------------+------------+
; Assignment Name                     ; Value                                                                                          ; Default Value ; Entity Name                        ; Section Id ;
+-------------------------------------+------------------------------------------------------------------------------------------------+---------------+------------------------------------+------------+
; COMPILER_SIGNATURE_ID               ; 198642186969524.173209109235120                                                                ; --            ; --                                 ; --         ;
; MAX_CORE_JUNCTION_TEMP              ; 100                                                                                            ; --            ; --                                 ; --         ;
; MIN_CORE_JUNCTION_TEMP              ; -40                                                                                            ; --            ; --                                 ; --         ;
; MISC_FILE                           ; My_First_NIOS_II_Platform_Designer/synthesis/../My_First_NIOS_II_Platform_Designer.cmp         ; --            ; --                                 ; --         ;
; MISC_FILE                           ; My_First_NIOS_II_Platform_Designer/synthesis/../../My_First_NIOS_II_Platform_Designer.qsys     ; --            ; --                                 ; --         ;
; PARTITION_COLOR                     ; -- (Not supported for targeted family)                                                         ; --            ; --                                 ; Top        ;
; PARTITION_FITTER_PRESERVATION_LEVEL ; -- (Not supported for targeted family)                                                         ; --            ; --                                 ; Top        ;
; PARTITION_NETLIST_TYPE              ; -- (Not supported for targeted family)                                                         ; --            ; --                                 ; Top        ;
; POWER_BOARD_THERMAL_MODEL           ; None (CONSERVATIVE)                                                                            ; --            ; --                                 ; --         ;
; POWER_PRESET_COOLING_SOLUTION       ; 23 MM HEAT SINK WITH 200 LFPM AIRFLOW                                                          ; --            ; --                                 ; --         ;
; PROJECT_OUTPUT_DIRECTORY            ; output_files                                                                                   ; --            ; --                                 ; --         ;
; SLD_FILE                            ; My_First_NIOS_II_Platform_Designer/synthesis/My_First_NIOS_II_Platform_Designer.regmap         ; --            ; --                                 ; --         ;
; SLD_FILE                            ; My_First_NIOS_II_Platform_Designer/synthesis/My_First_NIOS_II_Platform_Designer.debuginfo      ; --            ; --                                 ; --         ;
; SLD_INFO                            ; QSYS_NAME My_First_NIOS_II_Platform_Designer HAS_SOPCINFO 1 GENERATION_ID 1732090930           ; --            ; My_First_NIOS_II_Platform_Designer ; --         ;
; SOPCINFO_FILE                       ; My_First_NIOS_II_Platform_Designer/synthesis/../../My_First_NIOS_II_Platform_Designer.sopcinfo ; --            ; --                                 ; --         ;
; SYNTHESIS_ONLY_QIP                  ; On                                                                                             ; --            ; --                                 ; --         ;
+-------------------------------------+------------------------------------------------------------------------------------------------+---------------+------------------------------------+------------+


+--------------------------------------------------------------------------------------------------------------------------+
; Flow Elapsed Time                                                                                                        ;
+----------------------+--------------+-------------------------+---------------------+------------------------------------+
; Module Name          ; Elapsed Time ; Average Processors Used ; Peak Virtual Memory ; Total CPU Time (on all processors) ;
+----------------------+--------------+-------------------------+---------------------+------------------------------------+
; Analysis & Synthesis ; 00:00:34     ; 1.0                     ; 4898 MB             ; 00:00:50                           ;
; Fitter               ; 00:00:08     ; 1.1                     ; 5462 MB             ; 00:00:10                           ;
; Assembler            ; 00:00:02     ; 1.0                     ; 4684 MB             ; 00:00:02                           ;
; Timing Analyzer      ; 00:00:04     ; 1.2                     ; 4794 MB             ; 00:00:03                           ;
; Total                ; 00:00:48     ; --                      ; --                  ; 00:01:05                           ;
+----------------------+--------------+-------------------------+---------------------+------------------------------------+


+------------------------------------------------------------------------------------+
; Flow OS Summary                                                                    ;
+----------------------+------------------+------------+------------+----------------+
; Module Name          ; Machine Hostname ; OS Name    ; OS Version ; Processor type ;
+----------------------+------------------+------------+------------+----------------+
; Analysis & Synthesis ; 2021039058176    ; Windows 10 ; 10.0       ; x86_64         ;
; Fitter               ; 2021039058176    ; Windows 10 ; 10.0       ; x86_64         ;
; Assembler            ; 2021039058176    ; Windows 10 ; 10.0       ; x86_64         ;
; Timing Analyzer      ; 2021039058176    ; Windows 10 ; 10.0       ; x86_64         ;
+----------------------+------------------+------------+------------+----------------+


------------
; Flow Log ;
------------
quartus_map --read_settings_files=on --write_settings_files=off My_First_NIOS_II -c My_First_NIOS_II
quartus_fit --read_settings_files=off --write_settings_files=off My_First_NIOS_II -c My_First_NIOS_II
quartus_asm --read_settings_files=off --write_settings_files=off My_First_NIOS_II -c My_First_NIOS_II
quartus_sta My_First_NIOS_II -c My_First_NIOS_II



