Loading the ModusToolbox Technology Packs and Early Access Packs
Finished loading the ModusToolbox Technology Packs and Early Access Packs (7 ms)
Loading the tools information
Finished loading the tools information (20 ms)
Loading the manifest data
Loading super manfiest files from all sources
Processing manifest pack file 'C:/Users/guan-ming.dennis-won/ModusToolbox/packs/ModusToolbox-Machine-Learning-Pack/manifest.xml'
Downloading super manifest file 'file:///C:/Users/guan-ming.dennis-won/ModusToolbox/packs/ModusToolbox-Machine-Learning-Pack/manifest.xml'
Getting manifests from remote and/or local sources
Processing system manifest 'https://modustoolbox.infineon.com/manifests/mtb-super-manifest/v2.X/mtb-super-manifest-fv2.xml'
Downloading super manifest file 'https://modustoolbox.infineon.com/manifests/mtb-super-manifest/v2.X/mtb-super-manifest-fv2.xml'
Finished loading super manifest files from all sources
Finished download of file 'file:///C:/Users/guan-ming.dennis-won/ModusToolbox/packs/ModusToolbox-Machine-Learning-Pack/manifest.xml'
Starting to parse super manifest with URL 'file:///C:/Users/guan-ming.dennis-won/ModusToolbox/packs/ModusToolbox-Machine-Learning-Pack/manifest.xml'
Finished parsing super manifest with URL 'file:///C:/Users/guan-ming.dennis-won/ModusToolbox/packs/ModusToolbox-Machine-Learning-Pack/manifest.xml'
Downloading manifest file 'file:///C:/Users/guan-ming.dennis-won/ModusToolbox/packs/ModusToolbox-Machine-Learning-Pack/manifests/mtb-ml-ce-manifest.xml'
Finished download of file 'https://modustoolbox.infineon.com/manifests/mtb-super-manifest/v2.X/mtb-super-manifest-fv2.xml'
Starting to parse super manifest with URL 'https://modustoolbox.infineon.com/manifests/mtb-super-manifest/v2.X/mtb-super-manifest-fv2.xml'
Finished parsing super manifest with URL 'https://modustoolbox.infineon.com/manifests/mtb-super-manifest/v2.X/mtb-super-manifest-fv2.xml'
Downloading manifest file 'https://github.com/Infineon/mtb-ce-manifest/raw/v2.X/mtb-ce-manifest.xml'
Downloading manifest file 'https://github.com/Infineon/mtb-ce-manifest/raw/v2.X/mtb-ce-manifest-fv2.xml'
Downloading manifest file 'https://github.com/Infineon/mtb-bt-app-manifest/raw/v2.X/mtb-bt-app-manifest.xml'
Downloading manifest file 'https://github.com/Infineon/mtb-bt-app-manifest/raw/v2.X/mtb-bt-app-manifest-fv2.xml'
Downloading manifest file 'https://github.com/Infineon/cce-app-manifest/raw/v2.X/cce-app-manifest-fv2.xml'
Downloading manifest file 'https://github.com/Altia-Marketing/altia-ce-manifest/raw/main/altia-ce-manifest-fv2.xml'
Downloading manifest file 'https://github.com/avnet-iotconnect/avnet-iotc-mtb-ce-manifest/raw/main/avnet-iotc-mtb-ce-manifest-fv2.xml'
Downloading manifest file 'https://github.com/CyberonEBU/cyberon-mtb-ce-manifest/raw/main/cyberon-mtb-ce-manifest-fv2.xml'
Downloading manifest file 'https://github.com/edgeimpulse/edgeimpulse-ce-manifest/raw/main/edgeimpulse-ce-manifest-fv2.xml'
Downloading manifest file 'https://github.com/golioth/mtb-golioth-ce-manifest/raw/main/mtb-golioth-ce-manifest-fv2.xml'
Downloading manifest file 'https://github.com/memfault/mtb-memfault-ce-manifest/raw/main/mtb-memfault-ce-manifest-fv2.xml'
Downloading manifest file 'https://github.com/RutronikSystemSolutions/rutronik-ce-manifest/raw/main/rutronik-ce-manifest-fv2.xml'
Downloading manifest file 'https://github.com/sensiml/sensiml-ce-manifest/raw/main/sensiml-ce-manifest-fv2.xml'
Downloading manifest file 'https://github.com/Infineon/mtb-bsp-manifest/raw/v2.X/mtb-bsp-manifest.xml'
Downloading manifest file 'https://github.com/Infineon/mtb-bsp-manifest/raw/v2.X/mtb-bsp-capabilities-manifest.json'
Downloading manifest file 'https://github.com/Infineon/mtb-bsp-manifest/raw/v2.X/mtb-bsp-manifest-fv2.xml'
Downloading manifest file 'https://github.com/Infineon/mtb-bsp-manifest/raw/v2.X/mtb-bsp-dependencies-manifest.xml'
Downloading manifest file 'https://github.com/Infineon/mtb-bt-bsp-manifest/raw/v2.X/mtb-bt-bsp-manifest.xml'
Downloading manifest file 'https://github.com/Infineon/mtb-bt-bsp-manifest/raw/v2.X/mtb-bt-bsp-manifest-fv2.xml'
Downloading manifest file 'https://github.com/Infineon/mtb-bt-bsp-manifest/raw/v2.X/mtb-bt-bsp-dependencies-manifest.xml'
Downloading manifest file 'https://github.com/Inventek/inventek-bsp-manifest/raw/main/inventek-bsp-manifest-fv2.xml'
Downloading manifest file 'https://github.com/Inventek/inventek-bsp-manifest/raw/main/inventek-bsp-dependencies-manifest.xml'
Downloading manifest file 'https://github.com/RutronikSystemSolutions/rutronik-bsp-manifest/raw/main/rutronik-bsp-manifest-fv2.xml'
Downloading manifest file 'https://github.com/RutronikSystemSolutions/rutronik-bsp-manifest/raw/main/rutronik-bsp-dependencies-manifest.xml'
Downloading manifest file 'https://github.com/Infineon/mtb-mw-manifest/raw/v2.X/mtb-mw-manifest.xml'
Downloading manifest file 'https://github.com/Infineon/mtb-mw-manifest/raw/v2.X/mtb-mw-manifest-fv2.xml'
Downloading manifest file 'https://github.com/Infineon/mtb-mw-manifest/raw/v2.X/mtb-mw-dependencies-manifest.xml'
Downloading manifest file 'https://github.com/Infineon/mtb-bt-mw-manifest/raw/v2.X/mtb-bt-mw-manifest.xml'
Downloading manifest file 'https://github.com/Infineon/mtb-bt-mw-manifest/raw/v2.X/mtb-bt-mw-manifest-fv2.xml'
Downloading manifest file 'https://github.com/Infineon/mtb-bt-mw-manifest/raw/v2.X/mtb-bt-mw-dependencies-manifest.xml'
Downloading manifest file 'https://github.com/Infineon/mtb-wifi-mw-manifest/raw/v2.X/mtb-wifi-mw-manifest.xml'
Downloading manifest file 'https://github.com/Infineon/mtb-wifi-mw-manifest/raw/v2.X/mtb-wifi-mw-manifest-fv2.xml'
Downloading manifest file 'https://github.com/Infineon/mtb-wifi-mw-manifest/raw/v2.X/mtb-wifi-mw-dependencies-manifest.xml'
Downloading manifest file 'https://github.com/avnet-iotconnect/avnet-iotc-mtb-mw-manifest/raw/main/avnet-iotc-mtb-mw-manifest-fv2.xml'
Downloading manifest file 'https://github.com/CyberonEBU/cyberon-mtb-mw-manifest/raw/main/cyberon-mtb-mw-manifest-fv2.xml'
Downloading manifest file 'https://github.com/golioth/mtb-golioth-mw-manifest/raw/main/mtb-golioth-mw-manifest-fv2.xml'
Downloading manifest file 'https://github.com/memfault/mtb-memfault-mw-manifest/raw/main/mtb-memfault-mw-manifest-fv2.xml'
Downloading manifest file 'https://github.com/sensiml/sensiml-mw-manifest/raw/main/sensiml-mw-manifest-fv2.xml'
Finished download of file 'file:///C:/Users/guan-ming.dennis-won/ModusToolbox/packs/ModusToolbox-Machine-Learning-Pack/manifests/mtb-ml-ce-manifest.xml'
Finished download of file 'https://github.com/Infineon/mtb-ce-manifest/raw/v2.X/mtb-ce-manifest.xml'
Finished download of file 'https://github.com/Infineon/mtb-ce-manifest/raw/v2.X/mtb-ce-manifest-fv2.xml'
Finished download of file 'https://github.com/Infineon/mtb-bt-app-manifest/raw/v2.X/mtb-bt-app-manifest.xml'
Finished download of file 'https://github.com/Infineon/mtb-bt-app-manifest/raw/v2.X/mtb-bt-app-manifest-fv2.xml'
Finished download of file 'https://github.com/Infineon/cce-app-manifest/raw/v2.X/cce-app-manifest-fv2.xml'
Finished download of file 'https://github.com/Altia-Marketing/altia-ce-manifest/raw/main/altia-ce-manifest-fv2.xml'
Finished download of file 'https://github.com/avnet-iotconnect/avnet-iotc-mtb-ce-manifest/raw/main/avnet-iotc-mtb-ce-manifest-fv2.xml'
Finished download of file 'https://github.com/CyberonEBU/cyberon-mtb-ce-manifest/raw/main/cyberon-mtb-ce-manifest-fv2.xml'
Finished download of file 'https://github.com/edgeimpulse/edgeimpulse-ce-manifest/raw/main/edgeimpulse-ce-manifest-fv2.xml'
Finished download of file 'https://github.com/golioth/mtb-golioth-ce-manifest/raw/main/mtb-golioth-ce-manifest-fv2.xml'
Finished download of file 'https://github.com/memfault/mtb-memfault-ce-manifest/raw/main/mtb-memfault-ce-manifest-fv2.xml'
Finished download of file 'https://github.com/RutronikSystemSolutions/rutronik-ce-manifest/raw/main/rutronik-ce-manifest-fv2.xml'
Finished download of file 'https://github.com/sensiml/sensiml-ce-manifest/raw/main/sensiml-ce-manifest-fv2.xml'
Finished download of file 'https://github.com/Infineon/mtb-bsp-manifest/raw/v2.X/mtb-bsp-manifest.xml'
Finished download of file 'https://github.com/Infineon/mtb-bsp-manifest/raw/v2.X/mtb-bsp-capabilities-manifest.json'
Finished download of file 'https://github.com/Infineon/mtb-bsp-manifest/raw/v2.X/mtb-bsp-manifest-fv2.xml'
Finished download of file 'https://github.com/Infineon/mtb-bsp-manifest/raw/v2.X/mtb-bsp-dependencies-manifest.xml'
Finished download of file 'https://github.com/Infineon/mtb-bt-bsp-manifest/raw/v2.X/mtb-bt-bsp-manifest.xml'
Finished download of file 'https://github.com/Infineon/mtb-bt-bsp-manifest/raw/v2.X/mtb-bt-bsp-manifest-fv2.xml'
Finished download of file 'https://github.com/Infineon/mtb-bt-bsp-manifest/raw/v2.X/mtb-bt-bsp-dependencies-manifest.xml'
Finished download of file 'https://github.com/Inventek/inventek-bsp-manifest/raw/main/inventek-bsp-manifest-fv2.xml'
Finished download of file 'https://github.com/Inventek/inventek-bsp-manifest/raw/main/inventek-bsp-dependencies-manifest.xml'
Finished download of file 'https://github.com/RutronikSystemSolutions/rutronik-bsp-manifest/raw/main/rutronik-bsp-manifest-fv2.xml'
Finished download of file 'https://github.com/RutronikSystemSolutions/rutronik-bsp-manifest/raw/main/rutronik-bsp-dependencies-manifest.xml'
Finished download of file 'https://github.com/Infineon/mtb-mw-manifest/raw/v2.X/mtb-mw-manifest.xml'
Finished download of file 'https://github.com/Infineon/mtb-mw-manifest/raw/v2.X/mtb-mw-manifest-fv2.xml'
Finished download of file 'https://github.com/Infineon/mtb-mw-manifest/raw/v2.X/mtb-mw-dependencies-manifest.xml'
Finished download of file 'https://github.com/Infineon/mtb-bt-mw-manifest/raw/v2.X/mtb-bt-mw-manifest.xml'
Finished download of file 'https://github.com/Infineon/mtb-bt-mw-manifest/raw/v2.X/mtb-bt-mw-manifest-fv2.xml'
Finished download of file 'https://github.com/Infineon/mtb-bt-mw-manifest/raw/v2.X/mtb-bt-mw-dependencies-manifest.xml'
Finished download of file 'https://github.com/Infineon/mtb-wifi-mw-manifest/raw/v2.X/mtb-wifi-mw-manifest.xml'
Finished download of file 'https://github.com/Infineon/mtb-wifi-mw-manifest/raw/v2.X/mtb-wifi-mw-manifest-fv2.xml'
Finished download of file 'https://github.com/Infineon/mtb-wifi-mw-manifest/raw/v2.X/mtb-wifi-mw-dependencies-manifest.xml'
Finished download of file 'https://github.com/avnet-iotconnect/avnet-iotc-mtb-mw-manifest/raw/main/avnet-iotc-mtb-mw-manifest-fv2.xml'
Finished download of file 'https://github.com/CyberonEBU/cyberon-mtb-mw-manifest/raw/main/cyberon-mtb-mw-manifest-fv2.xml'
Finished download of file 'https://github.com/golioth/mtb-golioth-mw-manifest/raw/main/mtb-golioth-mw-manifest-fv2.xml'
Finished download of file 'https://github.com/memfault/mtb-memfault-mw-manifest/raw/main/mtb-memfault-mw-manifest-fv2.xml'
Finished download of file 'https://github.com/sensiml/sensiml-mw-manifest/raw/main/sensiml-mw-manifest-fv2.xml'
Finished loading the manifest data (3223 ms)
Loading the device db
Finished loading the device db (3324 ms)
WARNING:The manifest group 'INDUCTION-COOKTOP-CONNECTIVITY' referenced pack id '55ec8fd0-31a1-4827-af71-cc4ebe17bfa3' which was not loaded, this manifest group was not included in the active set of content
WARNING:The manifest item 'INDUCTION-COOKTOP-CONNECTIVITY' referenced pack id '55ec8fd0-31a1-4827-af71-cc4ebe17bfa3' which was not loaded, this manifest item was not included in the active set of content
WARNING:The manifest group 'INDUCTION-COOKTOP-HMI' referenced pack id '55ec8fd0-31a1-4827-af71-cc4ebe17bfa3' which was not loaded, this manifest group was not included in the active set of content
WARNING:The manifest item 'INDUCTION-COOKTOP-HMI' referenced pack id '55ec8fd0-31a1-4827-af71-cc4ebe17bfa3' which was not loaded, this manifest item was not included in the active set of content
WARNING:The manifest group 'INDUCTION-COOKTOP-INVERTER' referenced pack id '55ec8fd0-31a1-4827-af71-cc4ebe17bfa3' which was not loaded, this manifest group was not included in the active set of content
WARNING:The manifest item 'INDUCTION-COOKTOP-INVERTER' referenced pack id '55ec8fd0-31a1-4827-af71-cc4ebe17bfa3' which was not loaded, this manifest item was not included in the active set of content

0 error(s), 6 warning(s)

Summary: 

BSP: CY8CKIT-062S2-AI
Template Application(s): Imagimob Deploy Ready Model
Application(s) Root Path: C:/Users/guan-ming.dennis-won/Documents/Code/Workspace/CY8CKIT-062S2-AI

Press "Create" to create the selected application(s).

Collecting application data...

Info: The following entered on the command line will create the exact same project as that created with the GUI tool:
C:/PSoC6_HOT/ModusToolbox/tools_3.1/project-creator/project-creator-cli.exe --board-id CY8CKIT-062S2-AI --board-uri https://github.com/Infineon/TARGET_CY8CKIT-062S2-AI --board-commit latest-v4.X --app-id mtb-example-ml-imagimob-deploy-ready-model --app-uri https://github.com/Infineon/mtb-example-ml-imagimob-deploy-ready-model --app-commit latest-v1.X --target-dir C:/Users/guan-ming.dennis-won/Documents/Code/Workspace/CY8CKIT-062S2-AI --user-app-name AL_Model --use-modus-shell

Starting application creation for 'C:/Users/guan-ming.dennis-won/Documents/Code/Workspace/CY8CKIT-062S2-AI/AL_Model'.
Acquiring the application source 'https://github.com/Infineon/mtb-example-ml-imagimob-deploy-ready-model'.
Acquired application source successfully.
Loading the application.
Loaded the application successfully.
Processing project 'AL_Model'.
Starting to commit changes to the filesystem and project 'mtb-example-ml-imagimob-deploy-ready-model'.
Writing mtb file for asset 'CY8CKIT-062S2-AI' to the folder 'C:/Users/guan-ming.dennis-won/Documents/Code/Workspace/CY8CKIT-062S2-AI/AL_Model/deps'.
Writing mtb file for asset 'abstraction-rtos' to the folder 'C:/Users/guan-ming.dennis-won/Documents/Code/Workspace/CY8CKIT-062S2-AI/AL_Model/libs'.
Writing mtb file for asset 'clib-support' to the folder 'C:/Users/guan-ming.dennis-won/Documents/Code/Workspace/CY8CKIT-062S2-AI/AL_Model/libs'.
Writing mtb file for asset 'sensor-dsp' to the folder 'C:/Users/guan-ming.dennis-won/Documents/Code/Workspace/CY8CKIT-062S2-AI/AL_Model/libs'.
Writing mtb file for asset 'cat1cm0p' to the folder 'C:/Users/guan-ming.dennis-won/Documents/Code/Workspace/CY8CKIT-062S2-AI/AL_Model/libs'.
Writing mtb file for asset 'core-lib' to the folder 'C:/Users/guan-ming.dennis-won/Documents/Code/Workspace/CY8CKIT-062S2-AI/AL_Model/libs'.
Writing mtb file for asset 'core-make' to the folder 'C:/Users/guan-ming.dennis-won/Documents/Code/Workspace/CY8CKIT-062S2-AI/AL_Model/libs'.
Writing mtb file for asset 'mtb-hal-cat1' to the folder 'C:/Users/guan-ming.dennis-won/Documents/Code/Workspace/CY8CKIT-062S2-AI/AL_Model/libs'.
Writing mtb file for asset 'mtb-pdl-cat1' to the folder 'C:/Users/guan-ming.dennis-won/Documents/Code/Workspace/CY8CKIT-062S2-AI/AL_Model/libs'.
Writing mtb file for asset 'recipe-make-cat1a' to the folder 'C:/Users/guan-ming.dennis-won/Documents/Code/Workspace/CY8CKIT-062S2-AI/AL_Model/libs'.
Writing mtb file for asset 'cmsis-dsp' to the folder 'C:/Users/guan-ming.dennis-won/Documents/Code/Workspace/CY8CKIT-062S2-AI/AL_Model/libs'.
Writing mtb file for asset 'cmsis' to the folder 'C:/Users/guan-ming.dennis-won/Documents/Code/Workspace/CY8CKIT-062S2-AI/AL_Model/libs'.
Writing mtb file for asset 'device-db' to the folder 'C:/Users/guan-ming.dennis-won/Documents/Code/Workspace/CY8CKIT-062S2-AI/AL_Model/libs'.
Writing mtb file for asset 'ml-tflite-micro' to the folder 'C:/Users/guan-ming.dennis-won/Documents/Code/Workspace/CY8CKIT-062S2-AI/AL_Model/deps'.
Writing mtb file for asset 'retarget-io' to the folder 'C:/Users/guan-ming.dennis-won/Documents/Code/Workspace/CY8CKIT-062S2-AI/AL_Model/deps'.
Writing mtb file for asset 'sensor-xensiv-bgt60trxx' to the folder 'C:/Users/guan-ming.dennis-won/Documents/Code/Workspace/CY8CKIT-062S2-AI/AL_Model/deps'.
Writing mtb file for asset 'xensiv-radar-gestures' to the folder 'C:/Users/guan-ming.dennis-won/Documents/Code/Workspace/CY8CKIT-062S2-AI/AL_Model/deps'.
Starting: git -C C:/Users/guan-ming.dennis-won/Documents/Code/Workspace/CY8CKIT-062S2-AI/mtb_shared/freertos clone --origin cypress --no-checkout https://github.com/cypresssemiconductorco/freertos release-v10.5.002
Starting: git -C C:/Users/guan-ming.dennis-won/Documents/Code/Workspace/CY8CKIT-062S2-AI/AL_Model/libs clone --origin cypress --no-checkout https://github.com/Infineon/TARGET_CY8CKIT-062S2-AI TARGET_CY8CKIT-062S2-AI
Starting: git -C C:/Users/guan-ming.dennis-won/Documents/Code/Workspace/CY8CKIT-062S2-AI/mtb_shared/ml-tflite-micro/release-v2.0.0 fetch --recurse-submodules=no --tags --force cypress --update-head-ok "refs/heads/*:refs/heads/*" --quiet
Starting: git -C C:/Users/guan-ming.dennis-won/Documents/Code/Workspace/CY8CKIT-062S2-AI/mtb_shared/retarget-io/release-v1.6.0 fetch --recurse-submodules=no --tags --force cypress --update-head-ok "refs/heads/*:refs/heads/*" --quiet
Cloning into 'release-v10.5.002'...
Cloning into 'TARGET_CY8CKIT-062S2-AI'...
Success: git -C C:/Users/guan-ming.dennis-won/Documents/Code/Workspace/CY8CKIT-062S2-AI/mtb_shared/ml-tflite-micro/release-v2.0.0 fetch --recurse-submodules=no --tags --force cypress --update-head-ok "refs/heads/*:refs/heads/*" --quiet
Starting: git -C C:/Users/guan-ming.dennis-won/Documents/Code/Workspace/CY8CKIT-062S2-AI/mtb_shared/sensor-xensiv-bgt60trxx clone --origin cypress --no-checkout https://github.com/Infineon/sensor-xensiv-bgt60trxx release-v1.1.0
Cloning into 'release-v1.1.0'...
Success: git -C C:/Users/guan-ming.dennis-won/Documents/Code/Workspace/CY8CKIT-062S2-AI/mtb_shared/retarget-io/release-v1.6.0 fetch --recurse-submodules=no --tags --force cypress --update-head-ok "refs/heads/*:refs/heads/*" --quiet
Starting: git -C C:/Users/guan-ming.dennis-won/Documents/Code/Workspace/CY8CKIT-062S2-AI/mtb_shared/xensiv-radar-gestures clone --origin cypress --no-checkout https://github.com/Infineon/xensiv-radar-gestures release-v0.5.0
Success: git -C C:/Users/guan-ming.dennis-won/Documents/Code/Workspace/CY8CKIT-062S2-AI/mtb_shared/freertos clone --origin cypress --no-checkout https://github.com/cypresssemiconductorco/freertos release-v10.5.002
Starting: git -C C:/Users/guan-ming.dennis-won/Documents/Code/Workspace/CY8CKIT-062S2-AI/mtb_shared/abstraction-rtos clone --origin cypress --no-checkout https://github.com/cypresssemiconductorco/abstraction-rtos release-v1.8.2
Cloning into 'release-v0.5.0'...
Success: git -C C:/Users/guan-ming.dennis-won/Documents/Code/Workspace/CY8CKIT-062S2-AI/AL_Model/libs clone --origin cypress --no-checkout https://github.com/Infineon/TARGET_CY8CKIT-062S2-AI TARGET_CY8CKIT-062S2-AI
Starting: git -C C:/Users/guan-ming.dennis-won/Documents/Code/Workspace/CY8CKIT-062S2-AI/mtb_shared/clib-support clone --origin cypress --no-checkout https://github.com/cypresssemiconductorco/clib-support release-v1.5.0
Cloning into 'release-v1.8.2'...
Cloning into 'release-v1.5.0'...
Success: git -C C:/Users/guan-ming.dennis-won/Documents/Code/Workspace/CY8CKIT-062S2-AI/mtb_shared/sensor-xensiv-bgt60trxx clone --origin cypress --no-checkout https://github.com/Infineon/sensor-xensiv-bgt60trxx release-v1.1.0
Starting: git -C C:/Users/guan-ming.dennis-won/Documents/Code/Workspace/CY8CKIT-062S2-AI/mtb_shared/sensor-dsp clone --origin cypress --no-checkout https://github.com/Infineon/sensor-dsp release-v1.0.0
Success: git -C C:/Users/guan-ming.dennis-won/Documents/Code/Workspace/CY8CKIT-062S2-AI/mtb_shared/xensiv-radar-gestures clone --origin cypress --no-checkout https://github.com/Infineon/xensiv-radar-gestures release-v0.5.0
Starting: git -C C:/Users/guan-ming.dennis-won/Documents/Code/Workspace/CY8CKIT-062S2-AI/mtb_shared/cat1cm0p/release-v1.7.0 fetch --recurse-submodules=no --tags --force cypress --update-head-ok "refs/heads/*:refs/heads/*" --quiet
Cloning into 'release-v1.0.0'...
Success: git -C C:/Users/guan-ming.dennis-won/Documents/Code/Workspace/CY8CKIT-062S2-AI/mtb_shared/abstraction-rtos clone --origin cypress --no-checkout https://github.com/cypresssemiconductorco/abstraction-rtos release-v1.8.2
Starting: git -C C:/Users/guan-ming.dennis-won/Documents/Code/Workspace/CY8CKIT-062S2-AI/mtb_shared/core-lib/release-v1.4.2 fetch --recurse-submodules=no --tags --force cypress --update-head-ok "refs/heads/*:refs/heads/*" --quiet
Success: git -C C:/Users/guan-ming.dennis-won/Documents/Code/Workspace/CY8CKIT-062S2-AI/mtb_shared/clib-support clone --origin cypress --no-checkout https://github.com/cypresssemiconductorco/clib-support release-v1.5.0
Starting: git -C C:/Users/guan-ming.dennis-won/Documents/Code/Workspace/CY8CKIT-062S2-AI/mtb_shared/core-make clone --origin cypress --no-checkout https://github.com/cypresssemiconductorco/core-make release-v3.4.1
Cloning into 'release-v3.4.1'...
Success: git -C C:/Users/guan-ming.dennis-won/Documents/Code/Workspace/CY8CKIT-062S2-AI/mtb_shared/sensor-dsp clone --origin cypress --no-checkout https://github.com/Infineon/sensor-dsp release-v1.0.0
Starting: git -C C:/Users/guan-ming.dennis-won/Documents/Code/Workspace/CY8CKIT-062S2-AI/mtb_shared/mtb-hal-cat1/release-v2.6.1 fetch --recurse-submodules=no --tags --force cypress --update-head-ok "refs/heads/*:refs/heads/*" --quiet
Success: git -C C:/Users/guan-ming.dennis-won/Documents/Code/Workspace/CY8CKIT-062S2-AI/mtb_shared/cat1cm0p/release-v1.7.0 fetch --recurse-submodules=no --tags --force cypress --update-head-ok "refs/heads/*:refs/heads/*" --quiet
Starting: git -C C:/Users/guan-ming.dennis-won/Documents/Code/Workspace/CY8CKIT-062S2-AI/mtb_shared/mtb-pdl-cat1/release-v3.12.1 fetch --recurse-submodules=no --tags --force cypress --update-head-ok "refs/heads/*:refs/heads/*" --quiet
Success: git -C C:/Users/guan-ming.dennis-won/Documents/Code/Workspace/CY8CKIT-062S2-AI/mtb_shared/core-lib/release-v1.4.2 fetch --recurse-submodules=no --tags --force cypress --update-head-ok "refs/heads/*:refs/heads/*" --quiet
Starting: git -C C:/Users/guan-ming.dennis-won/Documents/Code/Workspace/CY8CKIT-062S2-AI/mtb_shared/recipe-make-cat1a clone --origin cypress --no-checkout https://github.com/cypresssemiconductorco/recipe-make-cat1a release-v2.3.1
Cloning into 'release-v2.3.1'...
Success: git -C C:/Users/guan-ming.dennis-won/Documents/Code/Workspace/CY8CKIT-062S2-AI/mtb_shared/core-make clone --origin cypress --no-checkout https://github.com/cypresssemiconductorco/core-make release-v3.4.1
Starting: git -C C:/Users/guan-ming.dennis-won/Documents/Code/Workspace/CY8CKIT-062S2-AI/mtb_shared/CMSIS-DSP clone --origin cypress --no-checkout https://github.com/ARM-software/CMSIS-DSP v1.10.1
Success: git -C C:/Users/guan-ming.dennis-won/Documents/Code/Workspace/CY8CKIT-062S2-AI/mtb_shared/mtb-hal-cat1/release-v2.6.1 fetch --recurse-submodules=no --tags --force cypress --update-head-ok "refs/heads/*:refs/heads/*" --quiet
Starting: git -C C:/Users/guan-ming.dennis-won/Documents/Code/Workspace/CY8CKIT-062S2-AI/mtb_shared/cmsis/release-v5.8.1 fetch --recurse-submodules=no --tags --force cypress --update-head-ok "refs/heads/*:refs/heads/*" --quiet
Cloning into 'v1.10.1'...
Success: git -C C:/Users/guan-ming.dennis-won/Documents/Code/Workspace/CY8CKIT-062S2-AI/mtb_shared/mtb-pdl-cat1/release-v3.12.1 fetch --recurse-submodules=no --tags --force cypress --update-head-ok "refs/heads/*:refs/heads/*" --quiet
Starting: git -C C:/Users/guan-ming.dennis-won/.modustoolbox/global/device-db/release-v4.18.0 fetch --recurse-submodules=no --tags --force cypress --update-head-ok "refs/heads/*:refs/heads/*" --quiet
Success: git -C C:/Users/guan-ming.dennis-won/Documents/Code/Workspace/CY8CKIT-062S2-AI/mtb_shared/recipe-make-cat1a clone --origin cypress --no-checkout https://github.com/cypresssemiconductorco/recipe-make-cat1a release-v2.3.1
Starting: git -C C:/Users/guan-ming.dennis-won/Documents/Code/Workspace/CY8CKIT-062S2-AI/mtb_shared/ml-tflite-micro/release-v2.0.0 -c advice.detachedHead=false checkout release-v2.0.0 --force
HEAD is now at 4bd1cac Upload ml-tflite-micro 2.0.0.1469
Success: git -C C:/Users/guan-ming.dennis-won/Documents/Code/Workspace/CY8CKIT-062S2-AI/mtb_shared/ml-tflite-micro/release-v2.0.0 -c advice.detachedHead=false checkout release-v2.0.0 --force
Starting: git -C C:/Users/guan-ming.dennis-won/Documents/Code/Workspace/CY8CKIT-062S2-AI/mtb_shared/retarget-io/release-v1.6.0 -c advice.detachedHead=false checkout release-v1.6.0 --force
Success: git -C C:/Users/guan-ming.dennis-won/Documents/Code/Workspace/CY8CKIT-062S2-AI/mtb_shared/cmsis/release-v5.8.1 fetch --recurse-submodules=no --tags --force cypress --update-head-ok "refs/heads/*:refs/heads/*" --quiet
Starting: git -C C:/Users/guan-ming.dennis-won/Documents/Code/Workspace/CY8CKIT-062S2-AI/mtb_shared/freertos/release-v10.5.002 -c advice.detachedHead=false checkout release-v10.5.002 --force
HEAD is now at 33bd0e3 Upload retarget-io [2708]
Success: git -C C:/Users/guan-ming.dennis-won/Documents/Code/Workspace/CY8CKIT-062S2-AI/mtb_shared/retarget-io/release-v1.6.0 -c advice.detachedHead=false checkout release-v1.6.0 --force
Starting: git -C C:/Users/guan-ming.dennis-won/Documents/Code/Workspace/CY8CKIT-062S2-AI/AL_Model/libs/TARGET_CY8CKIT-062S2-AI -c advice.detachedHead=false checkout release-v4.3.2 --force
HEAD is now at e175e03 Upload freertos 10.5.002.657 [2307]
Success: git -C C:/Users/guan-ming.dennis-won/Documents/Code/Workspace/CY8CKIT-062S2-AI/mtb_shared/freertos/release-v10.5.002 -c advice.detachedHead=false checkout release-v10.5.002 --force
Starting: git -C C:/Users/guan-ming.dennis-won/Documents/Code/Workspace/CY8CKIT-062S2-AI/mtb_shared/sensor-xensiv-bgt60trxx/release-v1.1.0 -c advice.detachedHead=false checkout release-v1.1.0 --force
HEAD is now at 894ec33 Upload TARGET_CY8CKIT-062S2-AI [2752]
Success: git -C C:/Users/guan-ming.dennis-won/Documents/Code/Workspace/CY8CKIT-062S2-AI/AL_Model/libs/TARGET_CY8CKIT-062S2-AI -c advice.detachedHead=false checkout release-v4.3.2 --force
Starting: git -C C:/Users/guan-ming.dennis-won/Documents/Code/Workspace/CY8CKIT-062S2-AI/mtb_shared/xensiv-radar-gestures/release-v0.5.0 -c advice.detachedHead=false checkout release-v0.5.0 --force
Success: git -C C:/Users/guan-ming.dennis-won/.modustoolbox/global/device-db/release-v4.18.0 fetch --recurse-submodules=no --tags --force cypress --update-head-ok "refs/heads/*:refs/heads/*" --quiet
Starting: git -C C:/Users/guan-ming.dennis-won/Documents/Code/Workspace/CY8CKIT-062S2-AI/mtb_shared/abstraction-rtos/release-v1.8.2 -c advice.detachedHead=false checkout release-v1.8.2 --force
HEAD is now at 81afebe Upload sensor-xensiv-bgt60trxx 1.1.0.224 [2064]
Success: git -C C:/Users/guan-ming.dennis-won/Documents/Code/Workspace/CY8CKIT-062S2-AI/mtb_shared/sensor-xensiv-bgt60trxx/release-v1.1.0 -c advice.detachedHead=false checkout release-v1.1.0 --force
Starting: git -C C:/Users/guan-ming.dennis-won/Documents/Code/Workspace/CY8CKIT-062S2-AI/mtb_shared/clib-support/release-v1.5.0 -c advice.detachedHead=false checkout release-v1.5.0 --force
HEAD is now at d71cf82 Upload xensiv-radar-gestures 0.5.0.207 [2069]
Success: git -C C:/Users/guan-ming.dennis-won/Documents/Code/Workspace/CY8CKIT-062S2-AI/mtb_shared/xensiv-radar-gestures/release-v0.5.0 -c advice.detachedHead=false checkout release-v0.5.0 --force
Starting: git -C C:/Users/guan-ming.dennis-won/Documents/Code/Workspace/CY8CKIT-062S2-AI/mtb_shared/sensor-dsp/release-v1.0.0 -c advice.detachedHead=false checkout release-v1.0.0 --force
HEAD is now at 654db3a Upload clib-support [2455]
Success: git -C C:/Users/guan-ming.dennis-won/Documents/Code/Workspace/CY8CKIT-062S2-AI/mtb_shared/clib-support/release-v1.5.0 -c advice.detachedHead=false checkout release-v1.5.0 --force
Starting: git -C C:/Users/guan-ming.dennis-won/Documents/Code/Workspace/CY8CKIT-062S2-AI/mtb_shared/cat1cm0p/release-v1.7.0 -c advice.detachedHead=false checkout release-v1.7.0 --force
HEAD is now at 8498cc2 Upload abstraction-rtos [2654]
Success: git -C C:/Users/guan-ming.dennis-won/Documents/Code/Workspace/CY8CKIT-062S2-AI/mtb_shared/abstraction-rtos/release-v1.8.2 -c advice.detachedHead=false checkout release-v1.8.2 --force
Starting: git -C C:/Users/guan-ming.dennis-won/Documents/Code/Workspace/CY8CKIT-062S2-AI/mtb_shared/core-lib/release-v1.4.2 -c advice.detachedHead=false checkout release-v1.4.2 --force
HEAD is now at e3881f9 Upload sensor-dsp 1.0.0.370 [521]
Success: git -C C:/Users/guan-ming.dennis-won/Documents/Code/Workspace/CY8CKIT-062S2-AI/mtb_shared/sensor-dsp/release-v1.0.0 -c advice.detachedHead=false checkout release-v1.0.0 --force
Starting: git -C C:/Users/guan-ming.dennis-won/Documents/Code/Workspace/CY8CKIT-062S2-AI/mtb_shared/core-make/release-v3.4.1 -c advice.detachedHead=false checkout release-v3.4.1 --force
HEAD is now at ff914ca Upload cat1cm0p 1.7.0.499 [2752]
Success: git -C C:/Users/guan-ming.dennis-won/Documents/Code/Workspace/CY8CKIT-062S2-AI/mtb_shared/cat1cm0p/release-v1.7.0 -c advice.detachedHead=false checkout release-v1.7.0 --force
Starting: git -C C:/Users/guan-ming.dennis-won/Documents/Code/Workspace/CY8CKIT-062S2-AI/mtb_shared/mtb-hal-cat1/release-v2.6.1 -c advice.detachedHead=false checkout release-v2.6.1 --force
HEAD is now at e28913a Upload core-lib [2455]
Success: git -C C:/Users/guan-ming.dennis-won/Documents/Code/Workspace/CY8CKIT-062S2-AI/mtb_shared/core-lib/release-v1.4.2 -c advice.detachedHead=false checkout release-v1.4.2 --force
Starting: git -C C:/Users/guan-ming.dennis-won/Documents/Code/Workspace/CY8CKIT-062S2-AI/mtb_shared/mtb-pdl-cat1/release-v3.12.1 -c advice.detachedHead=false checkout release-v3.12.1 --force
HEAD is now at 79de3ac Upload core-make 3.4.1.6167 [2900]
Success: git -C C:/Users/guan-ming.dennis-won/Documents/Code/Workspace/CY8CKIT-062S2-AI/mtb_shared/core-make/release-v3.4.1 -c advice.detachedHead=false checkout release-v3.4.1 --force
Starting: git -C C:/Users/guan-ming.dennis-won/Documents/Code/Workspace/CY8CKIT-062S2-AI/mtb_shared/recipe-make-cat1a/release-v2.3.1 -c advice.detachedHead=false checkout release-v2.3.1 --force
HEAD is now at f81db05 Upload mtb-pdl-cat1 3.12.1.37059 [2864]
HEAD is now at 56ee340 Upload mtb-hal-cat1 [2593]
Success: git -C C:/Users/guan-ming.dennis-won/Documents/Code/Workspace/CY8CKIT-062S2-AI/mtb_shared/mtb-pdl-cat1/release-v3.12.1 -c advice.detachedHead=false checkout release-v3.12.1 --force
Starting: git -C C:/Users/guan-ming.dennis-won/Documents/Code/Workspace/CY8CKIT-062S2-AI/mtb_shared/cmsis/release-v5.8.1 -c advice.detachedHead=false checkout release-v5.8.1 --force
Success: git -C C:/Users/guan-ming.dennis-won/Documents/Code/Workspace/CY8CKIT-062S2-AI/mtb_shared/mtb-hal-cat1/release-v2.6.1 -c advice.detachedHead=false checkout release-v2.6.1 --force
Starting: git -C C:/Users/guan-ming.dennis-won/.modustoolbox/global/device-db/release-v4.18.0 -c advice.detachedHead=false checkout release-v4.18.0 --force
HEAD is now at 6bd7d3d Upload recipe-make-cat1a 2.3.1.6098 [2900]
Success: git -C C:/Users/guan-ming.dennis-won/Documents/Code/Workspace/CY8CKIT-062S2-AI/mtb_shared/recipe-make-cat1a/release-v2.3.1 -c advice.detachedHead=false checkout release-v2.3.1 --force
HEAD is now at 7d17679 Upload cmsis 5.8.1.114 [2752]
Success: git -C C:/Users/guan-ming.dennis-won/Documents/Code/Workspace/CY8CKIT-062S2-AI/mtb_shared/cmsis/release-v5.8.1 -c advice.detachedHead=false checkout release-v5.8.1 --force
HEAD is now at 07182a6f Upload device-db 4.18.0.7028 [2794]
Success: git -C C:/Users/guan-ming.dennis-won/.modustoolbox/global/device-db/release-v4.18.0 -c advice.detachedHead=false checkout release-v4.18.0 --force
Success: git -C C:/Users/guan-ming.dennis-won/Documents/Code/Workspace/CY8CKIT-062S2-AI/mtb_shared/CMSIS-DSP clone --origin cypress --no-checkout https://github.com/ARM-software/CMSIS-DSP v1.10.1
Starting: git -C C:/Users/guan-ming.dennis-won/Documents/Code/Workspace/CY8CKIT-062S2-AI/mtb_shared/CMSIS-DSP/v1.10.1 -c advice.detachedHead=false checkout v1.10.1 --force
HEAD is now at 9d88671d Changed path to VHT in Examples
Success: git -C C:/Users/guan-ming.dennis-won/Documents/Code/Workspace/CY8CKIT-062S2-AI/mtb_shared/CMSIS-DSP/v1.10.1 -c advice.detachedHead=false checkout v1.10.1 --force
Copying template files from C:/Users/guan-ming.dennis-won/Documents/Code/Workspace/CY8CKIT-062S2-AI/AL_Model/templates/TARGET_CY8CKIT-062S2-AI to C:/Users/guan-ming.dennis-won/Documents/Code/Workspace/CY8CKIT-062S2-AI/AL_Model/bsps/TARGET_APP_CY8CKIT-062S2-AI
Requested to change the active target to 'APP_CY8CKIT-062S2-AI'.
Removed the file 'C:/Users/guan-ming.dennis-won/Documents/Code/Workspace/CY8CKIT-062S2-AI/AL_Model/deps/TARGET_CY8CKIT-062S2-AI.mtb'.
Writing the file 'C:/Users/guan-ming.dennis-won/Documents/Code/Workspace/CY8CKIT-062S2-AI/AL_Model/libs/app.mk'.
Successfully committed changes to the project 'mtb-example-ml-imagimob-deploy-ready-model'.
Project "AL_Model" created successfully.
Successfully created "AL_Model" application.
==============================================================================
= Export "AL_Model" application to Eclipse IDE for ModusToolbox™ =
==============================================================================
make eclipse CY_IDE_PRJNAME=AL_Model CY_MAKE_IDE=eclipse CY_MAKE_IDE_VERSION=3.1 CY_TOOLS_PATHS=C:/PSoC6_HOT/ModusToolbox/tools_3.1 MTB_MAKE_ECLIPSE_FORCE_REGENERATE_PROJECT=1
Tools Directory: C:/PSoC6_HOT/ModusToolbox/tools_3.1
Removing .mtbqueryapi file...
Searching installed tools in progress...
Searching installed tools complete
Initializing build: mtb-example-ml-imagimob-deploy-ready-model Debug APP_CY8CKIT-062S2-AI GCC_ARM
Prebuild operations complete
Auto-discovery in progress...
Auto-discovery complete
Commencing build operations...
Tools Directory: C:/PSoC6_HOT/ModusToolbox/tools_3.1
Constructing build rules...
Build rules construction complete
==============================================================================
= Building application =
==============================================================================
Generating compilation database file...
-> ./build/compile_commands.json
Compilation database file generation complete
Generated C:/Users/guan-ming.dennis-won/Documents/Code/Workspace/CY8CKIT-062S2-AI/AL_Model/.cproject
Generated C:/Users/guan-ming.dennis-won/Documents/Code/Workspace/CY8CKIT-062S2-AI/AL_Model/.project
Generated C:/Users/guan-ming.dennis-won/Documents/Code/Workspace/CY8CKIT-062S2-AI/AL_Model/.mtbLaunchConfigs/AL_Model Attach (KitProg3_MiniProg4).launch
Generated C:/Users/guan-ming.dennis-won/Documents/Code/Workspace/CY8CKIT-062S2-AI/AL_Model/.mtbLaunchConfigs/AL_Model Debug (KitProg3_MiniProg4).launch
Generated C:/Users/guan-ming.dennis-won/Documents/Code/Workspace/CY8CKIT-062S2-AI/AL_Model/.mtbLaunchConfigs/AL_Model Erase (KitProg3_MiniProg4).launch
Generated C:/Users/guan-ming.dennis-won/Documents/Code/Workspace/CY8CKIT-062S2-AI/AL_Model/.mtbLaunchConfigs/AL_Model Program (KitProg3_MiniProg4).launch
Instructions:
1. Open Eclipse IDE for ModusToolbox
2. Select 'Import Existing Application In-Place' from the QuickPanel
3. Browse to the application root directory
Toolchain validation: PASS
The application "AL_Model" was successfully exported to Eclipse IDE for ModusToolbox™.
0 error(s), 0 warning(s)

Summary:

Successfully created and exported "AL_Model" application.
