21:19:01 **** Incremental Build of configuration Nios II for project hello_world ****
make all 
Info: Building ../hello_world_bsp/
C:/intelFPGA_lite/18.1/nios2eds/bin/gnu/H-x86_64-mingw32/bin/make --no-print-directory -C ../hello_world_bsp/
[BSP build complete]
Info: Compiling hello_world_small.c to obj/default/hello_world_small.o
nios2-elf-gcc -xc -MP -MMD -c -I../hello_world_bsp//HAL/inc -I../hello_world_bsp/ -I../hello_world_bsp//drivers/inc  -pipe -D__hal__ -DALT_NO_C_PLUS_PLUS -DALT_NO_CLEAN_EXIT -D'exit(a)=_exit(a)' -DALT_NO_EXIT -DALT_USE_DIRECT_DRIVERS -DALT_NO_INSTRUCTION_EMULATION -DALT_USE_SMALL_DRIVERS -DSMALL_C_LIB -DALT_SINGLE_THREADED    -Os -g -Wall   -mno-hw-div -mno-hw-mul -mno-hw-mulx -mgpopt=global  -o obj/default/hello_world_small.o hello_world_small.c
Info: Linking hello_world.elf
nios2-elf-g++  -T'../hello_world_bsp//linker.x' -msys-crt0='../hello_world_bsp//obj/HAL/src/crt0.o' -msys-lib=hal_bsp -L../hello_world_bsp/  -msmallc  -Wl,-Map=hello_world.map   -Os -g -Wall   -mno-hw-div -mno-hw-mul -mno-hw-mulx -mgpopt=global  -o hello_world.elf obj/default/hello_world_small.o -lm -msys-lib=m
nios2-elf-insert hello_world.elf --thread_model hal --cpu_name nios2_gen2_0 --qsys true --simulation_enabled false --stderr_dev jtag_uart_0 --stdin_dev jtag_uart_0 --stdout_dev jtag_uart_0 --sopc_system_name NIOS_II --quartus_project_dir "C:/Users/denni/Documents/Code/Cyclone_10_LP/NIOS_II" --jdi ../..//output_files/NIOS_II.jdi --sopcinfo C:/Users/denni/Documents/Code/Cyclone_10_LP/NIOS_II/software/hello_world_bsp/../../NIOS_II.sopcinfo
Info: (hello_world.elf) 3344 Bytes program size (code + initialized data).
Info:                   12 KBytes free for stack + heap.
Info: Creating hello_world.objdump
nios2-elf-objdump --disassemble --syms --all-header --source hello_world.elf >hello_world.objdump
[hello_world build complete]
21:19:15 **** Incremental Build of configuration Nios II for project hello_world ****
make all 
Info: Building ../hello_world_bsp/
C:/intelFPGA_lite/18.1/nios2eds/bin/gnu/H-x86_64-mingw32/bin/make --no-print-directory -C ../hello_world_bsp/
[BSP build complete]
[hello_world build complete]
