Flow report for NIOS_II_Hello_World
Sun Feb 25 20:48:11 2024
Quartus Prime Version 23.1std.0 Build 991 11/28/2023 SC Lite Edition


---------------------
; Table of Contents ;
---------------------
  1. Legal Notice
  2. Flow Summary
  3. Flow Settings
  4. Flow Non-Default Global Settings
  5. Flow Elapsed Time
  6. Flow OS Summary
  7. Flow Log
  8. Flow Messages
  9. Flow Suppressed Messages



----------------
; Legal Notice ;
----------------
Copyright (C) 2023  Intel Corporation. All rights reserved.
Your use of Intel Corporation's design tools, logic functions 
and other software and tools, and any partner logic 
functions, and any output files from any of the foregoing 
(including device programming or simulation files), and any 
associated documentation or information are expressly subject 
to the terms and conditions of the Intel Program License 
Subscription Agreement, the Intel Quartus Prime License Agreement,
the Intel FPGA IP License Agreement, or other applicable license
agreement, including, without limitation, that your use is for
the sole purpose of programming logic devices manufactured by
Intel and sold by Intel or its authorized distributors.  Please
refer to the applicable agreement for further details, at
https://fpgasoftware.intel.com/eula.



+-------------------------------------------------------------------------------------+
; Flow Summary                                                                        ;
+------------------------------------+------------------------------------------------+
; Flow Status                        ; Successful - Sun Feb 25 20:48:11 2024          ;
; Quartus Prime Version              ; 23.1std.0 Build 991 11/28/2023 SC Lite Edition ;
; Revision Name                      ; NIOS_II_Hello_World                            ;
; Top-level Entity Name              ; hello_world                                    ;
; Family                             ; Cyclone 10 LP                                  ;
; Device                             ; 10CL025YU256I7G                                ;
; Timing Models                      ; Final                                          ;
; Total logic elements               ; 1,628 / 24,624 ( 7 % )                         ;
;     Total combinational functions  ; 1,511 / 24,624 ( 6 % )                         ;
;     Dedicated logic registers      ; 881 / 24,624 ( 4 % )                           ;
; Total registers                    ; 881                                            ;
; Total pins                         ; 10 / 151 ( 7 % )                               ;
; Total virtual pins                 ; 0                                              ;
; Total memory bits                  ; 142,336 / 608,256 ( 23 % )                     ;
; Embedded Multiplier 9-bit elements ; 0 / 132 ( 0 % )                                ;
; Total PLLs                         ; 0 / 4 ( 0 % )                                  ;
+------------------------------------+------------------------------------------------+


+-----------------------------------------+
; Flow Settings                           ;
+-------------------+---------------------+
; Option            ; Setting             ;
+-------------------+---------------------+
; Start date & time ; 02/25/2024 20:47:19 ;
; Main task         ; Compilation         ;
; Revision Name     ; NIOS_II_Hello_World ;
+-------------------+---------------------+


+---------------------------------------------------------------------------------------------------------------------------------------------------------+
; Flow Non-Default Global Settings                                                                                                                        ;
+-------------------------------------+--------------------------------------------------------------+---------------------+-------------+----------------+
; Assignment Name                     ; Value                                                        ; Default Value       ; Entity Name ; Section Id     ;
+-------------------------------------+--------------------------------------------------------------+---------------------+-------------+----------------+
; COMPILER_SIGNATURE_ID               ; 154027286613922.170886523924196                              ; --                  ; --          ; --             ;
; EDA_OUTPUT_DATA_FORMAT              ; Verilog Hdl                                                  ; --                  ; --          ; eda_simulation ;
; EDA_SIMULATION_TOOL                 ; Questa Intel FPGA (Verilog)                                  ; <None>              ; --          ; --             ;
; EDA_TIME_SCALE                      ; 1 ps                                                         ; --                  ; --          ; eda_simulation ;
; MAX_CORE_JUNCTION_TEMP              ; 85                                                           ; --                  ; --          ; --             ;
; MIN_CORE_JUNCTION_TEMP              ; 0                                                            ; --                  ; --          ; --             ;
; MISC_FILE                           ; nios_setup/synthesis/../nios_setup.cmp                       ; --                  ; --          ; --             ;
; MISC_FILE                           ; nios_setup/synthesis/../../nios_setup.qsys                   ; --                  ; --          ; --             ;
; PARTITION_COLOR                     ; -- (Not supported for targeted family)                       ; --                  ; hello_world ; Top            ;
; PARTITION_FITTER_PRESERVATION_LEVEL ; -- (Not supported for targeted family)                       ; --                  ; hello_world ; Top            ;
; PARTITION_NETLIST_TYPE              ; -- (Not supported for targeted family)                       ; --                  ; hello_world ; Top            ;
; POWER_BOARD_THERMAL_MODEL           ; None (CONSERVATIVE)                                          ; --                  ; --          ; --             ;
; POWER_PRESET_COOLING_SOLUTION       ; 23 MM HEAT SINK WITH 200 LFPM AIRFLOW                        ; --                  ; --          ; --             ;
; PROJECT_OUTPUT_DIRECTORY            ; output_files                                                 ; --                  ; --          ; --             ;
; SLD_FILE                            ; nios_setup/synthesis/nios_setup.regmap                       ; --                  ; --          ; --             ;
; SLD_FILE                            ; nios_setup/synthesis/nios_setup.debuginfo                    ; --                  ; --          ; --             ;
; SLD_INFO                            ; QSYS_NAME nios_setup HAS_SOPCINFO 1 GENERATION_ID 1521979704 ; --                  ; nios_setup  ; --             ;
; SOPCINFO_FILE                       ; nios_setup/synthesis/../../nios_setup.sopcinfo               ; --                  ; --          ; --             ;
; SYNTHESIS_ONLY_QIP                  ; On                                                           ; --                  ; --          ; --             ;
; TOP_LEVEL_ENTITY                    ; hello_world                                                  ; NIOS_II_Hello_World ; --          ; --             ;
+-------------------------------------+--------------------------------------------------------------+---------------------+-------------+----------------+


+--------------------------------------------------------------------------------------------------------------------------+
; Flow Elapsed Time                                                                                                        ;
+----------------------+--------------+-------------------------+---------------------+------------------------------------+
; Module Name          ; Elapsed Time ; Average Processors Used ; Peak Virtual Memory ; Total CPU Time (on all processors) ;
+----------------------+--------------+-------------------------+---------------------+------------------------------------+
; Analysis & Synthesis ; 00:00:32     ; 1.0                     ; 4866 MB             ; 00:00:27                           ;
; Fitter               ; 00:00:09     ; 1.1                     ; 5449 MB             ; 00:00:05                           ;
; Assembler            ; 00:00:02     ; 1.0                     ; 4713 MB             ; 00:00:01                           ;
; Timing Analyzer      ; 00:00:02     ; 1.2                     ; 4808 MB             ; 00:00:01                           ;
; EDA Netlist Writer   ; 00:00:01     ; 1.0                     ; 4666 MB             ; 00:00:01                           ;
; Total                ; 00:00:46     ; --                      ; --                  ; 00:00:35                           ;
+----------------------+--------------+-------------------------+---------------------+------------------------------------+


+------------------------------------------------------------------------------------+
; Flow OS Summary                                                                    ;
+----------------------+------------------+------------+------------+----------------+
; Module Name          ; Machine Hostname ; OS Name    ; OS Version ; Processor type ;
+----------------------+------------------+------------+------------+----------------+
; Analysis & Synthesis ; DennisesLegion   ; Windows 10 ; 10.0       ; x86_64         ;
; Fitter               ; DennisesLegion   ; Windows 10 ; 10.0       ; x86_64         ;
; Assembler            ; DennisesLegion   ; Windows 10 ; 10.0       ; x86_64         ;
; Timing Analyzer      ; DennisesLegion   ; Windows 10 ; 10.0       ; x86_64         ;
; EDA Netlist Writer   ; DennisesLegion   ; Windows 10 ; 10.0       ; x86_64         ;
+----------------------+------------------+------------+------------+----------------+


------------
; Flow Log ;
------------
quartus_map --read_settings_files=on --write_settings_files=off NIOS_II_Hello_World -c NIOS_II_Hello_World
quartus_fit --read_settings_files=off --write_settings_files=off NIOS_II_Hello_World -c NIOS_II_Hello_World
quartus_asm --read_settings_files=off --write_settings_files=off NIOS_II_Hello_World -c NIOS_II_Hello_World
quartus_sta NIOS_II_Hello_World -c NIOS_II_Hello_World
quartus_eda --read_settings_files=off --write_settings_files=off NIOS_II_Hello_World -c NIOS_II_Hello_World



