Flow report for simple_blinky
Wed Feb  7 08:56:06 2024
Quartus Prime Version 21.1.0 Build 842 10/21/2021 SJ Standard Edition


---------------------
; Table of Contents ;
---------------------
  1. Legal Notice
  2. Flow Summary
  3. Flow Settings
  4. Flow Non-Default Global Settings
  5. Flow Elapsed Time
  6. Flow OS Summary
  7. Flow Log
  8. Flow Messages
  9. Flow Suppressed Messages



----------------
; Legal Notice ;
----------------
Copyright (C) 2021  Intel Corporation. All rights reserved.
Your use of Intel Corporation's design tools, logic functions 
and other software and tools, and any partner logic 
functions, and any output files from any of the foregoing 
(including device programming or simulation files), and any 
associated documentation or information are expressly subject 
to the terms and conditions of the Intel Program License 
Subscription Agreement, the Intel Quartus Prime License Agreement,
the Intel FPGA IP License Agreement, or other applicable license
agreement, including, without limitation, that your use is for
the sole purpose of programming logic devices manufactured by
Intel and sold by Intel or its authorized distributors.  Please
refer to the applicable agreement for further details, at
https://fpgasoftware.intel.com/eula.



+--------------------------------------------------------------------------------------+
; Flow Summary                                                                         ;
+------------------------------------+-------------------------------------------------+
; Flow Status                        ; Successful - Wed Feb  7 08:56:00 2024           ;
; Quartus Prime Version              ; 21.1.0 Build 842 10/21/2021 SJ Standard Edition ;
; Revision Name                      ; simple_blinky                                   ;
; Top-level Entity Name              ; simple_blinky                                   ;
; Family                             ; Cyclone 10 LP                                   ;
; Device                             ; 10CL025YU256I7G                                 ;
; Timing Models                      ; Final                                           ;
; Total logic elements               ; 39 / 24,624 ( < 1 % )                           ;
;     Total combinational functions  ; 39 / 24,624 ( < 1 % )                           ;
;     Dedicated logic registers      ; 24 / 24,624 ( < 1 % )                           ;
; Total registers                    ; 24                                              ;
; Total pins                         ; 5 / 151 ( 3 % )                                 ;
; Total virtual pins                 ; 0                                               ;
; Total memory bits                  ; 0 / 608,256 ( 0 % )                             ;
; Embedded Multiplier 9-bit elements ; 0 / 132 ( 0 % )                                 ;
; Total PLLs                         ; 1 / 4 ( 25 % )                                  ;
+------------------------------------+-------------------------------------------------+


+-----------------------------------------+
; Flow Settings                           ;
+-------------------+---------------------+
; Option            ; Setting             ;
+-------------------+---------------------+
; Start date & time ; 02/07/2024 08:55:28 ;
; Main task         ; Compilation         ;
; Revision Name     ; simple_blinky       ;
+-------------------+---------------------+


+-------------------------------------------------------------------------------------------------------------------------+
; Flow Non-Default Global Settings                                                                                        ;
+-------------------------------------+----------------------------------------+---------------+-------------+------------+
; Assignment Name                     ; Value                                  ; Default Value ; Entity Name ; Section Id ;
+-------------------------------------+----------------------------------------+---------------+-------------+------------+
; COMPILER_SIGNATURE_ID               ; 198642186969524.170726732811368        ; --            ; --          ; --         ;
; MAX_CORE_JUNCTION_TEMP              ; 100                                    ; --            ; --          ; --         ;
; MIN_CORE_JUNCTION_TEMP              ; -40                                    ; --            ; --          ; --         ;
; MISC_FILE                           ; pll.bsf                                ; --            ; --          ; --         ;
; MISC_FILE                           ; pll_inst.v                             ; --            ; --          ; --         ;
; MISC_FILE                           ; pll_bb.v                               ; --            ; --          ; --         ;
; MISC_FILE                           ; pll.inc                                ; --            ; --          ; --         ;
; MISC_FILE                           ; pll.cmp                                ; --            ; --          ; --         ;
; MISC_FILE                           ; pll.ppf                                ; --            ; --          ; --         ;
; NOMINAL_CORE_SUPPLY_VOLTAGE         ; 1.2V                                   ; --            ; --          ; --         ;
; PARTITION_COLOR                     ; -- (Not supported for targeted family) ; --            ; --          ; Top        ;
; PARTITION_FITTER_PRESERVATION_LEVEL ; -- (Not supported for targeted family) ; --            ; --          ; Top        ;
; PARTITION_NETLIST_TYPE              ; -- (Not supported for targeted family) ; --            ; --          ; Top        ;
; PROJECT_OUTPUT_DIRECTORY            ; output_files                           ; --            ; --          ; --         ;
+-------------------------------------+----------------------------------------+---------------+-------------+------------+


+--------------------------------------------------------------------------------------------------------------------------+
; Flow Elapsed Time                                                                                                        ;
+----------------------+--------------+-------------------------+---------------------+------------------------------------+
; Module Name          ; Elapsed Time ; Average Processors Used ; Peak Virtual Memory ; Total CPU Time (on all processors) ;
+----------------------+--------------+-------------------------+---------------------+------------------------------------+
; Analysis & Synthesis ; 00:00:20     ; 1.0                     ; 4759 MB             ; 00:00:17                           ;
; Fitter               ; 00:00:03     ; 1.0                     ; 5466 MB             ; 00:00:04                           ;
; Assembler            ; 00:00:01     ; 1.0                     ; 4718 MB             ; 00:00:01                           ;
; Timing Analyzer      ; 00:00:02     ; 1.0                     ; 4779 MB             ; 00:00:01                           ;
; Total                ; 00:00:26     ; --                      ; --                  ; 00:00:23                           ;
+----------------------+--------------+-------------------------+---------------------+------------------------------------+


+------------------------------------------------------------------------------------+
; Flow OS Summary                                                                    ;
+----------------------+------------------+------------+------------+----------------+
; Module Name          ; Machine Hostname ; OS Name    ; OS Version ; Processor type ;
+----------------------+------------------+------------+------------+----------------+
; Analysis & Synthesis ; 2021039058176    ; Windows 10 ; 10.0       ; x86_64         ;
; Fitter               ; 2021039058176    ; Windows 10 ; 10.0       ; x86_64         ;
; Assembler            ; 2021039058176    ; Windows 10 ; 10.0       ; x86_64         ;
; Timing Analyzer      ; 2021039058176    ; Windows 10 ; 10.0       ; x86_64         ;
+----------------------+------------------+------------+------------+----------------+


------------
; Flow Log ;
------------
quartus_map --read_settings_files=on --write_settings_files=off simple_blinky -c simple_blinky
quartus_fit --read_settings_files=off --write_settings_files=off simple_blinky -c simple_blinky
quartus_asm --read_settings_files=off --write_settings_files=off simple_blinky -c simple_blinky
quartus_sta simple_blinky -c simple_blinky



