Flow report for PLL_Platform_Desginer
Wed Apr 03 22:03:57 2024
Quartus Prime Version 18.1.0 Build 625 09/12/2018 SJ Lite Edition


---------------------
; Table of Contents ;
---------------------
  1. Legal Notice
  2. Flow Summary
  3. Flow Settings
  4. Flow Non-Default Global Settings
  5. Flow Elapsed Time
  6. Flow OS Summary
  7. Flow Log
  8. Flow Messages
  9. Flow Suppressed Messages



----------------
; Legal Notice ;
----------------
Copyright (C) 2018  Intel Corporation. All rights reserved.
Your use of Intel Corporation's design tools, logic functions 
and other software and tools, and its AMPP partner logic 
functions, and any output files from any of the foregoing 
(including device programming or simulation files), and any 
associated documentation or information are expressly subject 
to the terms and conditions of the Intel Program License 
Subscription Agreement, the Intel Quartus Prime License Agreement,
the Intel FPGA IP License Agreement, or other applicable license
agreement, including, without limitation, that your use is for
the sole purpose of programming logic devices manufactured by
Intel and sold by Intel or its authorized distributors.  Please
refer to the applicable agreement for further details.



+----------------------------------------------------------------------------------+
; Flow Summary                                                                     ;
+------------------------------------+---------------------------------------------+
; Flow Status                        ; Successful - Wed Apr 03 22:03:53 2024       ;
; Quartus Prime Version              ; 18.1.0 Build 625 09/12/2018 SJ Lite Edition ;
; Revision Name                      ; PLL_Platform_Desginer                       ;
; Top-level Entity Name              ; PLL_complete                                ;
; Family                             ; Cyclone 10 LP                               ;
; Device                             ; 10CL025YU256I7G                             ;
; Timing Models                      ; Final                                       ;
; Total logic elements               ; 1,101 / 24,624 ( 4 % )                      ;
;     Total combinational functions  ; 1,000 / 24,624 ( 4 % )                      ;
;     Dedicated logic registers      ; 626 / 24,624 ( 3 % )                        ;
; Total registers                    ; 626                                         ;
; Total pins                         ; 4 / 151 ( 3 % )                             ;
; Total virtual pins                 ; 0                                           ;
; Total memory bits                  ; 10,240 / 608,256 ( 2 % )                    ;
; Embedded Multiplier 9-bit elements ; 0 / 132 ( 0 % )                             ;
; Total PLLs                         ; 1 / 4 ( 25 % )                              ;
+------------------------------------+---------------------------------------------+


+-------------------------------------------+
; Flow Settings                             ;
+-------------------+-----------------------+
; Option            ; Setting               ;
+-------------------+-----------------------+
; Start date & time ; 04/03/2024 22:03:15   ;
; Main task         ; Compilation           ;
; Revision Name     ; PLL_Platform_Desginer ;
+-------------------+-----------------------+


+----------------------------------------------------------------------------------------------------------------------------------------------------------+
; Flow Non-Default Global Settings                                                                                                                         ;
+-------------------------------------+----------------------------------------------------------------+-----------------------+--------------+------------+
; Assignment Name                     ; Value                                                          ; Default Value         ; Entity Name  ; Section Id ;
+-------------------------------------+----------------------------------------------------------------+-----------------------+--------------+------------+
; COMPILER_SIGNATURE_ID               ; 10995770589187.171215299407400                                 ; --                    ; --           ; --         ;
; MAX_CORE_JUNCTION_TEMP              ; 100                                                            ; --                    ; --           ; --         ;
; MIN_CORE_JUNCTION_TEMP              ; -40                                                            ; --                    ; --           ; --         ;
; MISC_FILE                           ; PLL_complete/synthesis/../PLL_complete.cmp                     ; --                    ; --           ; --         ;
; MISC_FILE                           ; PLL_complete/synthesis/../../PLL_complete.qsys                 ; --                    ; --           ; --         ;
; PARTITION_COLOR                     ; -- (Not supported for targeted family)                         ; --                    ; PLL_complete ; Top        ;
; PARTITION_FITTER_PRESERVATION_LEVEL ; -- (Not supported for targeted family)                         ; --                    ; PLL_complete ; Top        ;
; PARTITION_NETLIST_TYPE              ; -- (Not supported for targeted family)                         ; --                    ; PLL_complete ; Top        ;
; POWER_BOARD_THERMAL_MODEL           ; None (CONSERVATIVE)                                            ; --                    ; --           ; --         ;
; POWER_PRESET_COOLING_SOLUTION       ; 23 MM HEAT SINK WITH 200 LFPM AIRFLOW                          ; --                    ; --           ; --         ;
; PROJECT_OUTPUT_DIRECTORY            ; output_files                                                   ; --                    ; --           ; --         ;
; SLD_FILE                            ; PLL_complete/synthesis/PLL_complete.debuginfo                  ; --                    ; --           ; --         ;
; SLD_INFO                            ; QSYS_NAME PLL_complete HAS_SOPCINFO 1 GENERATION_ID 1712151600 ; --                    ; PLL_complete ; --         ;
; SOPCINFO_FILE                       ; PLL_complete/synthesis/../../PLL_complete.sopcinfo             ; --                    ; --           ; --         ;
; SYNTHESIS_ONLY_QIP                  ; On                                                             ; --                    ; --           ; --         ;
; TOP_LEVEL_ENTITY                    ; PLL_complete                                                   ; PLL_Platform_Desginer ; --           ; --         ;
+-------------------------------------+----------------------------------------------------------------+-----------------------+--------------+------------+


+--------------------------------------------------------------------------------------------------------------------------+
; Flow Elapsed Time                                                                                                        ;
+----------------------+--------------+-------------------------+---------------------+------------------------------------+
; Module Name          ; Elapsed Time ; Average Processors Used ; Peak Virtual Memory ; Total CPU Time (on all processors) ;
+----------------------+--------------+-------------------------+---------------------+------------------------------------+
; Analysis & Synthesis ; 00:00:27     ; 1.0                     ; 4866 MB             ; 00:00:24                           ;
; Fitter               ; 00:00:07     ; 1.1                     ; 5457 MB             ; 00:00:06                           ;
; Assembler            ; 00:00:01     ; 1.0                     ; 4683 MB             ; 00:00:01                           ;
; Timing Analyzer      ; 00:00:03     ; 1.1                     ; 4783 MB             ; 00:00:02                           ;
; Total                ; 00:00:38     ; --                      ; --                  ; 00:00:33                           ;
+----------------------+--------------+-------------------------+---------------------+------------------------------------+


+------------------------------------------------------------------------------------+
; Flow OS Summary                                                                    ;
+----------------------+------------------+------------+------------+----------------+
; Module Name          ; Machine Hostname ; OS Name    ; OS Version ; Processor type ;
+----------------------+------------------+------------+------------+----------------+
; Analysis & Synthesis ; DennisesLegion   ; Windows 10 ; 10.0       ; x86_64         ;
; Fitter               ; DennisesLegion   ; Windows 10 ; 10.0       ; x86_64         ;
; Assembler            ; DennisesLegion   ; Windows 10 ; 10.0       ; x86_64         ;
; Timing Analyzer      ; DennisesLegion   ; Windows 10 ; 10.0       ; x86_64         ;
+----------------------+------------------+------------+------------+----------------+


------------
; Flow Log ;
------------
quartus_map --read_settings_files=on --write_settings_files=off PLL_Platform_Desginer -c PLL_Platform_Desginer
quartus_fit --read_settings_files=off --write_settings_files=off PLL_Platform_Desginer -c PLL_Platform_Desginer
quartus_asm --read_settings_files=off --write_settings_files=off PLL_Platform_Desginer -c PLL_Platform_Desginer
quartus_sta PLL_Platform_Desginer -c PLL_Platform_Desginer



